01/12 01:32:28 AM | pruned_25pc_multilayer_inter2_capsnet_ccm_model Training - Epoch=1, Iteration=(0/500), Loss=0.8100, Top 1 Acc=10.00, Top 5 Acc=43.00
01/12 01:32:43 AM | pruned_25pc_multilayer_inter2_capsnet_ccm_model Training - Epoch=1, Iteration=(100/500), Loss=0.6512, Top 1 Acc=12.65, Top 5 Acc=54.14
01/12 01:32:58 AM | pruned_25pc_multilayer_inter2_capsnet_ccm_model Training - Epoch=1, Iteration=(200/500), Loss=0.5535, Top 1 Acc=21.52, Top 5 Acc=68.41
01/12 01:33:13 AM | pruned_25pc_multilayer_inter2_capsnet_ccm_model Training - Epoch=1, Iteration=(300/500), Loss=0.4978, Top 1 Acc=28.02, Top 5 Acc=75.52
01/12 01:33:28 AM | pruned_25pc_multilayer_inter2_capsnet_ccm_model Training - Epoch=1, Iteration=(400/500), Loss=0.4622, Top 1 Acc=32.74, Top 5 Acc=79.78
01/12 01:33:48 AM | pruned_25pc_multilayer_inter2_capsnet_ccm_model Validation - Loss=0.3292, Top 1 Acc=51.600, Top 5 Acc=93.430
01/12 01:33:49 AM | Epoch 1 complete. Saved Checkpoint: /content/drive/MyDrive/MSc_AI/Course/OCOM5300M-AI_Project/code_repository/results/train/cifar10/Trained_pruned_25pc_multilayer_inter2_capsnet_ccm_model_Epoch1_of_30.pt
01/12 01:33:49 AM | pruned_25pc_multilayer_inter2_capsnet_ccm_model Training - Epoch=2, Iteration=(0/500), Loss=0.3545, Top 1 Acc=42.00, Top 5 Acc=90.00
01/12 01:39:04 AM | pruned_25pc_multilayer_inter2_capsnet_ccm_model Training - Epoch=1, Iteration=(0/500), Loss=0.8100, Top 1 Acc=9.00, Top 5 Acc=57.00
01/12 01:39:19 AM | pruned_25pc_multilayer_inter2_capsnet_ccm_model Training - Epoch=1, Iteration=(100/500), Loss=0.6072, Top 1 Acc=17.75, Top 5 Acc=63.19
01/12 01:39:34 AM | pruned_25pc_multilayer_inter2_capsnet_ccm_model Training - Epoch=1, Iteration=(200/500), Loss=0.5075, Top 1 Acc=27.90, Top 5 Acc=75.69
01/12 01:39:50 AM | pruned_25pc_multilayer_inter2_capsnet_ccm_model Training - Epoch=1, Iteration=(300/500), Loss=0.4590, Top 1 Acc=33.98, Top 5 Acc=80.87
01/12 01:40:05 AM | pruned_25pc_multilayer_inter2_capsnet_ccm_model Training - Epoch=1, Iteration=(400/500), Loss=0.4285, Top 1 Acc=38.14, Top 5 Acc=83.88
01/12 01:40:25 AM | pruned_25pc_multilayer_inter2_capsnet_ccm_model Validation - Loss=0.3127, Top 1 Acc=54.880, Top 5 Acc=94.480
01/12 01:40:25 AM | Epoch 1 complete. Saved Checkpoint: /content/drive/MyDrive/MSc_AI/Course/OCOM5300M-AI_Project/code_repository/results/train/cifar10/Trained_pruned_25pc_multilayer_inter2_capsnet_ccm_model_Epoch1_of_30.pt
01/12 01:40:25 AM | pruned_25pc_multilayer_inter2_capsnet_ccm_model Training - Epoch=2, Iteration=(0/500), Loss=0.2983, Top 1 Acc=57.00, Top 5 Acc=95.00
01/12 01:40:40 AM | pruned_25pc_multilayer_inter2_capsnet_ccm_model Training - Epoch=2, Iteration=(100/500), Loss=0.2968, Top 1 Acc=57.71, Top 5 Acc=94.60
01/12 01:40:55 AM | pruned_25pc_multilayer_inter2_capsnet_ccm_model Training - Epoch=2, Iteration=(200/500), Loss=0.2899, Top 1 Acc=58.87, Top 5 Acc=95.05
01/12 01:41:11 AM | pruned_25pc_multilayer_inter2_capsnet_ccm_model Training - Epoch=2, Iteration=(300/500), Loss=0.2874, Top 1 Acc=58.95, Top 5 Acc=95.08
01/12 01:41:26 AM | pruned_25pc_multilayer_inter2_capsnet_ccm_model Training - Epoch=2, Iteration=(400/500), Loss=0.2835, Top 1 Acc=59.56, Top 5 Acc=95.19
01/12 01:41:46 AM | pruned_25pc_multilayer_inter2_capsnet_ccm_model Validation - Loss=0.2668, Top 1 Acc=61.380, Top 5 Acc=95.740
01/12 01:41:46 AM | Epoch 2 complete. Saved Checkpoint: /content/drive/MyDrive/MSc_AI/Course/OCOM5300M-AI_Project/code_repository/results/train/cifar10/Trained_pruned_25pc_multilayer_inter2_capsnet_ccm_model_Epoch2_of_30.pt
01/12 01:41:46 AM | pruned_25pc_multilayer_inter2_capsnet_ccm_model Training - Epoch=3, Iteration=(0/500), Loss=0.2407, Top 1 Acc=71.00, Top 5 Acc=97.00
01/12 01:42:01 AM | pruned_25pc_multilayer_inter2_capsnet_ccm_model Training - Epoch=3, Iteration=(100/500), Loss=0.2428, Top 1 Acc=66.15, Top 5 Acc=96.16
01/12 01:47:42 AM | pruned_25pc_multilayer_inter2_capsnet_model Training - Epoch=1, Iteration=(0/500), Loss=0.8100, Top 1 Acc=8.00, Top 5 Acc=50.00
01/12 01:47:57 AM | pruned_25pc_multilayer_inter2_capsnet_model Training - Epoch=1, Iteration=(100/500), Loss=0.6772, Top 1 Acc=10.91, Top 5 Acc=52.59
01/12 01:48:13 AM | pruned_25pc_multilayer_inter2_capsnet_model Training - Epoch=1, Iteration=(200/500), Loss=0.5796, Top 1 Acc=18.64, Top 5 Acc=64.54
01/12 01:48:28 AM | pruned_25pc_multilayer_inter2_capsnet_model Training - Epoch=1, Iteration=(300/500), Loss=0.5232, Top 1 Acc=25.10, Top 5 Acc=72.36
01/12 01:48:43 AM | pruned_25pc_multilayer_inter2_capsnet_model Training - Epoch=1, Iteration=(400/500), Loss=0.4874, Top 1 Acc=29.53, Top 5 Acc=76.74
01/12 01:49:03 AM | pruned_25pc_multilayer_inter2_capsnet_model Validation - Loss=0.3465, Top 1 Acc=49.020, Top 5 Acc=92.360
01/12 01:49:03 AM | Epoch 1 complete. Saved Checkpoint: /content/drive/MyDrive/MSc_AI/Course/OCOM5300M-AI_Project/code_repository/results/train/cifar10/Trained_pruned_25pc_multilayer_inter2_capsnet_model_Epoch1_of_30.pt
01/12 01:49:03 AM | pruned_25pc_multilayer_inter2_capsnet_model Training - Epoch=2, Iteration=(0/500), Loss=0.3266, Top 1 Acc=55.00, Top 5 Acc=92.00
01/12 01:49:18 AM | pruned_25pc_multilayer_inter2_capsnet_model Training - Epoch=2, Iteration=(100/500), Loss=0.3288, Top 1 Acc=52.24, Top 5 Acc=93.40
01/12 01:49:34 AM | pruned_25pc_multilayer_inter2_capsnet_model Training - Epoch=2, Iteration=(200/500), Loss=0.3253, Top 1 Acc=52.50, Top 5 Acc=93.44
01/12 01:49:49 AM | pruned_25pc_multilayer_inter2_capsnet_model Training - Epoch=2, Iteration=(300/500), Loss=0.3170, Top 1 Acc=53.70, Top 5 Acc=93.88
01/12 01:50:04 AM | pruned_25pc_multilayer_inter2_capsnet_model Training - Epoch=2, Iteration=(400/500), Loss=0.3109, Top 1 Acc=54.83, Top 5 Acc=94.12
01/12 01:50:24 AM | pruned_25pc_multilayer_inter2_capsnet_model Validation - Loss=0.2838, Top 1 Acc=58.470, Top 5 Acc=95.310
01/12 01:50:24 AM | Epoch 2 complete. Saved Checkpoint: /content/drive/MyDrive/MSc_AI/Course/OCOM5300M-AI_Project/code_repository/results/train/cifar10/Trained_pruned_25pc_multilayer_inter2_capsnet_model_Epoch2_of_30.pt
01/12 01:50:24 AM | pruned_25pc_multilayer_inter2_capsnet_model Training - Epoch=3, Iteration=(0/500), Loss=0.2864, Top 1 Acc=57.00, Top 5 Acc=93.00
01/12 01:50:39 AM | pruned_25pc_multilayer_inter2_capsnet_model Training - Epoch=3, Iteration=(100/500), Loss=0.2587, Top 1 Acc=63.43, Top 5 Acc=95.99
01/12 01:50:54 AM | pruned_25pc_multilayer_inter2_capsnet_model Training - Epoch=3, Iteration=(200/500), Loss=0.2562, Top 1 Acc=63.64, Top 5 Acc=96.05
01/12 01:51:09 AM | pruned_25pc_multilayer_inter2_capsnet_model Training - Epoch=3, Iteration=(300/500), Loss=0.2521, Top 1 Acc=64.12, Top 5 Acc=96.19
01/12 01:51:24 AM | pruned_25pc_multilayer_inter2_capsnet_model Training - Epoch=3, Iteration=(400/500), Loss=0.2493, Top 1 Acc=64.56, Top 5 Acc=96.28
01/12 01:51:44 AM | pruned_25pc_multilayer_inter2_capsnet_model Validation - Loss=0.2361, Top 1 Acc=66.470, Top 5 Acc=96.650
01/12 01:51:45 AM | Epoch 3 complete. Saved Checkpoint: /content/drive/MyDrive/MSc_AI/Course/OCOM5300M-AI_Project/code_repository/results/train/cifar10/Trained_pruned_25pc_multilayer_inter2_capsnet_model_Epoch3_of_30.pt
01/12 01:51:45 AM | pruned_25pc_multilayer_inter2_capsnet_model Training - Epoch=4, Iteration=(0/500), Loss=0.2157, Top 1 Acc=71.00, Top 5 Acc=96.00
01/12 01:52:00 AM | pruned_25pc_multilayer_inter2_capsnet_model Training - Epoch=4, Iteration=(100/500), Loss=0.2177, Top 1 Acc=69.63, Top 5 Acc=97.10
01/12 01:52:15 AM | pruned_25pc_multilayer_inter2_capsnet_model Training - Epoch=4, Iteration=(200/500), Loss=0.2157, Top 1 Acc=69.79, Top 5 Acc=97.14
01/12 01:52:30 AM | pruned_25pc_multilayer_inter2_capsnet_model Training - Epoch=4, Iteration=(300/500), Loss=0.2164, Top 1 Acc=69.79, Top 5 Acc=97.11
01/12 01:52:45 AM | pruned_25pc_multilayer_inter2_capsnet_model Training - Epoch=4, Iteration=(400/500), Loss=0.2151, Top 1 Acc=69.86, Top 5 Acc=97.15
01/12 01:53:05 AM | pruned_25pc_multilayer_inter2_capsnet_model Validation - Loss=0.2317, Top 1 Acc=67.100, Top 5 Acc=96.460
01/12 01:53:05 AM | Epoch 4 complete. Saved Checkpoint: /content/drive/MyDrive/MSc_AI/Course/OCOM5300M-AI_Project/code_repository/results/train/cifar10/Trained_pruned_25pc_multilayer_inter2_capsnet_model_Epoch4_of_30.pt
01/12 01:53:06 AM | pruned_25pc_multilayer_inter2_capsnet_model Training - Epoch=5, Iteration=(0/500), Loss=0.1936, Top 1 Acc=75.00, Top 5 Acc=100.00
01/12 01:53:21 AM | pruned_25pc_multilayer_inter2_capsnet_model Training - Epoch=5, Iteration=(100/500), Loss=0.1918, Top 1 Acc=73.70, Top 5 Acc=97.62
01/12 01:53:36 AM | pruned_25pc_multilayer_inter2_capsnet_model Training - Epoch=5, Iteration=(200/500), Loss=0.1886, Top 1 Acc=74.29, Top 5 Acc=97.66
01/12 01:53:51 AM | pruned_25pc_multilayer_inter2_capsnet_model Training - Epoch=5, Iteration=(300/500), Loss=0.1881, Top 1 Acc=74.22, Top 5 Acc=97.64
01/12 01:54:06 AM | pruned_25pc_multilayer_inter2_capsnet_model Training - Epoch=5, Iteration=(400/500), Loss=0.1867, Top 1 Acc=74.47, Top 5 Acc=97.72
01/12 01:54:27 AM | pruned_25pc_multilayer_inter2_capsnet_model Validation - Loss=0.2048, Top 1 Acc=71.310, Top 5 Acc=97.360
01/12 01:54:27 AM | Epoch 5 complete. Saved Checkpoint: /content/drive/MyDrive/MSc_AI/Course/OCOM5300M-AI_Project/code_repository/results/train/cifar10/Trained_pruned_25pc_multilayer_inter2_capsnet_model_Epoch5_of_30.pt
01/12 01:54:27 AM | pruned_25pc_multilayer_inter2_capsnet_model Training - Epoch=6, Iteration=(0/500), Loss=0.1065, Top 1 Acc=87.00, Top 5 Acc=99.00
01/12 01:54:42 AM | pruned_25pc_multilayer_inter2_capsnet_model Training - Epoch=6, Iteration=(100/500), Loss=0.1650, Top 1 Acc=77.81, Top 5 Acc=98.12
01/12 01:54:57 AM | pruned_25pc_multilayer_inter2_capsnet_model Training - Epoch=6, Iteration=(200/500), Loss=0.1645, Top 1 Acc=77.90, Top 5 Acc=98.17
01/12 01:55:12 AM | pruned_25pc_multilayer_inter2_capsnet_model Training - Epoch=6, Iteration=(300/500), Loss=0.1636, Top 1 Acc=78.09, Top 5 Acc=98.20
01/12 01:55:27 AM | pruned_25pc_multilayer_inter2_capsnet_model Training - Epoch=6, Iteration=(400/500), Loss=0.1639, Top 1 Acc=77.95, Top 5 Acc=98.22
01/12 01:55:48 AM | pruned_25pc_multilayer_inter2_capsnet_model Validation - Loss=0.1999, Top 1 Acc=72.400, Top 5 Acc=97.330
01/12 01:55:48 AM | Epoch 6 complete. Saved Checkpoint: /content/drive/MyDrive/MSc_AI/Course/OCOM5300M-AI_Project/code_repository/results/train/cifar10/Trained_pruned_25pc_multilayer_inter2_capsnet_model_Epoch6_of_30.pt
01/12 01:55:48 AM | pruned_25pc_multilayer_inter2_capsnet_model Training - Epoch=7, Iteration=(0/500), Loss=0.1570, Top 1 Acc=80.00, Top 5 Acc=97.00
01/12 01:56:03 AM | pruned_25pc_multilayer_inter2_capsnet_model Training - Epoch=7, Iteration=(100/500), Loss=0.1419, Top 1 Acc=81.41, Top 5 Acc=98.45
01/12 01:56:18 AM | pruned_25pc_multilayer_inter2_capsnet_model Training - Epoch=7, Iteration=(200/500), Loss=0.1415, Top 1 Acc=81.41, Top 5 Acc=98.57
01/12 01:56:34 AM | pruned_25pc_multilayer_inter2_capsnet_model Training - Epoch=7, Iteration=(300/500), Loss=0.1417, Top 1 Acc=81.30, Top 5 Acc=98.55
01/12 01:56:49 AM | pruned_25pc_multilayer_inter2_capsnet_model Training - Epoch=7, Iteration=(400/500), Loss=0.1429, Top 1 Acc=81.09, Top 5 Acc=98.52
01/12 01:57:09 AM | pruned_25pc_multilayer_inter2_capsnet_model Validation - Loss=0.1863, Top 1 Acc=74.090, Top 5 Acc=97.910
01/12 01:57:09 AM | Epoch 7 complete. Saved Checkpoint: /content/drive/MyDrive/MSc_AI/Course/OCOM5300M-AI_Project/code_repository/results/train/cifar10/Trained_pruned_25pc_multilayer_inter2_capsnet_model_Epoch7_of_30.pt
01/12 01:57:09 AM | pruned_25pc_multilayer_inter2_capsnet_model Training - Epoch=8, Iteration=(0/500), Loss=0.1090, Top 1 Acc=85.00, Top 5 Acc=99.00
01/12 01:57:24 AM | pruned_25pc_multilayer_inter2_capsnet_model Training - Epoch=8, Iteration=(100/500), Loss=0.1229, Top 1 Acc=84.73, Top 5 Acc=98.78
01/12 01:57:39 AM | pruned_25pc_multilayer_inter2_capsnet_model Training - Epoch=8, Iteration=(200/500), Loss=0.1225, Top 1 Acc=84.65, Top 5 Acc=98.72
01/12 01:57:54 AM | pruned_25pc_multilayer_inter2_capsnet_model Training - Epoch=8, Iteration=(300/500), Loss=0.1250, Top 1 Acc=84.12, Top 5 Acc=98.65
01/12 01:58:09 AM | pruned_25pc_multilayer_inter2_capsnet_model Training - Epoch=8, Iteration=(400/500), Loss=0.1253, Top 1 Acc=84.00, Top 5 Acc=98.67
01/12 01:58:30 AM | pruned_25pc_multilayer_inter2_capsnet_model Validation - Loss=0.1840, Top 1 Acc=74.860, Top 5 Acc=97.720
01/12 01:58:30 AM | Epoch 8 complete. Saved Checkpoint: /content/drive/MyDrive/MSc_AI/Course/OCOM5300M-AI_Project/code_repository/results/train/cifar10/Trained_pruned_25pc_multilayer_inter2_capsnet_model_Epoch8_of_30.pt
01/12 01:58:30 AM | pruned_25pc_multilayer_inter2_capsnet_model Training - Epoch=9, Iteration=(0/500), Loss=0.0674, Top 1 Acc=95.00, Top 5 Acc=99.00
01/12 01:58:45 AM | pruned_25pc_multilayer_inter2_capsnet_model Training - Epoch=9, Iteration=(100/500), Loss=0.1071, Top 1 Acc=86.63, Top 5 Acc=98.90
01/12 01:59:00 AM | pruned_25pc_multilayer_inter2_capsnet_model Training - Epoch=9, Iteration=(200/500), Loss=0.1074, Top 1 Acc=86.68, Top 5 Acc=98.98
01/12 01:59:15 AM | pruned_25pc_multilayer_inter2_capsnet_model Training - Epoch=9, Iteration=(300/500), Loss=0.1081, Top 1 Acc=86.51, Top 5 Acc=98.92
01/12 01:59:30 AM | pruned_25pc_multilayer_inter2_capsnet_model Training - Epoch=9, Iteration=(400/500), Loss=0.1091, Top 1 Acc=86.39, Top 5 Acc=98.89
01/12 01:59:51 AM | pruned_25pc_multilayer_inter2_capsnet_model Validation - Loss=0.1871, Top 1 Acc=75.150, Top 5 Acc=97.720
01/12 01:59:51 AM | Epoch 9 complete. Saved Checkpoint: /content/drive/MyDrive/MSc_AI/Course/OCOM5300M-AI_Project/code_repository/results/train/cifar10/Trained_pruned_25pc_multilayer_inter2_capsnet_model_Epoch9_of_30.pt
01/12 01:59:51 AM | pruned_25pc_multilayer_inter2_capsnet_model Training - Epoch=10, Iteration=(0/500), Loss=0.1141, Top 1 Acc=88.00, Top 5 Acc=98.00
01/12 02:00:06 AM | pruned_25pc_multilayer_inter2_capsnet_model Training - Epoch=10, Iteration=(100/500), Loss=0.0899, Top 1 Acc=89.42, Top 5 Acc=99.02
01/12 02:00:21 AM | pruned_25pc_multilayer_inter2_capsnet_model Training - Epoch=10, Iteration=(200/500), Loss=0.0903, Top 1 Acc=89.31, Top 5 Acc=99.06
01/12 02:00:36 AM | pruned_25pc_multilayer_inter2_capsnet_model Training - Epoch=10, Iteration=(300/500), Loss=0.0913, Top 1 Acc=89.17, Top 5 Acc=99.03
01/12 02:00:51 AM | pruned_25pc_multilayer_inter2_capsnet_model Training - Epoch=10, Iteration=(400/500), Loss=0.0924, Top 1 Acc=88.96, Top 5 Acc=98.97
01/12 02:01:11 AM | pruned_25pc_multilayer_inter2_capsnet_model Validation - Loss=0.1868, Top 1 Acc=75.360, Top 5 Acc=97.410
01/12 02:01:12 AM | Epoch 10 complete. Saved Checkpoint: /content/drive/MyDrive/MSc_AI/Course/OCOM5300M-AI_Project/code_repository/results/train/cifar10/Trained_pruned_25pc_multilayer_inter2_capsnet_model_Epoch10_of_30.pt
01/12 02:01:12 AM | pruned_25pc_multilayer_inter2_capsnet_model Training - Epoch=11, Iteration=(0/500), Loss=0.1001, Top 1 Acc=86.00, Top 5 Acc=99.00
01/12 02:01:27 AM | pruned_25pc_multilayer_inter2_capsnet_model Training - Epoch=11, Iteration=(100/500), Loss=0.0747, Top 1 Acc=91.70, Top 5 Acc=99.19
01/12 02:01:42 AM | pruned_25pc_multilayer_inter2_capsnet_model Training - Epoch=11, Iteration=(200/500), Loss=0.0730, Top 1 Acc=91.86, Top 5 Acc=99.23
01/12 02:01:57 AM | pruned_25pc_multilayer_inter2_capsnet_model Training - Epoch=11, Iteration=(300/500), Loss=0.0760, Top 1 Acc=91.48, Top 5 Acc=99.19
01/12 02:02:12 AM | pruned_25pc_multilayer_inter2_capsnet_model Training - Epoch=11, Iteration=(400/500), Loss=0.0775, Top 1 Acc=91.26, Top 5 Acc=99.18
01/12 02:02:32 AM | pruned_25pc_multilayer_inter2_capsnet_model Validation - Loss=0.1804, Top 1 Acc=76.510, Top 5 Acc=97.260
01/12 02:02:32 AM | Epoch 11 complete. Saved Checkpoint: /content/drive/MyDrive/MSc_AI/Course/OCOM5300M-AI_Project/code_repository/results/train/cifar10/Trained_pruned_25pc_multilayer_inter2_capsnet_model_Epoch11_of_30.pt
01/12 02:02:32 AM | pruned_25pc_multilayer_inter2_capsnet_model Training - Epoch=12, Iteration=(0/500), Loss=0.0675, Top 1 Acc=94.00, Top 5 Acc=98.00
01/12 02:02:47 AM | pruned_25pc_multilayer_inter2_capsnet_model Training - Epoch=12, Iteration=(100/500), Loss=0.0611, Top 1 Acc=93.18, Top 5 Acc=99.30
01/12 02:03:02 AM | pruned_25pc_multilayer_inter2_capsnet_model Training - Epoch=12, Iteration=(200/500), Loss=0.0624, Top 1 Acc=93.11, Top 5 Acc=99.29
01/12 02:03:17 AM | pruned_25pc_multilayer_inter2_capsnet_model Training - Epoch=12, Iteration=(300/500), Loss=0.0629, Top 1 Acc=93.08, Top 5 Acc=99.28
01/12 02:03:32 AM | pruned_25pc_multilayer_inter2_capsnet_model Training - Epoch=12, Iteration=(400/500), Loss=0.0639, Top 1 Acc=92.97, Top 5 Acc=99.27
01/12 02:03:53 AM | pruned_25pc_multilayer_inter2_capsnet_model Validation - Loss=0.1822, Top 1 Acc=76.410, Top 5 Acc=96.870
01/12 02:03:53 AM | Epoch 12 complete. Saved Checkpoint: /content/drive/MyDrive/MSc_AI/Course/OCOM5300M-AI_Project/code_repository/results/train/cifar10/Trained_pruned_25pc_multilayer_inter2_capsnet_model_Epoch12_of_30.pt
01/12 02:03:53 AM | pruned_25pc_multilayer_inter2_capsnet_model Training - Epoch=13, Iteration=(0/500), Loss=0.0467, Top 1 Acc=95.00, Top 5 Acc=100.00
01/12 02:04:08 AM | pruned_25pc_multilayer_inter2_capsnet_model Training - Epoch=13, Iteration=(100/500), Loss=0.0485, Top 1 Acc=95.06, Top 5 Acc=99.35
01/12 02:04:23 AM | pruned_25pc_multilayer_inter2_capsnet_model Training - Epoch=13, Iteration=(200/500), Loss=0.0488, Top 1 Acc=95.01, Top 5 Acc=99.41
01/12 02:04:38 AM | pruned_25pc_multilayer_inter2_capsnet_model Training - Epoch=13, Iteration=(300/500), Loss=0.0509, Top 1 Acc=94.74, Top 5 Acc=99.37
01/12 02:04:53 AM | pruned_25pc_multilayer_inter2_capsnet_model Training - Epoch=13, Iteration=(400/500), Loss=0.0531, Top 1 Acc=94.40, Top 5 Acc=99.33
01/12 02:05:13 AM | pruned_25pc_multilayer_inter2_capsnet_model Validation - Loss=0.1937, Top 1 Acc=75.290, Top 5 Acc=96.510
01/12 02:05:14 AM | Epoch 13 complete. Saved Checkpoint: /content/drive/MyDrive/MSc_AI/Course/OCOM5300M-AI_Project/code_repository/results/train/cifar10/Trained_pruned_25pc_multilayer_inter2_capsnet_model_Epoch13_of_30.pt
01/12 02:05:14 AM | pruned_25pc_multilayer_inter2_capsnet_model Training - Epoch=14, Iteration=(0/500), Loss=0.0495, Top 1 Acc=94.00, Top 5 Acc=99.00
01/12 02:05:29 AM | pruned_25pc_multilayer_inter2_capsnet_model Training - Epoch=14, Iteration=(100/500), Loss=0.0415, Top 1 Acc=95.84, Top 5 Acc=99.48
01/12 02:05:44 AM | pruned_25pc_multilayer_inter2_capsnet_model Training - Epoch=14, Iteration=(200/500), Loss=0.0406, Top 1 Acc=95.98, Top 5 Acc=99.48
01/12 02:05:59 AM | pruned_25pc_multilayer_inter2_capsnet_model Training - Epoch=14, Iteration=(300/500), Loss=0.0423, Top 1 Acc=95.88, Top 5 Acc=99.43
01/12 02:06:14 AM | pruned_25pc_multilayer_inter2_capsnet_model Training - Epoch=14, Iteration=(400/500), Loss=0.0423, Top 1 Acc=95.81, Top 5 Acc=99.41
01/12 02:06:34 AM | pruned_25pc_multilayer_inter2_capsnet_model Validation - Loss=0.1877, Top 1 Acc=76.480, Top 5 Acc=96.030
01/12 02:06:34 AM | Epoch 14 complete. Saved Checkpoint: /content/drive/MyDrive/MSc_AI/Course/OCOM5300M-AI_Project/code_repository/results/train/cifar10/Trained_pruned_25pc_multilayer_inter2_capsnet_model_Epoch14_of_30.pt
01/12 02:06:34 AM | pruned_25pc_multilayer_inter2_capsnet_model Training - Epoch=15, Iteration=(0/500), Loss=0.0435, Top 1 Acc=95.00, Top 5 Acc=99.00
01/12 02:06:49 AM | pruned_25pc_multilayer_inter2_capsnet_model Training - Epoch=15, Iteration=(100/500), Loss=0.0345, Top 1 Acc=96.87, Top 5 Acc=99.36
01/12 02:07:04 AM | pruned_25pc_multilayer_inter2_capsnet_model Training - Epoch=15, Iteration=(200/500), Loss=0.0338, Top 1 Acc=96.93, Top 5 Acc=99.45
01/12 02:07:19 AM | pruned_25pc_multilayer_inter2_capsnet_model Training - Epoch=15, Iteration=(300/500), Loss=0.0341, Top 1 Acc=96.86, Top 5 Acc=99.43
01/12 02:07:34 AM | pruned_25pc_multilayer_inter2_capsnet_model Training - Epoch=15, Iteration=(400/500), Loss=0.0358, Top 1 Acc=96.67, Top 5 Acc=99.41
01/12 02:07:54 AM | pruned_25pc_multilayer_inter2_capsnet_model Validation - Loss=0.2004, Top 1 Acc=75.210, Top 5 Acc=95.510
01/12 02:07:55 AM | Epoch 15 complete. Saved Checkpoint: /content/drive/MyDrive/MSc_AI/Course/OCOM5300M-AI_Project/code_repository/results/train/cifar10/Trained_pruned_25pc_multilayer_inter2_capsnet_model_Epoch15_of_30.pt
01/12 02:07:55 AM | pruned_25pc_multilayer_inter2_capsnet_model Training - Epoch=16, Iteration=(0/500), Loss=0.0256, Top 1 Acc=98.00, Top 5 Acc=99.00
01/12 02:08:10 AM | pruned_25pc_multilayer_inter2_capsnet_model Training - Epoch=16, Iteration=(100/500), Loss=0.0278, Top 1 Acc=97.50, Top 5 Acc=99.48
01/12 02:08:25 AM | pruned_25pc_multilayer_inter2_capsnet_model Training - Epoch=16, Iteration=(200/500), Loss=0.0273, Top 1 Acc=97.55, Top 5 Acc=99.52
01/12 02:08:40 AM | pruned_25pc_multilayer_inter2_capsnet_model Training - Epoch=16, Iteration=(300/500), Loss=0.0287, Top 1 Acc=97.40, Top 5 Acc=99.51
01/12 02:08:55 AM | pruned_25pc_multilayer_inter2_capsnet_model Training - Epoch=16, Iteration=(400/500), Loss=0.0301, Top 1 Acc=97.26, Top 5 Acc=99.55
01/12 02:09:15 AM | pruned_25pc_multilayer_inter2_capsnet_model Validation - Loss=0.1959, Top 1 Acc=76.670, Top 5 Acc=94.900
01/12 02:09:15 AM | Epoch 16 complete. Saved Checkpoint: /content/drive/MyDrive/MSc_AI/Course/OCOM5300M-AI_Project/code_repository/results/train/cifar10/Trained_pruned_25pc_multilayer_inter2_capsnet_model_Epoch16_of_30.pt
01/12 02:09:15 AM | pruned_25pc_multilayer_inter2_capsnet_model Training - Epoch=17, Iteration=(0/500), Loss=0.0327, Top 1 Acc=97.00, Top 5 Acc=99.00
01/12 02:09:30 AM | pruned_25pc_multilayer_inter2_capsnet_model Training - Epoch=17, Iteration=(100/500), Loss=0.0204, Top 1 Acc=98.38, Top 5 Acc=99.73
01/12 02:09:45 AM | pruned_25pc_multilayer_inter2_capsnet_model Training - Epoch=17, Iteration=(200/500), Loss=0.0226, Top 1 Acc=98.06, Top 5 Acc=99.71
01/12 02:10:00 AM | pruned_25pc_multilayer_inter2_capsnet_model Training - Epoch=17, Iteration=(300/500), Loss=0.0239, Top 1 Acc=97.91, Top 5 Acc=99.67
01/12 02:10:15 AM | pruned_25pc_multilayer_inter2_capsnet_model Training - Epoch=17, Iteration=(400/500), Loss=0.0255, Top 1 Acc=97.68, Top 5 Acc=99.66
01/12 02:10:35 AM | pruned_25pc_multilayer_inter2_capsnet_model Validation - Loss=0.1964, Top 1 Acc=76.170, Top 5 Acc=95.350
01/12 02:10:35 AM | Epoch 17 complete. Saved Checkpoint: /content/drive/MyDrive/MSc_AI/Course/OCOM5300M-AI_Project/code_repository/results/train/cifar10/Trained_pruned_25pc_multilayer_inter2_capsnet_model_Epoch17_of_30.pt
01/12 02:10:35 AM | pruned_25pc_multilayer_inter2_capsnet_model Training - Epoch=18, Iteration=(0/500), Loss=0.0255, Top 1 Acc=97.00, Top 5 Acc=100.00
01/12 02:10:50 AM | pruned_25pc_multilayer_inter2_capsnet_model Training - Epoch=18, Iteration=(100/500), Loss=0.0245, Top 1 Acc=97.81, Top 5 Acc=99.59
01/12 02:11:05 AM | pruned_25pc_multilayer_inter2_capsnet_model Training - Epoch=18, Iteration=(200/500), Loss=0.0232, Top 1 Acc=97.94, Top 5 Acc=99.61
01/12 02:11:20 AM | pruned_25pc_multilayer_inter2_capsnet_model Training - Epoch=18, Iteration=(300/500), Loss=0.0239, Top 1 Acc=97.85, Top 5 Acc=99.62
01/12 02:11:35 AM | pruned_25pc_multilayer_inter2_capsnet_model Training - Epoch=18, Iteration=(400/500), Loss=0.0242, Top 1 Acc=97.83, Top 5 Acc=99.64
01/12 02:11:55 AM | pruned_25pc_multilayer_inter2_capsnet_model Validation - Loss=0.2006, Top 1 Acc=76.180, Top 5 Acc=94.340
01/12 02:11:56 AM | Epoch 18 complete. Saved Checkpoint: /content/drive/MyDrive/MSc_AI/Course/OCOM5300M-AI_Project/code_repository/results/train/cifar10/Trained_pruned_25pc_multilayer_inter2_capsnet_model_Epoch18_of_30.pt
01/12 02:11:56 AM | pruned_25pc_multilayer_inter2_capsnet_model Training - Epoch=19, Iteration=(0/500), Loss=0.0135, Top 1 Acc=99.00, Top 5 Acc=100.00
01/12 02:12:11 AM | pruned_25pc_multilayer_inter2_capsnet_model Training - Epoch=19, Iteration=(100/500), Loss=0.0186, Top 1 Acc=98.47, Top 5 Acc=99.66
01/12 02:12:26 AM | pruned_25pc_multilayer_inter2_capsnet_model Training - Epoch=19, Iteration=(200/500), Loss=0.0193, Top 1 Acc=98.40, Top 5 Acc=99.68
01/12 02:12:41 AM | pruned_25pc_multilayer_inter2_capsnet_model Training - Epoch=19, Iteration=(300/500), Loss=0.0201, Top 1 Acc=98.29, Top 5 Acc=99.71
01/12 02:12:56 AM | pruned_25pc_multilayer_inter2_capsnet_model Training - Epoch=19, Iteration=(400/500), Loss=0.0209, Top 1 Acc=98.18, Top 5 Acc=99.68
01/12 02:13:16 AM | pruned_25pc_multilayer_inter2_capsnet_model Validation - Loss=0.2029, Top 1 Acc=75.940, Top 5 Acc=94.610
01/12 02:13:16 AM | Epoch 19 complete. Saved Checkpoint: /content/drive/MyDrive/MSc_AI/Course/OCOM5300M-AI_Project/code_repository/results/train/cifar10/Trained_pruned_25pc_multilayer_inter2_capsnet_model_Epoch19_of_30.pt
01/12 02:13:16 AM | pruned_25pc_multilayer_inter2_capsnet_model Training - Epoch=20, Iteration=(0/500), Loss=0.0058, Top 1 Acc=100.00, Top 5 Acc=100.00
01/12 02:13:31 AM | pruned_25pc_multilayer_inter2_capsnet_model Training - Epoch=20, Iteration=(100/500), Loss=0.0149, Top 1 Acc=98.86, Top 5 Acc=99.71
01/12 02:13:46 AM | pruned_25pc_multilayer_inter2_capsnet_model Training - Epoch=20, Iteration=(200/500), Loss=0.0159, Top 1 Acc=98.68, Top 5 Acc=99.72
01/12 02:14:01 AM | pruned_25pc_multilayer_inter2_capsnet_model Training - Epoch=20, Iteration=(300/500), Loss=0.0165, Top 1 Acc=98.63, Top 5 Acc=99.73
01/12 02:14:16 AM | pruned_25pc_multilayer_inter2_capsnet_model Training - Epoch=20, Iteration=(400/500), Loss=0.0169, Top 1 Acc=98.58, Top 5 Acc=99.73
01/12 02:14:36 AM | pruned_25pc_multilayer_inter2_capsnet_model Validation - Loss=0.2076, Top 1 Acc=75.760, Top 5 Acc=93.560
01/12 02:14:36 AM | Epoch 20 complete. Saved Checkpoint: /content/drive/MyDrive/MSc_AI/Course/OCOM5300M-AI_Project/code_repository/results/train/cifar10/Trained_pruned_25pc_multilayer_inter2_capsnet_model_Epoch20_of_30.pt
01/12 02:14:36 AM | pruned_25pc_multilayer_inter2_capsnet_model Training - Epoch=21, Iteration=(0/500), Loss=0.0079, Top 1 Acc=99.00, Top 5 Acc=100.00
01/12 02:14:51 AM | pruned_25pc_multilayer_inter2_capsnet_model Training - Epoch=21, Iteration=(100/500), Loss=0.0177, Top 1 Acc=98.39, Top 5 Acc=99.69
01/12 02:15:06 AM | pruned_25pc_multilayer_inter2_capsnet_model Training - Epoch=21, Iteration=(200/500), Loss=0.0172, Top 1 Acc=98.47, Top 5 Acc=99.73
01/12 02:15:21 AM | pruned_25pc_multilayer_inter2_capsnet_model Training - Epoch=21, Iteration=(300/500), Loss=0.0172, Top 1 Acc=98.51, Top 5 Acc=99.72
01/12 02:15:36 AM | pruned_25pc_multilayer_inter2_capsnet_model Training - Epoch=21, Iteration=(400/500), Loss=0.0176, Top 1 Acc=98.47, Top 5 Acc=99.73
01/12 02:15:56 AM | pruned_25pc_multilayer_inter2_capsnet_model Validation - Loss=0.2036, Top 1 Acc=76.330, Top 5 Acc=93.660
01/12 02:15:56 AM | Epoch 21 complete. Saved Checkpoint: /content/drive/MyDrive/MSc_AI/Course/OCOM5300M-AI_Project/code_repository/results/train/cifar10/Trained_pruned_25pc_multilayer_inter2_capsnet_model_Epoch21_of_30.pt
01/12 02:15:57 AM | pruned_25pc_multilayer_inter2_capsnet_model Training - Epoch=22, Iteration=(0/500), Loss=0.0234, Top 1 Acc=97.00, Top 5 Acc=100.00
01/12 02:16:12 AM | pruned_25pc_multilayer_inter2_capsnet_model Training - Epoch=22, Iteration=(100/500), Loss=0.0157, Top 1 Acc=98.69, Top 5 Acc=99.75
01/12 02:16:27 AM | pruned_25pc_multilayer_inter2_capsnet_model Training - Epoch=22, Iteration=(200/500), Loss=0.0159, Top 1 Acc=98.69, Top 5 Acc=99.73
01/12 02:16:41 AM | pruned_25pc_multilayer_inter2_capsnet_model Training - Epoch=22, Iteration=(300/500), Loss=0.0173, Top 1 Acc=98.52, Top 5 Acc=99.71
01/12 02:16:56 AM | pruned_25pc_multilayer_inter2_capsnet_model Training - Epoch=22, Iteration=(400/500), Loss=0.0180, Top 1 Acc=98.42, Top 5 Acc=99.73
01/12 02:17:17 AM | pruned_25pc_multilayer_inter2_capsnet_model Validation - Loss=0.2052, Top 1 Acc=76.300, Top 5 Acc=93.710
01/12 02:17:17 AM | Epoch 22 complete. Saved Checkpoint: /content/drive/MyDrive/MSc_AI/Course/OCOM5300M-AI_Project/code_repository/results/train/cifar10/Trained_pruned_25pc_multilayer_inter2_capsnet_model_Epoch22_of_30.pt
01/12 02:17:17 AM | pruned_25pc_multilayer_inter2_capsnet_model Training - Epoch=23, Iteration=(0/500), Loss=0.0263, Top 1 Acc=97.00, Top 5 Acc=98.00
01/12 02:17:32 AM | pruned_25pc_multilayer_inter2_capsnet_model Training - Epoch=23, Iteration=(100/500), Loss=0.0127, Top 1 Acc=98.95, Top 5 Acc=99.76
01/12 02:17:47 AM | pruned_25pc_multilayer_inter2_capsnet_model Training - Epoch=23, Iteration=(200/500), Loss=0.0123, Top 1 Acc=98.98, Top 5 Acc=99.82
01/12 02:18:02 AM | pruned_25pc_multilayer_inter2_capsnet_model Training - Epoch=23, Iteration=(300/500), Loss=0.0125, Top 1 Acc=99.00, Top 5 Acc=99.80
01/12 02:18:17 AM | pruned_25pc_multilayer_inter2_capsnet_model Training - Epoch=23, Iteration=(400/500), Loss=0.0134, Top 1 Acc=98.88, Top 5 Acc=99.80
01/12 02:18:37 AM | pruned_25pc_multilayer_inter2_capsnet_model Validation - Loss=0.2117, Top 1 Acc=75.720, Top 5 Acc=93.660
01/12 02:18:37 AM | Epoch 23 complete. Saved Checkpoint: /content/drive/MyDrive/MSc_AI/Course/OCOM5300M-AI_Project/code_repository/results/train/cifar10/Trained_pruned_25pc_multilayer_inter2_capsnet_model_Epoch23_of_30.pt
01/12 02:18:37 AM | pruned_25pc_multilayer_inter2_capsnet_model Training - Epoch=24, Iteration=(0/500), Loss=0.0208, Top 1 Acc=97.00, Top 5 Acc=100.00
01/12 02:18:52 AM | pruned_25pc_multilayer_inter2_capsnet_model Training - Epoch=24, Iteration=(100/500), Loss=0.0127, Top 1 Acc=98.98, Top 5 Acc=99.80
01/12 02:19:07 AM | pruned_25pc_multilayer_inter2_capsnet_model Training - Epoch=24, Iteration=(200/500), Loss=0.0136, Top 1 Acc=98.84, Top 5 Acc=99.81
01/12 02:19:22 AM | pruned_25pc_multilayer_inter2_capsnet_model Training - Epoch=24, Iteration=(300/500), Loss=0.0137, Top 1 Acc=98.83, Top 5 Acc=99.81
01/12 02:19:37 AM | pruned_25pc_multilayer_inter2_capsnet_model Training - Epoch=24, Iteration=(400/500), Loss=0.0143, Top 1 Acc=98.77, Top 5 Acc=99.79
01/12 02:19:57 AM | pruned_25pc_multilayer_inter2_capsnet_model Validation - Loss=0.2092, Top 1 Acc=75.970, Top 5 Acc=93.140
01/12 02:19:57 AM | Epoch 24 complete. Saved Checkpoint: /content/drive/MyDrive/MSc_AI/Course/OCOM5300M-AI_Project/code_repository/results/train/cifar10/Trained_pruned_25pc_multilayer_inter2_capsnet_model_Epoch24_of_30.pt
01/12 02:19:57 AM | pruned_25pc_multilayer_inter2_capsnet_model Training - Epoch=25, Iteration=(0/500), Loss=0.0138, Top 1 Acc=99.00, Top 5 Acc=100.00
01/12 02:20:12 AM | pruned_25pc_multilayer_inter2_capsnet_model Training - Epoch=25, Iteration=(100/500), Loss=0.0147, Top 1 Acc=98.76, Top 5 Acc=99.78
01/12 02:20:27 AM | pruned_25pc_multilayer_inter2_capsnet_model Training - Epoch=25, Iteration=(200/500), Loss=0.0144, Top 1 Acc=98.72, Top 5 Acc=99.79
01/12 02:20:42 AM | pruned_25pc_multilayer_inter2_capsnet_model Training - Epoch=25, Iteration=(300/500), Loss=0.0140, Top 1 Acc=98.78, Top 5 Acc=99.80
01/12 02:20:57 AM | pruned_25pc_multilayer_inter2_capsnet_model Training - Epoch=25, Iteration=(400/500), Loss=0.0145, Top 1 Acc=98.75, Top 5 Acc=99.80
01/12 02:21:17 AM | pruned_25pc_multilayer_inter2_capsnet_model Validation - Loss=0.2085, Top 1 Acc=75.920, Top 5 Acc=93.090
01/12 02:21:17 AM | Epoch 25 complete. Saved Checkpoint: /content/drive/MyDrive/MSc_AI/Course/OCOM5300M-AI_Project/code_repository/results/train/cifar10/Trained_pruned_25pc_multilayer_inter2_capsnet_model_Epoch25_of_30.pt
01/12 02:21:18 AM | pruned_25pc_multilayer_inter2_capsnet_model Training - Epoch=26, Iteration=(0/500), Loss=0.0032, Top 1 Acc=100.00, Top 5 Acc=100.00
01/12 02:21:33 AM | pruned_25pc_multilayer_inter2_capsnet_model Training - Epoch=26, Iteration=(100/500), Loss=0.0100, Top 1 Acc=99.12, Top 5 Acc=99.86
01/12 02:21:47 AM | pruned_25pc_multilayer_inter2_capsnet_model Training - Epoch=26, Iteration=(200/500), Loss=0.0115, Top 1 Acc=98.99, Top 5 Acc=99.80
01/12 02:22:02 AM | pruned_25pc_multilayer_inter2_capsnet_model Training - Epoch=26, Iteration=(300/500), Loss=0.0116, Top 1 Acc=99.02, Top 5 Acc=99.81
01/12 02:22:17 AM | pruned_25pc_multilayer_inter2_capsnet_model Training - Epoch=26, Iteration=(400/500), Loss=0.0117, Top 1 Acc=99.00, Top 5 Acc=99.83
01/12 02:22:38 AM | pruned_25pc_multilayer_inter2_capsnet_model Validation - Loss=0.2091, Top 1 Acc=75.510, Top 5 Acc=93.770
01/12 02:22:38 AM | Epoch 26 complete. Saved Checkpoint: /content/drive/MyDrive/MSc_AI/Course/OCOM5300M-AI_Project/code_repository/results/train/cifar10/Trained_pruned_25pc_multilayer_inter2_capsnet_model_Epoch26_of_30.pt
01/12 02:22:38 AM | pruned_25pc_multilayer_inter2_capsnet_model Training - Epoch=27, Iteration=(0/500), Loss=0.0031, Top 1 Acc=100.00, Top 5 Acc=100.00
01/12 02:22:53 AM | pruned_25pc_multilayer_inter2_capsnet_model Training - Epoch=27, Iteration=(100/500), Loss=0.0110, Top 1 Acc=98.98, Top 5 Acc=99.85
01/12 02:23:08 AM | pruned_25pc_multilayer_inter2_capsnet_model Training - Epoch=27, Iteration=(200/500), Loss=0.0111, Top 1 Acc=99.00, Top 5 Acc=99.83
01/12 02:23:23 AM | pruned_25pc_multilayer_inter2_capsnet_model Training - Epoch=27, Iteration=(300/500), Loss=0.0115, Top 1 Acc=98.99, Top 5 Acc=99.83
01/12 02:23:38 AM | pruned_25pc_multilayer_inter2_capsnet_model Training - Epoch=27, Iteration=(400/500), Loss=0.0113, Top 1 Acc=99.02, Top 5 Acc=99.84
01/12 02:23:58 AM | pruned_25pc_multilayer_inter2_capsnet_model Validation - Loss=0.2143, Top 1 Acc=75.330, Top 5 Acc=93.190
01/12 02:23:58 AM | Epoch 27 complete. Saved Checkpoint: /content/drive/MyDrive/MSc_AI/Course/OCOM5300M-AI_Project/code_repository/results/train/cifar10/Trained_pruned_25pc_multilayer_inter2_capsnet_model_Epoch27_of_30.pt
01/12 02:23:58 AM | pruned_25pc_multilayer_inter2_capsnet_model Training - Epoch=28, Iteration=(0/500), Loss=0.0022, Top 1 Acc=100.00, Top 5 Acc=100.00
01/12 02:24:13 AM | pruned_25pc_multilayer_inter2_capsnet_model Training - Epoch=28, Iteration=(100/500), Loss=0.0123, Top 1 Acc=98.82, Top 5 Acc=99.83
01/12 02:24:28 AM | pruned_25pc_multilayer_inter2_capsnet_model Training - Epoch=28, Iteration=(200/500), Loss=0.0117, Top 1 Acc=98.91, Top 5 Acc=99.86
01/12 02:24:43 AM | pruned_25pc_multilayer_inter2_capsnet_model Training - Epoch=28, Iteration=(300/500), Loss=0.0122, Top 1 Acc=98.89, Top 5 Acc=99.85
01/12 02:24:58 AM | pruned_25pc_multilayer_inter2_capsnet_model Training - Epoch=28, Iteration=(400/500), Loss=0.0128, Top 1 Acc=98.83, Top 5 Acc=99.83
01/12 02:25:18 AM | pruned_25pc_multilayer_inter2_capsnet_model Validation - Loss=0.2201, Top 1 Acc=74.570, Top 5 Acc=92.880
01/12 02:25:18 AM | Epoch 28 complete. Saved Checkpoint: /content/drive/MyDrive/MSc_AI/Course/OCOM5300M-AI_Project/code_repository/results/train/cifar10/Trained_pruned_25pc_multilayer_inter2_capsnet_model_Epoch28_of_30.pt
01/12 02:25:18 AM | pruned_25pc_multilayer_inter2_capsnet_model Training - Epoch=29, Iteration=(0/500), Loss=0.0181, Top 1 Acc=99.00, Top 5 Acc=100.00
01/12 02:25:33 AM | pruned_25pc_multilayer_inter2_capsnet_model Training - Epoch=29, Iteration=(100/500), Loss=0.0110, Top 1 Acc=99.03, Top 5 Acc=99.84
01/12 02:25:48 AM | pruned_25pc_multilayer_inter2_capsnet_model Training - Epoch=29, Iteration=(200/500), Loss=0.0104, Top 1 Acc=99.13, Top 5 Acc=99.86
01/12 02:26:03 AM | pruned_25pc_multilayer_inter2_capsnet_model Training - Epoch=29, Iteration=(300/500), Loss=0.0109, Top 1 Acc=99.07, Top 5 Acc=99.85
01/12 02:26:18 AM | pruned_25pc_multilayer_inter2_capsnet_model Training - Epoch=29, Iteration=(400/500), Loss=0.0108, Top 1 Acc=99.09, Top 5 Acc=99.87
01/12 02:26:38 AM | pruned_25pc_multilayer_inter2_capsnet_model Validation - Loss=0.2041, Top 1 Acc=76.610, Top 5 Acc=93.790
01/12 02:26:38 AM | Epoch 29 complete. Saved Checkpoint: /content/drive/MyDrive/MSc_AI/Course/OCOM5300M-AI_Project/code_repository/results/train/cifar10/Trained_pruned_25pc_multilayer_inter2_capsnet_model_Epoch29_of_30.pt
01/12 02:26:39 AM | pruned_25pc_multilayer_inter2_capsnet_model Training - Epoch=30, Iteration=(0/500), Loss=0.0016, Top 1 Acc=100.00, Top 5 Acc=100.00
01/12 02:26:54 AM | pruned_25pc_multilayer_inter2_capsnet_model Training - Epoch=30, Iteration=(100/500), Loss=0.0083, Top 1 Acc=99.33, Top 5 Acc=99.81
01/12 02:27:08 AM | pruned_25pc_multilayer_inter2_capsnet_model Training - Epoch=30, Iteration=(200/500), Loss=0.0081, Top 1 Acc=99.32, Top 5 Acc=99.85
01/12 02:27:23 AM | pruned_25pc_multilayer_inter2_capsnet_model Training - Epoch=30, Iteration=(300/500), Loss=0.0089, Top 1 Acc=99.26, Top 5 Acc=99.86
01/12 02:27:38 AM | pruned_25pc_multilayer_inter2_capsnet_model Training - Epoch=30, Iteration=(400/500), Loss=0.0097, Top 1 Acc=99.16, Top 5 Acc=99.87
01/12 02:27:58 AM | pruned_25pc_multilayer_inter2_capsnet_model Validation - Loss=0.2188, Top 1 Acc=74.590, Top 5 Acc=92.430
01/12 02:27:59 AM | Epoch 30 complete. Saved Checkpoint: /content/drive/MyDrive/MSc_AI/Course/OCOM5300M-AI_Project/code_repository/results/train/cifar10/Trained_pruned_25pc_multilayer_inter2_capsnet_model_Epoch30_of_30.pt
01/12 02:27:59 AM | pruned_25pc_multilayer_inter2_capsnet_model best accuracy=76.670 saved at: /content/drive/MyDrive/MSc_AI/Course/OCOM5300M-AI_Project/code_repository/results/train/cifar10/Trained_pruned_25pc_multilayer_inter2_capsnet_model_Epoch16_of_30.pt
