01/12 02:43:26 AM | pruned_50pc_multilayer_inter2_capsnet_model Training - Epoch=1, Iteration=(0/500), Loss=0.8100, Top 1 Acc=6.00, Top 5 Acc=52.00
01/12 02:43:36 AM | pruned_50pc_multilayer_inter2_capsnet_model Training - Epoch=1, Iteration=(100/500), Loss=0.6147, Top 1 Acc=13.83, Top 5 Acc=56.61
01/12 02:43:46 AM | pruned_50pc_multilayer_inter2_capsnet_model Training - Epoch=1, Iteration=(200/500), Loss=0.5309, Top 1 Acc=23.49, Top 5 Acc=69.95
01/12 02:43:55 AM | pruned_50pc_multilayer_inter2_capsnet_model Training - Epoch=1, Iteration=(300/500), Loss=0.4814, Top 1 Acc=29.81, Top 5 Acc=76.79
01/12 02:44:05 AM | pruned_50pc_multilayer_inter2_capsnet_model Training - Epoch=1, Iteration=(400/500), Loss=0.4485, Top 1 Acc=34.42, Top 5 Acc=80.67
01/12 02:44:19 AM | pruned_50pc_multilayer_inter2_capsnet_model Validation - Loss=0.3202, Top 1 Acc=53.120, Top 5 Acc=94.190
01/12 02:44:20 AM | Epoch 1 complete. Saved Checkpoint: /content/drive/MyDrive/MSc_AI/Course/OCOM5300M-AI_Project/code_repository/results/train/cifar10/Trained_pruned_50pc_multilayer_inter2_capsnet_model_Epoch1_of_30.pt
01/12 02:44:20 AM | pruned_50pc_multilayer_inter2_capsnet_model Training - Epoch=2, Iteration=(0/500), Loss=0.3119, Top 1 Acc=57.00, Top 5 Acc=96.00
01/12 02:44:29 AM | pruned_50pc_multilayer_inter2_capsnet_model Training - Epoch=2, Iteration=(100/500), Loss=0.3066, Top 1 Acc=55.94, Top 5 Acc=94.53
01/12 02:44:39 AM | pruned_50pc_multilayer_inter2_capsnet_model Training - Epoch=2, Iteration=(200/500), Loss=0.3010, Top 1 Acc=56.75, Top 5 Acc=94.42
01/12 02:44:49 AM | pruned_50pc_multilayer_inter2_capsnet_model Training - Epoch=2, Iteration=(300/500), Loss=0.2965, Top 1 Acc=57.40, Top 5 Acc=94.70
01/12 02:44:59 AM | pruned_50pc_multilayer_inter2_capsnet_model Training - Epoch=2, Iteration=(400/500), Loss=0.2918, Top 1 Acc=58.10, Top 5 Acc=94.82
01/12 02:45:13 AM | pruned_50pc_multilayer_inter2_capsnet_model Validation - Loss=0.2721, Top 1 Acc=60.920, Top 5 Acc=95.650
01/12 02:45:13 AM | Epoch 2 complete. Saved Checkpoint: /content/drive/MyDrive/MSc_AI/Course/OCOM5300M-AI_Project/code_repository/results/train/cifar10/Trained_pruned_50pc_multilayer_inter2_capsnet_model_Epoch2_of_30.pt
01/12 02:45:13 AM | pruned_50pc_multilayer_inter2_capsnet_model Training - Epoch=3, Iteration=(0/500), Loss=0.2544, Top 1 Acc=65.00, Top 5 Acc=95.00
01/12 02:45:23 AM | pruned_50pc_multilayer_inter2_capsnet_model Training - Epoch=3, Iteration=(100/500), Loss=0.2472, Top 1 Acc=65.09, Top 5 Acc=96.07
01/12 02:45:33 AM | pruned_50pc_multilayer_inter2_capsnet_model Training - Epoch=3, Iteration=(200/500), Loss=0.2458, Top 1 Acc=65.28, Top 5 Acc=96.47
01/12 02:45:43 AM | pruned_50pc_multilayer_inter2_capsnet_model Training - Epoch=3, Iteration=(300/500), Loss=0.2446, Top 1 Acc=65.26, Top 5 Acc=96.52
01/12 02:45:53 AM | pruned_50pc_multilayer_inter2_capsnet_model Training - Epoch=3, Iteration=(400/500), Loss=0.2439, Top 1 Acc=65.37, Top 5 Acc=96.43
01/12 02:46:07 AM | pruned_50pc_multilayer_inter2_capsnet_model Validation - Loss=0.2494, Top 1 Acc=63.940, Top 5 Acc=96.400
01/12 02:46:07 AM | Epoch 3 complete. Saved Checkpoint: /content/drive/MyDrive/MSc_AI/Course/OCOM5300M-AI_Project/code_repository/results/train/cifar10/Trained_pruned_50pc_multilayer_inter2_capsnet_model_Epoch3_of_30.pt
01/12 02:46:08 AM | pruned_50pc_multilayer_inter2_capsnet_model Training - Epoch=4, Iteration=(0/500), Loss=0.2264, Top 1 Acc=65.00, Top 5 Acc=98.00
01/12 02:46:17 AM | pruned_50pc_multilayer_inter2_capsnet_model Training - Epoch=4, Iteration=(100/500), Loss=0.2185, Top 1 Acc=69.25, Top 5 Acc=96.93
01/12 02:46:27 AM | pruned_50pc_multilayer_inter2_capsnet_model Training - Epoch=4, Iteration=(200/500), Loss=0.2152, Top 1 Acc=69.90, Top 5 Acc=96.97
01/12 02:46:37 AM | pruned_50pc_multilayer_inter2_capsnet_model Training - Epoch=4, Iteration=(300/500), Loss=0.2136, Top 1 Acc=70.11, Top 5 Acc=97.16
01/12 02:46:47 AM | pruned_50pc_multilayer_inter2_capsnet_model Training - Epoch=4, Iteration=(400/500), Loss=0.2124, Top 1 Acc=70.24, Top 5 Acc=97.15
01/12 02:47:01 AM | pruned_50pc_multilayer_inter2_capsnet_model Validation - Loss=0.2191, Top 1 Acc=68.700, Top 5 Acc=97.510
01/12 02:47:01 AM | Epoch 4 complete. Saved Checkpoint: /content/drive/MyDrive/MSc_AI/Course/OCOM5300M-AI_Project/code_repository/results/train/cifar10/Trained_pruned_50pc_multilayer_inter2_capsnet_model_Epoch4_of_30.pt
01/12 02:47:02 AM | pruned_50pc_multilayer_inter2_capsnet_model Training - Epoch=5, Iteration=(0/500), Loss=0.1644, Top 1 Acc=74.00, Top 5 Acc=99.00
01/12 02:47:11 AM | pruned_50pc_multilayer_inter2_capsnet_model Training - Epoch=5, Iteration=(100/500), Loss=0.1921, Top 1 Acc=73.67, Top 5 Acc=97.57
01/12 02:47:21 AM | pruned_50pc_multilayer_inter2_capsnet_model Training - Epoch=5, Iteration=(200/500), Loss=0.1893, Top 1 Acc=74.03, Top 5 Acc=97.65
01/12 02:47:31 AM | pruned_50pc_multilayer_inter2_capsnet_model Training - Epoch=5, Iteration=(300/500), Loss=0.1875, Top 1 Acc=74.34, Top 5 Acc=97.69
01/12 02:47:41 AM | pruned_50pc_multilayer_inter2_capsnet_model Training - Epoch=5, Iteration=(400/500), Loss=0.1868, Top 1 Acc=74.35, Top 5 Acc=97.70
01/12 02:47:55 AM | pruned_50pc_multilayer_inter2_capsnet_model Validation - Loss=0.2050, Top 1 Acc=71.330, Top 5 Acc=97.480
01/12 02:47:56 AM | Epoch 5 complete. Saved Checkpoint: /content/drive/MyDrive/MSc_AI/Course/OCOM5300M-AI_Project/code_repository/results/train/cifar10/Trained_pruned_50pc_multilayer_inter2_capsnet_model_Epoch5_of_30.pt
01/12 02:47:56 AM | pruned_50pc_multilayer_inter2_capsnet_model Training - Epoch=6, Iteration=(0/500), Loss=0.1735, Top 1 Acc=77.00, Top 5 Acc=99.00
01/12 02:48:06 AM | pruned_50pc_multilayer_inter2_capsnet_model Training - Epoch=6, Iteration=(100/500), Loss=0.1638, Top 1 Acc=77.88, Top 5 Acc=98.32
01/12 02:48:15 AM | pruned_50pc_multilayer_inter2_capsnet_model Training - Epoch=6, Iteration=(200/500), Loss=0.1666, Top 1 Acc=77.37, Top 5 Acc=98.10
01/12 02:48:25 AM | pruned_50pc_multilayer_inter2_capsnet_model Training - Epoch=6, Iteration=(300/500), Loss=0.1668, Top 1 Acc=77.36, Top 5 Acc=98.09
01/12 02:48:35 AM | pruned_50pc_multilayer_inter2_capsnet_model Training - Epoch=6, Iteration=(400/500), Loss=0.1680, Top 1 Acc=77.09, Top 5 Acc=98.04
01/12 02:48:50 AM | pruned_50pc_multilayer_inter2_capsnet_model Validation - Loss=0.2012, Top 1 Acc=72.030, Top 5 Acc=97.280
01/12 02:48:50 AM | Epoch 6 complete. Saved Checkpoint: /content/drive/MyDrive/MSc_AI/Course/OCOM5300M-AI_Project/code_repository/results/train/cifar10/Trained_pruned_50pc_multilayer_inter2_capsnet_model_Epoch6_of_30.pt
01/12 02:48:50 AM | pruned_50pc_multilayer_inter2_capsnet_model Training - Epoch=7, Iteration=(0/500), Loss=0.1216, Top 1 Acc=84.00, Top 5 Acc=98.00
01/12 02:49:00 AM | pruned_50pc_multilayer_inter2_capsnet_model Training - Epoch=7, Iteration=(100/500), Loss=0.1462, Top 1 Acc=80.55, Top 5 Acc=98.38
01/12 02:49:10 AM | pruned_50pc_multilayer_inter2_capsnet_model Training - Epoch=7, Iteration=(200/500), Loss=0.1468, Top 1 Acc=80.56, Top 5 Acc=98.39
01/12 02:49:20 AM | pruned_50pc_multilayer_inter2_capsnet_model Training - Epoch=7, Iteration=(300/500), Loss=0.1482, Top 1 Acc=80.25, Top 5 Acc=98.40
01/12 02:49:30 AM | pruned_50pc_multilayer_inter2_capsnet_model Training - Epoch=7, Iteration=(400/500), Loss=0.1491, Top 1 Acc=80.00, Top 5 Acc=98.39
01/12 02:49:44 AM | pruned_50pc_multilayer_inter2_capsnet_model Validation - Loss=0.1905, Top 1 Acc=73.550, Top 5 Acc=97.890
01/12 02:49:44 AM | Epoch 7 complete. Saved Checkpoint: /content/drive/MyDrive/MSc_AI/Course/OCOM5300M-AI_Project/code_repository/results/train/cifar10/Trained_pruned_50pc_multilayer_inter2_capsnet_model_Epoch7_of_30.pt
01/12 02:49:44 AM | pruned_50pc_multilayer_inter2_capsnet_model Training - Epoch=8, Iteration=(0/500), Loss=0.1192, Top 1 Acc=84.00, Top 5 Acc=98.00
01/12 02:49:54 AM | pruned_50pc_multilayer_inter2_capsnet_model Training - Epoch=8, Iteration=(100/500), Loss=0.1304, Top 1 Acc=83.19, Top 5 Acc=98.59
01/12 02:50:04 AM | pruned_50pc_multilayer_inter2_capsnet_model Training - Epoch=8, Iteration=(200/500), Loss=0.1299, Top 1 Acc=83.24, Top 5 Acc=98.50
01/12 02:50:14 AM | pruned_50pc_multilayer_inter2_capsnet_model Training - Epoch=8, Iteration=(300/500), Loss=0.1330, Top 1 Acc=82.64, Top 5 Acc=98.48
01/12 02:50:24 AM | pruned_50pc_multilayer_inter2_capsnet_model Training - Epoch=8, Iteration=(400/500), Loss=0.1337, Top 1 Acc=82.45, Top 5 Acc=98.54
01/12 02:50:38 AM | pruned_50pc_multilayer_inter2_capsnet_model Validation - Loss=0.1925, Top 1 Acc=73.350, Top 5 Acc=97.240
01/12 02:50:38 AM | Epoch 8 complete. Saved Checkpoint: /content/drive/MyDrive/MSc_AI/Course/OCOM5300M-AI_Project/code_repository/results/train/cifar10/Trained_pruned_50pc_multilayer_inter2_capsnet_model_Epoch8_of_30.pt
01/12 02:50:38 AM | pruned_50pc_multilayer_inter2_capsnet_model Training - Epoch=9, Iteration=(0/500), Loss=0.0894, Top 1 Acc=88.00, Top 5 Acc=100.00
01/12 02:50:48 AM | pruned_50pc_multilayer_inter2_capsnet_model Training - Epoch=9, Iteration=(100/500), Loss=0.1122, Top 1 Acc=85.65, Top 5 Acc=99.00
01/12 02:50:58 AM | pruned_50pc_multilayer_inter2_capsnet_model Training - Epoch=9, Iteration=(200/500), Loss=0.1161, Top 1 Acc=85.07, Top 5 Acc=98.78
01/12 02:51:08 AM | pruned_50pc_multilayer_inter2_capsnet_model Training - Epoch=9, Iteration=(300/500), Loss=0.1168, Top 1 Acc=84.96, Top 5 Acc=98.76
01/12 02:51:18 AM | pruned_50pc_multilayer_inter2_capsnet_model Training - Epoch=9, Iteration=(400/500), Loss=0.1173, Top 1 Acc=84.77, Top 5 Acc=98.77
01/12 02:51:32 AM | pruned_50pc_multilayer_inter2_capsnet_model Validation - Loss=0.1875, Top 1 Acc=74.330, Top 5 Acc=97.660
01/12 02:51:32 AM | Epoch 9 complete. Saved Checkpoint: /content/drive/MyDrive/MSc_AI/Course/OCOM5300M-AI_Project/code_repository/results/train/cifar10/Trained_pruned_50pc_multilayer_inter2_capsnet_model_Epoch9_of_30.pt
01/12 02:51:32 AM | pruned_50pc_multilayer_inter2_capsnet_model Training - Epoch=10, Iteration=(0/500), Loss=0.0831, Top 1 Acc=89.00, Top 5 Acc=98.00
01/12 02:51:42 AM | pruned_50pc_multilayer_inter2_capsnet_model Training - Epoch=10, Iteration=(100/500), Loss=0.0952, Top 1 Acc=88.43, Top 5 Acc=98.95
01/12 02:51:52 AM | pruned_50pc_multilayer_inter2_capsnet_model Training - Epoch=10, Iteration=(200/500), Loss=0.0997, Top 1 Acc=87.70, Top 5 Acc=98.91
01/12 02:52:02 AM | pruned_50pc_multilayer_inter2_capsnet_model Training - Epoch=10, Iteration=(300/500), Loss=0.1010, Top 1 Acc=87.43, Top 5 Acc=98.88
01/12 02:52:12 AM | pruned_50pc_multilayer_inter2_capsnet_model Training - Epoch=10, Iteration=(400/500), Loss=0.1024, Top 1 Acc=87.04, Top 5 Acc=98.91
01/12 02:52:26 AM | pruned_50pc_multilayer_inter2_capsnet_model Validation - Loss=0.2010, Top 1 Acc=73.240, Top 5 Acc=96.820
01/12 02:52:26 AM | Epoch 10 complete. Saved Checkpoint: /content/drive/MyDrive/MSc_AI/Course/OCOM5300M-AI_Project/code_repository/results/train/cifar10/Trained_pruned_50pc_multilayer_inter2_capsnet_model_Epoch10_of_30.pt
01/12 02:52:27 AM | pruned_50pc_multilayer_inter2_capsnet_model Training - Epoch=11, Iteration=(0/500), Loss=0.0650, Top 1 Acc=93.00, Top 5 Acc=99.00
01/12 02:52:36 AM | pruned_50pc_multilayer_inter2_capsnet_model Training - Epoch=11, Iteration=(100/500), Loss=0.0817, Top 1 Acc=90.29, Top 5 Acc=99.18
01/12 02:52:46 AM | pruned_50pc_multilayer_inter2_capsnet_model Training - Epoch=11, Iteration=(200/500), Loss=0.0847, Top 1 Acc=89.74, Top 5 Acc=99.03
01/12 02:52:56 AM | pruned_50pc_multilayer_inter2_capsnet_model Training - Epoch=11, Iteration=(300/500), Loss=0.0862, Top 1 Acc=89.45, Top 5 Acc=99.02
01/12 02:53:06 AM | pruned_50pc_multilayer_inter2_capsnet_model Training - Epoch=11, Iteration=(400/500), Loss=0.0877, Top 1 Acc=89.20, Top 5 Acc=98.99
01/12 02:53:21 AM | pruned_50pc_multilayer_inter2_capsnet_model Validation - Loss=0.1890, Top 1 Acc=74.450, Top 5 Acc=96.980
01/12 02:53:21 AM | Epoch 11 complete. Saved Checkpoint: /content/drive/MyDrive/MSc_AI/Course/OCOM5300M-AI_Project/code_repository/results/train/cifar10/Trained_pruned_50pc_multilayer_inter2_capsnet_model_Epoch11_of_30.pt
01/12 02:53:21 AM | pruned_50pc_multilayer_inter2_capsnet_model Training - Epoch=12, Iteration=(0/500), Loss=0.0697, Top 1 Acc=90.00, Top 5 Acc=100.00
01/12 02:53:31 AM | pruned_50pc_multilayer_inter2_capsnet_model Training - Epoch=12, Iteration=(100/500), Loss=0.0718, Top 1 Acc=91.64, Top 5 Acc=99.28
01/12 02:53:41 AM | pruned_50pc_multilayer_inter2_capsnet_model Training - Epoch=12, Iteration=(200/500), Loss=0.0722, Top 1 Acc=91.62, Top 5 Acc=99.14
01/12 02:53:51 AM | pruned_50pc_multilayer_inter2_capsnet_model Training - Epoch=12, Iteration=(300/500), Loss=0.0725, Top 1 Acc=91.62, Top 5 Acc=99.12
01/12 02:54:00 AM | pruned_50pc_multilayer_inter2_capsnet_model Training - Epoch=12, Iteration=(400/500), Loss=0.0734, Top 1 Acc=91.41, Top 5 Acc=99.13
01/12 02:54:15 AM | pruned_50pc_multilayer_inter2_capsnet_model Validation - Loss=0.1931, Top 1 Acc=74.160, Top 5 Acc=96.560
01/12 02:54:15 AM | Epoch 12 complete. Saved Checkpoint: /content/drive/MyDrive/MSc_AI/Course/OCOM5300M-AI_Project/code_repository/results/train/cifar10/Trained_pruned_50pc_multilayer_inter2_capsnet_model_Epoch12_of_30.pt
01/12 02:54:15 AM | pruned_50pc_multilayer_inter2_capsnet_model Training - Epoch=13, Iteration=(0/500), Loss=0.0473, Top 1 Acc=95.00, Top 5 Acc=100.00
01/12 02:54:25 AM | pruned_50pc_multilayer_inter2_capsnet_model Training - Epoch=13, Iteration=(100/500), Loss=0.0587, Top 1 Acc=93.50, Top 5 Acc=99.20
01/12 02:54:35 AM | pruned_50pc_multilayer_inter2_capsnet_model Training - Epoch=13, Iteration=(200/500), Loss=0.0590, Top 1 Acc=93.28, Top 5 Acc=99.28
01/12 02:54:45 AM | pruned_50pc_multilayer_inter2_capsnet_model Training - Epoch=13, Iteration=(300/500), Loss=0.0609, Top 1 Acc=92.96, Top 5 Acc=99.26
01/12 02:54:54 AM | pruned_50pc_multilayer_inter2_capsnet_model Training - Epoch=13, Iteration=(400/500), Loss=0.0622, Top 1 Acc=92.81, Top 5 Acc=99.26
01/12 02:55:09 AM | pruned_50pc_multilayer_inter2_capsnet_model Validation - Loss=0.2032, Top 1 Acc=73.430, Top 5 Acc=96.410
01/12 02:55:09 AM | Epoch 13 complete. Saved Checkpoint: /content/drive/MyDrive/MSc_AI/Course/OCOM5300M-AI_Project/code_repository/results/train/cifar10/Trained_pruned_50pc_multilayer_inter2_capsnet_model_Epoch13_of_30.pt
01/12 02:55:09 AM | pruned_50pc_multilayer_inter2_capsnet_model Training - Epoch=14, Iteration=(0/500), Loss=0.0692, Top 1 Acc=91.00, Top 5 Acc=100.00
01/12 02:55:19 AM | pruned_50pc_multilayer_inter2_capsnet_model Training - Epoch=14, Iteration=(100/500), Loss=0.0487, Top 1 Acc=94.59, Top 5 Acc=99.56
01/12 02:55:29 AM | pruned_50pc_multilayer_inter2_capsnet_model Training - Epoch=14, Iteration=(200/500), Loss=0.0507, Top 1 Acc=94.31, Top 5 Acc=99.46
01/12 02:55:39 AM | pruned_50pc_multilayer_inter2_capsnet_model Training - Epoch=14, Iteration=(300/500), Loss=0.0514, Top 1 Acc=94.22, Top 5 Acc=99.39
01/12 02:55:49 AM | pruned_50pc_multilayer_inter2_capsnet_model Training - Epoch=14, Iteration=(400/500), Loss=0.0522, Top 1 Acc=94.11, Top 5 Acc=99.38
01/12 02:56:03 AM | pruned_50pc_multilayer_inter2_capsnet_model Validation - Loss=0.2012, Top 1 Acc=74.120, Top 5 Acc=96.190
01/12 02:56:03 AM | Epoch 14 complete. Saved Checkpoint: /content/drive/MyDrive/MSc_AI/Course/OCOM5300M-AI_Project/code_repository/results/train/cifar10/Trained_pruned_50pc_multilayer_inter2_capsnet_model_Epoch14_of_30.pt
01/12 02:56:03 AM | pruned_50pc_multilayer_inter2_capsnet_model Training - Epoch=15, Iteration=(0/500), Loss=0.0319, Top 1 Acc=96.00, Top 5 Acc=100.00
01/12 02:56:13 AM | pruned_50pc_multilayer_inter2_capsnet_model Training - Epoch=15, Iteration=(100/500), Loss=0.0430, Top 1 Acc=95.24, Top 5 Acc=99.38
01/12 02:56:23 AM | pruned_50pc_multilayer_inter2_capsnet_model Training - Epoch=15, Iteration=(200/500), Loss=0.0430, Top 1 Acc=95.31, Top 5 Acc=99.39
01/12 02:56:33 AM | pruned_50pc_multilayer_inter2_capsnet_model Training - Epoch=15, Iteration=(300/500), Loss=0.0448, Top 1 Acc=95.04, Top 5 Acc=99.34
01/12 02:56:43 AM | pruned_50pc_multilayer_inter2_capsnet_model Training - Epoch=15, Iteration=(400/500), Loss=0.0457, Top 1 Acc=94.86, Top 5 Acc=99.34
01/12 02:56:57 AM | pruned_50pc_multilayer_inter2_capsnet_model Validation - Loss=0.2024, Top 1 Acc=74.340, Top 5 Acc=95.400
01/12 02:56:57 AM | Epoch 15 complete. Saved Checkpoint: /content/drive/MyDrive/MSc_AI/Course/OCOM5300M-AI_Project/code_repository/results/train/cifar10/Trained_pruned_50pc_multilayer_inter2_capsnet_model_Epoch15_of_30.pt
01/12 02:56:57 AM | pruned_50pc_multilayer_inter2_capsnet_model Training - Epoch=16, Iteration=(0/500), Loss=0.0396, Top 1 Acc=95.00, Top 5 Acc=100.00
01/12 02:57:07 AM | pruned_50pc_multilayer_inter2_capsnet_model Training - Epoch=16, Iteration=(100/500), Loss=0.0362, Top 1 Acc=96.16, Top 5 Acc=99.36
01/12 02:57:17 AM | pruned_50pc_multilayer_inter2_capsnet_model Training - Epoch=16, Iteration=(200/500), Loss=0.0359, Top 1 Acc=96.22, Top 5 Acc=99.45
01/12 02:57:27 AM | pruned_50pc_multilayer_inter2_capsnet_model Training - Epoch=16, Iteration=(300/500), Loss=0.0364, Top 1 Acc=96.19, Top 5 Acc=99.39
01/12 02:57:37 AM | pruned_50pc_multilayer_inter2_capsnet_model Training - Epoch=16, Iteration=(400/500), Loss=0.0379, Top 1 Acc=95.94, Top 5 Acc=99.39
01/12 02:57:51 AM | pruned_50pc_multilayer_inter2_capsnet_model Validation - Loss=0.2057, Top 1 Acc=74.340, Top 5 Acc=95.230
01/12 02:57:51 AM | Epoch 16 complete. Saved Checkpoint: /content/drive/MyDrive/MSc_AI/Course/OCOM5300M-AI_Project/code_repository/results/train/cifar10/Trained_pruned_50pc_multilayer_inter2_capsnet_model_Epoch16_of_30.pt
01/12 02:57:51 AM | pruned_50pc_multilayer_inter2_capsnet_model Training - Epoch=17, Iteration=(0/500), Loss=0.0169, Top 1 Acc=98.00, Top 5 Acc=100.00
01/12 02:58:01 AM | pruned_50pc_multilayer_inter2_capsnet_model Training - Epoch=17, Iteration=(100/500), Loss=0.0280, Top 1 Acc=97.20, Top 5 Acc=99.50
01/12 02:58:11 AM | pruned_50pc_multilayer_inter2_capsnet_model Training - Epoch=17, Iteration=(200/500), Loss=0.0306, Top 1 Acc=96.89, Top 5 Acc=99.48
01/12 02:58:21 AM | pruned_50pc_multilayer_inter2_capsnet_model Training - Epoch=17, Iteration=(300/500), Loss=0.0307, Top 1 Acc=96.84, Top 5 Acc=99.47
01/12 02:58:31 AM | pruned_50pc_multilayer_inter2_capsnet_model Training - Epoch=17, Iteration=(400/500), Loss=0.0328, Top 1 Acc=96.53, Top 5 Acc=99.47
01/12 02:58:45 AM | pruned_50pc_multilayer_inter2_capsnet_model Validation - Loss=0.2081, Top 1 Acc=74.060, Top 5 Acc=94.800
01/12 02:58:45 AM | Epoch 17 complete. Saved Checkpoint: /content/drive/MyDrive/MSc_AI/Course/OCOM5300M-AI_Project/code_repository/results/train/cifar10/Trained_pruned_50pc_multilayer_inter2_capsnet_model_Epoch17_of_30.pt
01/12 02:58:45 AM | pruned_50pc_multilayer_inter2_capsnet_model Training - Epoch=18, Iteration=(0/500), Loss=0.0150, Top 1 Acc=98.00, Top 5 Acc=100.00
01/12 02:58:55 AM | pruned_50pc_multilayer_inter2_capsnet_model Training - Epoch=18, Iteration=(100/500), Loss=0.0259, Top 1 Acc=97.34, Top 5 Acc=99.53
01/12 02:59:05 AM | pruned_50pc_multilayer_inter2_capsnet_model Training - Epoch=18, Iteration=(200/500), Loss=0.0274, Top 1 Acc=97.07, Top 5 Acc=99.60
01/12 02:59:15 AM | pruned_50pc_multilayer_inter2_capsnet_model Training - Epoch=18, Iteration=(300/500), Loss=0.0277, Top 1 Acc=97.09, Top 5 Acc=99.56
01/12 02:59:25 AM | pruned_50pc_multilayer_inter2_capsnet_model Training - Epoch=18, Iteration=(400/500), Loss=0.0289, Top 1 Acc=96.96, Top 5 Acc=99.54
01/12 02:59:39 AM | pruned_50pc_multilayer_inter2_capsnet_model Validation - Loss=0.2153, Top 1 Acc=73.830, Top 5 Acc=94.190
01/12 02:59:39 AM | Epoch 18 complete. Saved Checkpoint: /content/drive/MyDrive/MSc_AI/Course/OCOM5300M-AI_Project/code_repository/results/train/cifar10/Trained_pruned_50pc_multilayer_inter2_capsnet_model_Epoch18_of_30.pt
01/12 02:59:39 AM | pruned_50pc_multilayer_inter2_capsnet_model Training - Epoch=19, Iteration=(0/500), Loss=0.0299, Top 1 Acc=96.00, Top 5 Acc=100.00
01/12 02:59:49 AM | pruned_50pc_multilayer_inter2_capsnet_model Training - Epoch=19, Iteration=(100/500), Loss=0.0283, Top 1 Acc=96.95, Top 5 Acc=99.55
01/12 02:59:59 AM | pruned_50pc_multilayer_inter2_capsnet_model Training - Epoch=19, Iteration=(200/500), Loss=0.0266, Top 1 Acc=97.22, Top 5 Acc=99.59
01/12 03:00:09 AM | pruned_50pc_multilayer_inter2_capsnet_model Training - Epoch=19, Iteration=(300/500), Loss=0.0267, Top 1 Acc=97.25, Top 5 Acc=99.57
01/12 03:00:19 AM | pruned_50pc_multilayer_inter2_capsnet_model Training - Epoch=19, Iteration=(400/500), Loss=0.0279, Top 1 Acc=97.05, Top 5 Acc=99.54
01/12 03:00:33 AM | pruned_50pc_multilayer_inter2_capsnet_model Validation - Loss=0.2178, Top 1 Acc=73.290, Top 5 Acc=94.300
01/12 03:00:33 AM | Epoch 19 complete. Saved Checkpoint: /content/drive/MyDrive/MSc_AI/Course/OCOM5300M-AI_Project/code_repository/results/train/cifar10/Trained_pruned_50pc_multilayer_inter2_capsnet_model_Epoch19_of_30.pt
01/12 03:00:33 AM | pruned_50pc_multilayer_inter2_capsnet_model Training - Epoch=20, Iteration=(0/500), Loss=0.0275, Top 1 Acc=98.00, Top 5 Acc=100.00
01/12 03:00:43 AM | pruned_50pc_multilayer_inter2_capsnet_model Training - Epoch=20, Iteration=(100/500), Loss=0.0206, Top 1 Acc=97.88, Top 5 Acc=99.50
01/12 03:00:53 AM | pruned_50pc_multilayer_inter2_capsnet_model Training - Epoch=20, Iteration=(200/500), Loss=0.0203, Top 1 Acc=97.94, Top 5 Acc=99.58
01/12 03:01:03 AM | pruned_50pc_multilayer_inter2_capsnet_model Training - Epoch=20, Iteration=(300/500), Loss=0.0214, Top 1 Acc=97.87, Top 5 Acc=99.56
01/12 03:01:13 AM | pruned_50pc_multilayer_inter2_capsnet_model Training - Epoch=20, Iteration=(400/500), Loss=0.0217, Top 1 Acc=97.84, Top 5 Acc=99.58
01/12 03:01:27 AM | pruned_50pc_multilayer_inter2_capsnet_model Validation - Loss=0.2288, Top 1 Acc=72.930, Top 5 Acc=92.720
01/12 03:01:27 AM | Epoch 20 complete. Saved Checkpoint: /content/drive/MyDrive/MSc_AI/Course/OCOM5300M-AI_Project/code_repository/results/train/cifar10/Trained_pruned_50pc_multilayer_inter2_capsnet_model_Epoch20_of_30.pt
01/12 03:01:27 AM | pruned_50pc_multilayer_inter2_capsnet_model Training - Epoch=21, Iteration=(0/500), Loss=0.0283, Top 1 Acc=98.00, Top 5 Acc=100.00
01/12 03:01:37 AM | pruned_50pc_multilayer_inter2_capsnet_model Training - Epoch=21, Iteration=(100/500), Loss=0.0216, Top 1 Acc=97.84, Top 5 Acc=99.61
01/12 03:01:47 AM | pruned_50pc_multilayer_inter2_capsnet_model Training - Epoch=21, Iteration=(200/500), Loss=0.0223, Top 1 Acc=97.69, Top 5 Acc=99.60
01/12 03:01:57 AM | pruned_50pc_multilayer_inter2_capsnet_model Training - Epoch=21, Iteration=(300/500), Loss=0.0224, Top 1 Acc=97.69, Top 5 Acc=99.62
01/12 03:02:07 AM | pruned_50pc_multilayer_inter2_capsnet_model Training - Epoch=21, Iteration=(400/500), Loss=0.0226, Top 1 Acc=97.68, Top 5 Acc=99.62
01/12 03:02:21 AM | pruned_50pc_multilayer_inter2_capsnet_model Validation - Loss=0.2175, Top 1 Acc=73.910, Top 5 Acc=93.210
01/12 03:02:21 AM | Epoch 21 complete. Saved Checkpoint: /content/drive/MyDrive/MSc_AI/Course/OCOM5300M-AI_Project/code_repository/results/train/cifar10/Trained_pruned_50pc_multilayer_inter2_capsnet_model_Epoch21_of_30.pt
01/12 03:02:21 AM | pruned_50pc_multilayer_inter2_capsnet_model Training - Epoch=22, Iteration=(0/500), Loss=0.0046, Top 1 Acc=100.00, Top 5 Acc=100.00
01/12 03:02:31 AM | pruned_50pc_multilayer_inter2_capsnet_model Training - Epoch=22, Iteration=(100/500), Loss=0.0173, Top 1 Acc=98.19, Top 5 Acc=99.71
01/12 03:02:41 AM | pruned_50pc_multilayer_inter2_capsnet_model Training - Epoch=22, Iteration=(200/500), Loss=0.0189, Top 1 Acc=98.05, Top 5 Acc=99.64
01/12 03:02:51 AM | pruned_50pc_multilayer_inter2_capsnet_model Training - Epoch=22, Iteration=(300/500), Loss=0.0199, Top 1 Acc=97.96, Top 5 Acc=99.65
01/12 03:03:01 AM | pruned_50pc_multilayer_inter2_capsnet_model Training - Epoch=22, Iteration=(400/500), Loss=0.0204, Top 1 Acc=97.92, Top 5 Acc=99.65
01/12 03:03:15 AM | pruned_50pc_multilayer_inter2_capsnet_model Validation - Loss=0.2228, Top 1 Acc=73.270, Top 5 Acc=92.720
01/12 03:03:15 AM | Epoch 22 complete. Saved Checkpoint: /content/drive/MyDrive/MSc_AI/Course/OCOM5300M-AI_Project/code_repository/results/train/cifar10/Trained_pruned_50pc_multilayer_inter2_capsnet_model_Epoch22_of_30.pt
01/12 03:03:16 AM | pruned_50pc_multilayer_inter2_capsnet_model Training - Epoch=23, Iteration=(0/500), Loss=0.0337, Top 1 Acc=96.00, Top 5 Acc=99.00
01/12 03:03:25 AM | pruned_50pc_multilayer_inter2_capsnet_model Training - Epoch=23, Iteration=(100/500), Loss=0.0192, Top 1 Acc=98.08, Top 5 Acc=99.68
01/12 03:03:35 AM | pruned_50pc_multilayer_inter2_capsnet_model Training - Epoch=23, Iteration=(200/500), Loss=0.0196, Top 1 Acc=97.98, Top 5 Acc=99.64
01/12 03:03:45 AM | pruned_50pc_multilayer_inter2_capsnet_model Training - Epoch=23, Iteration=(300/500), Loss=0.0198, Top 1 Acc=97.91, Top 5 Acc=99.68
01/12 03:03:55 AM | pruned_50pc_multilayer_inter2_capsnet_model Training - Epoch=23, Iteration=(400/500), Loss=0.0218, Top 1 Acc=97.65, Top 5 Acc=99.67
01/12 03:04:09 AM | pruned_50pc_multilayer_inter2_capsnet_model Validation - Loss=0.2192, Top 1 Acc=73.960, Top 5 Acc=92.990
01/12 03:04:09 AM | Epoch 23 complete. Saved Checkpoint: /content/drive/MyDrive/MSc_AI/Course/OCOM5300M-AI_Project/code_repository/results/train/cifar10/Trained_pruned_50pc_multilayer_inter2_capsnet_model_Epoch23_of_30.pt
01/12 03:04:09 AM | pruned_50pc_multilayer_inter2_capsnet_model Training - Epoch=24, Iteration=(0/500), Loss=0.0090, Top 1 Acc=99.00, Top 5 Acc=100.00
01/12 03:04:19 AM | pruned_50pc_multilayer_inter2_capsnet_model Training - Epoch=24, Iteration=(100/500), Loss=0.0176, Top 1 Acc=98.25, Top 5 Acc=99.76
01/12 03:04:29 AM | pruned_50pc_multilayer_inter2_capsnet_model Training - Epoch=24, Iteration=(200/500), Loss=0.0183, Top 1 Acc=98.15, Top 5 Acc=99.75
01/12 03:04:39 AM | pruned_50pc_multilayer_inter2_capsnet_model Training - Epoch=24, Iteration=(300/500), Loss=0.0184, Top 1 Acc=98.11, Top 5 Acc=99.75
01/12 03:04:49 AM | pruned_50pc_multilayer_inter2_capsnet_model Training - Epoch=24, Iteration=(400/500), Loss=0.0181, Top 1 Acc=98.18, Top 5 Acc=99.75
01/12 03:05:03 AM | pruned_50pc_multilayer_inter2_capsnet_model Validation - Loss=0.2292, Top 1 Acc=72.900, Top 5 Acc=92.110
01/12 03:05:03 AM | Epoch 24 complete. Saved Checkpoint: /content/drive/MyDrive/MSc_AI/Course/OCOM5300M-AI_Project/code_repository/results/train/cifar10/Trained_pruned_50pc_multilayer_inter2_capsnet_model_Epoch24_of_30.pt
01/12 03:05:04 AM | pruned_50pc_multilayer_inter2_capsnet_model Training - Epoch=25, Iteration=(0/500), Loss=0.0179, Top 1 Acc=98.00, Top 5 Acc=100.00
01/12 03:05:13 AM | pruned_50pc_multilayer_inter2_capsnet_model Training - Epoch=25, Iteration=(100/500), Loss=0.0123, Top 1 Acc=98.76, Top 5 Acc=99.82
01/12 03:05:23 AM | pruned_50pc_multilayer_inter2_capsnet_model Training - Epoch=25, Iteration=(200/500), Loss=0.0137, Top 1 Acc=98.55, Top 5 Acc=99.75
01/12 03:05:33 AM | pruned_50pc_multilayer_inter2_capsnet_model Training - Epoch=25, Iteration=(300/500), Loss=0.0140, Top 1 Acc=98.54, Top 5 Acc=99.74
01/12 03:05:43 AM | pruned_50pc_multilayer_inter2_capsnet_model Training - Epoch=25, Iteration=(400/500), Loss=0.0147, Top 1 Acc=98.45, Top 5 Acc=99.73
01/12 03:05:57 AM | pruned_50pc_multilayer_inter2_capsnet_model Validation - Loss=0.2303, Top 1 Acc=73.130, Top 5 Acc=92.000
01/12 03:05:57 AM | Epoch 25 complete. Saved Checkpoint: /content/drive/MyDrive/MSc_AI/Course/OCOM5300M-AI_Project/code_repository/results/train/cifar10/Trained_pruned_50pc_multilayer_inter2_capsnet_model_Epoch25_of_30.pt
01/12 03:05:58 AM | pruned_50pc_multilayer_inter2_capsnet_model Training - Epoch=26, Iteration=(0/500), Loss=0.0109, Top 1 Acc=99.00, Top 5 Acc=100.00
01/12 03:06:08 AM | pruned_50pc_multilayer_inter2_capsnet_model Training - Epoch=26, Iteration=(100/500), Loss=0.0151, Top 1 Acc=98.44, Top 5 Acc=99.73
01/12 03:06:17 AM | pruned_50pc_multilayer_inter2_capsnet_model Training - Epoch=26, Iteration=(200/500), Loss=0.0136, Top 1 Acc=98.63, Top 5 Acc=99.75
01/12 03:06:27 AM | pruned_50pc_multilayer_inter2_capsnet_model Training - Epoch=26, Iteration=(300/500), Loss=0.0141, Top 1 Acc=98.56, Top 5 Acc=99.75
01/12 03:06:37 AM | pruned_50pc_multilayer_inter2_capsnet_model Training - Epoch=26, Iteration=(400/500), Loss=0.0152, Top 1 Acc=98.44, Top 5 Acc=99.76
01/12 03:06:51 AM | pruned_50pc_multilayer_inter2_capsnet_model Validation - Loss=0.2291, Top 1 Acc=73.330, Top 5 Acc=92.370
01/12 03:06:51 AM | Epoch 26 complete. Saved Checkpoint: /content/drive/MyDrive/MSc_AI/Course/OCOM5300M-AI_Project/code_repository/results/train/cifar10/Trained_pruned_50pc_multilayer_inter2_capsnet_model_Epoch26_of_30.pt
01/12 03:06:52 AM | pruned_50pc_multilayer_inter2_capsnet_model Training - Epoch=27, Iteration=(0/500), Loss=0.0239, Top 1 Acc=98.00, Top 5 Acc=100.00
01/12 03:07:01 AM | pruned_50pc_multilayer_inter2_capsnet_model Training - Epoch=27, Iteration=(100/500), Loss=0.0161, Top 1 Acc=98.31, Top 5 Acc=99.79
01/12 03:07:11 AM | pruned_50pc_multilayer_inter2_capsnet_model Training - Epoch=27, Iteration=(200/500), Loss=0.0161, Top 1 Acc=98.24, Top 5 Acc=99.75
01/12 03:07:21 AM | pruned_50pc_multilayer_inter2_capsnet_model Training - Epoch=27, Iteration=(300/500), Loss=0.0152, Top 1 Acc=98.36, Top 5 Acc=99.78
01/12 03:07:31 AM | pruned_50pc_multilayer_inter2_capsnet_model Training - Epoch=27, Iteration=(400/500), Loss=0.0154, Top 1 Acc=98.34, Top 5 Acc=99.78
01/12 03:07:45 AM | pruned_50pc_multilayer_inter2_capsnet_model Validation - Loss=0.2334, Top 1 Acc=72.870, Top 5 Acc=92.130
01/12 03:07:46 AM | Epoch 27 complete. Saved Checkpoint: /content/drive/MyDrive/MSc_AI/Course/OCOM5300M-AI_Project/code_repository/results/train/cifar10/Trained_pruned_50pc_multilayer_inter2_capsnet_model_Epoch27_of_30.pt
01/12 03:07:46 AM | pruned_50pc_multilayer_inter2_capsnet_model Training - Epoch=28, Iteration=(0/500), Loss=0.0062, Top 1 Acc=99.00, Top 5 Acc=100.00
01/12 03:07:56 AM | pruned_50pc_multilayer_inter2_capsnet_model Training - Epoch=28, Iteration=(100/500), Loss=0.0147, Top 1 Acc=98.47, Top 5 Acc=99.77
01/12 03:08:05 AM | pruned_50pc_multilayer_inter2_capsnet_model Training - Epoch=28, Iteration=(200/500), Loss=0.0136, Top 1 Acc=98.58, Top 5 Acc=99.83
01/12 03:08:15 AM | pruned_50pc_multilayer_inter2_capsnet_model Training - Epoch=28, Iteration=(300/500), Loss=0.0140, Top 1 Acc=98.54, Top 5 Acc=99.82
01/12 03:08:25 AM | pruned_50pc_multilayer_inter2_capsnet_model Training - Epoch=28, Iteration=(400/500), Loss=0.0141, Top 1 Acc=98.55, Top 5 Acc=99.81
01/12 03:08:40 AM | pruned_50pc_multilayer_inter2_capsnet_model Validation - Loss=0.2290, Top 1 Acc=73.120, Top 5 Acc=93.120
01/12 03:08:40 AM | Epoch 28 complete. Saved Checkpoint: /content/drive/MyDrive/MSc_AI/Course/OCOM5300M-AI_Project/code_repository/results/train/cifar10/Trained_pruned_50pc_multilayer_inter2_capsnet_model_Epoch28_of_30.pt
01/12 03:08:40 AM | pruned_50pc_multilayer_inter2_capsnet_model Training - Epoch=29, Iteration=(0/500), Loss=0.0144, Top 1 Acc=99.00, Top 5 Acc=100.00
01/12 03:08:50 AM | pruned_50pc_multilayer_inter2_capsnet_model Training - Epoch=29, Iteration=(100/500), Loss=0.0135, Top 1 Acc=98.61, Top 5 Acc=99.87
01/12 03:09:00 AM | pruned_50pc_multilayer_inter2_capsnet_model Training - Epoch=29, Iteration=(200/500), Loss=0.0134, Top 1 Acc=98.61, Top 5 Acc=99.83
01/12 03:09:09 AM | pruned_50pc_multilayer_inter2_capsnet_model Training - Epoch=29, Iteration=(300/500), Loss=0.0143, Top 1 Acc=98.48, Top 5 Acc=99.78
01/12 03:09:19 AM | pruned_50pc_multilayer_inter2_capsnet_model Training - Epoch=29, Iteration=(400/500), Loss=0.0144, Top 1 Acc=98.47, Top 5 Acc=99.80
01/12 03:09:34 AM | pruned_50pc_multilayer_inter2_capsnet_model Validation - Loss=0.2254, Top 1 Acc=73.940, Top 5 Acc=92.370
01/12 03:09:34 AM | Epoch 29 complete. Saved Checkpoint: /content/drive/MyDrive/MSc_AI/Course/OCOM5300M-AI_Project/code_repository/results/train/cifar10/Trained_pruned_50pc_multilayer_inter2_capsnet_model_Epoch29_of_30.pt
01/12 03:09:34 AM | pruned_50pc_multilayer_inter2_capsnet_model Training - Epoch=30, Iteration=(0/500), Loss=0.0040, Top 1 Acc=100.00, Top 5 Acc=100.00
01/12 03:09:44 AM | pruned_50pc_multilayer_inter2_capsnet_model Training - Epoch=30, Iteration=(100/500), Loss=0.0114, Top 1 Acc=98.78, Top 5 Acc=99.80
01/12 03:09:54 AM | pruned_50pc_multilayer_inter2_capsnet_model Training - Epoch=30, Iteration=(200/500), Loss=0.0107, Top 1 Acc=98.92, Top 5 Acc=99.80
01/12 03:10:04 AM | pruned_50pc_multilayer_inter2_capsnet_model Training - Epoch=30, Iteration=(300/500), Loss=0.0113, Top 1 Acc=98.87, Top 5 Acc=99.82
01/12 03:10:14 AM | pruned_50pc_multilayer_inter2_capsnet_model Training - Epoch=30, Iteration=(400/500), Loss=0.0123, Top 1 Acc=98.72, Top 5 Acc=99.82
01/12 03:10:28 AM | pruned_50pc_multilayer_inter2_capsnet_model Validation - Loss=0.2339, Top 1 Acc=73.140, Top 5 Acc=91.980
01/12 03:10:28 AM | Epoch 30 complete. Saved Checkpoint: /content/drive/MyDrive/MSc_AI/Course/OCOM5300M-AI_Project/code_repository/results/train/cifar10/Trained_pruned_50pc_multilayer_inter2_capsnet_model_Epoch30_of_30.pt
01/12 03:10:28 AM | pruned_50pc_multilayer_inter2_capsnet_model best accuracy=74.450 saved at: /content/drive/MyDrive/MSc_AI/Course/OCOM5300M-AI_Project/code_repository/results/train/cifar10/Trained_pruned_50pc_multilayer_inter2_capsnet_model_Epoch11_of_30.pt
01/12 03:21:14 AM | pruned_55pc_multilayer_inter2_capsnet_model Training - Epoch=1, Iteration=(0/500), Loss=0.8100, Top 1 Acc=17.00, Top 5 Acc=55.00
01/12 03:21:23 AM | pruned_55pc_multilayer_inter2_capsnet_model Training - Epoch=1, Iteration=(100/500), Loss=0.6030, Top 1 Acc=14.91, Top 5 Acc=58.17
01/12 03:21:33 AM | pruned_55pc_multilayer_inter2_capsnet_model Training - Epoch=1, Iteration=(200/500), Loss=0.5243, Top 1 Acc=23.19, Top 5 Acc=71.29
01/12 03:21:42 AM | pruned_55pc_multilayer_inter2_capsnet_model Training - Epoch=1, Iteration=(300/500), Loss=0.4802, Top 1 Acc=29.20, Top 5 Acc=77.56
01/12 03:21:51 AM | pruned_55pc_multilayer_inter2_capsnet_model Training - Epoch=1, Iteration=(400/500), Loss=0.4502, Top 1 Acc=33.57, Top 5 Acc=81.07
01/12 03:22:05 AM | pruned_55pc_multilayer_inter2_capsnet_model Validation - Loss=0.3254, Top 1 Acc=52.020, Top 5 Acc=93.520
01/12 03:22:05 AM | Epoch 1 complete. Saved Checkpoint: /content/drive/MyDrive/MSc_AI/Course/OCOM5300M-AI_Project/code_repository/results/train/cifar10/Trained_pruned_55pc_multilayer_inter2_capsnet_model_Epoch1_of_30.pt
01/12 03:22:05 AM | pruned_55pc_multilayer_inter2_capsnet_model Training - Epoch=2, Iteration=(0/500), Loss=0.3179, Top 1 Acc=46.00, Top 5 Acc=94.00
01/12 03:22:14 AM | pruned_55pc_multilayer_inter2_capsnet_model Training - Epoch=2, Iteration=(100/500), Loss=0.3110, Top 1 Acc=55.14, Top 5 Acc=93.89
01/12 03:22:23 AM | pruned_55pc_multilayer_inter2_capsnet_model Training - Epoch=2, Iteration=(200/500), Loss=0.3046, Top 1 Acc=55.97, Top 5 Acc=94.32
01/12 03:22:33 AM | pruned_55pc_multilayer_inter2_capsnet_model Training - Epoch=2, Iteration=(300/500), Loss=0.2984, Top 1 Acc=56.95, Top 5 Acc=94.66
01/12 03:22:42 AM | pruned_55pc_multilayer_inter2_capsnet_model Training - Epoch=2, Iteration=(400/500), Loss=0.2945, Top 1 Acc=57.52, Top 5 Acc=94.74
01/12 03:22:55 AM | pruned_55pc_multilayer_inter2_capsnet_model Validation - Loss=0.2703, Top 1 Acc=61.120, Top 5 Acc=95.610
01/12 03:22:55 AM | Epoch 2 complete. Saved Checkpoint: /content/drive/MyDrive/MSc_AI/Course/OCOM5300M-AI_Project/code_repository/results/train/cifar10/Trained_pruned_55pc_multilayer_inter2_capsnet_model_Epoch2_of_30.pt
01/12 03:22:55 AM | pruned_55pc_multilayer_inter2_capsnet_model Training - Epoch=3, Iteration=(0/500), Loss=0.2375, Top 1 Acc=65.00, Top 5 Acc=97.00
01/12 03:23:05 AM | pruned_55pc_multilayer_inter2_capsnet_model Training - Epoch=3, Iteration=(100/500), Loss=0.2480, Top 1 Acc=65.06, Top 5 Acc=96.08
01/12 03:23:15 AM | pruned_55pc_multilayer_inter2_capsnet_model Training - Epoch=1, Iteration=(0/500), Loss=0.2709, Top 1 Acc=64.00, Top 5 Acc=96.00
01/12 03:23:24 AM | pruned_55pc_multilayer_inter2_capsnet_model Training - Epoch=1, Iteration=(100/500), Loss=0.2414, Top 1 Acc=66.50, Top 5 Acc=96.50
01/12 03:23:34 AM | pruned_55pc_multilayer_inter2_capsnet_model Training - Epoch=1, Iteration=(200/500), Loss=0.2369, Top 1 Acc=66.89, Top 5 Acc=96.73
01/12 03:23:43 AM | pruned_55pc_multilayer_inter2_capsnet_model Training - Epoch=1, Iteration=(300/500), Loss=0.2353, Top 1 Acc=67.07, Top 5 Acc=96.74
01/12 03:23:52 AM | pruned_55pc_multilayer_inter2_capsnet_model Training - Epoch=1, Iteration=(400/500), Loss=0.2327, Top 1 Acc=67.38, Top 5 Acc=96.78
01/12 03:24:06 AM | pruned_55pc_multilayer_inter2_capsnet_model Validation - Loss=0.2307, Top 1 Acc=67.010, Top 5 Acc=96.700
01/12 03:24:06 AM | Epoch 1 complete. Saved Checkpoint: /content/drive/MyDrive/MSc_AI/Course/OCOM5300M-AI_Project/code_repository/results/train/cifar10/Trained_pruned_55pc_multilayer_inter2_capsnet_model_Epoch1_of_30.pt
01/12 03:24:06 AM | pruned_55pc_multilayer_inter2_capsnet_model Training - Epoch=2, Iteration=(0/500), Loss=0.2095, Top 1 Acc=71.00, Top 5 Acc=97.00
01/12 03:24:15 AM | pruned_55pc_multilayer_inter2_capsnet_model Training - Epoch=2, Iteration=(100/500), Loss=0.2052, Top 1 Acc=71.66, Top 5 Acc=97.34
01/12 03:24:24 AM | pruned_55pc_multilayer_inter2_capsnet_model Training - Epoch=2, Iteration=(200/500), Loss=0.2062, Top 1 Acc=71.40, Top 5 Acc=97.45
01/12 03:24:34 AM | pruned_55pc_multilayer_inter2_capsnet_model Training - Epoch=2, Iteration=(300/500), Loss=0.2063, Top 1 Acc=71.43, Top 5 Acc=97.44
01/12 03:24:43 AM | pruned_55pc_multilayer_inter2_capsnet_model Training - Epoch=2, Iteration=(400/500), Loss=0.2059, Top 1 Acc=71.37, Top 5 Acc=97.39
01/12 03:24:57 AM | pruned_55pc_multilayer_inter2_capsnet_model Validation - Loss=0.2210, Top 1 Acc=68.720, Top 5 Acc=96.990
01/12 03:24:57 AM | Epoch 2 complete. Saved Checkpoint: /content/drive/MyDrive/MSc_AI/Course/OCOM5300M-AI_Project/code_repository/results/train/cifar10/Trained_pruned_55pc_multilayer_inter2_capsnet_model_Epoch2_of_30.pt
01/12 03:24:57 AM | pruned_55pc_multilayer_inter2_capsnet_model Training - Epoch=3, Iteration=(0/500), Loss=0.1797, Top 1 Acc=77.00, Top 5 Acc=98.00
01/12 03:25:06 AM | pruned_55pc_multilayer_inter2_capsnet_model Training - Epoch=3, Iteration=(100/500), Loss=0.1836, Top 1 Acc=74.99, Top 5 Acc=97.69
01/12 03:25:16 AM | pruned_55pc_multilayer_inter2_capsnet_model Training - Epoch=3, Iteration=(200/500), Loss=0.1859, Top 1 Acc=74.51, Top 5 Acc=97.74
01/12 03:25:25 AM | pruned_55pc_multilayer_inter2_capsnet_model Training - Epoch=3, Iteration=(300/500), Loss=0.1859, Top 1 Acc=74.51, Top 5 Acc=97.69
01/12 03:25:34 AM | pruned_55pc_multilayer_inter2_capsnet_model Training - Epoch=3, Iteration=(400/500), Loss=0.1861, Top 1 Acc=74.54, Top 5 Acc=97.70
01/12 03:25:48 AM | pruned_55pc_multilayer_inter2_capsnet_model Validation - Loss=0.2043, Top 1 Acc=71.300, Top 5 Acc=97.370
01/12 03:25:48 AM | Epoch 3 complete. Saved Checkpoint: /content/drive/MyDrive/MSc_AI/Course/OCOM5300M-AI_Project/code_repository/results/train/cifar10/Trained_pruned_55pc_multilayer_inter2_capsnet_model_Epoch3_of_30.pt
01/12 03:25:48 AM | pruned_55pc_multilayer_inter2_capsnet_model Training - Epoch=4, Iteration=(0/500), Loss=0.1727, Top 1 Acc=78.00, Top 5 Acc=99.00
01/12 03:25:57 AM | pruned_55pc_multilayer_inter2_capsnet_model Training - Epoch=4, Iteration=(100/500), Loss=0.1624, Top 1 Acc=78.35, Top 5 Acc=98.01
01/12 03:26:07 AM | pruned_55pc_multilayer_inter2_capsnet_model Training - Epoch=4, Iteration=(200/500), Loss=0.1652, Top 1 Acc=77.76, Top 5 Acc=98.16
01/12 03:26:16 AM | pruned_55pc_multilayer_inter2_capsnet_model Training - Epoch=4, Iteration=(300/500), Loss=0.1656, Top 1 Acc=77.55, Top 5 Acc=98.14
01/12 03:26:25 AM | pruned_55pc_multilayer_inter2_capsnet_model Training - Epoch=4, Iteration=(400/500), Loss=0.1652, Top 1 Acc=77.59, Top 5 Acc=98.13
01/12 03:26:39 AM | pruned_55pc_multilayer_inter2_capsnet_model Validation - Loss=0.1968, Top 1 Acc=72.730, Top 5 Acc=97.340
01/12 03:26:39 AM | Epoch 4 complete. Saved Checkpoint: /content/drive/MyDrive/MSc_AI/Course/OCOM5300M-AI_Project/code_repository/results/train/cifar10/Trained_pruned_55pc_multilayer_inter2_capsnet_model_Epoch4_of_30.pt
01/12 03:26:39 AM | pruned_55pc_multilayer_inter2_capsnet_model Training - Epoch=5, Iteration=(0/500), Loss=0.1447, Top 1 Acc=82.00, Top 5 Acc=98.00
01/12 03:26:48 AM | pruned_55pc_multilayer_inter2_capsnet_model Training - Epoch=5, Iteration=(100/500), Loss=0.1497, Top 1 Acc=80.17, Top 5 Acc=98.25
01/12 03:26:57 AM | pruned_55pc_multilayer_inter2_capsnet_model Training - Epoch=5, Iteration=(200/500), Loss=0.1492, Top 1 Acc=80.14, Top 5 Acc=98.24
01/12 03:27:07 AM | pruned_55pc_multilayer_inter2_capsnet_model Training - Epoch=5, Iteration=(300/500), Loss=0.1497, Top 1 Acc=80.03, Top 5 Acc=98.22
01/12 03:27:16 AM | pruned_55pc_multilayer_inter2_capsnet_model Training - Epoch=5, Iteration=(400/500), Loss=0.1501, Top 1 Acc=79.95, Top 5 Acc=98.25
01/12 03:27:30 AM | pruned_55pc_multilayer_inter2_capsnet_model Validation - Loss=0.1917, Top 1 Acc=73.060, Top 5 Acc=97.340
01/12 03:27:30 AM | Epoch 5 complete. Saved Checkpoint: /content/drive/MyDrive/MSc_AI/Course/OCOM5300M-AI_Project/code_repository/results/train/cifar10/Trained_pruned_55pc_multilayer_inter2_capsnet_model_Epoch5_of_30.pt
01/12 03:27:30 AM | pruned_55pc_multilayer_inter2_capsnet_model Training - Epoch=6, Iteration=(0/500), Loss=0.1692, Top 1 Acc=77.00, Top 5 Acc=100.00
01/12 03:27:39 AM | pruned_55pc_multilayer_inter2_capsnet_model Training - Epoch=6, Iteration=(100/500), Loss=0.1247, Top 1 Acc=84.20, Top 5 Acc=98.61
01/12 03:27:48 AM | pruned_55pc_multilayer_inter2_capsnet_model Training - Epoch=6, Iteration=(200/500), Loss=0.1292, Top 1 Acc=83.46, Top 5 Acc=98.50
01/12 03:27:58 AM | pruned_55pc_multilayer_inter2_capsnet_model Training - Epoch=6, Iteration=(300/500), Loss=0.1313, Top 1 Acc=83.06, Top 5 Acc=98.55
01/12 03:28:07 AM | pruned_55pc_multilayer_inter2_capsnet_model Training - Epoch=6, Iteration=(400/500), Loss=0.1330, Top 1 Acc=82.73, Top 5 Acc=98.52
01/12 03:28:21 AM | pruned_55pc_multilayer_inter2_capsnet_model Validation - Loss=0.1908, Top 1 Acc=74.080, Top 5 Acc=97.630
01/12 03:28:21 AM | Epoch 6 complete. Saved Checkpoint: /content/drive/MyDrive/MSc_AI/Course/OCOM5300M-AI_Project/code_repository/results/train/cifar10/Trained_pruned_55pc_multilayer_inter2_capsnet_model_Epoch6_of_30.pt
01/12 03:28:21 AM | pruned_55pc_multilayer_inter2_capsnet_model Training - Epoch=7, Iteration=(0/500), Loss=0.1193, Top 1 Acc=81.00, Top 5 Acc=100.00
01/12 03:28:30 AM | pruned_55pc_multilayer_inter2_capsnet_model Training - Epoch=7, Iteration=(100/500), Loss=0.1169, Top 1 Acc=85.02, Top 5 Acc=98.70
01/12 03:28:40 AM | pruned_55pc_multilayer_inter2_capsnet_model Training - Epoch=7, Iteration=(200/500), Loss=0.1162, Top 1 Acc=85.30, Top 5 Acc=98.70
01/12 03:28:49 AM | pruned_55pc_multilayer_inter2_capsnet_model Training - Epoch=7, Iteration=(300/500), Loss=0.1173, Top 1 Acc=85.10, Top 5 Acc=98.67
01/12 03:28:59 AM | pruned_55pc_multilayer_inter2_capsnet_model Training - Epoch=7, Iteration=(400/500), Loss=0.1191, Top 1 Acc=84.75, Top 5 Acc=98.62
01/12 03:29:12 AM | pruned_55pc_multilayer_inter2_capsnet_model Validation - Loss=0.1927, Top 1 Acc=73.640, Top 5 Acc=97.260
01/12 03:29:12 AM | Epoch 7 complete. Saved Checkpoint: /content/drive/MyDrive/MSc_AI/Course/OCOM5300M-AI_Project/code_repository/results/train/cifar10/Trained_pruned_55pc_multilayer_inter2_capsnet_model_Epoch7_of_30.pt
01/12 03:29:12 AM | pruned_55pc_multilayer_inter2_capsnet_model Training - Epoch=8, Iteration=(0/500), Loss=0.0805, Top 1 Acc=91.00, Top 5 Acc=98.00
01/12 03:29:22 AM | pruned_55pc_multilayer_inter2_capsnet_model Training - Epoch=8, Iteration=(100/500), Loss=0.0986, Top 1 Acc=87.87, Top 5 Acc=98.82
01/12 03:29:31 AM | pruned_55pc_multilayer_inter2_capsnet_model Training - Epoch=8, Iteration=(200/500), Loss=0.1001, Top 1 Acc=87.70, Top 5 Acc=98.75
01/12 03:29:41 AM | pruned_55pc_multilayer_inter2_capsnet_model Training - Epoch=8, Iteration=(300/500), Loss=0.1023, Top 1 Acc=87.36, Top 5 Acc=98.79
01/12 03:29:50 AM | pruned_55pc_multilayer_inter2_capsnet_model Training - Epoch=8, Iteration=(400/500), Loss=0.1037, Top 1 Acc=87.10, Top 5 Acc=98.74
01/12 03:30:04 AM | pruned_55pc_multilayer_inter2_capsnet_model Validation - Loss=0.1947, Top 1 Acc=73.810, Top 5 Acc=97.070
01/12 03:30:04 AM | Epoch 8 complete. Saved Checkpoint: /content/drive/MyDrive/MSc_AI/Course/OCOM5300M-AI_Project/code_repository/results/train/cifar10/Trained_pruned_55pc_multilayer_inter2_capsnet_model_Epoch8_of_30.pt
01/12 03:30:04 AM | pruned_55pc_multilayer_inter2_capsnet_model Training - Epoch=9, Iteration=(0/500), Loss=0.0845, Top 1 Acc=90.00, Top 5 Acc=100.00
01/12 03:30:13 AM | pruned_55pc_multilayer_inter2_capsnet_model Training - Epoch=9, Iteration=(100/500), Loss=0.0880, Top 1 Acc=89.50, Top 5 Acc=98.94
01/12 03:30:23 AM | pruned_55pc_multilayer_inter2_capsnet_model Training - Epoch=9, Iteration=(200/500), Loss=0.0891, Top 1 Acc=89.46, Top 5 Acc=98.91
01/12 03:30:32 AM | pruned_55pc_multilayer_inter2_capsnet_model Training - Epoch=9, Iteration=(300/500), Loss=0.0893, Top 1 Acc=89.49, Top 5 Acc=98.91
01/12 03:30:41 AM | pruned_55pc_multilayer_inter2_capsnet_model Training - Epoch=9, Iteration=(400/500), Loss=0.0902, Top 1 Acc=89.26, Top 5 Acc=98.92
01/12 03:30:55 AM | pruned_55pc_multilayer_inter2_capsnet_model Validation - Loss=0.1924, Top 1 Acc=74.380, Top 5 Acc=96.740
01/12 03:30:55 AM | Epoch 9 complete. Saved Checkpoint: /content/drive/MyDrive/MSc_AI/Course/OCOM5300M-AI_Project/code_repository/results/train/cifar10/Trained_pruned_55pc_multilayer_inter2_capsnet_model_Epoch9_of_30.pt
01/12 03:30:55 AM | pruned_55pc_multilayer_inter2_capsnet_model Training - Epoch=10, Iteration=(0/500), Loss=0.0708, Top 1 Acc=90.00, Top 5 Acc=99.00
01/12 03:31:05 AM | pruned_55pc_multilayer_inter2_capsnet_model Training - Epoch=10, Iteration=(100/500), Loss=0.0708, Top 1 Acc=92.15, Top 5 Acc=99.14
01/12 03:31:14 AM | pruned_55pc_multilayer_inter2_capsnet_model Training - Epoch=10, Iteration=(200/500), Loss=0.0746, Top 1 Acc=91.55, Top 5 Acc=99.15
01/12 03:31:24 AM | pruned_55pc_multilayer_inter2_capsnet_model Training - Epoch=10, Iteration=(300/500), Loss=0.0782, Top 1 Acc=90.98, Top 5 Acc=99.03
01/12 03:31:33 AM | pruned_55pc_multilayer_inter2_capsnet_model Training - Epoch=10, Iteration=(400/500), Loss=0.0793, Top 1 Acc=90.85, Top 5 Acc=99.03
01/12 03:31:47 AM | pruned_55pc_multilayer_inter2_capsnet_model Validation - Loss=0.1929, Top 1 Acc=74.510, Top 5 Acc=96.440
01/12 03:31:47 AM | Epoch 10 complete. Saved Checkpoint: /content/drive/MyDrive/MSc_AI/Course/OCOM5300M-AI_Project/code_repository/results/train/cifar10/Trained_pruned_55pc_multilayer_inter2_capsnet_model_Epoch10_of_30.pt
01/12 03:31:47 AM | pruned_55pc_multilayer_inter2_capsnet_model Training - Epoch=11, Iteration=(0/500), Loss=0.0401, Top 1 Acc=98.00, Top 5 Acc=100.00
01/12 03:31:56 AM | pruned_55pc_multilayer_inter2_capsnet_model Training - Epoch=11, Iteration=(100/500), Loss=0.0598, Top 1 Acc=93.50, Top 5 Acc=99.00
01/12 03:32:05 AM | pruned_55pc_multilayer_inter2_capsnet_model Training - Epoch=11, Iteration=(200/500), Loss=0.0622, Top 1 Acc=93.27, Top 5 Acc=99.11
01/12 03:32:15 AM | pruned_55pc_multilayer_inter2_capsnet_model Training - Epoch=11, Iteration=(300/500), Loss=0.0631, Top 1 Acc=93.12, Top 5 Acc=99.15
01/12 03:32:24 AM | pruned_55pc_multilayer_inter2_capsnet_model Training - Epoch=11, Iteration=(400/500), Loss=0.0651, Top 1 Acc=92.80, Top 5 Acc=99.13
01/12 03:32:38 AM | pruned_55pc_multilayer_inter2_capsnet_model Validation - Loss=0.2039, Top 1 Acc=73.640, Top 5 Acc=96.000
01/12 03:32:38 AM | Epoch 11 complete. Saved Checkpoint: /content/drive/MyDrive/MSc_AI/Course/OCOM5300M-AI_Project/code_repository/results/train/cifar10/Trained_pruned_55pc_multilayer_inter2_capsnet_model_Epoch11_of_30.pt
01/12 03:32:38 AM | pruned_55pc_multilayer_inter2_capsnet_model Training - Epoch=12, Iteration=(0/500), Loss=0.0733, Top 1 Acc=90.00, Top 5 Acc=99.00
01/12 03:32:48 AM | pruned_55pc_multilayer_inter2_capsnet_model Training - Epoch=12, Iteration=(100/500), Loss=0.0533, Top 1 Acc=94.55, Top 5 Acc=99.21
01/12 03:32:57 AM | pruned_55pc_multilayer_inter2_capsnet_model Training - Epoch=12, Iteration=(200/500), Loss=0.0527, Top 1 Acc=94.51, Top 5 Acc=99.12
01/12 03:33:06 AM | pruned_55pc_multilayer_inter2_capsnet_model Training - Epoch=12, Iteration=(300/500), Loss=0.0545, Top 1 Acc=94.23, Top 5 Acc=99.16
01/12 03:33:16 AM | pruned_55pc_multilayer_inter2_capsnet_model Training - Epoch=12, Iteration=(400/500), Loss=0.0564, Top 1 Acc=93.88, Top 5 Acc=99.18
01/12 03:33:29 AM | pruned_55pc_multilayer_inter2_capsnet_model Validation - Loss=0.2013, Top 1 Acc=74.330, Top 5 Acc=95.860
01/12 03:33:29 AM | Epoch 12 complete. Saved Checkpoint: /content/drive/MyDrive/MSc_AI/Course/OCOM5300M-AI_Project/code_repository/results/train/cifar10/Trained_pruned_55pc_multilayer_inter2_capsnet_model_Epoch12_of_30.pt
01/12 03:33:29 AM | pruned_55pc_multilayer_inter2_capsnet_model Training - Epoch=13, Iteration=(0/500), Loss=0.0413, Top 1 Acc=96.00, Top 5 Acc=99.00
01/12 03:33:39 AM | pruned_55pc_multilayer_inter2_capsnet_model Training - Epoch=13, Iteration=(100/500), Loss=0.0397, Top 1 Acc=96.17, Top 5 Acc=99.33
01/12 03:33:48 AM | pruned_55pc_multilayer_inter2_capsnet_model Training - Epoch=13, Iteration=(200/500), Loss=0.0425, Top 1 Acc=95.81, Top 5 Acc=99.26
01/12 03:33:57 AM | pruned_55pc_multilayer_inter2_capsnet_model Training - Epoch=13, Iteration=(300/500), Loss=0.0452, Top 1 Acc=95.44, Top 5 Acc=99.28
01/12 03:34:07 AM | pruned_55pc_multilayer_inter2_capsnet_model Training - Epoch=13, Iteration=(400/500), Loss=0.0474, Top 1 Acc=95.15, Top 5 Acc=99.25
01/12 03:34:20 AM | pruned_55pc_multilayer_inter2_capsnet_model Validation - Loss=0.2122, Top 1 Acc=73.060, Top 5 Acc=94.990
01/12 03:34:20 AM | Epoch 13 complete. Saved Checkpoint: /content/drive/MyDrive/MSc_AI/Course/OCOM5300M-AI_Project/code_repository/results/train/cifar10/Trained_pruned_55pc_multilayer_inter2_capsnet_model_Epoch13_of_30.pt
01/12 03:34:20 AM | pruned_55pc_multilayer_inter2_capsnet_model Training - Epoch=14, Iteration=(0/500), Loss=0.0295, Top 1 Acc=99.00, Top 5 Acc=100.00
01/12 03:34:30 AM | pruned_55pc_multilayer_inter2_capsnet_model Training - Epoch=14, Iteration=(100/500), Loss=0.0367, Top 1 Acc=96.33, Top 5 Acc=99.50
01/12 03:34:39 AM | pruned_55pc_multilayer_inter2_capsnet_model Training - Epoch=14, Iteration=(200/500), Loss=0.0379, Top 1 Acc=96.17, Top 5 Acc=99.41
01/12 03:34:48 AM | pruned_55pc_multilayer_inter2_capsnet_model Training - Epoch=14, Iteration=(300/500), Loss=0.0396, Top 1 Acc=95.89, Top 5 Acc=99.37
01/12 03:34:58 AM | pruned_55pc_multilayer_inter2_capsnet_model Training - Epoch=14, Iteration=(400/500), Loss=0.0408, Top 1 Acc=95.77, Top 5 Acc=99.37
01/12 03:35:11 AM | pruned_55pc_multilayer_inter2_capsnet_model Validation - Loss=0.2122, Top 1 Acc=73.790, Top 5 Acc=94.840
01/12 03:35:11 AM | Epoch 14 complete. Saved Checkpoint: /content/drive/MyDrive/MSc_AI/Course/OCOM5300M-AI_Project/code_repository/results/train/cifar10/Trained_pruned_55pc_multilayer_inter2_capsnet_model_Epoch14_of_30.pt
01/12 03:35:11 AM | pruned_55pc_multilayer_inter2_capsnet_model Training - Epoch=15, Iteration=(0/500), Loss=0.0329, Top 1 Acc=97.00, Top 5 Acc=100.00
01/12 03:35:21 AM | pruned_55pc_multilayer_inter2_capsnet_model Training - Epoch=15, Iteration=(100/500), Loss=0.0337, Top 1 Acc=96.73, Top 5 Acc=99.46
01/12 03:35:30 AM | pruned_55pc_multilayer_inter2_capsnet_model Training - Epoch=15, Iteration=(200/500), Loss=0.0332, Top 1 Acc=96.86, Top 5 Acc=99.47
01/12 03:35:39 AM | pruned_55pc_multilayer_inter2_capsnet_model Training - Epoch=15, Iteration=(300/500), Loss=0.0338, Top 1 Acc=96.80, Top 5 Acc=99.46
01/12 03:35:49 AM | pruned_55pc_multilayer_inter2_capsnet_model Training - Epoch=15, Iteration=(400/500), Loss=0.0354, Top 1 Acc=96.60, Top 5 Acc=99.43
01/12 03:36:02 AM | pruned_55pc_multilayer_inter2_capsnet_model Validation - Loss=0.2168, Top 1 Acc=73.790, Top 5 Acc=94.120
01/12 03:36:02 AM | Epoch 15 complete. Saved Checkpoint: /content/drive/MyDrive/MSc_AI/Course/OCOM5300M-AI_Project/code_repository/results/train/cifar10/Trained_pruned_55pc_multilayer_inter2_capsnet_model_Epoch15_of_30.pt
01/12 03:36:03 AM | pruned_55pc_multilayer_inter2_capsnet_model Training - Epoch=16, Iteration=(0/500), Loss=0.0235, Top 1 Acc=98.00, Top 5 Acc=100.00
01/12 03:36:12 AM | pruned_55pc_multilayer_inter2_capsnet_model Training - Epoch=16, Iteration=(100/500), Loss=0.0298, Top 1 Acc=97.22, Top 5 Acc=99.39
01/12 03:36:21 AM | pruned_55pc_multilayer_inter2_capsnet_model Training - Epoch=16, Iteration=(200/500), Loss=0.0291, Top 1 Acc=97.31, Top 5 Acc=99.47
01/12 03:36:30 AM | pruned_55pc_multilayer_inter2_capsnet_model Training - Epoch=16, Iteration=(300/500), Loss=0.0304, Top 1 Acc=97.14, Top 5 Acc=99.45
01/12 03:36:40 AM | pruned_55pc_multilayer_inter2_capsnet_model Training - Epoch=16, Iteration=(400/500), Loss=0.0314, Top 1 Acc=96.97, Top 5 Acc=99.47
01/12 03:36:53 AM | pruned_55pc_multilayer_inter2_capsnet_model Validation - Loss=0.2199, Top 1 Acc=73.170, Top 5 Acc=94.090
01/12 03:36:54 AM | Epoch 16 complete. Saved Checkpoint: /content/drive/MyDrive/MSc_AI/Course/OCOM5300M-AI_Project/code_repository/results/train/cifar10/Trained_pruned_55pc_multilayer_inter2_capsnet_model_Epoch16_of_30.pt
01/12 03:36:54 AM | pruned_55pc_multilayer_inter2_capsnet_model Training - Epoch=17, Iteration=(0/500), Loss=0.0233, Top 1 Acc=98.00, Top 5 Acc=100.00
01/12 03:37:03 AM | pruned_55pc_multilayer_inter2_capsnet_model Training - Epoch=17, Iteration=(100/500), Loss=0.0254, Top 1 Acc=97.72, Top 5 Acc=99.46
01/12 03:37:12 AM | pruned_55pc_multilayer_inter2_capsnet_model Training - Epoch=17, Iteration=(200/500), Loss=0.0261, Top 1 Acc=97.64, Top 5 Acc=99.46
01/12 03:37:22 AM | pruned_55pc_multilayer_inter2_capsnet_model Training - Epoch=17, Iteration=(300/500), Loss=0.0269, Top 1 Acc=97.56, Top 5 Acc=99.47
01/12 03:37:31 AM | pruned_55pc_multilayer_inter2_capsnet_model Training - Epoch=17, Iteration=(400/500), Loss=0.0279, Top 1 Acc=97.43, Top 5 Acc=99.49
01/12 03:37:44 AM | pruned_55pc_multilayer_inter2_capsnet_model Validation - Loss=0.2180, Top 1 Acc=73.840, Top 5 Acc=93.030
01/12 03:37:44 AM | Epoch 17 complete. Saved Checkpoint: /content/drive/MyDrive/MSc_AI/Course/OCOM5300M-AI_Project/code_repository/results/train/cifar10/Trained_pruned_55pc_multilayer_inter2_capsnet_model_Epoch17_of_30.pt
01/12 03:37:45 AM | pruned_55pc_multilayer_inter2_capsnet_model Training - Epoch=18, Iteration=(0/500), Loss=0.0095, Top 1 Acc=100.00, Top 5 Acc=100.00
01/12 03:37:54 AM | pruned_55pc_multilayer_inter2_capsnet_model Training - Epoch=18, Iteration=(100/500), Loss=0.0236, Top 1 Acc=97.90, Top 5 Acc=99.61
01/12 03:38:03 AM | pruned_55pc_multilayer_inter2_capsnet_model Training - Epoch=18, Iteration=(200/500), Loss=0.0248, Top 1 Acc=97.75, Top 5 Acc=99.51
01/12 03:38:12 AM | pruned_55pc_multilayer_inter2_capsnet_model Training - Epoch=18, Iteration=(300/500), Loss=0.0254, Top 1 Acc=97.68, Top 5 Acc=99.52
01/12 03:38:22 AM | pruned_55pc_multilayer_inter2_capsnet_model Training - Epoch=18, Iteration=(400/500), Loss=0.0261, Top 1 Acc=97.57, Top 5 Acc=99.51
01/12 03:38:35 AM | pruned_55pc_multilayer_inter2_capsnet_model Validation - Loss=0.2198, Top 1 Acc=73.860, Top 5 Acc=93.710
01/12 03:38:35 AM | Epoch 18 complete. Saved Checkpoint: /content/drive/MyDrive/MSc_AI/Course/OCOM5300M-AI_Project/code_repository/results/train/cifar10/Trained_pruned_55pc_multilayer_inter2_capsnet_model_Epoch18_of_30.pt
01/12 03:38:35 AM | pruned_55pc_multilayer_inter2_capsnet_model Training - Epoch=19, Iteration=(0/500), Loss=0.0374, Top 1 Acc=96.00, Top 5 Acc=98.00
01/12 03:38:45 AM | pruned_55pc_multilayer_inter2_capsnet_model Training - Epoch=19, Iteration=(100/500), Loss=0.0239, Top 1 Acc=97.82, Top 5 Acc=99.47
01/12 03:38:54 AM | pruned_55pc_multilayer_inter2_capsnet_model Training - Epoch=19, Iteration=(200/500), Loss=0.0249, Top 1 Acc=97.71, Top 5 Acc=99.52
01/12 03:39:03 AM | pruned_55pc_multilayer_inter2_capsnet_model Training - Epoch=19, Iteration=(300/500), Loss=0.0254, Top 1 Acc=97.68, Top 5 Acc=99.52
01/12 03:39:13 AM | pruned_55pc_multilayer_inter2_capsnet_model Training - Epoch=19, Iteration=(400/500), Loss=0.0252, Top 1 Acc=97.69, Top 5 Acc=99.53
01/12 03:39:26 AM | pruned_55pc_multilayer_inter2_capsnet_model Validation - Loss=0.2201, Top 1 Acc=74.040, Top 5 Acc=92.790
01/12 03:39:26 AM | Epoch 19 complete. Saved Checkpoint: /content/drive/MyDrive/MSc_AI/Course/OCOM5300M-AI_Project/code_repository/results/train/cifar10/Trained_pruned_55pc_multilayer_inter2_capsnet_model_Epoch19_of_30.pt
01/12 03:39:26 AM | pruned_55pc_multilayer_inter2_capsnet_model Training - Epoch=20, Iteration=(0/500), Loss=0.0108, Top 1 Acc=98.00, Top 5 Acc=100.00
01/12 03:39:36 AM | pruned_55pc_multilayer_inter2_capsnet_model Training - Epoch=20, Iteration=(100/500), Loss=0.0185, Top 1 Acc=98.34, Top 5 Acc=99.56
01/12 03:39:45 AM | pruned_55pc_multilayer_inter2_capsnet_model Training - Epoch=20, Iteration=(200/500), Loss=0.0187, Top 1 Acc=98.36, Top 5 Acc=99.60
01/12 03:39:54 AM | pruned_55pc_multilayer_inter2_capsnet_model Training - Epoch=20, Iteration=(300/500), Loss=0.0192, Top 1 Acc=98.31, Top 5 Acc=99.60
01/12 03:40:04 AM | pruned_55pc_multilayer_inter2_capsnet_model Training - Epoch=20, Iteration=(400/500), Loss=0.0210, Top 1 Acc=98.07, Top 5 Acc=99.60
01/12 03:40:17 AM | pruned_55pc_multilayer_inter2_capsnet_model Validation - Loss=0.2231, Top 1 Acc=73.450, Top 5 Acc=92.640
01/12 03:40:17 AM | Epoch 20 complete. Saved Checkpoint: /content/drive/MyDrive/MSc_AI/Course/OCOM5300M-AI_Project/code_repository/results/train/cifar10/Trained_pruned_55pc_multilayer_inter2_capsnet_model_Epoch20_of_30.pt
01/12 03:40:17 AM | pruned_55pc_multilayer_inter2_capsnet_model Training - Epoch=21, Iteration=(0/500), Loss=0.0087, Top 1 Acc=100.00, Top 5 Acc=100.00
01/12 03:40:27 AM | pruned_55pc_multilayer_inter2_capsnet_model Training - Epoch=21, Iteration=(100/500), Loss=0.0219, Top 1 Acc=97.96, Top 5 Acc=99.61
01/12 03:40:36 AM | pruned_55pc_multilayer_inter2_capsnet_model Training - Epoch=21, Iteration=(200/500), Loss=0.0234, Top 1 Acc=97.72, Top 5 Acc=99.62
01/12 03:40:45 AM | pruned_55pc_multilayer_inter2_capsnet_model Training - Epoch=21, Iteration=(300/500), Loss=0.0237, Top 1 Acc=97.76, Top 5 Acc=99.61
01/12 03:40:54 AM | pruned_55pc_multilayer_inter2_capsnet_model Training - Epoch=21, Iteration=(400/500), Loss=0.0234, Top 1 Acc=97.76, Top 5 Acc=99.61
01/12 03:41:08 AM | pruned_55pc_multilayer_inter2_capsnet_model Validation - Loss=0.2190, Top 1 Acc=74.400, Top 5 Acc=92.860
01/12 03:41:08 AM | Epoch 21 complete. Saved Checkpoint: /content/drive/MyDrive/MSc_AI/Course/OCOM5300M-AI_Project/code_repository/results/train/cifar10/Trained_pruned_55pc_multilayer_inter2_capsnet_model_Epoch21_of_30.pt
01/12 03:41:08 AM | pruned_55pc_multilayer_inter2_capsnet_model Training - Epoch=22, Iteration=(0/500), Loss=0.0118, Top 1 Acc=99.00, Top 5 Acc=100.00
01/12 03:41:18 AM | pruned_55pc_multilayer_inter2_capsnet_model Training - Epoch=22, Iteration=(100/500), Loss=0.0150, Top 1 Acc=98.74, Top 5 Acc=99.75
01/12 03:41:27 AM | pruned_55pc_multilayer_inter2_capsnet_model Training - Epoch=22, Iteration=(200/500), Loss=0.0164, Top 1 Acc=98.57, Top 5 Acc=99.73
01/12 03:41:36 AM | pruned_55pc_multilayer_inter2_capsnet_model Training - Epoch=22, Iteration=(300/500), Loss=0.0163, Top 1 Acc=98.60, Top 5 Acc=99.72
01/12 03:41:45 AM | pruned_55pc_multilayer_inter2_capsnet_model Training - Epoch=22, Iteration=(400/500), Loss=0.0175, Top 1 Acc=98.46, Top 5 Acc=99.71
01/12 03:41:59 AM | pruned_55pc_multilayer_inter2_capsnet_model Validation - Loss=0.2252, Top 1 Acc=73.560, Top 5 Acc=91.630
01/12 03:41:59 AM | Epoch 22 complete. Saved Checkpoint: /content/drive/MyDrive/MSc_AI/Course/OCOM5300M-AI_Project/code_repository/results/train/cifar10/Trained_pruned_55pc_multilayer_inter2_capsnet_model_Epoch22_of_30.pt
01/12 03:41:59 AM | pruned_55pc_multilayer_inter2_capsnet_model Training - Epoch=23, Iteration=(0/500), Loss=0.0170, Top 1 Acc=98.00, Top 5 Acc=100.00
01/12 03:42:08 AM | pruned_55pc_multilayer_inter2_capsnet_model Training - Epoch=23, Iteration=(100/500), Loss=0.0153, Top 1 Acc=98.61, Top 5 Acc=99.76
01/12 03:42:18 AM | pruned_55pc_multilayer_inter2_capsnet_model Training - Epoch=23, Iteration=(200/500), Loss=0.0162, Top 1 Acc=98.55, Top 5 Acc=99.72
01/12 03:42:27 AM | pruned_55pc_multilayer_inter2_capsnet_model Training - Epoch=23, Iteration=(300/500), Loss=0.0169, Top 1 Acc=98.50, Top 5 Acc=99.69
01/12 03:42:36 AM | pruned_55pc_multilayer_inter2_capsnet_model Training - Epoch=23, Iteration=(400/500), Loss=0.0178, Top 1 Acc=98.35, Top 5 Acc=99.68
01/12 03:42:50 AM | pruned_55pc_multilayer_inter2_capsnet_model Validation - Loss=0.2268, Top 1 Acc=73.820, Top 5 Acc=91.460
01/12 03:42:50 AM | Epoch 23 complete. Saved Checkpoint: /content/drive/MyDrive/MSc_AI/Course/OCOM5300M-AI_Project/code_repository/results/train/cifar10/Trained_pruned_55pc_multilayer_inter2_capsnet_model_Epoch23_of_30.pt
01/12 03:42:50 AM | pruned_55pc_multilayer_inter2_capsnet_model Training - Epoch=24, Iteration=(0/500), Loss=0.0194, Top 1 Acc=99.00, Top 5 Acc=100.00
01/12 03:42:59 AM | pruned_55pc_multilayer_inter2_capsnet_model Training - Epoch=24, Iteration=(100/500), Loss=0.0176, Top 1 Acc=98.34, Top 5 Acc=99.74
01/12 03:43:09 AM | pruned_55pc_multilayer_inter2_capsnet_model Training - Epoch=24, Iteration=(200/500), Loss=0.0175, Top 1 Acc=98.37, Top 5 Acc=99.76
01/12 03:43:18 AM | pruned_55pc_multilayer_inter2_capsnet_model Training - Epoch=24, Iteration=(300/500), Loss=0.0173, Top 1 Acc=98.44, Top 5 Acc=99.76
01/12 03:43:27 AM | pruned_55pc_multilayer_inter2_capsnet_model Training - Epoch=24, Iteration=(400/500), Loss=0.0184, Top 1 Acc=98.29, Top 5 Acc=99.74
01/12 03:43:41 AM | pruned_55pc_multilayer_inter2_capsnet_model Validation - Loss=0.2213, Top 1 Acc=74.310, Top 5 Acc=91.840
01/12 03:43:41 AM | Epoch 24 complete. Saved Checkpoint: /content/drive/MyDrive/MSc_AI/Course/OCOM5300M-AI_Project/code_repository/results/train/cifar10/Trained_pruned_55pc_multilayer_inter2_capsnet_model_Epoch24_of_30.pt
01/12 03:43:41 AM | pruned_55pc_multilayer_inter2_capsnet_model Training - Epoch=25, Iteration=(0/500), Loss=0.0083, Top 1 Acc=100.00, Top 5 Acc=100.00
01/12 03:43:50 AM | pruned_55pc_multilayer_inter2_capsnet_model Training - Epoch=25, Iteration=(100/500), Loss=0.0143, Top 1 Acc=98.64, Top 5 Acc=99.80
01/12 03:44:00 AM | pruned_55pc_multilayer_inter2_capsnet_model Training - Epoch=25, Iteration=(200/500), Loss=0.0154, Top 1 Acc=98.49, Top 5 Acc=99.77
01/12 03:44:09 AM | pruned_55pc_multilayer_inter2_capsnet_model Training - Epoch=25, Iteration=(300/500), Loss=0.0158, Top 1 Acc=98.49, Top 5 Acc=99.77
01/12 03:44:18 AM | pruned_55pc_multilayer_inter2_capsnet_model Training - Epoch=25, Iteration=(400/500), Loss=0.0166, Top 1 Acc=98.39, Top 5 Acc=99.76
01/12 03:44:32 AM | pruned_55pc_multilayer_inter2_capsnet_model Validation - Loss=0.2262, Top 1 Acc=73.590, Top 5 Acc=91.930
01/12 03:44:32 AM | Epoch 25 complete. Saved Checkpoint: /content/drive/MyDrive/MSc_AI/Course/OCOM5300M-AI_Project/code_repository/results/train/cifar10/Trained_pruned_55pc_multilayer_inter2_capsnet_model_Epoch25_of_30.pt
01/12 03:44:32 AM | pruned_55pc_multilayer_inter2_capsnet_model Training - Epoch=26, Iteration=(0/500), Loss=0.0093, Top 1 Acc=100.00, Top 5 Acc=100.00
01/12 03:44:41 AM | pruned_55pc_multilayer_inter2_capsnet_model Training - Epoch=26, Iteration=(100/500), Loss=0.0144, Top 1 Acc=98.59, Top 5 Acc=99.79
01/12 03:44:51 AM | pruned_55pc_multilayer_inter2_capsnet_model Training - Epoch=26, Iteration=(200/500), Loss=0.0147, Top 1 Acc=98.59, Top 5 Acc=99.82
01/12 03:45:00 AM | pruned_55pc_multilayer_inter2_capsnet_model Training - Epoch=26, Iteration=(300/500), Loss=0.0157, Top 1 Acc=98.49, Top 5 Acc=99.79
01/12 03:45:09 AM | pruned_55pc_multilayer_inter2_capsnet_model Training - Epoch=26, Iteration=(400/500), Loss=0.0163, Top 1 Acc=98.43, Top 5 Acc=99.77
01/12 03:45:23 AM | pruned_55pc_multilayer_inter2_capsnet_model Validation - Loss=0.2345, Top 1 Acc=73.040, Top 5 Acc=90.840
01/12 03:45:23 AM | Epoch 26 complete. Saved Checkpoint: /content/drive/MyDrive/MSc_AI/Course/OCOM5300M-AI_Project/code_repository/results/train/cifar10/Trained_pruned_55pc_multilayer_inter2_capsnet_model_Epoch26_of_30.pt
01/12 03:45:23 AM | pruned_55pc_multilayer_inter2_capsnet_model Training - Epoch=27, Iteration=(0/500), Loss=0.0133, Top 1 Acc=100.00, Top 5 Acc=100.00
01/12 03:45:33 AM | pruned_55pc_multilayer_inter2_capsnet_model Training - Epoch=27, Iteration=(100/500), Loss=0.0146, Top 1 Acc=98.59, Top 5 Acc=99.78
01/12 03:45:42 AM | pruned_55pc_multilayer_inter2_capsnet_model Training - Epoch=27, Iteration=(200/500), Loss=0.0145, Top 1 Acc=98.67, Top 5 Acc=99.79
01/12 03:45:51 AM | pruned_55pc_multilayer_inter2_capsnet_model Training - Epoch=27, Iteration=(300/500), Loss=0.0142, Top 1 Acc=98.72, Top 5 Acc=99.80
01/12 03:46:00 AM | pruned_55pc_multilayer_inter2_capsnet_model Training - Epoch=27, Iteration=(400/500), Loss=0.0146, Top 1 Acc=98.67, Top 5 Acc=99.78
01/12 03:46:14 AM | pruned_55pc_multilayer_inter2_capsnet_model Validation - Loss=0.2342, Top 1 Acc=73.320, Top 5 Acc=91.590
01/12 03:46:14 AM | Epoch 27 complete. Saved Checkpoint: /content/drive/MyDrive/MSc_AI/Course/OCOM5300M-AI_Project/code_repository/results/train/cifar10/Trained_pruned_55pc_multilayer_inter2_capsnet_model_Epoch27_of_30.pt
01/12 03:46:14 AM | pruned_55pc_multilayer_inter2_capsnet_model Training - Epoch=28, Iteration=(0/500), Loss=0.0244, Top 1 Acc=98.00, Top 5 Acc=100.00
01/12 03:46:24 AM | pruned_55pc_multilayer_inter2_capsnet_model Training - Epoch=28, Iteration=(100/500), Loss=0.0146, Top 1 Acc=98.67, Top 5 Acc=99.81
01/12 03:46:33 AM | pruned_55pc_multilayer_inter2_capsnet_model Training - Epoch=28, Iteration=(200/500), Loss=0.0141, Top 1 Acc=98.71, Top 5 Acc=99.77
01/12 03:46:42 AM | pruned_55pc_multilayer_inter2_capsnet_model Training - Epoch=28, Iteration=(300/500), Loss=0.0142, Top 1 Acc=98.70, Top 5 Acc=99.78
01/12 03:46:51 AM | pruned_55pc_multilayer_inter2_capsnet_model Training - Epoch=28, Iteration=(400/500), Loss=0.0147, Top 1 Acc=98.62, Top 5 Acc=99.78
01/12 03:47:05 AM | pruned_55pc_multilayer_inter2_capsnet_model Validation - Loss=0.2290, Top 1 Acc=73.560, Top 5 Acc=91.670
01/12 03:47:05 AM | Epoch 28 complete. Saved Checkpoint: /content/drive/MyDrive/MSc_AI/Course/OCOM5300M-AI_Project/code_repository/results/train/cifar10/Trained_pruned_55pc_multilayer_inter2_capsnet_model_Epoch28_of_30.pt
01/12 03:47:05 AM | pruned_55pc_multilayer_inter2_capsnet_model Training - Epoch=29, Iteration=(0/500), Loss=0.0197, Top 1 Acc=98.00, Top 5 Acc=99.00
01/12 03:47:15 AM | pruned_55pc_multilayer_inter2_capsnet_model Training - Epoch=29, Iteration=(100/500), Loss=0.0126, Top 1 Acc=98.86, Top 5 Acc=99.74
01/12 03:47:24 AM | pruned_55pc_multilayer_inter2_capsnet_model Training - Epoch=29, Iteration=(200/500), Loss=0.0137, Top 1 Acc=98.74, Top 5 Acc=99.78
01/12 03:47:33 AM | pruned_55pc_multilayer_inter2_capsnet_model Training - Epoch=29, Iteration=(300/500), Loss=0.0137, Top 1 Acc=98.72, Top 5 Acc=99.81
01/12 03:47:42 AM | pruned_55pc_multilayer_inter2_capsnet_model Training - Epoch=29, Iteration=(400/500), Loss=0.0140, Top 1 Acc=98.70, Top 5 Acc=99.80
01/12 03:47:56 AM | pruned_55pc_multilayer_inter2_capsnet_model Validation - Loss=0.2306, Top 1 Acc=73.330, Top 5 Acc=91.100
01/12 03:47:56 AM | Epoch 29 complete. Saved Checkpoint: /content/drive/MyDrive/MSc_AI/Course/OCOM5300M-AI_Project/code_repository/results/train/cifar10/Trained_pruned_55pc_multilayer_inter2_capsnet_model_Epoch29_of_30.pt
01/12 03:47:56 AM | pruned_55pc_multilayer_inter2_capsnet_model Training - Epoch=30, Iteration=(0/500), Loss=0.0162, Top 1 Acc=99.00, Top 5 Acc=99.00
01/12 03:48:05 AM | pruned_55pc_multilayer_inter2_capsnet_model Training - Epoch=30, Iteration=(100/500), Loss=0.0125, Top 1 Acc=98.81, Top 5 Acc=99.81
01/12 03:48:15 AM | pruned_55pc_multilayer_inter2_capsnet_model Training - Epoch=30, Iteration=(200/500), Loss=0.0123, Top 1 Acc=98.89, Top 5 Acc=99.81
01/12 03:48:24 AM | pruned_55pc_multilayer_inter2_capsnet_model Training - Epoch=30, Iteration=(300/500), Loss=0.0128, Top 1 Acc=98.82, Top 5 Acc=99.83
01/12 03:48:33 AM | pruned_55pc_multilayer_inter2_capsnet_model Training - Epoch=30, Iteration=(400/500), Loss=0.0134, Top 1 Acc=98.76, Top 5 Acc=99.83
01/12 03:48:47 AM | pruned_55pc_multilayer_inter2_capsnet_model Validation - Loss=0.2338, Top 1 Acc=73.270, Top 5 Acc=90.820
01/12 03:48:47 AM | Epoch 30 complete. Saved Checkpoint: /content/drive/MyDrive/MSc_AI/Course/OCOM5300M-AI_Project/code_repository/results/train/cifar10/Trained_pruned_55pc_multilayer_inter2_capsnet_model_Epoch30_of_30.pt
01/12 03:48:47 AM | pruned_55pc_multilayer_inter2_capsnet_model best accuracy=74.510 saved at: /content/drive/MyDrive/MSc_AI/Course/OCOM5300M-AI_Project/code_repository/results/train/cifar10/Trained_pruned_55pc_multilayer_inter2_capsnet_model_Epoch10_of_30.pt
