02/17 02:50:23 AM | multilayer_inter10_capsnet_cifar10_model Training - Epoch=1, Iteration=(0/782), Loss=0.7908, Top 1 Acc=4.69, Top 5 Acc=62.50
02/17 02:50:49 AM | multilayer_inter10_capsnet_cifar10_model Training - Epoch=1, Iteration=(64/782), Loss=0.4816, Top 1 Acc=26.85, Top 5 Acc=75.22
02/17 02:51:16 AM | multilayer_inter10_capsnet_cifar10_model Training - Epoch=1, Iteration=(128/782), Loss=0.4500, Top 1 Acc=32.85, Top 5 Acc=79.81
02/17 02:51:42 AM | multilayer_inter10_capsnet_cifar10_model Training - Epoch=1, Iteration=(192/782), Loss=0.4296, Top 1 Acc=36.56, Top 5 Acc=82.40
02/17 02:52:09 AM | multilayer_inter10_capsnet_cifar10_model Training - Epoch=1, Iteration=(256/782), Loss=0.4139, Top 1 Acc=39.20, Top 5 Acc=84.19
02/17 02:52:35 AM | multilayer_inter10_capsnet_cifar10_model Training - Epoch=1, Iteration=(320/782), Loss=0.4039, Top 1 Acc=40.94, Top 5 Acc=85.28
02/17 02:53:01 AM | multilayer_inter10_capsnet_cifar10_model Training - Epoch=1, Iteration=(384/782), Loss=0.3955, Top 1 Acc=42.18, Top 5 Acc=86.27
02/17 02:53:28 AM | multilayer_inter10_capsnet_cifar10_model Training - Epoch=1, Iteration=(448/782), Loss=0.3879, Top 1 Acc=43.45, Top 5 Acc=86.95
02/17 02:53:54 AM | multilayer_inter10_capsnet_cifar10_model Training - Epoch=1, Iteration=(512/782), Loss=0.3810, Top 1 Acc=44.59, Top 5 Acc=87.60
02/17 02:54:21 AM | multilayer_inter10_capsnet_cifar10_model Training - Epoch=1, Iteration=(576/782), Loss=0.3749, Top 1 Acc=45.52, Top 5 Acc=88.17
02/17 02:54:47 AM | multilayer_inter10_capsnet_cifar10_model Training - Epoch=1, Iteration=(640/782), Loss=0.3688, Top 1 Acc=46.46, Top 5 Acc=88.70
02/17 02:55:13 AM | multilayer_inter10_capsnet_cifar10_model Training - Epoch=1, Iteration=(704/782), Loss=0.3639, Top 1 Acc=47.24, Top 5 Acc=89.07
02/17 02:55:40 AM | multilayer_inter10_capsnet_cifar10_model Training - Epoch=1, Iteration=(768/782), Loss=0.3595, Top 1 Acc=47.95, Top 5 Acc=89.37
02/17 02:55:54 AM | multilayer_inter10_capsnet_cifar10_model Validation - Epoch=1, Loss=0.3044, Top 1 Acc=56.940, Top 5 Acc=93.060
02/17 02:55:56 AM | Epoch 1 complete. Saved Checkpoint: /content/drive/MyDrive/MSc_AI/Course/OCOM5300M-AI_Project/code_repository/results/train/cifar10/10Caps8Dim/Trained_multilayer_inter10_capsnet_cifar10_model_Epoch1_of_15.pt
02/17 02:55:57 AM | multilayer_inter10_capsnet_cifar10_model Training - Epoch=2, Iteration=(0/782), Loss=0.3205, Top 1 Acc=53.12, Top 5 Acc=90.62
02/17 02:56:23 AM | multilayer_inter10_capsnet_cifar10_model Training - Epoch=2, Iteration=(64/782), Loss=0.2850, Top 1 Acc=59.47, Top 5 Acc=95.10
02/17 02:56:50 AM | multilayer_inter10_capsnet_cifar10_model Training - Epoch=2, Iteration=(128/782), Loss=0.2887, Top 1 Acc=59.11, Top 5 Acc=94.79
02/17 02:57:16 AM | multilayer_inter10_capsnet_cifar10_model Training - Epoch=2, Iteration=(192/782), Loss=0.2868, Top 1 Acc=59.69, Top 5 Acc=94.83
02/17 02:57:42 AM | multilayer_inter10_capsnet_cifar10_model Training - Epoch=2, Iteration=(256/782), Loss=0.2837, Top 1 Acc=60.21, Top 5 Acc=94.75
02/17 02:58:09 AM | multilayer_inter10_capsnet_cifar10_model Training - Epoch=2, Iteration=(320/782), Loss=0.2830, Top 1 Acc=60.43, Top 5 Acc=94.63
02/17 02:58:35 AM | multilayer_inter10_capsnet_cifar10_model Training - Epoch=2, Iteration=(384/782), Loss=0.2801, Top 1 Acc=60.90, Top 5 Acc=94.74
02/17 02:59:02 AM | multilayer_inter10_capsnet_cifar10_model Training - Epoch=2, Iteration=(448/782), Loss=0.2784, Top 1 Acc=61.13, Top 5 Acc=94.77
02/17 02:59:28 AM | multilayer_inter10_capsnet_cifar10_model Training - Epoch=2, Iteration=(512/782), Loss=0.2771, Top 1 Acc=61.32, Top 5 Acc=94.72
02/17 02:59:54 AM | multilayer_inter10_capsnet_cifar10_model Training - Epoch=2, Iteration=(576/782), Loss=0.2757, Top 1 Acc=61.47, Top 5 Acc=94.78
02/17 03:00:21 AM | multilayer_inter10_capsnet_cifar10_model Training - Epoch=2, Iteration=(640/782), Loss=0.2746, Top 1 Acc=61.66, Top 5 Acc=94.82
02/17 03:00:47 AM | multilayer_inter10_capsnet_cifar10_model Training - Epoch=2, Iteration=(704/782), Loss=0.2731, Top 1 Acc=61.79, Top 5 Acc=94.89
02/17 03:01:13 AM | multilayer_inter10_capsnet_cifar10_model Training - Epoch=2, Iteration=(768/782), Loss=0.2715, Top 1 Acc=61.99, Top 5 Acc=94.93
02/17 03:01:28 AM | multilayer_inter10_capsnet_cifar10_model Validation - Epoch=2, Loss=0.2563, Top 1 Acc=64.530, Top 5 Acc=94.980
02/17 03:01:28 AM | Epoch 2 complete. Saved Checkpoint: /content/drive/MyDrive/MSc_AI/Course/OCOM5300M-AI_Project/code_repository/results/train/cifar10/10Caps8Dim/Trained_multilayer_inter10_capsnet_cifar10_model_Epoch2_of_15.pt
02/17 03:01:28 AM | multilayer_inter10_capsnet_cifar10_model Training - Epoch=3, Iteration=(0/782), Loss=0.2578, Top 1 Acc=60.94, Top 5 Acc=95.31
02/17 03:01:55 AM | multilayer_inter10_capsnet_cifar10_model Training - Epoch=3, Iteration=(64/782), Loss=0.2237, Top 1 Acc=69.64, Top 5 Acc=97.19
02/17 03:02:21 AM | multilayer_inter10_capsnet_cifar10_model Training - Epoch=3, Iteration=(128/782), Loss=0.2262, Top 1 Acc=69.32, Top 5 Acc=96.86
02/17 03:02:48 AM | multilayer_inter10_capsnet_cifar10_model Training - Epoch=3, Iteration=(192/782), Loss=0.2258, Top 1 Acc=69.53, Top 5 Acc=96.96
02/17 03:03:14 AM | multilayer_inter10_capsnet_cifar10_model Training - Epoch=3, Iteration=(256/782), Loss=0.2254, Top 1 Acc=69.58, Top 5 Acc=96.86
02/17 03:03:41 AM | multilayer_inter10_capsnet_cifar10_model Training - Epoch=3, Iteration=(320/782), Loss=0.2265, Top 1 Acc=69.40, Top 5 Acc=96.88
02/17 03:04:07 AM | multilayer_inter10_capsnet_cifar10_model Training - Epoch=3, Iteration=(384/782), Loss=0.2271, Top 1 Acc=69.21, Top 5 Acc=96.82
02/17 03:04:34 AM | multilayer_inter10_capsnet_cifar10_model Training - Epoch=3, Iteration=(448/782), Loss=0.2272, Top 1 Acc=69.15, Top 5 Acc=96.83
02/17 03:05:00 AM | multilayer_inter10_capsnet_cifar10_model Training - Epoch=3, Iteration=(512/782), Loss=0.2277, Top 1 Acc=69.03, Top 5 Acc=96.80
02/17 03:05:26 AM | multilayer_inter10_capsnet_cifar10_model Training - Epoch=3, Iteration=(576/782), Loss=0.2277, Top 1 Acc=68.98, Top 5 Acc=96.74
02/17 03:05:53 AM | multilayer_inter10_capsnet_cifar10_model Training - Epoch=3, Iteration=(640/782), Loss=0.2270, Top 1 Acc=69.09, Top 5 Acc=96.75
02/17 03:06:19 AM | multilayer_inter10_capsnet_cifar10_model Training - Epoch=3, Iteration=(704/782), Loss=0.2267, Top 1 Acc=69.17, Top 5 Acc=96.74
02/17 03:06:45 AM | multilayer_inter10_capsnet_cifar10_model Training - Epoch=3, Iteration=(768/782), Loss=0.2259, Top 1 Acc=69.19, Top 5 Acc=96.80
02/17 03:07:00 AM | multilayer_inter10_capsnet_cifar10_model Validation - Epoch=3, Loss=0.2361, Top 1 Acc=66.880, Top 5 Acc=95.770
02/17 03:07:00 AM | Epoch 3 complete. Saved Checkpoint: /content/drive/MyDrive/MSc_AI/Course/OCOM5300M-AI_Project/code_repository/results/train/cifar10/10Caps8Dim/Trained_multilayer_inter10_capsnet_cifar10_model_Epoch3_of_15.pt
02/17 03:07:00 AM | multilayer_inter10_capsnet_cifar10_model Training - Epoch=4, Iteration=(0/782), Loss=0.2328, Top 1 Acc=67.19, Top 5 Acc=96.88
02/17 03:07:27 AM | multilayer_inter10_capsnet_cifar10_model Training - Epoch=4, Iteration=(64/782), Loss=0.1890, Top 1 Acc=74.35, Top 5 Acc=98.17
02/17 03:07:53 AM | multilayer_inter10_capsnet_cifar10_model Training - Epoch=4, Iteration=(128/782), Loss=0.1885, Top 1 Acc=74.47, Top 5 Acc=98.11
02/17 03:08:19 AM | multilayer_inter10_capsnet_cifar10_model Training - Epoch=4, Iteration=(192/782), Loss=0.1884, Top 1 Acc=74.38, Top 5 Acc=98.06
02/17 03:08:46 AM | multilayer_inter10_capsnet_cifar10_model Training - Epoch=4, Iteration=(256/782), Loss=0.1896, Top 1 Acc=74.21, Top 5 Acc=98.03
02/17 03:09:12 AM | multilayer_inter10_capsnet_cifar10_model Training - Epoch=4, Iteration=(320/782), Loss=0.1900, Top 1 Acc=74.19, Top 5 Acc=97.98
02/17 03:09:38 AM | multilayer_inter10_capsnet_cifar10_model Training - Epoch=4, Iteration=(384/782), Loss=0.1907, Top 1 Acc=74.08, Top 5 Acc=97.91
02/17 03:10:05 AM | multilayer_inter10_capsnet_cifar10_model Training - Epoch=4, Iteration=(448/782), Loss=0.1914, Top 1 Acc=74.02, Top 5 Acc=97.88
02/17 03:10:31 AM | multilayer_inter10_capsnet_cifar10_model Training - Epoch=4, Iteration=(512/782), Loss=0.1919, Top 1 Acc=74.01, Top 5 Acc=97.85
02/17 03:10:58 AM | multilayer_inter10_capsnet_cifar10_model Training - Epoch=4, Iteration=(576/782), Loss=0.1922, Top 1 Acc=73.93, Top 5 Acc=97.87
02/17 03:11:24 AM | multilayer_inter10_capsnet_cifar10_model Training - Epoch=4, Iteration=(640/782), Loss=0.1924, Top 1 Acc=73.92, Top 5 Acc=97.81
02/17 03:11:50 AM | multilayer_inter10_capsnet_cifar10_model Training - Epoch=4, Iteration=(704/782), Loss=0.1927, Top 1 Acc=73.88, Top 5 Acc=97.77
02/17 03:12:17 AM | multilayer_inter10_capsnet_cifar10_model Training - Epoch=4, Iteration=(768/782), Loss=0.1930, Top 1 Acc=73.80, Top 5 Acc=97.78
02/17 03:12:31 AM | multilayer_inter10_capsnet_cifar10_model Validation - Epoch=4, Loss=0.2124, Top 1 Acc=70.600, Top 5 Acc=96.770
02/17 03:12:31 AM | Epoch 4 complete. Saved Checkpoint: /content/drive/MyDrive/MSc_AI/Course/OCOM5300M-AI_Project/code_repository/results/train/cifar10/10Caps8Dim/Trained_multilayer_inter10_capsnet_cifar10_model_Epoch4_of_15.pt
02/17 03:12:32 AM | multilayer_inter10_capsnet_cifar10_model Training - Epoch=5, Iteration=(0/782), Loss=0.1385, Top 1 Acc=84.38, Top 5 Acc=100.00
02/17 03:12:58 AM | multilayer_inter10_capsnet_cifar10_model Training - Epoch=5, Iteration=(64/782), Loss=0.1603, Top 1 Acc=78.99, Top 5 Acc=98.80
02/17 03:13:25 AM | multilayer_inter10_capsnet_cifar10_model Training - Epoch=5, Iteration=(128/782), Loss=0.1592, Top 1 Acc=79.25, Top 5 Acc=98.76
02/17 03:13:51 AM | multilayer_inter10_capsnet_cifar10_model Training - Epoch=5, Iteration=(192/782), Loss=0.1619, Top 1 Acc=78.70, Top 5 Acc=98.67
02/17 03:14:17 AM | multilayer_inter10_capsnet_cifar10_model Training - Epoch=5, Iteration=(256/782), Loss=0.1633, Top 1 Acc=78.43, Top 5 Acc=98.63
02/17 03:14:44 AM | multilayer_inter10_capsnet_cifar10_model Training - Epoch=5, Iteration=(320/782), Loss=0.1636, Top 1 Acc=78.42, Top 5 Acc=98.57
02/17 03:15:10 AM | multilayer_inter10_capsnet_cifar10_model Training - Epoch=5, Iteration=(384/782), Loss=0.1648, Top 1 Acc=78.22, Top 5 Acc=98.54
02/17 03:15:37 AM | multilayer_inter10_capsnet_cifar10_model Training - Epoch=5, Iteration=(448/782), Loss=0.1657, Top 1 Acc=78.05, Top 5 Acc=98.51
02/17 03:16:03 AM | multilayer_inter10_capsnet_cifar10_model Training - Epoch=5, Iteration=(512/782), Loss=0.1668, Top 1 Acc=77.91, Top 5 Acc=98.48
02/17 03:16:29 AM | multilayer_inter10_capsnet_cifar10_model Training - Epoch=5, Iteration=(576/782), Loss=0.1681, Top 1 Acc=77.71, Top 5 Acc=98.43
02/17 03:16:56 AM | multilayer_inter10_capsnet_cifar10_model Training - Epoch=5, Iteration=(640/782), Loss=0.1678, Top 1 Acc=77.71, Top 5 Acc=98.44
02/17 03:17:22 AM | multilayer_inter10_capsnet_cifar10_model Training - Epoch=5, Iteration=(704/782), Loss=0.1680, Top 1 Acc=77.72, Top 5 Acc=98.41
02/17 03:17:49 AM | multilayer_inter10_capsnet_cifar10_model Training - Epoch=5, Iteration=(768/782), Loss=0.1680, Top 1 Acc=77.70, Top 5 Acc=98.38
02/17 03:18:03 AM | multilayer_inter10_capsnet_cifar10_model Validation - Epoch=5, Loss=0.2104, Top 1 Acc=71.040, Top 5 Acc=96.340
02/17 03:18:03 AM | Epoch 5 complete. Saved Checkpoint: /content/drive/MyDrive/MSc_AI/Course/OCOM5300M-AI_Project/code_repository/results/train/cifar10/10Caps8Dim/Trained_multilayer_inter10_capsnet_cifar10_model_Epoch5_of_15.pt
02/17 03:18:04 AM | multilayer_inter10_capsnet_cifar10_model Training - Epoch=6, Iteration=(0/782), Loss=0.1603, Top 1 Acc=78.12, Top 5 Acc=100.00
02/17 03:18:30 AM | multilayer_inter10_capsnet_cifar10_model Training - Epoch=6, Iteration=(64/782), Loss=0.1405, Top 1 Acc=82.40, Top 5 Acc=99.13
02/17 03:18:56 AM | multilayer_inter10_capsnet_cifar10_model Training - Epoch=6, Iteration=(128/782), Loss=0.1386, Top 1 Acc=82.74, Top 5 Acc=99.20
02/17 03:19:23 AM | multilayer_inter10_capsnet_cifar10_model Training - Epoch=6, Iteration=(192/782), Loss=0.1423, Top 1 Acc=81.96, Top 5 Acc=99.06
02/17 03:19:49 AM | multilayer_inter10_capsnet_cifar10_model Training - Epoch=6, Iteration=(256/782), Loss=0.1422, Top 1 Acc=81.83, Top 5 Acc=99.08
02/17 03:20:15 AM | multilayer_inter10_capsnet_cifar10_model Training - Epoch=6, Iteration=(320/782), Loss=0.1423, Top 1 Acc=81.85, Top 5 Acc=99.08
02/17 03:20:42 AM | multilayer_inter10_capsnet_cifar10_model Training - Epoch=6, Iteration=(384/782), Loss=0.1431, Top 1 Acc=81.67, Top 5 Acc=99.05
02/17 03:21:08 AM | multilayer_inter10_capsnet_cifar10_model Training - Epoch=6, Iteration=(448/782), Loss=0.1432, Top 1 Acc=81.63, Top 5 Acc=99.06
02/17 03:21:35 AM | multilayer_inter10_capsnet_cifar10_model Training - Epoch=6, Iteration=(512/782), Loss=0.1430, Top 1 Acc=81.70, Top 5 Acc=99.03
02/17 03:22:01 AM | multilayer_inter10_capsnet_cifar10_model Training - Epoch=6, Iteration=(576/782), Loss=0.1435, Top 1 Acc=81.53, Top 5 Acc=99.03
02/17 03:22:28 AM | multilayer_inter10_capsnet_cifar10_model Training - Epoch=6, Iteration=(640/782), Loss=0.1437, Top 1 Acc=81.52, Top 5 Acc=98.99
02/17 03:22:54 AM | multilayer_inter10_capsnet_cifar10_model Training - Epoch=6, Iteration=(704/782), Loss=0.1446, Top 1 Acc=81.39, Top 5 Acc=98.97
02/17 03:23:21 AM | multilayer_inter10_capsnet_cifar10_model Training - Epoch=6, Iteration=(768/782), Loss=0.1457, Top 1 Acc=81.20, Top 5 Acc=98.95
02/17 03:23:35 AM | multilayer_inter10_capsnet_cifar10_model Validation - Epoch=6, Loss=0.1977, Top 1 Acc=73.160, Top 5 Acc=96.750
02/17 03:23:35 AM | Epoch 6 complete. Saved Checkpoint: /content/drive/MyDrive/MSc_AI/Course/OCOM5300M-AI_Project/code_repository/results/train/cifar10/10Caps8Dim/Trained_multilayer_inter10_capsnet_cifar10_model_Epoch6_of_15.pt
02/17 03:23:36 AM | multilayer_inter10_capsnet_cifar10_model Training - Epoch=7, Iteration=(0/782), Loss=0.1168, Top 1 Acc=89.06, Top 5 Acc=100.00
02/17 03:24:02 AM | multilayer_inter10_capsnet_cifar10_model Training - Epoch=7, Iteration=(64/782), Loss=0.1164, Top 1 Acc=86.01, Top 5 Acc=99.66
02/17 03:24:29 AM | multilayer_inter10_capsnet_cifar10_model Training - Epoch=7, Iteration=(128/782), Loss=0.1169, Top 1 Acc=85.88, Top 5 Acc=99.44
02/17 03:24:55 AM | multilayer_inter10_capsnet_cifar10_model Training - Epoch=7, Iteration=(192/782), Loss=0.1175, Top 1 Acc=85.95, Top 5 Acc=99.41
02/17 03:25:22 AM | multilayer_inter10_capsnet_cifar10_model Training - Epoch=7, Iteration=(256/782), Loss=0.1187, Top 1 Acc=85.57, Top 5 Acc=99.42
02/17 03:25:48 AM | multilayer_inter10_capsnet_cifar10_model Training - Epoch=7, Iteration=(320/782), Loss=0.1192, Top 1 Acc=85.48, Top 5 Acc=99.39
02/17 03:26:15 AM | multilayer_inter10_capsnet_cifar10_model Training - Epoch=7, Iteration=(384/782), Loss=0.1199, Top 1 Acc=85.25, Top 5 Acc=99.38
02/17 03:26:41 AM | multilayer_inter10_capsnet_cifar10_model Training - Epoch=7, Iteration=(448/782), Loss=0.1208, Top 1 Acc=84.96, Top 5 Acc=99.37
02/17 03:27:08 AM | multilayer_inter10_capsnet_cifar10_model Training - Epoch=7, Iteration=(512/782), Loss=0.1229, Top 1 Acc=84.65, Top 5 Acc=99.34
02/17 03:27:34 AM | multilayer_inter10_capsnet_cifar10_model Training - Epoch=7, Iteration=(576/782), Loss=0.1242, Top 1 Acc=84.49, Top 5 Acc=99.30
02/17 03:28:00 AM | multilayer_inter10_capsnet_cifar10_model Training - Epoch=7, Iteration=(640/782), Loss=0.1250, Top 1 Acc=84.36, Top 5 Acc=99.25
02/17 03:28:27 AM | multilayer_inter10_capsnet_cifar10_model Training - Epoch=7, Iteration=(704/782), Loss=0.1256, Top 1 Acc=84.28, Top 5 Acc=99.24
02/17 03:28:53 AM | multilayer_inter10_capsnet_cifar10_model Training - Epoch=7, Iteration=(768/782), Loss=0.1261, Top 1 Acc=84.18, Top 5 Acc=99.22
02/17 03:29:08 AM | multilayer_inter10_capsnet_cifar10_model Validation - Epoch=7, Loss=0.1999, Top 1 Acc=72.780, Top 5 Acc=96.460
02/17 03:29:08 AM | Epoch 7 complete. Saved Checkpoint: /content/drive/MyDrive/MSc_AI/Course/OCOM5300M-AI_Project/code_repository/results/train/cifar10/10Caps8Dim/Trained_multilayer_inter10_capsnet_cifar10_model_Epoch7_of_15.pt
02/17 03:29:08 AM | multilayer_inter10_capsnet_cifar10_model Training - Epoch=8, Iteration=(0/782), Loss=0.1249, Top 1 Acc=85.94, Top 5 Acc=100.00
02/17 03:29:34 AM | multilayer_inter10_capsnet_cifar10_model Training - Epoch=8, Iteration=(64/782), Loss=0.0986, Top 1 Acc=88.73, Top 5 Acc=99.59
02/17 03:30:01 AM | multilayer_inter10_capsnet_cifar10_model Training - Epoch=8, Iteration=(128/782), Loss=0.0972, Top 1 Acc=89.07, Top 5 Acc=99.70
02/17 03:30:27 AM | multilayer_inter10_capsnet_cifar10_model Training - Epoch=8, Iteration=(192/782), Loss=0.0979, Top 1 Acc=88.74, Top 5 Acc=99.68
02/17 03:30:54 AM | multilayer_inter10_capsnet_cifar10_model Training - Epoch=8, Iteration=(256/782), Loss=0.0998, Top 1 Acc=88.34, Top 5 Acc=99.64
02/17 03:31:20 AM | multilayer_inter10_capsnet_cifar10_model Training - Epoch=8, Iteration=(320/782), Loss=0.1015, Top 1 Acc=88.05, Top 5 Acc=99.59
02/17 03:31:47 AM | multilayer_inter10_capsnet_cifar10_model Training - Epoch=8, Iteration=(384/782), Loss=0.1030, Top 1 Acc=87.78, Top 5 Acc=99.58
02/17 03:32:13 AM | multilayer_inter10_capsnet_cifar10_model Training - Epoch=8, Iteration=(448/782), Loss=0.1046, Top 1 Acc=87.56, Top 5 Acc=99.54
02/17 03:32:40 AM | multilayer_inter10_capsnet_cifar10_model Training - Epoch=8, Iteration=(512/782), Loss=0.1056, Top 1 Acc=87.42, Top 5 Acc=99.52
02/17 03:33:06 AM | multilayer_inter10_capsnet_cifar10_model Training - Epoch=8, Iteration=(576/782), Loss=0.1064, Top 1 Acc=87.24, Top 5 Acc=99.50
02/17 03:33:32 AM | multilayer_inter10_capsnet_cifar10_model Training - Epoch=8, Iteration=(640/782), Loss=0.1070, Top 1 Acc=87.13, Top 5 Acc=99.49
02/17 03:33:59 AM | multilayer_inter10_capsnet_cifar10_model Training - Epoch=8, Iteration=(704/782), Loss=0.1070, Top 1 Acc=87.13, Top 5 Acc=99.47
02/17 03:34:25 AM | multilayer_inter10_capsnet_cifar10_model Training - Epoch=8, Iteration=(768/782), Loss=0.1081, Top 1 Acc=86.88, Top 5 Acc=99.46
02/17 03:34:40 AM | multilayer_inter10_capsnet_cifar10_model Validation - Epoch=8, Loss=0.2006, Top 1 Acc=72.860, Top 5 Acc=96.300
02/17 03:34:40 AM | Epoch 8 complete. Saved Checkpoint: /content/drive/MyDrive/MSc_AI/Course/OCOM5300M-AI_Project/code_repository/results/train/cifar10/10Caps8Dim/Trained_multilayer_inter10_capsnet_cifar10_model_Epoch8_of_15.pt
02/17 03:34:40 AM | multilayer_inter10_capsnet_cifar10_model Training - Epoch=9, Iteration=(0/782), Loss=0.0640, Top 1 Acc=95.31, Top 5 Acc=100.00
02/17 03:35:07 AM | multilayer_inter10_capsnet_cifar10_model Training - Epoch=9, Iteration=(64/782), Loss=0.0844, Top 1 Acc=90.79, Top 5 Acc=99.76
02/17 03:35:33 AM | multilayer_inter10_capsnet_cifar10_model Training - Epoch=9, Iteration=(128/782), Loss=0.0832, Top 1 Acc=90.75, Top 5 Acc=99.82
02/17 03:35:59 AM | multilayer_inter10_capsnet_cifar10_model Training - Epoch=9, Iteration=(192/782), Loss=0.0830, Top 1 Acc=90.71, Top 5 Acc=99.79
02/17 03:36:26 AM | multilayer_inter10_capsnet_cifar10_model Training - Epoch=9, Iteration=(256/782), Loss=0.0818, Top 1 Acc=90.76, Top 5 Acc=99.81
02/17 03:36:52 AM | multilayer_inter10_capsnet_cifar10_model Training - Epoch=9, Iteration=(320/782), Loss=0.0828, Top 1 Acc=90.52, Top 5 Acc=99.78
02/17 03:37:19 AM | multilayer_inter10_capsnet_cifar10_model Training - Epoch=9, Iteration=(384/782), Loss=0.0836, Top 1 Acc=90.42, Top 5 Acc=99.76
02/17 03:37:45 AM | multilayer_inter10_capsnet_cifar10_model Training - Epoch=9, Iteration=(448/782), Loss=0.0852, Top 1 Acc=90.15, Top 5 Acc=99.75
02/17 03:38:12 AM | multilayer_inter10_capsnet_cifar10_model Training - Epoch=9, Iteration=(512/782), Loss=0.0867, Top 1 Acc=89.92, Top 5 Acc=99.71
02/17 03:38:38 AM | multilayer_inter10_capsnet_cifar10_model Training - Epoch=9, Iteration=(576/782), Loss=0.0876, Top 1 Acc=89.73, Top 5 Acc=99.71
02/17 03:39:04 AM | multilayer_inter10_capsnet_cifar10_model Training - Epoch=9, Iteration=(640/782), Loss=0.0887, Top 1 Acc=89.52, Top 5 Acc=99.70
02/17 03:39:31 AM | multilayer_inter10_capsnet_cifar10_model Training - Epoch=9, Iteration=(704/782), Loss=0.0899, Top 1 Acc=89.35, Top 5 Acc=99.67
02/17 03:39:57 AM | multilayer_inter10_capsnet_cifar10_model Training - Epoch=9, Iteration=(768/782), Loss=0.0905, Top 1 Acc=89.24, Top 5 Acc=99.66
02/17 03:40:12 AM | multilayer_inter10_capsnet_cifar10_model Validation - Epoch=9, Loss=0.2104, Top 1 Acc=72.130, Top 5 Acc=95.390
02/17 03:40:12 AM | Epoch 9 complete. Saved Checkpoint: /content/drive/MyDrive/MSc_AI/Course/OCOM5300M-AI_Project/code_repository/results/train/cifar10/10Caps8Dim/Trained_multilayer_inter10_capsnet_cifar10_model_Epoch9_of_15.pt
02/17 03:40:12 AM | multilayer_inter10_capsnet_cifar10_model Training - Epoch=10, Iteration=(0/782), Loss=0.0833, Top 1 Acc=90.62, Top 5 Acc=100.00
02/17 03:40:39 AM | multilayer_inter10_capsnet_cifar10_model Training - Epoch=10, Iteration=(64/782), Loss=0.0674, Top 1 Acc=93.10, Top 5 Acc=99.88
02/17 03:41:05 AM | multilayer_inter10_capsnet_cifar10_model Training - Epoch=10, Iteration=(128/782), Loss=0.0677, Top 1 Acc=92.79, Top 5 Acc=99.87
02/17 03:41:32 AM | multilayer_inter10_capsnet_cifar10_model Training - Epoch=10, Iteration=(192/782), Loss=0.0683, Top 1 Acc=92.55, Top 5 Acc=99.87
02/17 03:41:58 AM | multilayer_inter10_capsnet_cifar10_model Training - Epoch=10, Iteration=(256/782), Loss=0.0687, Top 1 Acc=92.39, Top 5 Acc=99.86
02/17 03:42:25 AM | multilayer_inter10_capsnet_cifar10_model Training - Epoch=10, Iteration=(320/782), Loss=0.0702, Top 1 Acc=92.15, Top 5 Acc=99.82
02/17 03:42:51 AM | multilayer_inter10_capsnet_cifar10_model Training - Epoch=10, Iteration=(384/782), Loss=0.0721, Top 1 Acc=91.82, Top 5 Acc=99.79
02/17 03:43:17 AM | multilayer_inter10_capsnet_cifar10_model Training - Epoch=10, Iteration=(448/782), Loss=0.0738, Top 1 Acc=91.57, Top 5 Acc=99.79
02/17 03:43:44 AM | multilayer_inter10_capsnet_cifar10_model Training - Epoch=10, Iteration=(512/782), Loss=0.0742, Top 1 Acc=91.47, Top 5 Acc=99.80
02/17 03:44:10 AM | multilayer_inter10_capsnet_cifar10_model Training - Epoch=10, Iteration=(576/782), Loss=0.0748, Top 1 Acc=91.41, Top 5 Acc=99.79
02/17 03:44:37 AM | multilayer_inter10_capsnet_cifar10_model Training - Epoch=10, Iteration=(640/782), Loss=0.0752, Top 1 Acc=91.36, Top 5 Acc=99.78
02/17 03:45:03 AM | multilayer_inter10_capsnet_cifar10_model Training - Epoch=10, Iteration=(704/782), Loss=0.0760, Top 1 Acc=91.23, Top 5 Acc=99.77
02/17 03:45:30 AM | multilayer_inter10_capsnet_cifar10_model Training - Epoch=10, Iteration=(768/782), Loss=0.0769, Top 1 Acc=91.07, Top 5 Acc=99.75
02/17 03:45:44 AM | multilayer_inter10_capsnet_cifar10_model Validation - Epoch=10, Loss=0.2075, Top 1 Acc=72.590, Top 5 Acc=95.480
02/17 03:45:44 AM | Epoch 10 complete. Saved Checkpoint: /content/drive/MyDrive/MSc_AI/Course/OCOM5300M-AI_Project/code_repository/results/train/cifar10/10Caps8Dim/Trained_multilayer_inter10_capsnet_cifar10_model_Epoch10_of_15.pt
02/17 03:45:45 AM | multilayer_inter10_capsnet_cifar10_model Training - Epoch=11, Iteration=(0/782), Loss=0.0689, Top 1 Acc=92.19, Top 5 Acc=100.00
02/17 03:46:11 AM | multilayer_inter10_capsnet_cifar10_model Training - Epoch=11, Iteration=(64/782), Loss=0.0616, Top 1 Acc=93.41, Top 5 Acc=99.83
02/17 03:46:38 AM | multilayer_inter10_capsnet_cifar10_model Training - Epoch=11, Iteration=(128/782), Loss=0.0572, Top 1 Acc=93.91, Top 5 Acc=99.87
02/17 03:47:04 AM | multilayer_inter10_capsnet_cifar10_model Training - Epoch=11, Iteration=(192/782), Loss=0.0565, Top 1 Acc=93.99, Top 5 Acc=99.87
02/17 03:47:31 AM | multilayer_inter10_capsnet_cifar10_model Training - Epoch=11, Iteration=(256/782), Loss=0.0576, Top 1 Acc=93.74, Top 5 Acc=99.88
02/17 03:47:57 AM | multilayer_inter10_capsnet_cifar10_model Training - Epoch=11, Iteration=(320/782), Loss=0.0586, Top 1 Acc=93.49, Top 5 Acc=99.86
02/17 03:48:23 AM | multilayer_inter10_capsnet_cifar10_model Training - Epoch=11, Iteration=(384/782), Loss=0.0590, Top 1 Acc=93.47, Top 5 Acc=99.85
02/17 03:48:50 AM | multilayer_inter10_capsnet_cifar10_model Training - Epoch=11, Iteration=(448/782), Loss=0.0598, Top 1 Acc=93.31, Top 5 Acc=99.85
02/17 03:49:16 AM | multilayer_inter10_capsnet_cifar10_model Training - Epoch=11, Iteration=(512/782), Loss=0.0610, Top 1 Acc=93.14, Top 5 Acc=99.84
02/17 03:49:43 AM | multilayer_inter10_capsnet_cifar10_model Training - Epoch=11, Iteration=(576/782), Loss=0.0622, Top 1 Acc=92.94, Top 5 Acc=99.84
02/17 03:50:09 AM | multilayer_inter10_capsnet_cifar10_model Training - Epoch=11, Iteration=(640/782), Loss=0.0637, Top 1 Acc=92.74, Top 5 Acc=99.83
02/17 03:50:35 AM | multilayer_inter10_capsnet_cifar10_model Training - Epoch=11, Iteration=(704/782), Loss=0.0651, Top 1 Acc=92.49, Top 5 Acc=99.82
02/17 03:51:02 AM | multilayer_inter10_capsnet_cifar10_model Training - Epoch=11, Iteration=(768/782), Loss=0.0659, Top 1 Acc=92.36, Top 5 Acc=99.82
02/17 03:51:16 AM | multilayer_inter10_capsnet_cifar10_model Validation - Epoch=11, Loss=0.2041, Top 1 Acc=73.520, Top 5 Acc=95.060
02/17 03:51:16 AM | Epoch 11 complete. Saved Checkpoint: /content/drive/MyDrive/MSc_AI/Course/OCOM5300M-AI_Project/code_repository/results/train/cifar10/10Caps8Dim/Trained_multilayer_inter10_capsnet_cifar10_model_Epoch11_of_15.pt
02/17 03:51:17 AM | multilayer_inter10_capsnet_cifar10_model Training - Epoch=12, Iteration=(0/782), Loss=0.0278, Top 1 Acc=98.44, Top 5 Acc=100.00
02/17 03:51:43 AM | multilayer_inter10_capsnet_cifar10_model Training - Epoch=12, Iteration=(64/782), Loss=0.0435, Top 1 Acc=95.60, Top 5 Acc=99.95
02/17 03:52:10 AM | multilayer_inter10_capsnet_cifar10_model Training - Epoch=12, Iteration=(128/782), Loss=0.0455, Top 1 Acc=95.29, Top 5 Acc=99.93
02/17 03:52:36 AM | multilayer_inter10_capsnet_cifar10_model Training - Epoch=12, Iteration=(192/782), Loss=0.0450, Top 1 Acc=95.32, Top 5 Acc=99.94
02/17 03:53:03 AM | multilayer_inter10_capsnet_cifar10_model Training - Epoch=12, Iteration=(256/782), Loss=0.0458, Top 1 Acc=95.14, Top 5 Acc=99.93
02/17 03:53:29 AM | multilayer_inter10_capsnet_cifar10_model Training - Epoch=12, Iteration=(320/782), Loss=0.0468, Top 1 Acc=94.94, Top 5 Acc=99.92
02/17 03:53:55 AM | multilayer_inter10_capsnet_cifar10_model Training - Epoch=12, Iteration=(384/782), Loss=0.0482, Top 1 Acc=94.70, Top 5 Acc=99.89
02/17 03:54:22 AM | multilayer_inter10_capsnet_cifar10_model Training - Epoch=12, Iteration=(448/782), Loss=0.0496, Top 1 Acc=94.51, Top 5 Acc=99.88
02/17 03:54:48 AM | multilayer_inter10_capsnet_cifar10_model Training - Epoch=12, Iteration=(512/782), Loss=0.0509, Top 1 Acc=94.31, Top 5 Acc=99.88
02/17 03:55:15 AM | multilayer_inter10_capsnet_cifar10_model Training - Epoch=12, Iteration=(576/782), Loss=0.0521, Top 1 Acc=94.11, Top 5 Acc=99.88
02/17 03:55:41 AM | multilayer_inter10_capsnet_cifar10_model Training - Epoch=12, Iteration=(640/782), Loss=0.0529, Top 1 Acc=93.97, Top 5 Acc=99.88
02/17 03:56:08 AM | multilayer_inter10_capsnet_cifar10_model Training - Epoch=12, Iteration=(704/782), Loss=0.0545, Top 1 Acc=93.75, Top 5 Acc=99.87
02/17 03:56:34 AM | multilayer_inter10_capsnet_cifar10_model Training - Epoch=12, Iteration=(768/782), Loss=0.0561, Top 1 Acc=93.51, Top 5 Acc=99.87
02/17 03:56:49 AM | multilayer_inter10_capsnet_cifar10_model Validation - Epoch=12, Loss=0.2186, Top 1 Acc=71.830, Top 5 Acc=94.610
02/17 03:56:49 AM | Epoch 12 complete. Saved Checkpoint: /content/drive/MyDrive/MSc_AI/Course/OCOM5300M-AI_Project/code_repository/results/train/cifar10/10Caps8Dim/Trained_multilayer_inter10_capsnet_cifar10_model_Epoch12_of_15.pt
02/17 03:56:49 AM | multilayer_inter10_capsnet_cifar10_model Training - Epoch=13, Iteration=(0/782), Loss=0.0359, Top 1 Acc=96.88, Top 5 Acc=100.00
02/17 03:57:16 AM | multilayer_inter10_capsnet_cifar10_model Training - Epoch=13, Iteration=(64/782), Loss=0.0500, Top 1 Acc=93.68, Top 5 Acc=99.90
02/17 03:57:42 AM | multilayer_inter10_capsnet_cifar10_model Training - Epoch=13, Iteration=(128/782), Loss=0.0437, Top 1 Acc=94.97, Top 5 Acc=99.93
02/17 03:58:09 AM | multilayer_inter10_capsnet_cifar10_model Training - Epoch=13, Iteration=(192/782), Loss=0.0417, Top 1 Acc=95.36, Top 5 Acc=99.91
02/17 03:58:35 AM | multilayer_inter10_capsnet_cifar10_model Training - Epoch=13, Iteration=(256/782), Loss=0.0417, Top 1 Acc=95.45, Top 5 Acc=99.92
02/17 03:59:02 AM | multilayer_inter10_capsnet_cifar10_model Training - Epoch=13, Iteration=(320/782), Loss=0.0426, Top 1 Acc=95.29, Top 5 Acc=99.91
02/17 03:59:28 AM | multilayer_inter10_capsnet_cifar10_model Training - Epoch=13, Iteration=(384/782), Loss=0.0438, Top 1 Acc=95.08, Top 5 Acc=99.92
02/17 03:59:55 AM | multilayer_inter10_capsnet_cifar10_model Training - Epoch=13, Iteration=(448/782), Loss=0.0452, Top 1 Acc=94.89, Top 5 Acc=99.91
02/17 04:00:21 AM | multilayer_inter10_capsnet_cifar10_model Training - Epoch=13, Iteration=(512/782), Loss=0.0459, Top 1 Acc=94.78, Top 5 Acc=99.90
02/17 04:00:48 AM | multilayer_inter10_capsnet_cifar10_model Training - Epoch=13, Iteration=(576/782), Loss=0.0466, Top 1 Acc=94.70, Top 5 Acc=99.89
02/17 04:01:15 AM | multilayer_inter10_capsnet_cifar10_model Training - Epoch=13, Iteration=(640/782), Loss=0.0468, Top 1 Acc=94.61, Top 5 Acc=99.89
02/17 04:01:41 AM | multilayer_inter10_capsnet_cifar10_model Training - Epoch=13, Iteration=(704/782), Loss=0.0474, Top 1 Acc=94.53, Top 5 Acc=99.88
02/17 04:02:08 AM | multilayer_inter10_capsnet_cifar10_model Training - Epoch=13, Iteration=(768/782), Loss=0.0481, Top 1 Acc=94.43, Top 5 Acc=99.88
02/17 04:02:22 AM | multilayer_inter10_capsnet_cifar10_model Validation - Epoch=13, Loss=0.2120, Top 1 Acc=73.110, Top 5 Acc=94.550
02/17 04:02:22 AM | Epoch 13 complete. Saved Checkpoint: /content/drive/MyDrive/MSc_AI/Course/OCOM5300M-AI_Project/code_repository/results/train/cifar10/10Caps8Dim/Trained_multilayer_inter10_capsnet_cifar10_model_Epoch13_of_15.pt
02/17 04:02:23 AM | multilayer_inter10_capsnet_cifar10_model Training - Epoch=14, Iteration=(0/782), Loss=0.0478, Top 1 Acc=93.75, Top 5 Acc=100.00
02/17 04:02:49 AM | multilayer_inter10_capsnet_cifar10_model Training - Epoch=14, Iteration=(64/782), Loss=0.0373, Top 1 Acc=96.11, Top 5 Acc=99.95
02/17 04:03:16 AM | multilayer_inter10_capsnet_cifar10_model Training - Epoch=14, Iteration=(128/782), Loss=0.0387, Top 1 Acc=95.85, Top 5 Acc=99.93
02/17 04:03:42 AM | multilayer_inter10_capsnet_cifar10_model Training - Epoch=14, Iteration=(192/782), Loss=0.0378, Top 1 Acc=95.97, Top 5 Acc=99.93
02/17 04:04:09 AM | multilayer_inter10_capsnet_cifar10_model Training - Epoch=14, Iteration=(256/782), Loss=0.0374, Top 1 Acc=96.08, Top 5 Acc=99.93
02/17 04:04:35 AM | multilayer_inter10_capsnet_cifar10_model Training - Epoch=14, Iteration=(320/782), Loss=0.0371, Top 1 Acc=96.09, Top 5 Acc=99.94
02/17 04:05:02 AM | multilayer_inter10_capsnet_cifar10_model Training - Epoch=14, Iteration=(384/782), Loss=0.0372, Top 1 Acc=96.01, Top 5 Acc=99.95
02/17 04:05:28 AM | multilayer_inter10_capsnet_cifar10_model Training - Epoch=14, Iteration=(448/782), Loss=0.0373, Top 1 Acc=95.94, Top 5 Acc=99.94
02/17 04:05:55 AM | multilayer_inter10_capsnet_cifar10_model Training - Epoch=14, Iteration=(512/782), Loss=0.0387, Top 1 Acc=95.75, Top 5 Acc=99.94
02/17 04:06:21 AM | multilayer_inter10_capsnet_cifar10_model Training - Epoch=14, Iteration=(576/782), Loss=0.0397, Top 1 Acc=95.60, Top 5 Acc=99.94
02/17 04:06:48 AM | multilayer_inter10_capsnet_cifar10_model Training - Epoch=14, Iteration=(640/782), Loss=0.0402, Top 1 Acc=95.51, Top 5 Acc=99.93
02/17 04:07:14 AM | multilayer_inter10_capsnet_cifar10_model Training - Epoch=14, Iteration=(704/782), Loss=0.0412, Top 1 Acc=95.37, Top 5 Acc=99.94
02/17 04:07:41 AM | multilayer_inter10_capsnet_cifar10_model Training - Epoch=14, Iteration=(768/782), Loss=0.0419, Top 1 Acc=95.29, Top 5 Acc=99.93
02/17 04:07:55 AM | multilayer_inter10_capsnet_cifar10_model Validation - Epoch=14, Loss=0.2181, Top 1 Acc=72.700, Top 5 Acc=93.540
02/17 04:07:55 AM | Epoch 14 complete. Saved Checkpoint: /content/drive/MyDrive/MSc_AI/Course/OCOM5300M-AI_Project/code_repository/results/train/cifar10/10Caps8Dim/Trained_multilayer_inter10_capsnet_cifar10_model_Epoch14_of_15.pt
02/17 04:07:56 AM | multilayer_inter10_capsnet_cifar10_model Training - Epoch=15, Iteration=(0/782), Loss=0.0374, Top 1 Acc=95.31, Top 5 Acc=100.00
02/17 04:08:22 AM | multilayer_inter10_capsnet_cifar10_model Training - Epoch=15, Iteration=(64/782), Loss=0.0380, Top 1 Acc=95.60, Top 5 Acc=99.90
02/17 04:08:49 AM | multilayer_inter10_capsnet_cifar10_model Training - Epoch=15, Iteration=(128/782), Loss=0.0341, Top 1 Acc=96.26, Top 5 Acc=99.93
02/17 04:09:15 AM | multilayer_inter10_capsnet_cifar10_model Training - Epoch=15, Iteration=(192/782), Loss=0.0329, Top 1 Acc=96.36, Top 5 Acc=99.94
02/17 04:09:42 AM | multilayer_inter10_capsnet_cifar10_model Training - Epoch=15, Iteration=(256/782), Loss=0.0331, Top 1 Acc=96.33, Top 5 Acc=99.95
02/17 04:10:08 AM | multilayer_inter10_capsnet_cifar10_model Training - Epoch=15, Iteration=(320/782), Loss=0.0336, Top 1 Acc=96.24, Top 5 Acc=99.96
02/17 04:10:35 AM | multilayer_inter10_capsnet_cifar10_model Training - Epoch=15, Iteration=(384/782), Loss=0.0348, Top 1 Acc=96.08, Top 5 Acc=99.94
02/17 04:11:01 AM | multilayer_inter10_capsnet_cifar10_model Training - Epoch=15, Iteration=(448/782), Loss=0.0352, Top 1 Acc=96.03, Top 5 Acc=99.94
02/17 04:11:28 AM | multilayer_inter10_capsnet_cifar10_model Training - Epoch=15, Iteration=(512/782), Loss=0.0359, Top 1 Acc=95.94, Top 5 Acc=99.94
02/17 04:11:54 AM | multilayer_inter10_capsnet_cifar10_model Training - Epoch=15, Iteration=(576/782), Loss=0.0366, Top 1 Acc=95.85, Top 5 Acc=99.93
02/17 04:12:21 AM | multilayer_inter10_capsnet_cifar10_model Training - Epoch=15, Iteration=(640/782), Loss=0.0371, Top 1 Acc=95.76, Top 5 Acc=99.93
02/17 04:12:47 AM | multilayer_inter10_capsnet_cifar10_model Training - Epoch=15, Iteration=(704/782), Loss=0.0380, Top 1 Acc=95.63, Top 5 Acc=99.92
02/17 04:13:14 AM | multilayer_inter10_capsnet_cifar10_model Training - Epoch=15, Iteration=(768/782), Loss=0.0386, Top 1 Acc=95.57, Top 5 Acc=99.92
02/17 04:13:28 AM | multilayer_inter10_capsnet_cifar10_model Validation - Epoch=15, Loss=0.2217, Top 1 Acc=72.370, Top 5 Acc=93.620
02/17 04:13:28 AM | Epoch 15 complete. Saved Checkpoint: /content/drive/MyDrive/MSc_AI/Course/OCOM5300M-AI_Project/code_repository/results/train/cifar10/10Caps8Dim/Trained_multilayer_inter10_capsnet_cifar10_model_Epoch15_of_15.pt
02/17 04:13:28 AM | multilayer_inter10_capsnet_cifar10_model best accuracy=73.520 saved at: /content/drive/MyDrive/MSc_AI/Course/OCOM5300M-AI_Project/code_repository/results/train/cifar10/10Caps8Dim/Trained_multilayer_inter10_capsnet_cifar10_model_Epoch11_of_15.pt
02/17 04:13:29 AM | best_multilayer_inter10_capsnet_cifar10_model - Iterations=1/157, Batch Size=64, Top 1 Acc=76.562, Top 5 Acc=95.312
02/17 04:13:29 AM | best_multilayer_inter10_capsnet_cifar10_model - Iterations=2/157, Batch Size=64, Top 1 Acc=78.125, Top 5 Acc=96.875
02/17 04:13:29 AM | best_multilayer_inter10_capsnet_cifar10_model - Iterations=3/157, Batch Size=64, Top 1 Acc=77.083, Top 5 Acc=95.312
02/17 04:13:29 AM | best_multilayer_inter10_capsnet_cifar10_model - Iterations=4/157, Batch Size=64, Top 1 Acc=75.000, Top 5 Acc=94.531
02/17 04:13:29 AM | best_multilayer_inter10_capsnet_cifar10_model - Iterations=5/157, Batch Size=64, Top 1 Acc=75.000, Top 5 Acc=95.312
02/17 04:13:29 AM | best_multilayer_inter10_capsnet_cifar10_model - Iterations=6/157, Batch Size=64, Top 1 Acc=74.219, Top 5 Acc=95.312
02/17 04:13:29 AM | best_multilayer_inter10_capsnet_cifar10_model - Iterations=7/157, Batch Size=64, Top 1 Acc=73.438, Top 5 Acc=95.312
02/17 04:13:29 AM | best_multilayer_inter10_capsnet_cifar10_model - Iterations=8/157, Batch Size=64, Top 1 Acc=73.047, Top 5 Acc=95.508
02/17 04:13:29 AM | best_multilayer_inter10_capsnet_cifar10_model - Iterations=9/157, Batch Size=64, Top 1 Acc=73.438, Top 5 Acc=95.312
02/17 04:13:29 AM | best_multilayer_inter10_capsnet_cifar10_model - Iterations=10/157, Batch Size=64, Top 1 Acc=74.062, Top 5 Acc=95.625
02/17 04:13:29 AM | best_multilayer_inter10_capsnet_cifar10_model - Iterations=11/157, Batch Size=64, Top 1 Acc=73.580, Top 5 Acc=95.597
02/17 04:13:29 AM | best_multilayer_inter10_capsnet_cifar10_model - Iterations=12/157, Batch Size=64, Top 1 Acc=73.568, Top 5 Acc=95.833
02/17 04:13:30 AM | best_multilayer_inter10_capsnet_cifar10_model - Iterations=13/157, Batch Size=64, Top 1 Acc=73.077, Top 5 Acc=95.793
02/17 04:13:30 AM | best_multilayer_inter10_capsnet_cifar10_model - Iterations=14/157, Batch Size=64, Top 1 Acc=73.214, Top 5 Acc=95.982
02/17 04:13:30 AM | best_multilayer_inter10_capsnet_cifar10_model - Iterations=15/157, Batch Size=64, Top 1 Acc=73.542, Top 5 Acc=96.042
02/17 04:13:30 AM | best_multilayer_inter10_capsnet_cifar10_model - Iterations=16/157, Batch Size=64, Top 1 Acc=73.633, Top 5 Acc=95.996
02/17 04:13:30 AM | best_multilayer_inter10_capsnet_cifar10_model - Iterations=17/157, Batch Size=64, Top 1 Acc=73.713, Top 5 Acc=95.772
02/17 04:13:30 AM | best_multilayer_inter10_capsnet_cifar10_model - Iterations=18/157, Batch Size=64, Top 1 Acc=73.611, Top 5 Acc=95.747
02/17 04:13:30 AM | best_multilayer_inter10_capsnet_cifar10_model - Iterations=19/157, Batch Size=64, Top 1 Acc=73.849, Top 5 Acc=95.806
02/17 04:13:30 AM | best_multilayer_inter10_capsnet_cifar10_model - Iterations=20/157, Batch Size=64, Top 1 Acc=73.438, Top 5 Acc=95.703
02/17 04:13:30 AM | best_multilayer_inter10_capsnet_cifar10_model - Iterations=21/157, Batch Size=64, Top 1 Acc=73.140, Top 5 Acc=95.610
02/17 04:13:30 AM | best_multilayer_inter10_capsnet_cifar10_model - Iterations=22/157, Batch Size=64, Top 1 Acc=73.438, Top 5 Acc=95.597
02/17 04:13:30 AM | best_multilayer_inter10_capsnet_cifar10_model - Iterations=23/157, Batch Size=64, Top 1 Acc=73.777, Top 5 Acc=95.584
02/17 04:13:30 AM | best_multilayer_inter10_capsnet_cifar10_model - Iterations=24/157, Batch Size=64, Top 1 Acc=73.698, Top 5 Acc=95.508
02/17 04:13:30 AM | best_multilayer_inter10_capsnet_cifar10_model - Iterations=25/157, Batch Size=64, Top 1 Acc=73.938, Top 5 Acc=95.625
02/17 04:13:30 AM | best_multilayer_inter10_capsnet_cifar10_model - Iterations=26/157, Batch Size=64, Top 1 Acc=73.918, Top 5 Acc=95.493
02/17 04:13:30 AM | best_multilayer_inter10_capsnet_cifar10_model - Iterations=27/157, Batch Size=64, Top 1 Acc=74.074, Top 5 Acc=95.544
02/17 04:13:31 AM | best_multilayer_inter10_capsnet_cifar10_model - Iterations=28/157, Batch Size=64, Top 1 Acc=73.996, Top 5 Acc=95.647
02/17 04:13:31 AM | best_multilayer_inter10_capsnet_cifar10_model - Iterations=29/157, Batch Size=64, Top 1 Acc=73.869, Top 5 Acc=95.690
02/17 04:13:31 AM | best_multilayer_inter10_capsnet_cifar10_model - Iterations=30/157, Batch Size=64, Top 1 Acc=73.802, Top 5 Acc=95.573
02/17 04:13:31 AM | best_multilayer_inter10_capsnet_cifar10_model - Iterations=31/157, Batch Size=64, Top 1 Acc=73.589, Top 5 Acc=95.565
02/17 04:13:31 AM | best_multilayer_inter10_capsnet_cifar10_model - Iterations=32/157, Batch Size=64, Top 1 Acc=73.438, Top 5 Acc=95.508
02/17 04:13:31 AM | best_multilayer_inter10_capsnet_cifar10_model - Iterations=33/157, Batch Size=64, Top 1 Acc=73.532, Top 5 Acc=95.502
02/17 04:13:31 AM | best_multilayer_inter10_capsnet_cifar10_model - Iterations=34/157, Batch Size=64, Top 1 Acc=73.529, Top 5 Acc=95.542
02/17 04:13:31 AM | best_multilayer_inter10_capsnet_cifar10_model - Iterations=35/157, Batch Size=64, Top 1 Acc=73.571, Top 5 Acc=95.491
02/17 04:13:31 AM | best_multilayer_inter10_capsnet_cifar10_model - Iterations=36/157, Batch Size=64, Top 1 Acc=73.481, Top 5 Acc=95.486
02/17 04:13:31 AM | best_multilayer_inter10_capsnet_cifar10_model - Iterations=37/157, Batch Size=64, Top 1 Acc=73.269, Top 5 Acc=95.397
02/17 04:13:31 AM | best_multilayer_inter10_capsnet_cifar10_model - Iterations=38/157, Batch Size=64, Top 1 Acc=73.314, Top 5 Acc=95.477
02/17 04:13:31 AM | best_multilayer_inter10_capsnet_cifar10_model - Iterations=39/157, Batch Size=64, Top 1 Acc=73.277, Top 5 Acc=95.393
02/17 04:13:31 AM | best_multilayer_inter10_capsnet_cifar10_model - Iterations=40/157, Batch Size=64, Top 1 Acc=73.047, Top 5 Acc=95.156
02/17 04:13:31 AM | best_multilayer_inter10_capsnet_cifar10_model - Iterations=41/157, Batch Size=64, Top 1 Acc=73.056, Top 5 Acc=95.160
02/17 04:13:32 AM | best_multilayer_inter10_capsnet_cifar10_model - Iterations=42/157, Batch Size=64, Top 1 Acc=73.065, Top 5 Acc=95.089
02/17 04:13:32 AM | best_multilayer_inter10_capsnet_cifar10_model - Iterations=43/157, Batch Size=64, Top 1 Acc=73.038, Top 5 Acc=95.094
02/17 04:13:32 AM | best_multilayer_inter10_capsnet_cifar10_model - Iterations=44/157, Batch Size=64, Top 1 Acc=73.082, Top 5 Acc=95.064
02/17 04:13:32 AM | best_multilayer_inter10_capsnet_cifar10_model - Iterations=45/157, Batch Size=64, Top 1 Acc=73.056, Top 5 Acc=95.035
02/17 04:13:32 AM | best_multilayer_inter10_capsnet_cifar10_model - Iterations=46/157, Batch Size=64, Top 1 Acc=73.064, Top 5 Acc=94.939
02/17 04:13:32 AM | best_multilayer_inter10_capsnet_cifar10_model - Iterations=47/157, Batch Size=64, Top 1 Acc=73.072, Top 5 Acc=94.914
02/17 04:13:32 AM | best_multilayer_inter10_capsnet_cifar10_model - Iterations=48/157, Batch Size=64, Top 1 Acc=73.047, Top 5 Acc=94.954
02/17 04:13:32 AM | best_multilayer_inter10_capsnet_cifar10_model - Iterations=49/157, Batch Size=64, Top 1 Acc=73.023, Top 5 Acc=94.930
02/17 04:13:32 AM | best_multilayer_inter10_capsnet_cifar10_model - Iterations=50/157, Batch Size=64, Top 1 Acc=73.094, Top 5 Acc=94.969
02/17 04:13:32 AM | best_multilayer_inter10_capsnet_cifar10_model - Iterations=51/157, Batch Size=64, Top 1 Acc=72.947, Top 5 Acc=94.945
02/17 04:13:32 AM | best_multilayer_inter10_capsnet_cifar10_model - Iterations=52/157, Batch Size=64, Top 1 Acc=72.987, Top 5 Acc=94.982
02/17 04:13:32 AM | best_multilayer_inter10_capsnet_cifar10_model - Iterations=53/157, Batch Size=64, Top 1 Acc=72.877, Top 5 Acc=94.929
02/17 04:13:32 AM | best_multilayer_inter10_capsnet_cifar10_model - Iterations=54/157, Batch Size=64, Top 1 Acc=72.917, Top 5 Acc=94.936
02/17 04:13:32 AM | best_multilayer_inter10_capsnet_cifar10_model - Iterations=55/157, Batch Size=64, Top 1 Acc=72.983, Top 5 Acc=94.886
02/17 04:13:32 AM | best_multilayer_inter10_capsnet_cifar10_model - Iterations=56/157, Batch Size=64, Top 1 Acc=73.047, Top 5 Acc=94.894
02/17 04:13:33 AM | best_multilayer_inter10_capsnet_cifar10_model - Iterations=57/157, Batch Size=64, Top 1 Acc=72.999, Top 5 Acc=94.874
02/17 04:13:33 AM | best_multilayer_inter10_capsnet_cifar10_model - Iterations=58/157, Batch Size=64, Top 1 Acc=73.006, Top 5 Acc=94.908
02/17 04:13:33 AM | best_multilayer_inter10_capsnet_cifar10_model - Iterations=59/157, Batch Size=64, Top 1 Acc=72.961, Top 5 Acc=94.915
02/17 04:13:33 AM | best_multilayer_inter10_capsnet_cifar10_model - Iterations=60/157, Batch Size=64, Top 1 Acc=73.047, Top 5 Acc=94.896
02/17 04:13:33 AM | best_multilayer_inter10_capsnet_cifar10_model - Iterations=61/157, Batch Size=64, Top 1 Acc=73.233, Top 5 Acc=94.954
02/17 04:13:33 AM | best_multilayer_inter10_capsnet_cifar10_model - Iterations=62/157, Batch Size=64, Top 1 Acc=73.185, Top 5 Acc=94.960
02/17 04:13:33 AM | best_multilayer_inter10_capsnet_cifar10_model - Iterations=63/157, Batch Size=64, Top 1 Acc=73.313, Top 5 Acc=94.990
02/17 04:13:33 AM | best_multilayer_inter10_capsnet_cifar10_model - Iterations=64/157, Batch Size=64, Top 1 Acc=73.511, Top 5 Acc=95.020
02/17 04:13:33 AM | best_multilayer_inter10_capsnet_cifar10_model - Iterations=65/157, Batch Size=64, Top 1 Acc=73.558, Top 5 Acc=95.024
02/17 04:13:33 AM | best_multilayer_inter10_capsnet_cifar10_model - Iterations=66/157, Batch Size=64, Top 1 Acc=73.603, Top 5 Acc=95.052
02/17 04:13:33 AM | best_multilayer_inter10_capsnet_cifar10_model - Iterations=67/157, Batch Size=64, Top 1 Acc=73.717, Top 5 Acc=94.986
02/17 04:13:33 AM | best_multilayer_inter10_capsnet_cifar10_model - Iterations=68/157, Batch Size=64, Top 1 Acc=73.736, Top 5 Acc=94.968
02/17 04:13:33 AM | best_multilayer_inter10_capsnet_cifar10_model - Iterations=69/157, Batch Size=64, Top 1 Acc=73.800, Top 5 Acc=94.995
02/17 04:13:33 AM | best_multilayer_inter10_capsnet_cifar10_model - Iterations=70/157, Batch Size=64, Top 1 Acc=73.795, Top 5 Acc=95.022
02/17 04:13:33 AM | best_multilayer_inter10_capsnet_cifar10_model - Iterations=71/157, Batch Size=64, Top 1 Acc=73.856, Top 5 Acc=95.048
02/17 04:13:34 AM | best_multilayer_inter10_capsnet_cifar10_model - Iterations=72/157, Batch Size=64, Top 1 Acc=73.720, Top 5 Acc=94.987
02/17 04:13:34 AM | best_multilayer_inter10_capsnet_cifar10_model - Iterations=73/157, Batch Size=64, Top 1 Acc=73.780, Top 5 Acc=94.991
02/17 04:13:34 AM | best_multilayer_inter10_capsnet_cifar10_model - Iterations=74/157, Batch Size=64, Top 1 Acc=73.860, Top 5 Acc=95.017
02/17 04:13:34 AM | best_multilayer_inter10_capsnet_cifar10_model - Iterations=75/157, Batch Size=64, Top 1 Acc=73.875, Top 5 Acc=95.000
02/17 04:13:34 AM | best_multilayer_inter10_capsnet_cifar10_model - Iterations=76/157, Batch Size=64, Top 1 Acc=73.890, Top 5 Acc=95.004
02/17 04:13:34 AM | best_multilayer_inter10_capsnet_cifar10_model - Iterations=77/157, Batch Size=64, Top 1 Acc=73.965, Top 5 Acc=95.049
02/17 04:13:34 AM | best_multilayer_inter10_capsnet_cifar10_model - Iterations=78/157, Batch Size=64, Top 1 Acc=73.978, Top 5 Acc=94.992
02/17 04:13:34 AM | best_multilayer_inter10_capsnet_cifar10_model - Iterations=79/157, Batch Size=64, Top 1 Acc=74.110, Top 5 Acc=95.016
02/17 04:13:34 AM | best_multilayer_inter10_capsnet_cifar10_model - Iterations=80/157, Batch Size=64, Top 1 Acc=74.023, Top 5 Acc=95.020
02/17 04:13:34 AM | best_multilayer_inter10_capsnet_cifar10_model - Iterations=81/157, Batch Size=64, Top 1 Acc=74.132, Top 5 Acc=94.946
02/17 04:13:34 AM | best_multilayer_inter10_capsnet_cifar10_model - Iterations=82/157, Batch Size=64, Top 1 Acc=74.085, Top 5 Acc=94.970
02/17 04:13:34 AM | best_multilayer_inter10_capsnet_cifar10_model - Iterations=83/157, Batch Size=64, Top 1 Acc=74.134, Top 5 Acc=95.030
02/17 04:13:34 AM | best_multilayer_inter10_capsnet_cifar10_model - Iterations=84/157, Batch Size=64, Top 1 Acc=74.089, Top 5 Acc=94.996
02/17 04:13:34 AM | best_multilayer_inter10_capsnet_cifar10_model - Iterations=85/157, Batch Size=64, Top 1 Acc=73.989, Top 5 Acc=94.963
02/17 04:13:34 AM | best_multilayer_inter10_capsnet_cifar10_model - Iterations=86/157, Batch Size=64, Top 1 Acc=74.001, Top 5 Acc=95.022
02/17 04:13:35 AM | best_multilayer_inter10_capsnet_cifar10_model - Iterations=87/157, Batch Size=64, Top 1 Acc=74.012, Top 5 Acc=95.061
02/17 04:13:35 AM | best_multilayer_inter10_capsnet_cifar10_model - Iterations=88/157, Batch Size=64, Top 1 Acc=73.988, Top 5 Acc=95.046
02/17 04:13:35 AM | best_multilayer_inter10_capsnet_cifar10_model - Iterations=89/157, Batch Size=64, Top 1 Acc=73.947, Top 5 Acc=95.084
02/17 04:13:35 AM | best_multilayer_inter10_capsnet_cifar10_model - Iterations=90/157, Batch Size=64, Top 1 Acc=73.976, Top 5 Acc=95.087
02/17 04:13:35 AM | best_multilayer_inter10_capsnet_cifar10_model - Iterations=91/157, Batch Size=64, Top 1 Acc=74.056, Top 5 Acc=95.089
02/17 04:13:35 AM | best_multilayer_inter10_capsnet_cifar10_model - Iterations=92/157, Batch Size=64, Top 1 Acc=73.913, Top 5 Acc=95.092
02/17 04:13:35 AM | best_multilayer_inter10_capsnet_cifar10_model - Iterations=93/157, Batch Size=64, Top 1 Acc=73.874, Top 5 Acc=95.044
02/17 04:13:35 AM | best_multilayer_inter10_capsnet_cifar10_model - Iterations=94/157, Batch Size=64, Top 1 Acc=73.936, Top 5 Acc=95.080
02/17 04:13:35 AM | best_multilayer_inter10_capsnet_cifar10_model - Iterations=95/157, Batch Size=64, Top 1 Acc=73.849, Top 5 Acc=95.132
02/17 04:13:35 AM | best_multilayer_inter10_capsnet_cifar10_model - Iterations=96/157, Batch Size=64, Top 1 Acc=74.007, Top 5 Acc=95.182
02/17 04:13:35 AM | best_multilayer_inter10_capsnet_cifar10_model - Iterations=97/157, Batch Size=64, Top 1 Acc=73.921, Top 5 Acc=95.119
02/17 04:13:35 AM | best_multilayer_inter10_capsnet_cifar10_model - Iterations=98/157, Batch Size=64, Top 1 Acc=73.948, Top 5 Acc=95.137
02/17 04:13:35 AM | best_multilayer_inter10_capsnet_cifar10_model - Iterations=99/157, Batch Size=64, Top 1 Acc=74.021, Top 5 Acc=95.155
02/17 04:13:35 AM | best_multilayer_inter10_capsnet_cifar10_model - Iterations=100/157, Batch Size=64, Top 1 Acc=74.047, Top 5 Acc=95.172
02/17 04:13:36 AM | best_multilayer_inter10_capsnet_cifar10_model - Iterations=101/157, Batch Size=64, Top 1 Acc=74.056, Top 5 Acc=95.189
02/17 04:13:36 AM | best_multilayer_inter10_capsnet_cifar10_model - Iterations=102/157, Batch Size=64, Top 1 Acc=74.020, Top 5 Acc=95.159
02/17 04:13:36 AM | best_multilayer_inter10_capsnet_cifar10_model - Iterations=103/157, Batch Size=64, Top 1 Acc=73.999, Top 5 Acc=95.176
02/17 04:13:36 AM | best_multilayer_inter10_capsnet_cifar10_model - Iterations=104/157, Batch Size=64, Top 1 Acc=73.963, Top 5 Acc=95.147
02/17 04:13:36 AM | best_multilayer_inter10_capsnet_cifar10_model - Iterations=105/157, Batch Size=64, Top 1 Acc=73.958, Top 5 Acc=95.164
02/17 04:13:36 AM | best_multilayer_inter10_capsnet_cifar10_model - Iterations=106/157, Batch Size=64, Top 1 Acc=73.880, Top 5 Acc=95.180
02/17 04:13:36 AM | best_multilayer_inter10_capsnet_cifar10_model - Iterations=107/157, Batch Size=64, Top 1 Acc=73.919, Top 5 Acc=95.152
02/17 04:13:36 AM | best_multilayer_inter10_capsnet_cifar10_model - Iterations=108/157, Batch Size=64, Top 1 Acc=73.886, Top 5 Acc=95.139
02/17 04:13:36 AM | best_multilayer_inter10_capsnet_cifar10_model - Iterations=109/157, Batch Size=64, Top 1 Acc=73.796, Top 5 Acc=95.112
02/17 04:13:36 AM | best_multilayer_inter10_capsnet_cifar10_model - Iterations=110/157, Batch Size=64, Top 1 Acc=73.722, Top 5 Acc=95.156
02/17 04:13:36 AM | best_multilayer_inter10_capsnet_cifar10_model - Iterations=111/157, Batch Size=64, Top 1 Acc=73.691, Top 5 Acc=95.144
02/17 04:13:36 AM | best_multilayer_inter10_capsnet_cifar10_model - Iterations=112/157, Batch Size=64, Top 1 Acc=73.703, Top 5 Acc=95.117
02/17 04:13:36 AM | best_multilayer_inter10_capsnet_cifar10_model - Iterations=113/157, Batch Size=64, Top 1 Acc=73.673, Top 5 Acc=95.147
02/17 04:13:36 AM | best_multilayer_inter10_capsnet_cifar10_model - Iterations=114/157, Batch Size=64, Top 1 Acc=73.671, Top 5 Acc=95.134
02/17 04:13:36 AM | best_multilayer_inter10_capsnet_cifar10_model - Iterations=115/157, Batch Size=64, Top 1 Acc=73.818, Top 5 Acc=95.163
02/17 04:13:37 AM | best_multilayer_inter10_capsnet_cifar10_model - Iterations=116/157, Batch Size=64, Top 1 Acc=73.801, Top 5 Acc=95.151
02/17 04:13:37 AM | best_multilayer_inter10_capsnet_cifar10_model - Iterations=117/157, Batch Size=64, Top 1 Acc=73.838, Top 5 Acc=95.192
02/17 04:13:37 AM | best_multilayer_inter10_capsnet_cifar10_model - Iterations=118/157, Batch Size=64, Top 1 Acc=73.874, Top 5 Acc=95.207
02/17 04:13:37 AM | best_multilayer_inter10_capsnet_cifar10_model - Iterations=119/157, Batch Size=64, Top 1 Acc=73.818, Top 5 Acc=95.221
02/17 04:13:37 AM | best_multilayer_inter10_capsnet_cifar10_model - Iterations=120/157, Batch Size=64, Top 1 Acc=73.815, Top 5 Acc=95.221
02/17 04:13:37 AM | best_multilayer_inter10_capsnet_cifar10_model - Iterations=121/157, Batch Size=64, Top 1 Acc=73.877, Top 5 Acc=95.222
02/17 04:13:37 AM | best_multilayer_inter10_capsnet_cifar10_model - Iterations=122/157, Batch Size=64, Top 1 Acc=73.886, Top 5 Acc=95.223
02/17 04:13:37 AM | best_multilayer_inter10_capsnet_cifar10_model - Iterations=123/157, Batch Size=64, Top 1 Acc=73.844, Top 5 Acc=95.236
02/17 04:13:37 AM | best_multilayer_inter10_capsnet_cifar10_model - Iterations=124/157, Batch Size=64, Top 1 Acc=73.828, Top 5 Acc=95.199
02/17 04:13:37 AM | best_multilayer_inter10_capsnet_cifar10_model - Iterations=125/157, Batch Size=64, Top 1 Acc=73.862, Top 5 Acc=95.175
02/17 04:13:37 AM | best_multilayer_inter10_capsnet_cifar10_model - Iterations=126/157, Batch Size=64, Top 1 Acc=73.921, Top 5 Acc=95.188
02/17 04:13:37 AM | best_multilayer_inter10_capsnet_cifar10_model - Iterations=127/157, Batch Size=64, Top 1 Acc=73.893, Top 5 Acc=95.177
02/17 04:13:37 AM | best_multilayer_inter10_capsnet_cifar10_model - Iterations=128/157, Batch Size=64, Top 1 Acc=73.914, Top 5 Acc=95.190
02/17 04:13:37 AM | best_multilayer_inter10_capsnet_cifar10_model - Iterations=129/157, Batch Size=64, Top 1 Acc=73.946, Top 5 Acc=95.228
02/17 04:13:37 AM | best_multilayer_inter10_capsnet_cifar10_model - Iterations=130/157, Batch Size=64, Top 1 Acc=73.834, Top 5 Acc=95.216
02/17 04:13:38 AM | best_multilayer_inter10_capsnet_cifar10_model - Iterations=131/157, Batch Size=64, Top 1 Acc=73.843, Top 5 Acc=95.205
02/17 04:13:38 AM | best_multilayer_inter10_capsnet_cifar10_model - Iterations=132/157, Batch Size=64, Top 1 Acc=73.828, Top 5 Acc=95.218
02/17 04:13:38 AM | best_multilayer_inter10_capsnet_cifar10_model - Iterations=133/157, Batch Size=64, Top 1 Acc=73.790, Top 5 Acc=95.183
02/17 04:13:38 AM | best_multilayer_inter10_capsnet_cifar10_model - Iterations=134/157, Batch Size=64, Top 1 Acc=73.787, Top 5 Acc=95.184
02/17 04:13:38 AM | best_multilayer_inter10_capsnet_cifar10_model - Iterations=135/157, Batch Size=64, Top 1 Acc=73.785, Top 5 Acc=95.208
02/17 04:13:38 AM | best_multilayer_inter10_capsnet_cifar10_model - Iterations=136/157, Batch Size=64, Top 1 Acc=73.725, Top 5 Acc=95.198
02/17 04:13:38 AM | best_multilayer_inter10_capsnet_cifar10_model - Iterations=137/157, Batch Size=64, Top 1 Acc=73.688, Top 5 Acc=95.164
02/17 04:13:38 AM | best_multilayer_inter10_capsnet_cifar10_model - Iterations=138/157, Batch Size=64, Top 1 Acc=73.653, Top 5 Acc=95.165
02/17 04:13:38 AM | best_multilayer_inter10_capsnet_cifar10_model - Iterations=139/157, Batch Size=64, Top 1 Acc=73.707, Top 5 Acc=95.166
02/17 04:13:38 AM | best_multilayer_inter10_capsnet_cifar10_model - Iterations=140/157, Batch Size=64, Top 1 Acc=73.638, Top 5 Acc=95.156
02/17 04:13:38 AM | best_multilayer_inter10_capsnet_cifar10_model - Iterations=141/157, Batch Size=64, Top 1 Acc=73.637, Top 5 Acc=95.135
02/17 04:13:38 AM | best_multilayer_inter10_capsnet_cifar10_model - Iterations=142/157, Batch Size=64, Top 1 Acc=73.636, Top 5 Acc=95.114
02/17 04:13:38 AM | best_multilayer_inter10_capsnet_cifar10_model - Iterations=143/157, Batch Size=64, Top 1 Acc=73.612, Top 5 Acc=95.105
02/17 04:13:38 AM | best_multilayer_inter10_capsnet_cifar10_model - Iterations=144/157, Batch Size=64, Top 1 Acc=73.687, Top 5 Acc=95.128
02/17 04:13:39 AM | best_multilayer_inter10_capsnet_cifar10_model - Iterations=145/157, Batch Size=64, Top 1 Acc=73.664, Top 5 Acc=95.129
02/17 04:13:39 AM | best_multilayer_inter10_capsnet_cifar10_model - Iterations=146/157, Batch Size=64, Top 1 Acc=73.619, Top 5 Acc=95.109
02/17 04:13:39 AM | best_multilayer_inter10_capsnet_cifar10_model - Iterations=147/157, Batch Size=64, Top 1 Acc=73.618, Top 5 Acc=95.111
02/17 04:13:39 AM | best_multilayer_inter10_capsnet_cifar10_model - Iterations=148/157, Batch Size=64, Top 1 Acc=73.596, Top 5 Acc=95.112
02/17 04:13:39 AM | best_multilayer_inter10_capsnet_cifar10_model - Iterations=149/157, Batch Size=64, Top 1 Acc=73.658, Top 5 Acc=95.124
02/17 04:13:39 AM | best_multilayer_inter10_capsnet_cifar10_model - Iterations=150/157, Batch Size=64, Top 1 Acc=73.719, Top 5 Acc=95.146
02/17 04:13:39 AM | best_multilayer_inter10_capsnet_cifar10_model - Iterations=151/157, Batch Size=64, Top 1 Acc=73.707, Top 5 Acc=95.147
02/17 04:13:39 AM | best_multilayer_inter10_capsnet_cifar10_model - Iterations=152/157, Batch Size=64, Top 1 Acc=73.684, Top 5 Acc=95.138
02/17 04:13:39 AM | best_multilayer_inter10_capsnet_cifar10_model - Iterations=153/157, Batch Size=64, Top 1 Acc=73.632, Top 5 Acc=95.129
02/17 04:13:39 AM | best_multilayer_inter10_capsnet_cifar10_model - Iterations=154/157, Batch Size=64, Top 1 Acc=73.600, Top 5 Acc=95.110
02/17 04:13:39 AM | best_multilayer_inter10_capsnet_cifar10_model - Iterations=155/157, Batch Size=64, Top 1 Acc=73.589, Top 5 Acc=95.101
02/17 04:13:39 AM | best_multilayer_inter10_capsnet_cifar10_model - Iterations=156/157, Batch Size=64, Top 1 Acc=73.518, Top 5 Acc=95.072
02/17 04:13:39 AM | best_multilayer_inter10_capsnet_cifar10_model - Iterations=157/157, Batch Size=16, Top 1 Acc=73.520, Top 5 Acc=95.060
02/17 04:13:40 AM | best_multilayer_inter10_capsnet_cifar10_model ConvCaps Activations saved to /content/drive/MyDrive/MSc_AI/Course/OCOM5300M-AI_Project/code_repository/results/train/cifar10/10Caps8Dim/best_multilayer_inter10_capsnet_cifar10_model_convcaps_activations.pth
