01/07 03:28:52 AM | MultilayerCapsNet_InterLayer1_CIFAR10_CCM Training - Epoch=1, Iteration=(0/500), Loss=-0.0418, Top 1 Acc=91.00, Top 5 Acc=100.00
01/07 03:29:12 AM | MultilayerCapsNet_InterLayer1_CIFAR10_CCM Training - Epoch=1, Iteration=(100/500), Loss=-0.0512, Top 1 Acc=93.66, Top 5 Acc=99.40
01/07 03:29:32 AM | MultilayerCapsNet_InterLayer1_CIFAR10_CCM Training - Epoch=1, Iteration=(200/500), Loss=-0.0541, Top 1 Acc=94.19, Top 5 Acc=99.48
01/07 03:29:52 AM | MultilayerCapsNet_InterLayer1_CIFAR10_CCM Training - Epoch=1, Iteration=(300/500), Loss=-0.0537, Top 1 Acc=94.21, Top 5 Acc=99.52
01/07 03:30:13 AM | MultilayerCapsNet_InterLayer1_CIFAR10_CCM Training - Epoch=1, Iteration=(400/500), Loss=-0.0539, Top 1 Acc=94.29, Top 5 Acc=99.53
01/07 03:30:40 AM | MultilayerCapsNet_InterLayer1_CIFAR10_CCM Validation - Loss=0.1702, Top 1 Acc=78.590, Top 5 Acc=97.650
01/07 03:30:40 AM | Epoch 1 complete. Saved Checkpoint: /content/drive/MyDrive/MSc_AI/Course/OCOM5300M-AI_Project/code_repository/results/train/cifar10/Trained_MultilayerCapsNet_InterLayer1_CIFAR10_CCM_CCM_Epoch1_of_30.pt
01/07 03:30:40 AM | MultilayerCapsNet_InterLayer1_CIFAR10_CCM Training - Epoch=2, Iteration=(0/500), Loss=-0.0842, Top 1 Acc=99.00, Top 5 Acc=100.00
01/07 03:31:01 AM | MultilayerCapsNet_InterLayer1_CIFAR10_CCM Training - Epoch=2, Iteration=(100/500), Loss=-0.0700, Top 1 Acc=96.41, Top 5 Acc=99.58
01/07 03:31:21 AM | MultilayerCapsNet_InterLayer1_CIFAR10_CCM Training - Epoch=2, Iteration=(200/500), Loss=-0.0696, Top 1 Acc=96.47, Top 5 Acc=99.60
01/07 03:31:42 AM | MultilayerCapsNet_InterLayer1_CIFAR10_CCM Training - Epoch=2, Iteration=(300/500), Loss=-0.0685, Top 1 Acc=96.36, Top 5 Acc=99.63
01/07 03:32:03 AM | MultilayerCapsNet_InterLayer1_CIFAR10_CCM Training - Epoch=2, Iteration=(400/500), Loss=-0.0682, Top 1 Acc=96.31, Top 5 Acc=99.61
01/07 03:32:30 AM | MultilayerCapsNet_InterLayer1_CIFAR10_CCM Validation - Loss=0.1764, Top 1 Acc=77.900, Top 5 Acc=97.650
01/07 03:32:30 AM | Epoch 2 complete. Saved Checkpoint: /content/drive/MyDrive/MSc_AI/Course/OCOM5300M-AI_Project/code_repository/results/train/cifar10/Trained_MultilayerCapsNet_InterLayer1_CIFAR10_CCM_CCM_Epoch2_of_30.pt
01/07 03:32:31 AM | MultilayerCapsNet_InterLayer1_CIFAR10_CCM Training - Epoch=3, Iteration=(0/500), Loss=-0.0788, Top 1 Acc=97.00, Top 5 Acc=99.00
01/07 03:32:51 AM | MultilayerCapsNet_InterLayer1_CIFAR10_CCM Training - Epoch=3, Iteration=(100/500), Loss=-0.0785, Top 1 Acc=97.45, Top 5 Acc=99.62
01/07 03:33:12 AM | MultilayerCapsNet_InterLayer1_CIFAR10_CCM Training - Epoch=3, Iteration=(200/500), Loss=-0.0777, Top 1 Acc=97.50, Top 5 Acc=99.64
01/07 03:33:33 AM | MultilayerCapsNet_InterLayer1_CIFAR10_CCM Training - Epoch=3, Iteration=(300/500), Loss=-0.0772, Top 1 Acc=97.50, Top 5 Acc=99.63
01/07 03:33:54 AM | MultilayerCapsNet_InterLayer1_CIFAR10_CCM Training - Epoch=3, Iteration=(400/500), Loss=-0.0760, Top 1 Acc=97.41, Top 5 Acc=99.62
01/07 03:34:22 AM | MultilayerCapsNet_InterLayer1_CIFAR10_CCM Validation - Loss=0.1730, Top 1 Acc=79.040, Top 5 Acc=97.700
01/07 03:34:22 AM | Epoch 3 complete. Saved Checkpoint: /content/drive/MyDrive/MSc_AI/Course/OCOM5300M-AI_Project/code_repository/results/train/cifar10/Trained_MultilayerCapsNet_InterLayer1_CIFAR10_CCM_CCM_Epoch3_of_30.pt
01/07 03:34:22 AM | MultilayerCapsNet_InterLayer1_CIFAR10_CCM Training - Epoch=4, Iteration=(0/500), Loss=-0.0940, Top 1 Acc=97.00, Top 5 Acc=100.00
01/07 03:34:43 AM | MultilayerCapsNet_InterLayer1_CIFAR10_CCM Training - Epoch=4, Iteration=(100/500), Loss=-0.0884, Top 1 Acc=98.75, Top 5 Acc=99.74
01/07 03:35:04 AM | MultilayerCapsNet_InterLayer1_CIFAR10_CCM Training - Epoch=4, Iteration=(200/500), Loss=-0.0874, Top 1 Acc=98.61, Top 5 Acc=99.72
01/07 03:35:25 AM | MultilayerCapsNet_InterLayer1_CIFAR10_CCM Training - Epoch=4, Iteration=(300/500), Loss=-0.0857, Top 1 Acc=98.49, Top 5 Acc=99.72
01/07 03:35:46 AM | MultilayerCapsNet_InterLayer1_CIFAR10_CCM Training - Epoch=4, Iteration=(400/500), Loss=-0.0849, Top 1 Acc=98.39, Top 5 Acc=99.72
01/07 03:36:13 AM | MultilayerCapsNet_InterLayer1_CIFAR10_CCM Validation - Loss=0.1839, Top 1 Acc=78.030, Top 5 Acc=96.660
01/07 03:36:13 AM | Epoch 4 complete. Saved Checkpoint: /content/drive/MyDrive/MSc_AI/Course/OCOM5300M-AI_Project/code_repository/results/train/cifar10/Trained_MultilayerCapsNet_InterLayer1_CIFAR10_CCM_CCM_Epoch4_of_30.pt
01/07 03:36:14 AM | MultilayerCapsNet_InterLayer1_CIFAR10_CCM Training - Epoch=5, Iteration=(0/500), Loss=-0.0823, Top 1 Acc=98.00, Top 5 Acc=100.00
01/07 03:36:35 AM | MultilayerCapsNet_InterLayer1_CIFAR10_CCM Training - Epoch=5, Iteration=(100/500), Loss=-0.0884, Top 1 Acc=98.76, Top 5 Acc=99.69
01/07 03:36:55 AM | MultilayerCapsNet_InterLayer1_CIFAR10_CCM Training - Epoch=5, Iteration=(200/500), Loss=-0.0884, Top 1 Acc=98.79, Top 5 Acc=99.71
01/07 03:37:16 AM | MultilayerCapsNet_InterLayer1_CIFAR10_CCM Training - Epoch=5, Iteration=(300/500), Loss=-0.0885, Top 1 Acc=98.80, Top 5 Acc=99.72
01/07 03:37:37 AM | MultilayerCapsNet_InterLayer1_CIFAR10_CCM Training - Epoch=5, Iteration=(400/500), Loss=-0.0873, Top 1 Acc=98.63, Top 5 Acc=99.74
01/07 03:38:05 AM | MultilayerCapsNet_InterLayer1_CIFAR10_CCM Validation - Loss=0.1825, Top 1 Acc=78.570, Top 5 Acc=97.030
01/07 03:38:05 AM | Epoch 5 complete. Saved Checkpoint: /content/drive/MyDrive/MSc_AI/Course/OCOM5300M-AI_Project/code_repository/results/train/cifar10/Trained_MultilayerCapsNet_InterLayer1_CIFAR10_CCM_CCM_Epoch5_of_30.pt
01/07 03:38:05 AM | MultilayerCapsNet_InterLayer1_CIFAR10_CCM Training - Epoch=6, Iteration=(0/500), Loss=-0.0996, Top 1 Acc=100.00, Top 5 Acc=100.00
01/07 03:38:26 AM | MultilayerCapsNet_InterLayer1_CIFAR10_CCM Training - Epoch=6, Iteration=(100/500), Loss=-0.0905, Top 1 Acc=98.97, Top 5 Acc=99.80
01/07 03:38:47 AM | MultilayerCapsNet_InterLayer1_CIFAR10_CCM Training - Epoch=6, Iteration=(200/500), Loss=-0.0917, Top 1 Acc=99.01, Top 5 Acc=99.79
01/07 03:39:08 AM | MultilayerCapsNet_InterLayer1_CIFAR10_CCM Training - Epoch=6, Iteration=(300/500), Loss=-0.0906, Top 1 Acc=98.90, Top 5 Acc=99.76
01/07 03:39:28 AM | MultilayerCapsNet_InterLayer1_CIFAR10_CCM Training - Epoch=6, Iteration=(400/500), Loss=-0.0898, Top 1 Acc=98.86, Top 5 Acc=99.75
01/07 03:39:56 AM | MultilayerCapsNet_InterLayer1_CIFAR10_CCM Validation - Loss=0.1954, Top 1 Acc=77.240, Top 5 Acc=96.560
01/07 03:39:56 AM | Epoch 6 complete. Saved Checkpoint: /content/drive/MyDrive/MSc_AI/Course/OCOM5300M-AI_Project/code_repository/results/train/cifar10/Trained_MultilayerCapsNet_InterLayer1_CIFAR10_CCM_CCM_Epoch6_of_30.pt
01/07 03:39:56 AM | MultilayerCapsNet_InterLayer1_CIFAR10_CCM Training - Epoch=7, Iteration=(0/500), Loss=-0.0908, Top 1 Acc=100.00, Top 5 Acc=100.00
01/07 03:40:17 AM | MultilayerCapsNet_InterLayer1_CIFAR10_CCM Training - Epoch=7, Iteration=(100/500), Loss=-0.0925, Top 1 Acc=99.07, Top 5 Acc=99.84
01/07 03:40:38 AM | MultilayerCapsNet_InterLayer1_CIFAR10_CCM Training - Epoch=7, Iteration=(200/500), Loss=-0.0927, Top 1 Acc=99.13, Top 5 Acc=99.84
01/07 03:40:59 AM | MultilayerCapsNet_InterLayer1_CIFAR10_CCM Training - Epoch=7, Iteration=(300/500), Loss=-0.0923, Top 1 Acc=99.11, Top 5 Acc=99.81
01/07 03:41:20 AM | MultilayerCapsNet_InterLayer1_CIFAR10_CCM Training - Epoch=7, Iteration=(400/500), Loss=-0.0918, Top 1 Acc=99.04, Top 5 Acc=99.79
01/07 03:41:47 AM | MultilayerCapsNet_InterLayer1_CIFAR10_CCM Validation - Loss=0.1911, Top 1 Acc=78.150, Top 5 Acc=96.230
01/07 03:41:47 AM | Epoch 7 complete. Saved Checkpoint: /content/drive/MyDrive/MSc_AI/Course/OCOM5300M-AI_Project/code_repository/results/train/cifar10/Trained_MultilayerCapsNet_InterLayer1_CIFAR10_CCM_CCM_Epoch7_of_30.pt
01/07 03:41:47 AM | MultilayerCapsNet_InterLayer1_CIFAR10_CCM Training - Epoch=8, Iteration=(0/500), Loss=-0.1127, Top 1 Acc=100.00, Top 5 Acc=100.00
01/07 03:42:08 AM | MultilayerCapsNet_InterLayer1_CIFAR10_CCM Training - Epoch=8, Iteration=(100/500), Loss=-0.0935, Top 1 Acc=99.22, Top 5 Acc=99.89
01/07 03:42:29 AM | MultilayerCapsNet_InterLayer1_CIFAR10_CCM Training - Epoch=8, Iteration=(200/500), Loss=-0.0928, Top 1 Acc=99.19, Top 5 Acc=99.83
01/07 03:42:50 AM | MultilayerCapsNet_InterLayer1_CIFAR10_CCM Training - Epoch=8, Iteration=(300/500), Loss=-0.0935, Top 1 Acc=99.24, Top 5 Acc=99.83
01/07 03:43:11 AM | MultilayerCapsNet_InterLayer1_CIFAR10_CCM Training - Epoch=8, Iteration=(400/500), Loss=-0.0930, Top 1 Acc=99.20, Top 5 Acc=99.83
01/07 03:43:38 AM | MultilayerCapsNet_InterLayer1_CIFAR10_CCM Validation - Loss=0.1959, Top 1 Acc=77.800, Top 5 Acc=96.320
01/07 03:43:38 AM | Epoch 8 complete. Saved Checkpoint: /content/drive/MyDrive/MSc_AI/Course/OCOM5300M-AI_Project/code_repository/results/train/cifar10/Trained_MultilayerCapsNet_InterLayer1_CIFAR10_CCM_CCM_Epoch8_of_30.pt
01/07 03:43:39 AM | MultilayerCapsNet_InterLayer1_CIFAR10_CCM Training - Epoch=9, Iteration=(0/500), Loss=-0.0897, Top 1 Acc=99.00, Top 5 Acc=100.00
01/07 03:43:59 AM | MultilayerCapsNet_InterLayer1_CIFAR10_CCM Training - Epoch=9, Iteration=(100/500), Loss=-0.0948, Top 1 Acc=99.23, Top 5 Acc=99.85
01/07 03:44:20 AM | MultilayerCapsNet_InterLayer1_CIFAR10_CCM Training - Epoch=9, Iteration=(200/500), Loss=-0.0946, Top 1 Acc=99.28, Top 5 Acc=99.88
01/07 03:44:41 AM | MultilayerCapsNet_InterLayer1_CIFAR10_CCM Training - Epoch=9, Iteration=(300/500), Loss=-0.0936, Top 1 Acc=99.23, Top 5 Acc=99.88
01/07 03:45:02 AM | MultilayerCapsNet_InterLayer1_CIFAR10_CCM Training - Epoch=9, Iteration=(400/500), Loss=-0.0921, Top 1 Acc=99.15, Top 5 Acc=99.86
01/07 03:45:29 AM | MultilayerCapsNet_InterLayer1_CIFAR10_CCM Validation - Loss=0.1940, Top 1 Acc=78.330, Top 5 Acc=96.250
01/07 03:45:30 AM | Epoch 9 complete. Saved Checkpoint: /content/drive/MyDrive/MSc_AI/Course/OCOM5300M-AI_Project/code_repository/results/train/cifar10/Trained_MultilayerCapsNet_InterLayer1_CIFAR10_CCM_CCM_Epoch9_of_30.pt
01/07 03:45:30 AM | MultilayerCapsNet_InterLayer1_CIFAR10_CCM Training - Epoch=10, Iteration=(0/500), Loss=-0.0847, Top 1 Acc=99.00, Top 5 Acc=100.00
01/07 03:45:51 AM | MultilayerCapsNet_InterLayer1_CIFAR10_CCM Training - Epoch=10, Iteration=(100/500), Loss=-0.0925, Top 1 Acc=99.41, Top 5 Acc=99.82
01/07 03:46:11 AM | MultilayerCapsNet_InterLayer1_CIFAR10_CCM Training - Epoch=10, Iteration=(200/500), Loss=-0.0934, Top 1 Acc=99.41, Top 5 Acc=99.84
01/07 03:46:32 AM | MultilayerCapsNet_InterLayer1_CIFAR10_CCM Training - Epoch=10, Iteration=(300/500), Loss=-0.0929, Top 1 Acc=99.36, Top 5 Acc=99.85
01/07 03:46:53 AM | MultilayerCapsNet_InterLayer1_CIFAR10_CCM Training - Epoch=10, Iteration=(400/500), Loss=-0.0917, Top 1 Acc=99.21, Top 5 Acc=99.85
01/07 03:47:21 AM | MultilayerCapsNet_InterLayer1_CIFAR10_CCM Validation - Loss=0.1926, Top 1 Acc=78.600, Top 5 Acc=96.580
01/07 03:47:21 AM | Epoch 10 complete. Saved Checkpoint: /content/drive/MyDrive/MSc_AI/Course/OCOM5300M-AI_Project/code_repository/results/train/cifar10/Trained_MultilayerCapsNet_InterLayer1_CIFAR10_CCM_CCM_Epoch10_of_30.pt
01/07 03:47:21 AM | MultilayerCapsNet_InterLayer1_CIFAR10_CCM Training - Epoch=11, Iteration=(0/500), Loss=-0.0749, Top 1 Acc=98.00, Top 5 Acc=98.00
01/07 03:47:42 AM | MultilayerCapsNet_InterLayer1_CIFAR10_CCM Training - Epoch=11, Iteration=(100/500), Loss=-0.0941, Top 1 Acc=99.42, Top 5 Acc=99.85
01/07 03:48:03 AM | MultilayerCapsNet_InterLayer1_CIFAR10_CCM Training - Epoch=11, Iteration=(200/500), Loss=-0.0948, Top 1 Acc=99.41, Top 5 Acc=99.87
01/07 03:48:24 AM | MultilayerCapsNet_InterLayer1_CIFAR10_CCM Training - Epoch=11, Iteration=(300/500), Loss=-0.0945, Top 1 Acc=99.41, Top 5 Acc=99.87
01/07 03:48:44 AM | MultilayerCapsNet_InterLayer1_CIFAR10_CCM Training - Epoch=11, Iteration=(400/500), Loss=-0.0936, Top 1 Acc=99.36, Top 5 Acc=99.86
01/07 03:49:12 AM | MultilayerCapsNet_InterLayer1_CIFAR10_CCM Validation - Loss=0.1988, Top 1 Acc=78.420, Top 5 Acc=95.780
01/07 03:49:12 AM | Epoch 11 complete. Saved Checkpoint: /content/drive/MyDrive/MSc_AI/Course/OCOM5300M-AI_Project/code_repository/results/train/cifar10/Trained_MultilayerCapsNet_InterLayer1_CIFAR10_CCM_CCM_Epoch11_of_30.pt
01/07 03:49:12 AM | MultilayerCapsNet_InterLayer1_CIFAR10_CCM Training - Epoch=12, Iteration=(0/500), Loss=-0.0952, Top 1 Acc=100.00, Top 5 Acc=100.00
01/07 03:49:33 AM | MultilayerCapsNet_InterLayer1_CIFAR10_CCM Training - Epoch=12, Iteration=(100/500), Loss=-0.0975, Top 1 Acc=99.66, Top 5 Acc=99.94
01/07 03:49:54 AM | MultilayerCapsNet_InterLayer1_CIFAR10_CCM Training - Epoch=12, Iteration=(200/500), Loss=-0.0966, Top 1 Acc=99.56, Top 5 Acc=99.90
01/07 03:50:15 AM | MultilayerCapsNet_InterLayer1_CIFAR10_CCM Training - Epoch=12, Iteration=(300/500), Loss=-0.0946, Top 1 Acc=99.43, Top 5 Acc=99.87
01/07 03:50:35 AM | MultilayerCapsNet_InterLayer1_CIFAR10_CCM Training - Epoch=12, Iteration=(400/500), Loss=-0.0941, Top 1 Acc=99.41, Top 5 Acc=99.87
01/07 03:51:03 AM | MultilayerCapsNet_InterLayer1_CIFAR10_CCM Validation - Loss=0.1995, Top 1 Acc=77.970, Top 5 Acc=96.140
01/07 03:51:03 AM | Epoch 12 complete. Saved Checkpoint: /content/drive/MyDrive/MSc_AI/Course/OCOM5300M-AI_Project/code_repository/results/train/cifar10/Trained_MultilayerCapsNet_InterLayer1_CIFAR10_CCM_CCM_Epoch12_of_30.pt
01/07 03:51:03 AM | MultilayerCapsNet_InterLayer1_CIFAR10_CCM Training - Epoch=13, Iteration=(0/500), Loss=-0.0954, Top 1 Acc=99.00, Top 5 Acc=100.00
01/07 03:51:24 AM | MultilayerCapsNet_InterLayer1_CIFAR10_CCM Training - Epoch=13, Iteration=(100/500), Loss=-0.0960, Top 1 Acc=99.41, Top 5 Acc=99.86
01/07 03:51:45 AM | MultilayerCapsNet_InterLayer1_CIFAR10_CCM Training - Epoch=13, Iteration=(200/500), Loss=-0.0949, Top 1 Acc=99.34, Top 5 Acc=99.88
01/07 03:52:06 AM | MultilayerCapsNet_InterLayer1_CIFAR10_CCM Training - Epoch=13, Iteration=(300/500), Loss=-0.0942, Top 1 Acc=99.31, Top 5 Acc=99.88
01/07 03:52:27 AM | MultilayerCapsNet_InterLayer1_CIFAR10_CCM Training - Epoch=13, Iteration=(400/500), Loss=-0.0938, Top 1 Acc=99.31, Top 5 Acc=99.89
01/07 03:52:54 AM | MultilayerCapsNet_InterLayer1_CIFAR10_CCM Validation - Loss=0.2066, Top 1 Acc=77.120, Top 5 Acc=95.780
01/07 03:52:54 AM | Epoch 13 complete. Saved Checkpoint: /content/drive/MyDrive/MSc_AI/Course/OCOM5300M-AI_Project/code_repository/results/train/cifar10/Trained_MultilayerCapsNet_InterLayer1_CIFAR10_CCM_CCM_Epoch13_of_30.pt
01/07 03:52:54 AM | MultilayerCapsNet_InterLayer1_CIFAR10_CCM Training - Epoch=14, Iteration=(0/500), Loss=-0.0774, Top 1 Acc=99.00, Top 5 Acc=100.00
01/07 03:53:15 AM | MultilayerCapsNet_InterLayer1_CIFAR10_CCM Training - Epoch=14, Iteration=(100/500), Loss=-0.0948, Top 1 Acc=99.48, Top 5 Acc=99.88
01/07 03:53:36 AM | MultilayerCapsNet_InterLayer1_CIFAR10_CCM Training - Epoch=14, Iteration=(200/500), Loss=-0.0946, Top 1 Acc=99.48, Top 5 Acc=99.91
01/07 03:53:57 AM | MultilayerCapsNet_InterLayer1_CIFAR10_CCM Training - Epoch=14, Iteration=(300/500), Loss=-0.0945, Top 1 Acc=99.45, Top 5 Acc=99.89
01/07 03:54:18 AM | MultilayerCapsNet_InterLayer1_CIFAR10_CCM Training - Epoch=14, Iteration=(400/500), Loss=-0.0942, Top 1 Acc=99.45, Top 5 Acc=99.89
01/07 03:54:45 AM | MultilayerCapsNet_InterLayer1_CIFAR10_CCM Validation - Loss=0.1958, Top 1 Acc=78.350, Top 5 Acc=96.420
01/07 03:54:45 AM | Epoch 14 complete. Saved Checkpoint: /content/drive/MyDrive/MSc_AI/Course/OCOM5300M-AI_Project/code_repository/results/train/cifar10/Trained_MultilayerCapsNet_InterLayer1_CIFAR10_CCM_CCM_Epoch14_of_30.pt
01/07 03:54:45 AM | MultilayerCapsNet_InterLayer1_CIFAR10_CCM Training - Epoch=15, Iteration=(0/500), Loss=-0.1037, Top 1 Acc=100.00, Top 5 Acc=100.00
01/07 03:55:06 AM | MultilayerCapsNet_InterLayer1_CIFAR10_CCM Training - Epoch=15, Iteration=(100/500), Loss=-0.0954, Top 1 Acc=99.60, Top 5 Acc=99.89
01/07 03:55:27 AM | MultilayerCapsNet_InterLayer1_CIFAR10_CCM Training - Epoch=15, Iteration=(200/500), Loss=-0.0960, Top 1 Acc=99.59, Top 5 Acc=99.90
01/07 03:55:48 AM | MultilayerCapsNet_InterLayer1_CIFAR10_CCM Training - Epoch=15, Iteration=(300/500), Loss=-0.0952, Top 1 Acc=99.54, Top 5 Acc=99.91
01/07 03:56:09 AM | MultilayerCapsNet_InterLayer1_CIFAR10_CCM Training - Epoch=15, Iteration=(400/500), Loss=-0.0951, Top 1 Acc=99.51, Top 5 Acc=99.90
01/07 03:56:36 AM | MultilayerCapsNet_InterLayer1_CIFAR10_CCM Validation - Loss=0.2000, Top 1 Acc=77.610, Top 5 Acc=96.010
01/07 03:56:36 AM | Epoch 15 complete. Saved Checkpoint: /content/drive/MyDrive/MSc_AI/Course/OCOM5300M-AI_Project/code_repository/results/train/cifar10/Trained_MultilayerCapsNet_InterLayer1_CIFAR10_CCM_CCM_Epoch15_of_30.pt
01/07 03:56:36 AM | MultilayerCapsNet_InterLayer1_CIFAR10_CCM Training - Epoch=16, Iteration=(0/500), Loss=-0.0994, Top 1 Acc=100.00, Top 5 Acc=100.00
01/07 03:56:57 AM | MultilayerCapsNet_InterLayer1_CIFAR10_CCM Training - Epoch=16, Iteration=(100/500), Loss=-0.0947, Top 1 Acc=99.60, Top 5 Acc=99.93
01/07 03:57:18 AM | MultilayerCapsNet_InterLayer1_CIFAR10_CCM Training - Epoch=16, Iteration=(200/500), Loss=-0.0947, Top 1 Acc=99.55, Top 5 Acc=99.93
01/07 03:57:39 AM | MultilayerCapsNet_InterLayer1_CIFAR10_CCM Training - Epoch=16, Iteration=(300/500), Loss=-0.0943, Top 1 Acc=99.49, Top 5 Acc=99.92
01/07 03:58:00 AM | MultilayerCapsNet_InterLayer1_CIFAR10_CCM Training - Epoch=16, Iteration=(400/500), Loss=-0.0937, Top 1 Acc=99.47, Top 5 Acc=99.92
01/07 03:58:27 AM | MultilayerCapsNet_InterLayer1_CIFAR10_CCM Validation - Loss=0.2067, Top 1 Acc=78.000, Top 5 Acc=95.160
01/07 03:58:27 AM | Epoch 16 complete. Saved Checkpoint: /content/drive/MyDrive/MSc_AI/Course/OCOM5300M-AI_Project/code_repository/results/train/cifar10/Trained_MultilayerCapsNet_InterLayer1_CIFAR10_CCM_CCM_Epoch16_of_30.pt
01/07 03:58:27 AM | MultilayerCapsNet_InterLayer1_CIFAR10_CCM Training - Epoch=17, Iteration=(0/500), Loss=-0.0869, Top 1 Acc=99.00, Top 5 Acc=100.00
01/07 03:58:48 AM | MultilayerCapsNet_InterLayer1_CIFAR10_CCM Training - Epoch=17, Iteration=(100/500), Loss=-0.0952, Top 1 Acc=99.51, Top 5 Acc=99.93
01/07 03:59:09 AM | MultilayerCapsNet_InterLayer1_CIFAR10_CCM Training - Epoch=17, Iteration=(200/500), Loss=-0.0954, Top 1 Acc=99.55, Top 5 Acc=99.94
01/07 03:59:30 AM | MultilayerCapsNet_InterLayer1_CIFAR10_CCM Training - Epoch=17, Iteration=(300/500), Loss=-0.0951, Top 1 Acc=99.54, Top 5 Acc=99.94
01/07 03:59:51 AM | MultilayerCapsNet_InterLayer1_CIFAR10_CCM Training - Epoch=17, Iteration=(400/500), Loss=-0.0950, Top 1 Acc=99.54, Top 5 Acc=99.92
01/07 04:00:18 AM | MultilayerCapsNet_InterLayer1_CIFAR10_CCM Validation - Loss=0.2000, Top 1 Acc=78.110, Top 5 Acc=95.570
01/07 04:00:18 AM | Epoch 17 complete. Saved Checkpoint: /content/drive/MyDrive/MSc_AI/Course/OCOM5300M-AI_Project/code_repository/results/train/cifar10/Trained_MultilayerCapsNet_InterLayer1_CIFAR10_CCM_CCM_Epoch17_of_30.pt
01/07 04:00:18 AM | MultilayerCapsNet_InterLayer1_CIFAR10_CCM Training - Epoch=18, Iteration=(0/500), Loss=-0.0997, Top 1 Acc=100.00, Top 5 Acc=100.00
01/07 04:00:39 AM | MultilayerCapsNet_InterLayer1_CIFAR10_CCM Training - Epoch=18, Iteration=(100/500), Loss=-0.0969, Top 1 Acc=99.68, Top 5 Acc=99.96
01/07 04:01:00 AM | MultilayerCapsNet_InterLayer1_CIFAR10_CCM Training - Epoch=18, Iteration=(200/500), Loss=-0.0968, Top 1 Acc=99.70, Top 5 Acc=99.95
01/07 04:01:21 AM | MultilayerCapsNet_InterLayer1_CIFAR10_CCM Training - Epoch=18, Iteration=(300/500), Loss=-0.0952, Top 1 Acc=99.61, Top 5 Acc=99.93
01/07 04:01:41 AM | MultilayerCapsNet_InterLayer1_CIFAR10_CCM Training - Epoch=18, Iteration=(400/500), Loss=-0.0952, Top 1 Acc=99.57, Top 5 Acc=99.93
01/07 04:02:09 AM | MultilayerCapsNet_InterLayer1_CIFAR10_CCM Validation - Loss=0.2083, Top 1 Acc=77.590, Top 5 Acc=94.890
01/07 04:02:09 AM | Epoch 18 complete. Saved Checkpoint: /content/drive/MyDrive/MSc_AI/Course/OCOM5300M-AI_Project/code_repository/results/train/cifar10/Trained_MultilayerCapsNet_InterLayer1_CIFAR10_CCM_CCM_Epoch18_of_30.pt
01/07 04:02:09 AM | MultilayerCapsNet_InterLayer1_CIFAR10_CCM Training - Epoch=19, Iteration=(0/500), Loss=-0.0916, Top 1 Acc=99.00, Top 5 Acc=100.00
01/07 04:02:30 AM | MultilayerCapsNet_InterLayer1_CIFAR10_CCM Training - Epoch=19, Iteration=(100/500), Loss=-0.0932, Top 1 Acc=99.64, Top 5 Acc=99.96
01/07 04:02:51 AM | MultilayerCapsNet_InterLayer1_CIFAR10_CCM Training - Epoch=19, Iteration=(200/500), Loss=-0.0945, Top 1 Acc=99.61, Top 5 Acc=99.93
01/07 04:03:11 AM | MultilayerCapsNet_InterLayer1_CIFAR10_CCM Training - Epoch=19, Iteration=(300/500), Loss=-0.0938, Top 1 Acc=99.57, Top 5 Acc=99.93
01/07 04:03:32 AM | MultilayerCapsNet_InterLayer1_CIFAR10_CCM Training - Epoch=19, Iteration=(400/500), Loss=-0.0937, Top 1 Acc=99.59, Top 5 Acc=99.93
01/07 04:03:59 AM | MultilayerCapsNet_InterLayer1_CIFAR10_CCM Validation - Loss=0.2024, Top 1 Acc=77.510, Top 5 Acc=95.690
01/07 04:04:00 AM | Epoch 19 complete. Saved Checkpoint: /content/drive/MyDrive/MSc_AI/Course/OCOM5300M-AI_Project/code_repository/results/train/cifar10/Trained_MultilayerCapsNet_InterLayer1_CIFAR10_CCM_CCM_Epoch19_of_30.pt
01/07 04:04:00 AM | MultilayerCapsNet_InterLayer1_CIFAR10_CCM Training - Epoch=20, Iteration=(0/500), Loss=-0.0843, Top 1 Acc=98.00, Top 5 Acc=100.00
01/07 04:04:21 AM | MultilayerCapsNet_InterLayer1_CIFAR10_CCM Training - Epoch=20, Iteration=(100/500), Loss=-0.0959, Top 1 Acc=99.66, Top 5 Acc=99.94
01/07 04:04:41 AM | MultilayerCapsNet_InterLayer1_CIFAR10_CCM Training - Epoch=20, Iteration=(200/500), Loss=-0.0961, Top 1 Acc=99.71, Top 5 Acc=99.96
01/07 04:05:02 AM | MultilayerCapsNet_InterLayer1_CIFAR10_CCM Training - Epoch=20, Iteration=(300/500), Loss=-0.0956, Top 1 Acc=99.69, Top 5 Acc=99.95
01/07 04:05:23 AM | MultilayerCapsNet_InterLayer1_CIFAR10_CCM Training - Epoch=20, Iteration=(400/500), Loss=-0.0948, Top 1 Acc=99.64, Top 5 Acc=99.94
01/07 04:05:50 AM | MultilayerCapsNet_InterLayer1_CIFAR10_CCM Validation - Loss=0.2003, Top 1 Acc=78.460, Top 5 Acc=95.490
01/07 04:05:50 AM | Epoch 20 complete. Saved Checkpoint: /content/drive/MyDrive/MSc_AI/Course/OCOM5300M-AI_Project/code_repository/results/train/cifar10/Trained_MultilayerCapsNet_InterLayer1_CIFAR10_CCM_CCM_Epoch20_of_30.pt
01/07 04:05:51 AM | MultilayerCapsNet_InterLayer1_CIFAR10_CCM Training - Epoch=21, Iteration=(0/500), Loss=-0.1033, Top 1 Acc=100.00, Top 5 Acc=100.00
01/07 04:06:11 AM | MultilayerCapsNet_InterLayer1_CIFAR10_CCM Training - Epoch=21, Iteration=(100/500), Loss=-0.0964, Top 1 Acc=99.71, Top 5 Acc=99.95
01/07 04:06:32 AM | MultilayerCapsNet_InterLayer1_CIFAR10_CCM Training - Epoch=21, Iteration=(200/500), Loss=-0.0956, Top 1 Acc=99.64, Top 5 Acc=99.94
01/07 04:06:53 AM | MultilayerCapsNet_InterLayer1_CIFAR10_CCM Training - Epoch=21, Iteration=(300/500), Loss=-0.0956, Top 1 Acc=99.65, Top 5 Acc=99.93
01/07 04:07:14 AM | MultilayerCapsNet_InterLayer1_CIFAR10_CCM Training - Epoch=21, Iteration=(400/500), Loss=-0.0961, Top 1 Acc=99.68, Top 5 Acc=99.94
01/07 04:07:41 AM | MultilayerCapsNet_InterLayer1_CIFAR10_CCM Validation - Loss=0.2049, Top 1 Acc=78.100, Top 5 Acc=95.260
01/07 04:07:41 AM | Epoch 21 complete. Saved Checkpoint: /content/drive/MyDrive/MSc_AI/Course/OCOM5300M-AI_Project/code_repository/results/train/cifar10/Trained_MultilayerCapsNet_InterLayer1_CIFAR10_CCM_CCM_Epoch21_of_30.pt
01/07 04:07:42 AM | MultilayerCapsNet_InterLayer1_CIFAR10_CCM Training - Epoch=22, Iteration=(0/500), Loss=-0.0894, Top 1 Acc=100.00, Top 5 Acc=100.00
01/07 04:08:02 AM | MultilayerCapsNet_InterLayer1_CIFAR10_CCM Training - Epoch=22, Iteration=(100/500), Loss=-0.0964, Top 1 Acc=99.73, Top 5 Acc=99.95
01/07 04:08:23 AM | MultilayerCapsNet_InterLayer1_CIFAR10_CCM Training - Epoch=22, Iteration=(200/500), Loss=-0.0965, Top 1 Acc=99.73, Top 5 Acc=99.94
01/07 04:08:44 AM | MultilayerCapsNet_InterLayer1_CIFAR10_CCM Training - Epoch=22, Iteration=(300/500), Loss=-0.0964, Top 1 Acc=99.71, Top 5 Acc=99.95
01/07 04:09:05 AM | MultilayerCapsNet_InterLayer1_CIFAR10_CCM Training - Epoch=22, Iteration=(400/500), Loss=-0.0963, Top 1 Acc=99.70, Top 5 Acc=99.95
01/07 04:09:32 AM | MultilayerCapsNet_InterLayer1_CIFAR10_CCM Validation - Loss=0.2051, Top 1 Acc=77.920, Top 5 Acc=95.400
01/07 04:09:32 AM | Epoch 22 complete. Saved Checkpoint: /content/drive/MyDrive/MSc_AI/Course/OCOM5300M-AI_Project/code_repository/results/train/cifar10/Trained_MultilayerCapsNet_InterLayer1_CIFAR10_CCM_CCM_Epoch22_of_30.pt
01/07 04:09:32 AM | MultilayerCapsNet_InterLayer1_CIFAR10_CCM Training - Epoch=23, Iteration=(0/500), Loss=-0.0948, Top 1 Acc=99.00, Top 5 Acc=100.00
01/07 04:09:53 AM | MultilayerCapsNet_InterLayer1_CIFAR10_CCM Training - Epoch=23, Iteration=(100/500), Loss=-0.0939, Top 1 Acc=99.71, Top 5 Acc=99.97
01/07 04:10:14 AM | MultilayerCapsNet_InterLayer1_CIFAR10_CCM Training - Epoch=23, Iteration=(200/500), Loss=-0.0941, Top 1 Acc=99.69, Top 5 Acc=99.96
01/07 04:10:35 AM | MultilayerCapsNet_InterLayer1_CIFAR10_CCM Training - Epoch=23, Iteration=(300/500), Loss=-0.0940, Top 1 Acc=99.64, Top 5 Acc=99.96
01/07 04:10:55 AM | MultilayerCapsNet_InterLayer1_CIFAR10_CCM Training - Epoch=23, Iteration=(400/500), Loss=-0.0942, Top 1 Acc=99.65, Top 5 Acc=99.96
01/07 04:11:23 AM | MultilayerCapsNet_InterLayer1_CIFAR10_CCM Validation - Loss=0.2124, Top 1 Acc=77.470, Top 5 Acc=94.680
01/07 04:11:23 AM | Epoch 23 complete. Saved Checkpoint: /content/drive/MyDrive/MSc_AI/Course/OCOM5300M-AI_Project/code_repository/results/train/cifar10/Trained_MultilayerCapsNet_InterLayer1_CIFAR10_CCM_CCM_Epoch23_of_30.pt
01/07 04:11:23 AM | MultilayerCapsNet_InterLayer1_CIFAR10_CCM Training - Epoch=24, Iteration=(0/500), Loss=-0.0991, Top 1 Acc=100.00, Top 5 Acc=100.00
01/07 04:11:44 AM | MultilayerCapsNet_InterLayer1_CIFAR10_CCM Training - Epoch=24, Iteration=(100/500), Loss=-0.0972, Top 1 Acc=99.77, Top 5 Acc=99.98
01/07 04:12:05 AM | MultilayerCapsNet_InterLayer1_CIFAR10_CCM Training - Epoch=24, Iteration=(200/500), Loss=-0.0969, Top 1 Acc=99.68, Top 5 Acc=99.98
01/07 04:12:25 AM | MultilayerCapsNet_InterLayer1_CIFAR10_CCM Training - Epoch=24, Iteration=(300/500), Loss=-0.0966, Top 1 Acc=99.68, Top 5 Acc=99.97
01/07 04:12:46 AM | MultilayerCapsNet_InterLayer1_CIFAR10_CCM Training - Epoch=24, Iteration=(400/500), Loss=-0.0964, Top 1 Acc=99.65, Top 5 Acc=99.96
01/07 04:13:13 AM | MultilayerCapsNet_InterLayer1_CIFAR10_CCM Validation - Loss=0.2090, Top 1 Acc=77.510, Top 5 Acc=94.900
01/07 04:13:14 AM | Epoch 24 complete. Saved Checkpoint: /content/drive/MyDrive/MSc_AI/Course/OCOM5300M-AI_Project/code_repository/results/train/cifar10/Trained_MultilayerCapsNet_InterLayer1_CIFAR10_CCM_CCM_Epoch24_of_30.pt
01/07 04:13:14 AM | MultilayerCapsNet_InterLayer1_CIFAR10_CCM Training - Epoch=25, Iteration=(0/500), Loss=-0.0973, Top 1 Acc=99.00, Top 5 Acc=100.00
01/07 04:13:35 AM | MultilayerCapsNet_InterLayer1_CIFAR10_CCM Training - Epoch=25, Iteration=(100/500), Loss=-0.0981, Top 1 Acc=99.67, Top 5 Acc=99.92
01/07 04:13:55 AM | MultilayerCapsNet_InterLayer1_CIFAR10_CCM Training - Epoch=25, Iteration=(200/500), Loss=-0.0981, Top 1 Acc=99.73, Top 5 Acc=99.94
01/07 04:14:16 AM | MultilayerCapsNet_InterLayer1_CIFAR10_CCM Training - Epoch=25, Iteration=(300/500), Loss=-0.0972, Top 1 Acc=99.70, Top 5 Acc=99.94
01/07 04:14:37 AM | MultilayerCapsNet_InterLayer1_CIFAR10_CCM Training - Epoch=25, Iteration=(400/500), Loss=-0.0965, Top 1 Acc=99.68, Top 5 Acc=99.95
01/07 04:15:04 AM | MultilayerCapsNet_InterLayer1_CIFAR10_CCM Validation - Loss=0.2011, Top 1 Acc=78.120, Top 5 Acc=95.580
01/07 04:15:04 AM | Epoch 25 complete. Saved Checkpoint: /content/drive/MyDrive/MSc_AI/Course/OCOM5300M-AI_Project/code_repository/results/train/cifar10/Trained_MultilayerCapsNet_InterLayer1_CIFAR10_CCM_CCM_Epoch25_of_30.pt
01/07 04:15:05 AM | MultilayerCapsNet_InterLayer1_CIFAR10_CCM Training - Epoch=26, Iteration=(0/500), Loss=-0.0905, Top 1 Acc=100.00, Top 5 Acc=100.00
01/07 04:15:25 AM | MultilayerCapsNet_InterLayer1_CIFAR10_CCM Training - Epoch=26, Iteration=(100/500), Loss=-0.0960, Top 1 Acc=99.67, Top 5 Acc=99.98
01/07 04:15:46 AM | MultilayerCapsNet_InterLayer1_CIFAR10_CCM Training - Epoch=26, Iteration=(200/500), Loss=-0.0956, Top 1 Acc=99.64, Top 5 Acc=99.97
01/07 04:16:07 AM | MultilayerCapsNet_InterLayer1_CIFAR10_CCM Training - Epoch=26, Iteration=(300/500), Loss=-0.0959, Top 1 Acc=99.65, Top 5 Acc=99.96
01/07 04:16:27 AM | MultilayerCapsNet_InterLayer1_CIFAR10_CCM Training - Epoch=26, Iteration=(400/500), Loss=-0.0956, Top 1 Acc=99.64, Top 5 Acc=99.97
01/07 04:16:54 AM | MultilayerCapsNet_InterLayer1_CIFAR10_CCM Validation - Loss=0.2130, Top 1 Acc=77.100, Top 5 Acc=94.800
01/07 04:16:55 AM | Epoch 26 complete. Saved Checkpoint: /content/drive/MyDrive/MSc_AI/Course/OCOM5300M-AI_Project/code_repository/results/train/cifar10/Trained_MultilayerCapsNet_InterLayer1_CIFAR10_CCM_CCM_Epoch26_of_30.pt
01/07 04:16:55 AM | MultilayerCapsNet_InterLayer1_CIFAR10_CCM Training - Epoch=27, Iteration=(0/500), Loss=-0.1029, Top 1 Acc=100.00, Top 5 Acc=100.00
01/07 04:17:16 AM | MultilayerCapsNet_InterLayer1_CIFAR10_CCM Training - Epoch=27, Iteration=(100/500), Loss=-0.0959, Top 1 Acc=99.72, Top 5 Acc=99.95
01/07 04:17:36 AM | MultilayerCapsNet_InterLayer1_CIFAR10_CCM Training - Epoch=27, Iteration=(200/500), Loss=-0.0959, Top 1 Acc=99.70, Top 5 Acc=99.96
01/07 04:17:57 AM | MultilayerCapsNet_InterLayer1_CIFAR10_CCM Training - Epoch=27, Iteration=(300/500), Loss=-0.0959, Top 1 Acc=99.72, Top 5 Acc=99.95
01/07 04:18:18 AM | MultilayerCapsNet_InterLayer1_CIFAR10_CCM Training - Epoch=27, Iteration=(400/500), Loss=-0.0957, Top 1 Acc=99.73, Top 5 Acc=99.96
01/07 04:18:45 AM | MultilayerCapsNet_InterLayer1_CIFAR10_CCM Validation - Loss=0.2048, Top 1 Acc=77.810, Top 5 Acc=94.930
01/07 04:18:45 AM | Epoch 27 complete. Saved Checkpoint: /content/drive/MyDrive/MSc_AI/Course/OCOM5300M-AI_Project/code_repository/results/train/cifar10/Trained_MultilayerCapsNet_InterLayer1_CIFAR10_CCM_CCM_Epoch27_of_30.pt
01/07 04:18:45 AM | MultilayerCapsNet_InterLayer1_CIFAR10_CCM Training - Epoch=28, Iteration=(0/500), Loss=-0.1017, Top 1 Acc=100.00, Top 5 Acc=100.00
01/07 04:19:06 AM | MultilayerCapsNet_InterLayer1_CIFAR10_CCM Training - Epoch=28, Iteration=(100/500), Loss=-0.0957, Top 1 Acc=99.80, Top 5 Acc=99.96
01/07 04:19:27 AM | MultilayerCapsNet_InterLayer1_CIFAR10_CCM Training - Epoch=28, Iteration=(200/500), Loss=-0.0951, Top 1 Acc=99.72, Top 5 Acc=99.95
01/07 04:19:47 AM | MultilayerCapsNet_InterLayer1_CIFAR10_CCM Training - Epoch=28, Iteration=(300/500), Loss=-0.0948, Top 1 Acc=99.70, Top 5 Acc=99.96
01/07 04:20:08 AM | MultilayerCapsNet_InterLayer1_CIFAR10_CCM Training - Epoch=28, Iteration=(400/500), Loss=-0.0944, Top 1 Acc=99.70, Top 5 Acc=99.96
01/07 04:20:35 AM | MultilayerCapsNet_InterLayer1_CIFAR10_CCM Validation - Loss=0.2110, Top 1 Acc=77.140, Top 5 Acc=95.050
01/07 04:20:36 AM | Epoch 28 complete. Saved Checkpoint: /content/drive/MyDrive/MSc_AI/Course/OCOM5300M-AI_Project/code_repository/results/train/cifar10/Trained_MultilayerCapsNet_InterLayer1_CIFAR10_CCM_CCM_Epoch28_of_30.pt
01/07 04:20:36 AM | MultilayerCapsNet_InterLayer1_CIFAR10_CCM Training - Epoch=29, Iteration=(0/500), Loss=-0.0967, Top 1 Acc=100.00, Top 5 Acc=100.00
01/07 04:20:56 AM | MultilayerCapsNet_InterLayer1_CIFAR10_CCM Training - Epoch=29, Iteration=(100/500), Loss=-0.0939, Top 1 Acc=99.61, Top 5 Acc=99.96
01/07 04:21:17 AM | MultilayerCapsNet_InterLayer1_CIFAR10_CCM Training - Epoch=29, Iteration=(200/500), Loss=-0.0940, Top 1 Acc=99.64, Top 5 Acc=99.97
01/07 04:21:38 AM | MultilayerCapsNet_InterLayer1_CIFAR10_CCM Training - Epoch=29, Iteration=(300/500), Loss=-0.0942, Top 1 Acc=99.64, Top 5 Acc=99.96
01/07 04:21:59 AM | MultilayerCapsNet_InterLayer1_CIFAR10_CCM Training - Epoch=29, Iteration=(400/500), Loss=-0.0943, Top 1 Acc=99.64, Top 5 Acc=99.96
01/07 04:22:26 AM | MultilayerCapsNet_InterLayer1_CIFAR10_CCM Validation - Loss=0.2089, Top 1 Acc=77.920, Top 5 Acc=94.560
01/07 04:22:26 AM | Epoch 29 complete. Saved Checkpoint: /content/drive/MyDrive/MSc_AI/Course/OCOM5300M-AI_Project/code_repository/results/train/cifar10/Trained_MultilayerCapsNet_InterLayer1_CIFAR10_CCM_CCM_Epoch29_of_30.pt
01/07 04:22:26 AM | MultilayerCapsNet_InterLayer1_CIFAR10_CCM Training - Epoch=30, Iteration=(0/500), Loss=-0.1037, Top 1 Acc=100.00, Top 5 Acc=100.00
01/07 04:22:47 AM | MultilayerCapsNet_InterLayer1_CIFAR10_CCM Training - Epoch=30, Iteration=(100/500), Loss=-0.0959, Top 1 Acc=99.73, Top 5 Acc=100.00
01/07 04:23:07 AM | MultilayerCapsNet_InterLayer1_CIFAR10_CCM Training - Epoch=30, Iteration=(200/500), Loss=-0.0959, Top 1 Acc=99.72, Top 5 Acc=99.98
01/07 04:23:28 AM | MultilayerCapsNet_InterLayer1_CIFAR10_CCM Training - Epoch=30, Iteration=(300/500), Loss=-0.0952, Top 1 Acc=99.71, Top 5 Acc=99.97
01/07 04:23:49 AM | MultilayerCapsNet_InterLayer1_CIFAR10_CCM Training - Epoch=30, Iteration=(400/500), Loss=-0.0946, Top 1 Acc=99.70, Top 5 Acc=99.97
01/07 04:24:16 AM | MultilayerCapsNet_InterLayer1_CIFAR10_CCM Validation - Loss=0.2091, Top 1 Acc=77.720, Top 5 Acc=94.500
01/07 04:24:16 AM | Epoch 30 complete. Saved Checkpoint: /content/drive/MyDrive/MSc_AI/Course/OCOM5300M-AI_Project/code_repository/results/train/cifar10/Trained_MultilayerCapsNet_InterLayer1_CIFAR10_CCM_CCM_Epoch30_of_30.pt
01/07 04:24:16 AM | MultilayerCapsNet_InterLayer1_CIFAR10_CCM best accuracy=79.040 saved at: /content/drive/MyDrive/MSc_AI/Course/OCOM5300M-AI_Project/code_repository/results/train/cifar10/Trained_MultilayerCapsNet_InterLayer1_CIFAR10_CCM_CCM_Epoch3_of_30.pt
01/07 05:09:26 AM | pruned_25pc_multilayer_inter1_capsnet_ccm_model Training - Epoch=1, Iteration=(0/782), Loss=0.8100, Top 1 Acc=14.06, Top 5 Acc=54.69
01/07 05:09:32 AM | pruned_25pc_multilayer_inter1_capsnet_ccm_model Training - Epoch=1, Iteration=(64/782), Loss=nan, Top 1 Acc=10.70, Top 5 Acc=48.75
01/07 05:09:38 AM | pruned_25pc_multilayer_inter1_capsnet_ccm_model Training - Epoch=1, Iteration=(128/782), Loss=nan, Top 1 Acc=10.15, Top 5 Acc=49.39
