02/04 11:40:57 PM | pruned_25pc_multilayer_inter7_capsnet_cifar10_model Training - Epoch=1, Iteration=(0/1563), Loss=0.8100, Top 1 Acc=9.38, Top 5 Acc=37.50
02/04 11:41:09 PM | pruned_25pc_multilayer_inter7_capsnet_cifar10_model Training - Epoch=1, Iteration=(32/1563), Loss=0.8100, Top 1 Acc=10.13, Top 5 Acc=51.80
02/04 11:41:20 PM | pruned_25pc_multilayer_inter7_capsnet_cifar10_model Training - Epoch=1, Iteration=(64/1563), Loss=0.8100, Top 1 Acc=10.38, Top 5 Acc=50.72
02/04 11:41:31 PM | pruned_25pc_multilayer_inter7_capsnet_cifar10_model Training - Epoch=1, Iteration=(96/1563), Loss=0.8100, Top 1 Acc=10.50, Top 5 Acc=50.35
02/04 11:41:41 PM | pruned_25pc_multilayer_inter7_capsnet_cifar10_model Training - Epoch=1, Iteration=(128/1563), Loss=0.8100, Top 1 Acc=10.27, Top 5 Acc=50.61
02/04 11:41:53 PM | pruned_25pc_multilayer_inter7_capsnet_cifar10_model Training - Epoch=1, Iteration=(160/1563), Loss=0.8100, Top 1 Acc=10.15, Top 5 Acc=50.12
02/04 11:42:04 PM | pruned_25pc_multilayer_inter7_capsnet_cifar10_model Training - Epoch=1, Iteration=(192/1563), Loss=0.8100, Top 1 Acc=10.06, Top 5 Acc=50.02
02/04 11:42:15 PM | pruned_25pc_multilayer_inter7_capsnet_cifar10_model Training - Epoch=1, Iteration=(224/1563), Loss=0.8100, Top 1 Acc=9.99, Top 5 Acc=49.75
02/04 11:44:20 PM | pruned_37pc_multilayer_inter7_capsnet_cifar10_model Training - Epoch=1, Iteration=(0/1563), Loss=0.8100, Top 1 Acc=9.38, Top 5 Acc=37.50
02/04 11:44:31 PM | pruned_37pc_multilayer_inter7_capsnet_cifar10_model Training - Epoch=1, Iteration=(32/1563), Loss=0.7051, Top 1 Acc=8.71, Top 5 Acc=51.42
02/04 11:44:42 PM | pruned_37pc_multilayer_inter7_capsnet_cifar10_model Training - Epoch=1, Iteration=(64/1563), Loss=0.5899, Top 1 Acc=15.43, Top 5 Acc=62.93
02/04 11:44:52 PM | pruned_37pc_multilayer_inter7_capsnet_cifar10_model Training - Epoch=1, Iteration=(96/1563), Loss=0.5281, Top 1 Acc=22.62, Top 5 Acc=71.30
02/04 11:45:03 PM | pruned_37pc_multilayer_inter7_capsnet_cifar10_model Training - Epoch=1, Iteration=(128/1563), Loss=0.4923, Top 1 Acc=27.79, Top 5 Acc=75.58
02/04 11:47:38 PM | pruned_37pc_multilayer_inter7_capsnet_cifar10_model Training - Epoch=1, Iteration=(0/1563), Loss=0.3152, Top 1 Acc=43.75, Top 5 Acc=100.00
02/04 11:47:51 PM | pruned_37pc_multilayer_inter7_capsnet_cifar10_model Training - Epoch=1, Iteration=(0/1563), Loss=0.8100, Top 1 Acc=6.25, Top 5 Acc=50.00
02/04 11:48:01 PM | pruned_37pc_multilayer_inter7_capsnet_cifar10_model Training - Epoch=1, Iteration=(32/1563), Loss=0.8100, Top 1 Acc=12.50, Top 5 Acc=50.85
02/04 11:48:11 PM | pruned_37pc_multilayer_inter7_capsnet_cifar10_model Training - Epoch=1, Iteration=(64/1563), Loss=0.8100, Top 1 Acc=12.07, Top 5 Acc=50.72
02/04 11:48:22 PM | pruned_37pc_multilayer_inter7_capsnet_cifar10_model Training - Epoch=1, Iteration=(96/1563), Loss=0.8100, Top 1 Acc=11.66, Top 5 Acc=51.00
02/04 11:48:32 PM | pruned_37pc_multilayer_inter7_capsnet_cifar10_model Training - Epoch=1, Iteration=(128/1563), Loss=0.8100, Top 1 Acc=11.19, Top 5 Acc=50.58
02/04 11:48:43 PM | pruned_37pc_multilayer_inter7_capsnet_cifar10_model Training - Epoch=1, Iteration=(160/1563), Loss=0.8100, Top 1 Acc=10.62, Top 5 Acc=50.10
02/04 11:48:53 PM | pruned_37pc_multilayer_inter7_capsnet_cifar10_model Training - Epoch=1, Iteration=(192/1563), Loss=0.8100, Top 1 Acc=10.54, Top 5 Acc=50.11
02/04 11:50:03 PM | pruned_37pc_multilayer_inter7_capsnet_cifar10_model Training - Epoch=1, Iteration=(0/1563), Loss=0.8100, Top 1 Acc=15.62, Top 5 Acc=53.12
02/04 11:50:14 PM | pruned_37pc_multilayer_inter7_capsnet_cifar10_model Training - Epoch=1, Iteration=(32/1563), Loss=0.8100, Top 1 Acc=10.51, Top 5 Acc=48.96
02/04 11:50:24 PM | pruned_37pc_multilayer_inter7_capsnet_cifar10_model Training - Epoch=1, Iteration=(64/1563), Loss=0.8100, Top 1 Acc=9.62, Top 5 Acc=48.61
02/04 11:50:35 PM | pruned_37pc_multilayer_inter7_capsnet_cifar10_model Training - Epoch=1, Iteration=(96/1563), Loss=0.8100, Top 1 Acc=9.47, Top 5 Acc=49.19
02/04 11:52:21 PM | pruned_50pc_multilayer_inter7_capsnet_cifar10_model Training - Epoch=1, Iteration=(0/1563), Loss=0.8099, Top 1 Acc=12.50, Top 5 Acc=56.25
02/04 11:52:30 PM | pruned_50pc_multilayer_inter7_capsnet_cifar10_model Training - Epoch=1, Iteration=(32/1563), Loss=0.5987, Top 1 Acc=19.79, Top 5 Acc=73.67
02/04 11:52:40 PM | pruned_50pc_multilayer_inter7_capsnet_cifar10_model Training - Epoch=1, Iteration=(64/1563), Loss=0.4978, Top 1 Acc=30.14, Top 5 Acc=81.83
02/04 11:52:50 PM | pruned_50pc_multilayer_inter7_capsnet_cifar10_model Training - Epoch=1, Iteration=(96/1563), Loss=0.4411, Top 1 Acc=38.18, Top 5 Acc=85.95
02/04 11:52:58 PM | pruned_50pc_multilayer_inter7_capsnet_cifar10_model Training - Epoch=1, Iteration=(128/1563), Loss=0.4060, Top 1 Acc=43.46, Top 5 Acc=88.18
02/04 11:53:08 PM | pruned_50pc_multilayer_inter7_capsnet_cifar10_model Training - Epoch=1, Iteration=(160/1563), Loss=0.3843, Top 1 Acc=46.58, Top 5 Acc=89.46
02/04 11:53:18 PM | pruned_50pc_multilayer_inter7_capsnet_cifar10_model Training - Epoch=1, Iteration=(192/1563), Loss=0.3660, Top 1 Acc=49.27, Top 5 Acc=90.58
02/04 11:53:27 PM | pruned_50pc_multilayer_inter7_capsnet_cifar10_model Training - Epoch=1, Iteration=(224/1563), Loss=0.3519, Top 1 Acc=51.32, Top 5 Acc=91.25
02/04 11:53:36 PM | pruned_50pc_multilayer_inter7_capsnet_cifar10_model Training - Epoch=1, Iteration=(256/1563), Loss=0.3414, Top 1 Acc=52.64, Top 5 Acc=91.70
02/04 11:53:46 PM | pruned_50pc_multilayer_inter7_capsnet_cifar10_model Training - Epoch=1, Iteration=(288/1563), Loss=0.3307, Top 1 Acc=54.30, Top 5 Acc=92.15
02/04 11:53:55 PM | pruned_50pc_multilayer_inter7_capsnet_cifar10_model Training - Epoch=1, Iteration=(320/1563), Loss=0.3219, Top 1 Acc=55.51, Top 5 Acc=92.58
02/04 11:54:04 PM | pruned_50pc_multilayer_inter7_capsnet_cifar10_model Training - Epoch=1, Iteration=(352/1563), Loss=0.3142, Top 1 Acc=56.86, Top 5 Acc=92.88
02/04 11:54:14 PM | pruned_50pc_multilayer_inter7_capsnet_cifar10_model Training - Epoch=1, Iteration=(384/1563), Loss=0.3079, Top 1 Acc=57.72, Top 5 Acc=93.17
02/04 11:54:23 PM | pruned_50pc_multilayer_inter7_capsnet_cifar10_model Training - Epoch=1, Iteration=(416/1563), Loss=0.3014, Top 1 Acc=58.72, Top 5 Acc=93.46
02/04 11:54:33 PM | pruned_50pc_multilayer_inter7_capsnet_cifar10_model Training - Epoch=1, Iteration=(448/1563), Loss=0.2962, Top 1 Acc=59.60, Top 5 Acc=93.60
02/04 11:54:42 PM | pruned_50pc_multilayer_inter7_capsnet_cifar10_model Training - Epoch=1, Iteration=(480/1563), Loss=0.2918, Top 1 Acc=60.27, Top 5 Acc=93.78
02/04 11:54:51 PM | pruned_50pc_multilayer_inter7_capsnet_cifar10_model Training - Epoch=1, Iteration=(512/1563), Loss=0.2874, Top 1 Acc=60.93, Top 5 Acc=93.94
02/04 11:55:02 PM | pruned_50pc_multilayer_inter7_capsnet_cifar10_model Training - Epoch=1, Iteration=(544/1563), Loss=0.2831, Top 1 Acc=61.55, Top 5 Acc=94.12
02/04 11:55:12 PM | pruned_50pc_multilayer_inter7_capsnet_cifar10_model Training - Epoch=1, Iteration=(576/1563), Loss=0.2789, Top 1 Acc=62.22, Top 5 Acc=94.28
02/04 11:55:21 PM | pruned_50pc_multilayer_inter7_capsnet_cifar10_model Training - Epoch=1, Iteration=(608/1563), Loss=0.2755, Top 1 Acc=62.66, Top 5 Acc=94.43
02/04 11:55:30 PM | pruned_50pc_multilayer_inter7_capsnet_cifar10_model Training - Epoch=1, Iteration=(640/1563), Loss=0.2723, Top 1 Acc=63.09, Top 5 Acc=94.55
02/04 11:55:40 PM | pruned_50pc_multilayer_inter7_capsnet_cifar10_model Training - Epoch=1, Iteration=(672/1563), Loss=0.2696, Top 1 Acc=63.48, Top 5 Acc=94.66
02/04 11:55:49 PM | pruned_50pc_multilayer_inter7_capsnet_cifar10_model Training - Epoch=1, Iteration=(704/1563), Loss=0.2667, Top 1 Acc=63.90, Top 5 Acc=94.72
02/04 11:55:58 PM | pruned_50pc_multilayer_inter7_capsnet_cifar10_model Training - Epoch=1, Iteration=(736/1563), Loss=0.2648, Top 1 Acc=64.17, Top 5 Acc=94.83
02/04 11:56:08 PM | pruned_50pc_multilayer_inter7_capsnet_cifar10_model Training - Epoch=1, Iteration=(768/1563), Loss=0.2621, Top 1 Acc=64.54, Top 5 Acc=94.92
02/04 11:56:18 PM | pruned_50pc_multilayer_inter7_capsnet_cifar10_model Training - Epoch=1, Iteration=(800/1563), Loss=0.2598, Top 1 Acc=64.89, Top 5 Acc=94.99
02/04 11:56:26 PM | pruned_50pc_multilayer_inter7_capsnet_cifar10_model Training - Epoch=1, Iteration=(832/1563), Loss=0.2576, Top 1 Acc=65.25, Top 5 Acc=95.06
02/04 11:56:36 PM | pruned_50pc_multilayer_inter7_capsnet_cifar10_model Training - Epoch=1, Iteration=(864/1563), Loss=0.2548, Top 1 Acc=65.67, Top 5 Acc=95.12
02/04 11:56:46 PM | pruned_50pc_multilayer_inter7_capsnet_cifar10_model Training - Epoch=1, Iteration=(896/1563), Loss=0.2533, Top 1 Acc=65.84, Top 5 Acc=95.16
02/04 11:56:55 PM | pruned_50pc_multilayer_inter7_capsnet_cifar10_model Training - Epoch=1, Iteration=(928/1563), Loss=0.2513, Top 1 Acc=66.16, Top 5 Acc=95.22
02/04 11:57:05 PM | pruned_50pc_multilayer_inter7_capsnet_cifar10_model Training - Epoch=1, Iteration=(960/1563), Loss=0.2493, Top 1 Acc=66.42, Top 5 Acc=95.29
02/04 11:57:15 PM | pruned_50pc_multilayer_inter7_capsnet_cifar10_model Training - Epoch=1, Iteration=(992/1563), Loss=0.2478, Top 1 Acc=66.62, Top 5 Acc=95.33
02/04 11:57:25 PM | pruned_50pc_multilayer_inter7_capsnet_cifar10_model Training - Epoch=1, Iteration=(1024/1563), Loss=0.2468, Top 1 Acc=66.74, Top 5 Acc=95.39
02/04 11:57:34 PM | pruned_50pc_multilayer_inter7_capsnet_cifar10_model Training - Epoch=1, Iteration=(1056/1563), Loss=0.2453, Top 1 Acc=66.93, Top 5 Acc=95.44
02/04 11:57:43 PM | pruned_50pc_multilayer_inter7_capsnet_cifar10_model Training - Epoch=1, Iteration=(1088/1563), Loss=0.2440, Top 1 Acc=67.16, Top 5 Acc=95.48
02/04 11:57:53 PM | pruned_50pc_multilayer_inter7_capsnet_cifar10_model Training - Epoch=1, Iteration=(1120/1563), Loss=0.2426, Top 1 Acc=67.38, Top 5 Acc=95.51
02/04 11:58:03 PM | pruned_50pc_multilayer_inter7_capsnet_cifar10_model Training - Epoch=1, Iteration=(1152/1563), Loss=0.2413, Top 1 Acc=67.57, Top 5 Acc=95.56
02/04 11:58:12 PM | pruned_50pc_multilayer_inter7_capsnet_cifar10_model Training - Epoch=1, Iteration=(1184/1563), Loss=0.2401, Top 1 Acc=67.71, Top 5 Acc=95.60
02/04 11:58:21 PM | pruned_50pc_multilayer_inter7_capsnet_cifar10_model Training - Epoch=1, Iteration=(1216/1563), Loss=0.2389, Top 1 Acc=67.92, Top 5 Acc=95.64
02/04 11:58:31 PM | pruned_50pc_multilayer_inter7_capsnet_cifar10_model Training - Epoch=1, Iteration=(1248/1563), Loss=0.2373, Top 1 Acc=68.16, Top 5 Acc=95.70
02/04 11:58:40 PM | pruned_50pc_multilayer_inter7_capsnet_cifar10_model Training - Epoch=1, Iteration=(1280/1563), Loss=0.2359, Top 1 Acc=68.37, Top 5 Acc=95.76
02/04 11:58:49 PM | pruned_50pc_multilayer_inter7_capsnet_cifar10_model Training - Epoch=1, Iteration=(1312/1563), Loss=0.2347, Top 1 Acc=68.56, Top 5 Acc=95.79
02/04 11:58:59 PM | pruned_50pc_multilayer_inter7_capsnet_cifar10_model Training - Epoch=1, Iteration=(1344/1563), Loss=0.2335, Top 1 Acc=68.72, Top 5 Acc=95.83
02/04 11:59:09 PM | pruned_50pc_multilayer_inter7_capsnet_cifar10_model Training - Epoch=1, Iteration=(1376/1563), Loss=0.2323, Top 1 Acc=68.88, Top 5 Acc=95.88
02/04 11:59:18 PM | pruned_50pc_multilayer_inter7_capsnet_cifar10_model Training - Epoch=1, Iteration=(1408/1563), Loss=0.2309, Top 1 Acc=69.06, Top 5 Acc=95.92
02/04 11:59:27 PM | pruned_50pc_multilayer_inter7_capsnet_cifar10_model Training - Epoch=1, Iteration=(1440/1563), Loss=0.2301, Top 1 Acc=69.16, Top 5 Acc=95.95
02/04 11:59:37 PM | pruned_50pc_multilayer_inter7_capsnet_cifar10_model Training - Epoch=1, Iteration=(1472/1563), Loss=0.2292, Top 1 Acc=69.27, Top 5 Acc=95.98
02/04 11:59:47 PM | pruned_50pc_multilayer_inter7_capsnet_cifar10_model Training - Epoch=1, Iteration=(1504/1563), Loss=0.2282, Top 1 Acc=69.40, Top 5 Acc=96.02
02/04 11:59:55 PM | pruned_50pc_multilayer_inter7_capsnet_cifar10_model Training - Epoch=1, Iteration=(1536/1563), Loss=0.2273, Top 1 Acc=69.51, Top 5 Acc=96.04
02/05 12:00:13 AM | pruned_50pc_multilayer_inter7_capsnet_cifar10_model Validation - Epoch=1, Loss=0.1893, Top 1 Acc=74.250, Top 5 Acc=97.130
02/05 12:00:14 AM | Epoch 1 complete. Saved Checkpoint: /content/drive/MyDrive/MSc_AI/Course/OCOM5300M-AI_Project/code_repository/results/train/cifar10/20Caps8Dim/Trained_pruned_50pc_multilayer_inter7_capsnet_cifar10_model_Epoch1_of_15.pt
02/05 12:00:14 AM | pruned_50pc_multilayer_inter7_capsnet_cifar10_model Training - Epoch=2, Iteration=(0/1563), Loss=0.1577, Top 1 Acc=75.00, Top 5 Acc=96.88
02/05 12:00:22 AM | pruned_50pc_multilayer_inter7_capsnet_cifar10_model Training - Epoch=2, Iteration=(32/1563), Loss=0.1660, Top 1 Acc=78.03, Top 5 Acc=97.92
02/05 12:00:32 AM | pruned_50pc_multilayer_inter7_capsnet_cifar10_model Training - Epoch=2, Iteration=(64/1563), Loss=0.1597, Top 1 Acc=79.47, Top 5 Acc=98.27
02/05 12:00:42 AM | pruned_50pc_multilayer_inter7_capsnet_cifar10_model Training - Epoch=2, Iteration=(96/1563), Loss=0.1619, Top 1 Acc=79.28, Top 5 Acc=98.29
02/05 12:00:52 AM | pruned_50pc_multilayer_inter7_capsnet_cifar10_model Training - Epoch=2, Iteration=(128/1563), Loss=0.1617, Top 1 Acc=79.31, Top 5 Acc=98.28
02/05 12:01:00 AM | pruned_50pc_multilayer_inter7_capsnet_cifar10_model Training - Epoch=2, Iteration=(160/1563), Loss=0.1609, Top 1 Acc=79.17, Top 5 Acc=98.39
02/05 12:01:10 AM | pruned_50pc_multilayer_inter7_capsnet_cifar10_model Training - Epoch=2, Iteration=(192/1563), Loss=0.1604, Top 1 Acc=79.02, Top 5 Acc=98.30
02/05 12:01:20 AM | pruned_50pc_multilayer_inter7_capsnet_cifar10_model Training - Epoch=2, Iteration=(224/1563), Loss=0.1612, Top 1 Acc=78.81, Top 5 Acc=98.32
02/05 12:01:29 AM | pruned_50pc_multilayer_inter7_capsnet_cifar10_model Training - Epoch=2, Iteration=(256/1563), Loss=0.1620, Top 1 Acc=78.77, Top 5 Acc=98.26
02/05 12:01:38 AM | pruned_50pc_multilayer_inter7_capsnet_cifar10_model Training - Epoch=2, Iteration=(288/1563), Loss=0.1618, Top 1 Acc=78.68, Top 5 Acc=98.32
02/05 12:01:48 AM | pruned_50pc_multilayer_inter7_capsnet_cifar10_model Training - Epoch=2, Iteration=(320/1563), Loss=0.1613, Top 1 Acc=78.85, Top 5 Acc=98.24
02/05 12:01:58 AM | pruned_50pc_multilayer_inter7_capsnet_cifar10_model Training - Epoch=2, Iteration=(352/1563), Loss=0.1614, Top 1 Acc=78.81, Top 5 Acc=98.19
02/05 12:02:06 AM | pruned_50pc_multilayer_inter7_capsnet_cifar10_model Training - Epoch=2, Iteration=(384/1563), Loss=0.1614, Top 1 Acc=78.73, Top 5 Acc=98.17
02/05 12:02:16 AM | pruned_50pc_multilayer_inter7_capsnet_cifar10_model Training - Epoch=2, Iteration=(416/1563), Loss=0.1611, Top 1 Acc=78.82, Top 5 Acc=98.21
02/05 12:02:26 AM | pruned_50pc_multilayer_inter7_capsnet_cifar10_model Training - Epoch=2, Iteration=(448/1563), Loss=0.1606, Top 1 Acc=78.91, Top 5 Acc=98.20
02/05 12:02:35 AM | pruned_50pc_multilayer_inter7_capsnet_cifar10_model Training - Epoch=2, Iteration=(480/1563), Loss=0.1606, Top 1 Acc=78.94, Top 5 Acc=98.19
02/05 12:02:44 AM | pruned_50pc_multilayer_inter7_capsnet_cifar10_model Training - Epoch=2, Iteration=(512/1563), Loss=0.1608, Top 1 Acc=78.87, Top 5 Acc=98.17
02/05 12:02:54 AM | pruned_50pc_multilayer_inter7_capsnet_cifar10_model Training - Epoch=2, Iteration=(544/1563), Loss=0.1601, Top 1 Acc=78.97, Top 5 Acc=98.22
02/05 12:03:05 AM | pruned_50pc_multilayer_inter7_capsnet_cifar10_model Training - Epoch=2, Iteration=(576/1563), Loss=0.1592, Top 1 Acc=79.12, Top 5 Acc=98.23
02/05 12:03:14 AM | pruned_50pc_multilayer_inter7_capsnet_cifar10_model Training - Epoch=2, Iteration=(608/1563), Loss=0.1592, Top 1 Acc=79.14, Top 5 Acc=98.20
02/05 12:03:23 AM | pruned_50pc_multilayer_inter7_capsnet_cifar10_model Training - Epoch=2, Iteration=(640/1563), Loss=0.1590, Top 1 Acc=79.08, Top 5 Acc=98.21
02/05 12:03:33 AM | pruned_50pc_multilayer_inter7_capsnet_cifar10_model Training - Epoch=2, Iteration=(672/1563), Loss=0.1593, Top 1 Acc=79.01, Top 5 Acc=98.22
02/05 12:03:43 AM | pruned_50pc_multilayer_inter7_capsnet_cifar10_model Training - Epoch=2, Iteration=(704/1563), Loss=0.1589, Top 1 Acc=79.02, Top 5 Acc=98.24
02/05 12:03:52 AM | pruned_50pc_multilayer_inter7_capsnet_cifar10_model Training - Epoch=2, Iteration=(736/1563), Loss=0.1586, Top 1 Acc=79.07, Top 5 Acc=98.24
02/05 12:04:01 AM | pruned_50pc_multilayer_inter7_capsnet_cifar10_model Training - Epoch=2, Iteration=(768/1563), Loss=0.1588, Top 1 Acc=79.04, Top 5 Acc=98.24
02/05 12:04:11 AM | pruned_50pc_multilayer_inter7_capsnet_cifar10_model Training - Epoch=2, Iteration=(800/1563), Loss=0.1585, Top 1 Acc=79.10, Top 5 Acc=98.22
02/05 12:04:20 AM | pruned_50pc_multilayer_inter7_capsnet_cifar10_model Training - Epoch=2, Iteration=(832/1563), Loss=0.1584, Top 1 Acc=79.10, Top 5 Acc=98.22
02/05 12:04:29 AM | pruned_50pc_multilayer_inter7_capsnet_cifar10_model Training - Epoch=2, Iteration=(864/1563), Loss=0.1581, Top 1 Acc=79.13, Top 5 Acc=98.23
02/05 12:04:39 AM | pruned_50pc_multilayer_inter7_capsnet_cifar10_model Training - Epoch=2, Iteration=(896/1563), Loss=0.1583, Top 1 Acc=79.14, Top 5 Acc=98.20
02/05 12:04:49 AM | pruned_50pc_multilayer_inter7_capsnet_cifar10_model Training - Epoch=2, Iteration=(928/1563), Loss=0.1580, Top 1 Acc=79.16, Top 5 Acc=98.21
02/05 12:04:58 AM | pruned_50pc_multilayer_inter7_capsnet_cifar10_model Training - Epoch=2, Iteration=(960/1563), Loss=0.1579, Top 1 Acc=79.22, Top 5 Acc=98.19
02/05 12:05:07 AM | pruned_50pc_multilayer_inter7_capsnet_cifar10_model Training - Epoch=2, Iteration=(992/1563), Loss=0.1578, Top 1 Acc=79.24, Top 5 Acc=98.17
02/05 12:05:17 AM | pruned_50pc_multilayer_inter7_capsnet_cifar10_model Training - Epoch=2, Iteration=(1024/1563), Loss=0.1580, Top 1 Acc=79.21, Top 5 Acc=98.17
02/05 12:05:27 AM | pruned_50pc_multilayer_inter7_capsnet_cifar10_model Training - Epoch=2, Iteration=(1056/1563), Loss=0.1579, Top 1 Acc=79.24, Top 5 Acc=98.18
02/05 12:05:36 AM | pruned_50pc_multilayer_inter7_capsnet_cifar10_model Training - Epoch=2, Iteration=(1088/1563), Loss=0.1577, Top 1 Acc=79.27, Top 5 Acc=98.19
02/05 12:05:45 AM | pruned_50pc_multilayer_inter7_capsnet_cifar10_model Training - Epoch=2, Iteration=(1120/1563), Loss=0.1577, Top 1 Acc=79.27, Top 5 Acc=98.18
02/05 12:05:55 AM | pruned_50pc_multilayer_inter7_capsnet_cifar10_model Training - Epoch=2, Iteration=(1152/1563), Loss=0.1576, Top 1 Acc=79.30, Top 5 Acc=98.18
02/05 12:06:04 AM | pruned_50pc_multilayer_inter7_capsnet_cifar10_model Training - Epoch=2, Iteration=(1184/1563), Loss=0.1574, Top 1 Acc=79.30, Top 5 Acc=98.16
02/05 12:06:14 AM | pruned_50pc_multilayer_inter7_capsnet_cifar10_model Training - Epoch=2, Iteration=(1216/1563), Loss=0.1574, Top 1 Acc=79.30, Top 5 Acc=98.16
02/05 12:06:23 AM | pruned_50pc_multilayer_inter7_capsnet_cifar10_model Training - Epoch=2, Iteration=(1248/1563), Loss=0.1575, Top 1 Acc=79.31, Top 5 Acc=98.15
02/05 12:06:33 AM | pruned_50pc_multilayer_inter7_capsnet_cifar10_model Training - Epoch=2, Iteration=(1280/1563), Loss=0.1574, Top 1 Acc=79.32, Top 5 Acc=98.15
02/05 12:06:42 AM | pruned_50pc_multilayer_inter7_capsnet_cifar10_model Training - Epoch=2, Iteration=(1312/1563), Loss=0.1572, Top 1 Acc=79.37, Top 5 Acc=98.17
02/05 12:06:52 AM | pruned_50pc_multilayer_inter7_capsnet_cifar10_model Training - Epoch=2, Iteration=(1344/1563), Loss=0.1573, Top 1 Acc=79.38, Top 5 Acc=98.14
02/05 12:07:01 AM | pruned_50pc_multilayer_inter7_capsnet_cifar10_model Training - Epoch=2, Iteration=(1376/1563), Loss=0.1574, Top 1 Acc=79.36, Top 5 Acc=98.13
02/05 12:07:11 AM | pruned_50pc_multilayer_inter7_capsnet_cifar10_model Training - Epoch=2, Iteration=(1408/1563), Loss=0.1574, Top 1 Acc=79.37, Top 5 Acc=98.12
02/05 12:07:20 AM | pruned_50pc_multilayer_inter7_capsnet_cifar10_model Training - Epoch=2, Iteration=(1440/1563), Loss=0.1573, Top 1 Acc=79.36, Top 5 Acc=98.12
02/05 12:07:29 AM | pruned_50pc_multilayer_inter7_capsnet_cifar10_model Training - Epoch=2, Iteration=(1472/1563), Loss=0.1571, Top 1 Acc=79.39, Top 5 Acc=98.11
02/05 12:07:39 AM | pruned_50pc_multilayer_inter7_capsnet_cifar10_model Training - Epoch=2, Iteration=(1504/1563), Loss=0.1571, Top 1 Acc=79.35, Top 5 Acc=98.12
02/05 12:07:48 AM | pruned_50pc_multilayer_inter7_capsnet_cifar10_model Training - Epoch=2, Iteration=(1536/1563), Loss=0.1570, Top 1 Acc=79.33, Top 5 Acc=98.13
02/05 12:08:06 AM | pruned_50pc_multilayer_inter7_capsnet_cifar10_model Validation - Epoch=2, Loss=0.1780, Top 1 Acc=76.840, Top 5 Acc=96.890
02/05 12:08:06 AM | Epoch 2 complete. Saved Checkpoint: /content/drive/MyDrive/MSc_AI/Course/OCOM5300M-AI_Project/code_repository/results/train/cifar10/20Caps8Dim/Trained_pruned_50pc_multilayer_inter7_capsnet_cifar10_model_Epoch2_of_15.pt
02/05 12:08:06 AM | pruned_50pc_multilayer_inter7_capsnet_cifar10_model Training - Epoch=3, Iteration=(0/1563), Loss=0.0759, Top 1 Acc=90.62, Top 5 Acc=96.88
02/05 12:08:15 AM | pruned_50pc_multilayer_inter7_capsnet_cifar10_model Training - Epoch=3, Iteration=(32/1563), Loss=0.1484, Top 1 Acc=79.83, Top 5 Acc=98.39
02/05 12:08:25 AM | pruned_50pc_multilayer_inter7_capsnet_cifar10_model Training - Epoch=3, Iteration=(64/1563), Loss=0.1373, Top 1 Acc=81.88, Top 5 Acc=98.65
02/05 12:08:34 AM | pruned_50pc_multilayer_inter7_capsnet_cifar10_model Training - Epoch=3, Iteration=(96/1563), Loss=0.1344, Top 1 Acc=82.41, Top 5 Acc=98.78
02/05 12:08:44 AM | pruned_50pc_multilayer_inter7_capsnet_cifar10_model Training - Epoch=3, Iteration=(128/1563), Loss=0.1325, Top 1 Acc=82.56, Top 5 Acc=98.76
02/05 12:08:53 AM | pruned_50pc_multilayer_inter7_capsnet_cifar10_model Training - Epoch=3, Iteration=(160/1563), Loss=0.1341, Top 1 Acc=82.16, Top 5 Acc=98.74
02/05 12:09:03 AM | pruned_50pc_multilayer_inter7_capsnet_cifar10_model Training - Epoch=3, Iteration=(192/1563), Loss=0.1345, Top 1 Acc=82.14, Top 5 Acc=98.77
02/05 12:09:12 AM | pruned_50pc_multilayer_inter7_capsnet_cifar10_model Training - Epoch=3, Iteration=(224/1563), Loss=0.1350, Top 1 Acc=81.96, Top 5 Acc=98.72
02/05 12:09:22 AM | pruned_50pc_multilayer_inter7_capsnet_cifar10_model Training - Epoch=3, Iteration=(256/1563), Loss=0.1362, Top 1 Acc=81.71, Top 5 Acc=98.77
02/05 12:09:31 AM | pruned_50pc_multilayer_inter7_capsnet_cifar10_model Training - Epoch=3, Iteration=(288/1563), Loss=0.1346, Top 1 Acc=81.96, Top 5 Acc=98.81
02/05 12:09:41 AM | pruned_50pc_multilayer_inter7_capsnet_cifar10_model Training - Epoch=3, Iteration=(320/1563), Loss=0.1335, Top 1 Acc=82.12, Top 5 Acc=98.88
02/05 12:09:50 AM | pruned_50pc_multilayer_inter7_capsnet_cifar10_model Training - Epoch=3, Iteration=(352/1563), Loss=0.1339, Top 1 Acc=81.93, Top 5 Acc=98.86
02/05 12:09:59 AM | pruned_50pc_multilayer_inter7_capsnet_cifar10_model Training - Epoch=3, Iteration=(384/1563), Loss=0.1331, Top 1 Acc=82.11, Top 5 Acc=98.86
02/05 12:10:09 AM | pruned_50pc_multilayer_inter7_capsnet_cifar10_model Training - Epoch=3, Iteration=(416/1563), Loss=0.1330, Top 1 Acc=82.20, Top 5 Acc=98.85
02/05 12:10:18 AM | pruned_50pc_multilayer_inter7_capsnet_cifar10_model Training - Epoch=3, Iteration=(448/1563), Loss=0.1330, Top 1 Acc=82.15, Top 5 Acc=98.88
02/05 12:10:28 AM | pruned_50pc_multilayer_inter7_capsnet_cifar10_model Training - Epoch=3, Iteration=(480/1563), Loss=0.1330, Top 1 Acc=82.15, Top 5 Acc=98.89
02/05 12:10:37 AM | pruned_50pc_multilayer_inter7_capsnet_cifar10_model Training - Epoch=3, Iteration=(512/1563), Loss=0.1320, Top 1 Acc=82.32, Top 5 Acc=98.89
02/05 12:10:46 AM | pruned_50pc_multilayer_inter7_capsnet_cifar10_model Training - Epoch=3, Iteration=(544/1563), Loss=0.1326, Top 1 Acc=82.25, Top 5 Acc=98.84
02/05 12:10:56 AM | pruned_50pc_multilayer_inter7_capsnet_cifar10_model Training - Epoch=3, Iteration=(576/1563), Loss=0.1331, Top 1 Acc=82.18, Top 5 Acc=98.85
02/05 12:11:05 AM | pruned_50pc_multilayer_inter7_capsnet_cifar10_model Training - Epoch=3, Iteration=(608/1563), Loss=0.1335, Top 1 Acc=82.09, Top 5 Acc=98.85
02/05 12:11:15 AM | pruned_50pc_multilayer_inter7_capsnet_cifar10_model Training - Epoch=3, Iteration=(640/1563), Loss=0.1337, Top 1 Acc=82.09, Top 5 Acc=98.84
02/05 12:11:25 AM | pruned_50pc_multilayer_inter7_capsnet_cifar10_model Training - Epoch=3, Iteration=(672/1563), Loss=0.1338, Top 1 Acc=82.08, Top 5 Acc=98.83
02/05 12:11:35 AM | pruned_50pc_multilayer_inter7_capsnet_cifar10_model Training - Epoch=3, Iteration=(704/1563), Loss=0.1336, Top 1 Acc=82.11, Top 5 Acc=98.83
02/05 12:11:44 AM | pruned_50pc_multilayer_inter7_capsnet_cifar10_model Training - Epoch=3, Iteration=(736/1563), Loss=0.1336, Top 1 Acc=82.13, Top 5 Acc=98.82
02/05 12:11:53 AM | pruned_50pc_multilayer_inter7_capsnet_cifar10_model Training - Epoch=3, Iteration=(768/1563), Loss=0.1339, Top 1 Acc=82.11, Top 5 Acc=98.82
02/05 12:12:03 AM | pruned_50pc_multilayer_inter7_capsnet_cifar10_model Training - Epoch=3, Iteration=(800/1563), Loss=0.1341, Top 1 Acc=82.12, Top 5 Acc=98.82
02/05 12:12:13 AM | pruned_50pc_multilayer_inter7_capsnet_cifar10_model Training - Epoch=3, Iteration=(832/1563), Loss=0.1346, Top 1 Acc=82.05, Top 5 Acc=98.80
02/05 12:12:21 AM | pruned_50pc_multilayer_inter7_capsnet_cifar10_model Training - Epoch=3, Iteration=(864/1563), Loss=0.1346, Top 1 Acc=82.06, Top 5 Acc=98.80
02/05 12:12:31 AM | pruned_50pc_multilayer_inter7_capsnet_cifar10_model Training - Epoch=3, Iteration=(896/1563), Loss=0.1350, Top 1 Acc=82.02, Top 5 Acc=98.79
02/05 12:12:41 AM | pruned_50pc_multilayer_inter7_capsnet_cifar10_model Training - Epoch=3, Iteration=(928/1563), Loss=0.1348, Top 1 Acc=82.10, Top 5 Acc=98.80
02/05 12:12:50 AM | pruned_50pc_multilayer_inter7_capsnet_cifar10_model Training - Epoch=3, Iteration=(960/1563), Loss=0.1344, Top 1 Acc=82.17, Top 5 Acc=98.80
02/05 12:12:59 AM | pruned_50pc_multilayer_inter7_capsnet_cifar10_model Training - Epoch=3, Iteration=(992/1563), Loss=0.1346, Top 1 Acc=82.12, Top 5 Acc=98.79
02/05 12:13:09 AM | pruned_50pc_multilayer_inter7_capsnet_cifar10_model Training - Epoch=3, Iteration=(1024/1563), Loss=0.1345, Top 1 Acc=82.13, Top 5 Acc=98.81
02/05 12:13:18 AM | pruned_50pc_multilayer_inter7_capsnet_cifar10_model Training - Epoch=3, Iteration=(1056/1563), Loss=0.1342, Top 1 Acc=82.15, Top 5 Acc=98.81
02/05 12:13:27 AM | pruned_50pc_multilayer_inter7_capsnet_cifar10_model Training - Epoch=3, Iteration=(1088/1563), Loss=0.1345, Top 1 Acc=82.09, Top 5 Acc=98.83
02/05 12:13:37 AM | pruned_50pc_multilayer_inter7_capsnet_cifar10_model Training - Epoch=3, Iteration=(1120/1563), Loss=0.1341, Top 1 Acc=82.13, Top 5 Acc=98.83
02/05 12:13:46 AM | pruned_50pc_multilayer_inter7_capsnet_cifar10_model Training - Epoch=3, Iteration=(1152/1563), Loss=0.1341, Top 1 Acc=82.11, Top 5 Acc=98.82
02/05 12:13:56 AM | pruned_50pc_multilayer_inter7_capsnet_cifar10_model Training - Epoch=3, Iteration=(1184/1563), Loss=0.1343, Top 1 Acc=82.09, Top 5 Acc=98.82
02/05 12:14:05 AM | pruned_50pc_multilayer_inter7_capsnet_cifar10_model Training - Epoch=3, Iteration=(1216/1563), Loss=0.1346, Top 1 Acc=82.03, Top 5 Acc=98.82
02/05 12:14:14 AM | pruned_50pc_multilayer_inter7_capsnet_cifar10_model Training - Epoch=3, Iteration=(1248/1563), Loss=0.1344, Top 1 Acc=82.06, Top 5 Acc=98.82
02/05 12:14:24 AM | pruned_50pc_multilayer_inter7_capsnet_cifar10_model Training - Epoch=3, Iteration=(1280/1563), Loss=0.1338, Top 1 Acc=82.17, Top 5 Acc=98.84
02/05 12:14:33 AM | pruned_50pc_multilayer_inter7_capsnet_cifar10_model Training - Epoch=3, Iteration=(1312/1563), Loss=0.1341, Top 1 Acc=82.14, Top 5 Acc=98.82
02/05 12:14:42 AM | pruned_50pc_multilayer_inter7_capsnet_cifar10_model Training - Epoch=3, Iteration=(1344/1563), Loss=0.1341, Top 1 Acc=82.14, Top 5 Acc=98.82
02/05 12:14:52 AM | pruned_50pc_multilayer_inter7_capsnet_cifar10_model Training - Epoch=3, Iteration=(1376/1563), Loss=0.1338, Top 1 Acc=82.18, Top 5 Acc=98.82
02/05 12:15:02 AM | pruned_50pc_multilayer_inter7_capsnet_cifar10_model Training - Epoch=3, Iteration=(1408/1563), Loss=0.1341, Top 1 Acc=82.13, Top 5 Acc=98.81
02/05 12:15:11 AM | pruned_50pc_multilayer_inter7_capsnet_cifar10_model Training - Epoch=3, Iteration=(1440/1563), Loss=0.1341, Top 1 Acc=82.12, Top 5 Acc=98.80
02/05 12:15:21 AM | pruned_50pc_multilayer_inter7_capsnet_cifar10_model Training - Epoch=3, Iteration=(1472/1563), Loss=0.1342, Top 1 Acc=82.10, Top 5 Acc=98.79
02/05 12:15:31 AM | pruned_50pc_multilayer_inter7_capsnet_cifar10_model Training - Epoch=3, Iteration=(1504/1563), Loss=0.1341, Top 1 Acc=82.13, Top 5 Acc=98.78
02/05 12:15:41 AM | pruned_50pc_multilayer_inter7_capsnet_cifar10_model Training - Epoch=3, Iteration=(1536/1563), Loss=0.1339, Top 1 Acc=82.14, Top 5 Acc=98.78
02/05 12:15:58 AM | pruned_50pc_multilayer_inter7_capsnet_cifar10_model Validation - Epoch=3, Loss=0.1680, Top 1 Acc=76.990, Top 5 Acc=97.660
02/05 12:15:58 AM | Epoch 3 complete. Saved Checkpoint: /content/drive/MyDrive/MSc_AI/Course/OCOM5300M-AI_Project/code_repository/results/train/cifar10/20Caps8Dim/Trained_pruned_50pc_multilayer_inter7_capsnet_cifar10_model_Epoch3_of_15.pt
02/05 12:15:59 AM | pruned_50pc_multilayer_inter7_capsnet_cifar10_model Training - Epoch=4, Iteration=(0/1563), Loss=0.1055, Top 1 Acc=84.38, Top 5 Acc=100.00
02/05 12:16:09 AM | pruned_50pc_multilayer_inter7_capsnet_cifar10_model Training - Epoch=4, Iteration=(32/1563), Loss=0.1226, Top 1 Acc=84.00, Top 5 Acc=99.34
02/05 12:16:18 AM | pruned_50pc_multilayer_inter7_capsnet_cifar10_model Training - Epoch=4, Iteration=(64/1563), Loss=0.1141, Top 1 Acc=85.24, Top 5 Acc=99.47
02/05 12:16:27 AM | pruned_50pc_multilayer_inter7_capsnet_cifar10_model Training - Epoch=4, Iteration=(96/1563), Loss=0.1105, Top 1 Acc=85.50, Top 5 Acc=99.39
02/05 12:16:37 AM | pruned_50pc_multilayer_inter7_capsnet_cifar10_model Training - Epoch=4, Iteration=(128/1563), Loss=0.1105, Top 1 Acc=85.63, Top 5 Acc=99.47
02/05 12:16:46 AM | pruned_50pc_multilayer_inter7_capsnet_cifar10_model Training - Epoch=4, Iteration=(160/1563), Loss=0.1103, Top 1 Acc=85.68, Top 5 Acc=99.48
02/05 12:16:55 AM | pruned_50pc_multilayer_inter7_capsnet_cifar10_model Training - Epoch=4, Iteration=(192/1563), Loss=0.1115, Top 1 Acc=85.56, Top 5 Acc=99.43
02/05 12:17:05 AM | pruned_50pc_multilayer_inter7_capsnet_cifar10_model Training - Epoch=4, Iteration=(224/1563), Loss=0.1102, Top 1 Acc=85.75, Top 5 Acc=99.39
02/05 12:17:15 AM | pruned_50pc_multilayer_inter7_capsnet_cifar10_model Training - Epoch=4, Iteration=(256/1563), Loss=0.1109, Top 1 Acc=85.69, Top 5 Acc=99.33
02/05 12:17:25 AM | pruned_50pc_multilayer_inter7_capsnet_cifar10_model Training - Epoch=4, Iteration=(288/1563), Loss=0.1110, Top 1 Acc=85.66, Top 5 Acc=99.32
02/05 12:17:34 AM | pruned_50pc_multilayer_inter7_capsnet_cifar10_model Training - Epoch=4, Iteration=(320/1563), Loss=0.1119, Top 1 Acc=85.67, Top 5 Acc=99.24
02/05 12:17:44 AM | pruned_50pc_multilayer_inter7_capsnet_cifar10_model Training - Epoch=4, Iteration=(352/1563), Loss=0.1121, Top 1 Acc=85.62, Top 5 Acc=99.27
02/05 12:17:53 AM | pruned_50pc_multilayer_inter7_capsnet_cifar10_model Training - Epoch=4, Iteration=(384/1563), Loss=0.1122, Top 1 Acc=85.61, Top 5 Acc=99.30
02/05 12:18:03 AM | pruned_50pc_multilayer_inter7_capsnet_cifar10_model Training - Epoch=4, Iteration=(416/1563), Loss=0.1121, Top 1 Acc=85.64, Top 5 Acc=99.30
02/05 12:18:12 AM | pruned_50pc_multilayer_inter7_capsnet_cifar10_model Training - Epoch=4, Iteration=(448/1563), Loss=0.1122, Top 1 Acc=85.64, Top 5 Acc=99.28
02/05 12:18:22 AM | pruned_50pc_multilayer_inter7_capsnet_cifar10_model Training - Epoch=4, Iteration=(480/1563), Loss=0.1124, Top 1 Acc=85.60, Top 5 Acc=99.30
02/05 12:18:32 AM | pruned_50pc_multilayer_inter7_capsnet_cifar10_model Training - Epoch=4, Iteration=(512/1563), Loss=0.1128, Top 1 Acc=85.56, Top 5 Acc=99.28
02/05 12:18:41 AM | pruned_50pc_multilayer_inter7_capsnet_cifar10_model Training - Epoch=4, Iteration=(544/1563), Loss=0.1128, Top 1 Acc=85.58, Top 5 Acc=99.27
02/05 12:18:51 AM | pruned_50pc_multilayer_inter7_capsnet_cifar10_model Training - Epoch=4, Iteration=(576/1563), Loss=0.1129, Top 1 Acc=85.54, Top 5 Acc=99.28
02/05 12:19:01 AM | pruned_50pc_multilayer_inter7_capsnet_cifar10_model Training - Epoch=4, Iteration=(608/1563), Loss=0.1132, Top 1 Acc=85.54, Top 5 Acc=99.27
02/05 12:19:11 AM | pruned_50pc_multilayer_inter7_capsnet_cifar10_model Training - Epoch=4, Iteration=(640/1563), Loss=0.1129, Top 1 Acc=85.55, Top 5 Acc=99.27
02/05 12:19:20 AM | pruned_50pc_multilayer_inter7_capsnet_cifar10_model Training - Epoch=4, Iteration=(672/1563), Loss=0.1130, Top 1 Acc=85.49, Top 5 Acc=99.25
02/05 12:19:30 AM | pruned_50pc_multilayer_inter7_capsnet_cifar10_model Training - Epoch=4, Iteration=(704/1563), Loss=0.1132, Top 1 Acc=85.45, Top 5 Acc=99.26
02/05 12:19:41 AM | pruned_50pc_multilayer_inter7_capsnet_cifar10_model Training - Epoch=4, Iteration=(736/1563), Loss=0.1134, Top 1 Acc=85.42, Top 5 Acc=99.26
02/05 12:19:51 AM | pruned_50pc_multilayer_inter7_capsnet_cifar10_model Training - Epoch=4, Iteration=(768/1563), Loss=0.1137, Top 1 Acc=85.38, Top 5 Acc=99.25
02/05 12:19:59 AM | pruned_50pc_multilayer_inter7_capsnet_cifar10_model Training - Epoch=4, Iteration=(800/1563), Loss=0.1132, Top 1 Acc=85.44, Top 5 Acc=99.25
02/05 12:20:09 AM | pruned_50pc_multilayer_inter7_capsnet_cifar10_model Training - Epoch=4, Iteration=(832/1563), Loss=0.1131, Top 1 Acc=85.47, Top 5 Acc=99.23
02/05 12:20:19 AM | pruned_50pc_multilayer_inter7_capsnet_cifar10_model Training - Epoch=4, Iteration=(864/1563), Loss=0.1128, Top 1 Acc=85.49, Top 5 Acc=99.22
02/05 12:20:29 AM | pruned_50pc_multilayer_inter7_capsnet_cifar10_model Training - Epoch=4, Iteration=(896/1563), Loss=0.1129, Top 1 Acc=85.45, Top 5 Acc=99.20
02/05 12:20:38 AM | pruned_50pc_multilayer_inter7_capsnet_cifar10_model Training - Epoch=4, Iteration=(928/1563), Loss=0.1137, Top 1 Acc=85.32, Top 5 Acc=99.19
02/05 12:20:48 AM | pruned_50pc_multilayer_inter7_capsnet_cifar10_model Training - Epoch=4, Iteration=(960/1563), Loss=0.1137, Top 1 Acc=85.31, Top 5 Acc=99.18
02/05 12:24:10 AM | pruned_50pc_multilayer_inter10_capsnet_cifar10_model Training - Epoch=1, Iteration=(0/1563), Loss=0.8100, Top 1 Acc=15.62, Top 5 Acc=43.75
02/05 12:24:23 AM | pruned_50pc_multilayer_inter10_capsnet_cifar10_model Training - Epoch=1, Iteration=(32/1563), Loss=0.6572, Top 1 Acc=13.45, Top 5 Acc=53.79
02/05 12:24:36 AM | pruned_50pc_multilayer_inter10_capsnet_cifar10_model Training - Epoch=1, Iteration=(64/1563), Loss=0.5566, Top 1 Acc=20.82, Top 5 Acc=68.37
02/05 12:24:49 AM | pruned_50pc_multilayer_inter10_capsnet_cifar10_model Training - Epoch=1, Iteration=(96/1563), Loss=0.5059, Top 1 Acc=26.45, Top 5 Acc=75.03
02/05 12:25:02 AM | pruned_50pc_multilayer_inter10_capsnet_cifar10_model Training - Epoch=1, Iteration=(128/1563), Loss=0.4714, Top 1 Acc=31.03, Top 5 Acc=79.17
02/05 12:25:55 AM | pruned_50pc_multilayer_inter10_capsnet_cifar10_model Training - Epoch=1, Iteration=(0/1563), Loss=0.8100, Top 1 Acc=12.50, Top 5 Acc=40.62
02/05 12:26:09 AM | pruned_50pc_multilayer_inter10_capsnet_cifar10_model Training - Epoch=1, Iteration=(32/1563), Loss=0.8100, Top 1 Acc=10.04, Top 5 Acc=49.43
02/05 12:26:24 AM | pruned_50pc_multilayer_inter10_capsnet_cifar10_model Training - Epoch=1, Iteration=(64/1563), Loss=0.8100, Top 1 Acc=9.33, Top 5 Acc=50.05
02/05 12:26:39 AM | pruned_50pc_multilayer_inter10_capsnet_cifar10_model Training - Epoch=1, Iteration=(96/1563), Loss=0.8100, Top 1 Acc=9.54, Top 5 Acc=50.32
02/05 12:27:20 AM | pruned_50pc_multilayer_inter10_capsnet_cifar10_model Training - Epoch=1, Iteration=(0/1563), Loss=0.8100, Top 1 Acc=6.25, Top 5 Acc=56.25
02/05 12:27:33 AM | pruned_50pc_multilayer_inter10_capsnet_cifar10_model Training - Epoch=1, Iteration=(32/1563), Loss=0.8100, Top 1 Acc=10.51, Top 5 Acc=49.05
02/05 12:27:46 AM | pruned_50pc_multilayer_inter10_capsnet_cifar10_model Training - Epoch=1, Iteration=(64/1563), Loss=0.8100, Top 1 Acc=10.58, Top 5 Acc=49.33
02/05 12:28:00 AM | pruned_50pc_multilayer_inter10_capsnet_cifar10_model Training - Epoch=1, Iteration=(96/1563), Loss=0.8100, Top 1 Acc=10.60, Top 5 Acc=49.55
02/05 12:28:13 AM | pruned_50pc_multilayer_inter10_capsnet_cifar10_model Training - Epoch=1, Iteration=(128/1563), Loss=0.8100, Top 1 Acc=10.37, Top 5 Acc=49.98
02/05 12:28:26 AM | pruned_50pc_multilayer_inter10_capsnet_cifar10_model Training - Epoch=1, Iteration=(160/1563), Loss=0.8100, Top 1 Acc=10.21, Top 5 Acc=49.77
02/05 12:28:39 AM | pruned_50pc_multilayer_inter10_capsnet_cifar10_model Training - Epoch=1, Iteration=(192/1563), Loss=0.8100, Top 1 Acc=9.97, Top 5 Acc=49.66
02/05 12:29:27 AM | pruned_50pc_multilayer_inter10_capsnet_cifar10_model Training - Epoch=1, Iteration=(0/1563), Loss=0.7917, Top 1 Acc=15.62, Top 5 Acc=65.62
02/05 12:29:39 AM | pruned_50pc_multilayer_inter10_capsnet_cifar10_model Training - Epoch=1, Iteration=(32/1563), Loss=0.5418, Top 1 Acc=26.23, Top 5 Acc=72.63
02/05 12:30:25 AM | pruned_50pc_multilayer_inter10_capsnet_cifar10_model Training - Epoch=1, Iteration=(0/1563), Loss=0.8100, Top 1 Acc=12.50, Top 5 Acc=46.88
02/05 12:30:38 AM | pruned_50pc_multilayer_inter10_capsnet_cifar10_model Training - Epoch=1, Iteration=(32/1563), Loss=0.6670, Top 1 Acc=12.22, Top 5 Acc=50.19
02/05 12:30:51 AM | pruned_50pc_multilayer_inter10_capsnet_cifar10_model Training - Epoch=1, Iteration=(64/1563), Loss=0.5773, Top 1 Acc=17.36, Top 5 Acc=61.59
02/05 12:31:04 AM | pruned_50pc_multilayer_inter10_capsnet_cifar10_model Training - Epoch=1, Iteration=(96/1563), Loss=0.5286, Top 1 Acc=22.20, Top 5 Acc=69.88
02/05 12:31:17 AM | pruned_50pc_multilayer_inter10_capsnet_cifar10_model Training - Epoch=1, Iteration=(128/1563), Loss=0.4957, Top 1 Acc=26.36, Top 5 Acc=74.81
02/05 12:31:30 AM | pruned_50pc_multilayer_inter10_capsnet_cifar10_model Training - Epoch=1, Iteration=(160/1563), Loss=0.4661, Top 1 Acc=30.86, Top 5 Acc=78.32
02/05 12:31:43 AM | pruned_50pc_multilayer_inter10_capsnet_cifar10_model Training - Epoch=1, Iteration=(192/1563), Loss=0.4470, Top 1 Acc=34.21, Top 5 Acc=80.65
02/05 12:31:56 AM | pruned_50pc_multilayer_inter10_capsnet_cifar10_model Training - Epoch=1, Iteration=(224/1563), Loss=0.4300, Top 1 Acc=37.03, Top 5 Acc=82.28
02/05 12:32:09 AM | pruned_50pc_multilayer_inter10_capsnet_cifar10_model Training - Epoch=1, Iteration=(256/1563), Loss=0.4150, Top 1 Acc=39.55, Top 5 Acc=83.56
02/05 12:32:22 AM | pruned_50pc_multilayer_inter10_capsnet_cifar10_model Training - Epoch=1, Iteration=(288/1563), Loss=0.4017, Top 1 Acc=41.74, Top 5 Acc=84.67
02/05 12:32:35 AM | pruned_50pc_multilayer_inter10_capsnet_cifar10_model Training - Epoch=1, Iteration=(320/1563), Loss=0.3897, Top 1 Acc=43.63, Top 5 Acc=85.64
02/05 12:32:48 AM | pruned_50pc_multilayer_inter10_capsnet_cifar10_model Training - Epoch=1, Iteration=(352/1563), Loss=0.3783, Top 1 Acc=45.53, Top 5 Acc=86.49
02/05 12:33:01 AM | pruned_50pc_multilayer_inter10_capsnet_cifar10_model Training - Epoch=1, Iteration=(384/1563), Loss=0.3701, Top 1 Acc=46.92, Top 5 Acc=87.16
02/05 12:33:14 AM | pruned_50pc_multilayer_inter10_capsnet_cifar10_model Training - Epoch=1, Iteration=(416/1563), Loss=0.3620, Top 1 Acc=48.30, Top 5 Acc=87.79
02/05 12:33:27 AM | pruned_50pc_multilayer_inter10_capsnet_cifar10_model Training - Epoch=1, Iteration=(448/1563), Loss=0.3550, Top 1 Acc=49.44, Top 5 Acc=88.25
02/05 12:33:40 AM | pruned_50pc_multilayer_inter10_capsnet_cifar10_model Training - Epoch=1, Iteration=(480/1563), Loss=0.3478, Top 1 Acc=50.56, Top 5 Acc=88.77
02/05 12:33:53 AM | pruned_50pc_multilayer_inter10_capsnet_cifar10_model Training - Epoch=1, Iteration=(512/1563), Loss=0.3420, Top 1 Acc=51.46, Top 5 Acc=89.19
02/05 12:34:06 AM | pruned_50pc_multilayer_inter10_capsnet_cifar10_model Training - Epoch=1, Iteration=(544/1563), Loss=0.3361, Top 1 Acc=52.44, Top 5 Acc=89.62
02/05 12:34:19 AM | pruned_50pc_multilayer_inter10_capsnet_cifar10_model Training - Epoch=1, Iteration=(576/1563), Loss=0.3316, Top 1 Acc=53.15, Top 5 Acc=89.90
02/05 12:34:31 AM | pruned_50pc_multilayer_inter10_capsnet_cifar10_model Training - Epoch=1, Iteration=(608/1563), Loss=0.3263, Top 1 Acc=53.98, Top 5 Acc=90.23
02/05 12:34:44 AM | pruned_50pc_multilayer_inter10_capsnet_cifar10_model Training - Epoch=1, Iteration=(640/1563), Loss=0.3218, Top 1 Acc=54.64, Top 5 Acc=90.56
02/05 12:34:57 AM | pruned_50pc_multilayer_inter10_capsnet_cifar10_model Training - Epoch=1, Iteration=(672/1563), Loss=0.3175, Top 1 Acc=55.30, Top 5 Acc=90.77
02/05 12:35:10 AM | pruned_50pc_multilayer_inter10_capsnet_cifar10_model Training - Epoch=1, Iteration=(704/1563), Loss=0.3136, Top 1 Acc=55.91, Top 5 Acc=91.03
02/05 12:35:22 AM | pruned_50pc_multilayer_inter10_capsnet_cifar10_model Training - Epoch=1, Iteration=(736/1563), Loss=0.3095, Top 1 Acc=56.48, Top 5 Acc=91.28
02/05 12:35:35 AM | pruned_50pc_multilayer_inter10_capsnet_cifar10_model Training - Epoch=1, Iteration=(768/1563), Loss=0.3059, Top 1 Acc=57.07, Top 5 Acc=91.46
02/05 12:35:48 AM | pruned_50pc_multilayer_inter10_capsnet_cifar10_model Training - Epoch=1, Iteration=(800/1563), Loss=0.3027, Top 1 Acc=57.59, Top 5 Acc=91.66
02/05 12:36:01 AM | pruned_50pc_multilayer_inter10_capsnet_cifar10_model Training - Epoch=1, Iteration=(832/1563), Loss=0.2995, Top 1 Acc=58.10, Top 5 Acc=91.86
02/05 12:36:14 AM | pruned_50pc_multilayer_inter10_capsnet_cifar10_model Training - Epoch=1, Iteration=(864/1563), Loss=0.2965, Top 1 Acc=58.55, Top 5 Acc=92.01
02/05 12:36:27 AM | pruned_50pc_multilayer_inter10_capsnet_cifar10_model Training - Epoch=1, Iteration=(896/1563), Loss=0.2934, Top 1 Acc=58.95, Top 5 Acc=92.21
02/05 12:36:41 AM | pruned_50pc_multilayer_inter10_capsnet_cifar10_model Training - Epoch=1, Iteration=(928/1563), Loss=0.2913, Top 1 Acc=59.27, Top 5 Acc=92.32
02/05 12:36:54 AM | pruned_50pc_multilayer_inter10_capsnet_cifar10_model Training - Epoch=1, Iteration=(960/1563), Loss=0.2886, Top 1 Acc=59.66, Top 5 Acc=92.47
02/05 12:37:07 AM | pruned_50pc_multilayer_inter10_capsnet_cifar10_model Training - Epoch=1, Iteration=(992/1563), Loss=0.2860, Top 1 Acc=60.05, Top 5 Acc=92.59
02/05 12:37:21 AM | pruned_50pc_multilayer_inter10_capsnet_cifar10_model Training - Epoch=1, Iteration=(1024/1563), Loss=0.2833, Top 1 Acc=60.49, Top 5 Acc=92.74
02/05 12:37:34 AM | pruned_50pc_multilayer_inter10_capsnet_cifar10_model Training - Epoch=1, Iteration=(1056/1563), Loss=0.2812, Top 1 Acc=60.76, Top 5 Acc=92.84
02/05 12:37:47 AM | pruned_50pc_multilayer_inter10_capsnet_cifar10_model Training - Epoch=1, Iteration=(1088/1563), Loss=0.2792, Top 1 Acc=61.07, Top 5 Acc=92.94
02/05 12:38:00 AM | pruned_50pc_multilayer_inter10_capsnet_cifar10_model Training - Epoch=1, Iteration=(1120/1563), Loss=0.2769, Top 1 Acc=61.45, Top 5 Acc=93.02
02/05 12:38:13 AM | pruned_50pc_multilayer_inter10_capsnet_cifar10_model Training - Epoch=1, Iteration=(1152/1563), Loss=0.2750, Top 1 Acc=61.72, Top 5 Acc=93.11
02/05 12:38:26 AM | pruned_50pc_multilayer_inter10_capsnet_cifar10_model Training - Epoch=1, Iteration=(1184/1563), Loss=0.2730, Top 1 Acc=62.02, Top 5 Acc=93.22
02/05 12:38:39 AM | pruned_50pc_multilayer_inter10_capsnet_cifar10_model Training - Epoch=1, Iteration=(1216/1563), Loss=0.2712, Top 1 Acc=62.26, Top 5 Acc=93.33
02/05 12:38:52 AM | pruned_50pc_multilayer_inter10_capsnet_cifar10_model Training - Epoch=1, Iteration=(1248/1563), Loss=0.2696, Top 1 Acc=62.50, Top 5 Acc=93.43
02/05 12:39:05 AM | pruned_50pc_multilayer_inter10_capsnet_cifar10_model Training - Epoch=1, Iteration=(1280/1563), Loss=0.2680, Top 1 Acc=62.74, Top 5 Acc=93.52
02/05 12:39:18 AM | pruned_50pc_multilayer_inter10_capsnet_cifar10_model Training - Epoch=1, Iteration=(1312/1563), Loss=0.2664, Top 1 Acc=63.00, Top 5 Acc=93.60
02/05 12:39:31 AM | pruned_50pc_multilayer_inter10_capsnet_cifar10_model Training - Epoch=1, Iteration=(1344/1563), Loss=0.2646, Top 1 Acc=63.29, Top 5 Acc=93.68
02/05 12:39:44 AM | pruned_50pc_multilayer_inter10_capsnet_cifar10_model Training - Epoch=1, Iteration=(1376/1563), Loss=0.2629, Top 1 Acc=63.54, Top 5 Acc=93.76
02/05 12:39:57 AM | pruned_50pc_multilayer_inter10_capsnet_cifar10_model Training - Epoch=1, Iteration=(1408/1563), Loss=0.2613, Top 1 Acc=63.79, Top 5 Acc=93.84
02/05 12:40:10 AM | pruned_50pc_multilayer_inter10_capsnet_cifar10_model Training - Epoch=1, Iteration=(1440/1563), Loss=0.2600, Top 1 Acc=63.99, Top 5 Acc=93.90
02/05 12:40:23 AM | pruned_50pc_multilayer_inter10_capsnet_cifar10_model Training - Epoch=1, Iteration=(1472/1563), Loss=0.2588, Top 1 Acc=64.15, Top 5 Acc=93.96
02/05 12:40:36 AM | pruned_50pc_multilayer_inter10_capsnet_cifar10_model Training - Epoch=1, Iteration=(1504/1563), Loss=0.2574, Top 1 Acc=64.35, Top 5 Acc=94.04
02/05 12:40:49 AM | pruned_50pc_multilayer_inter10_capsnet_cifar10_model Training - Epoch=1, Iteration=(1536/1563), Loss=0.2559, Top 1 Acc=64.56, Top 5 Acc=94.12
02/05 12:41:11 AM | pruned_50pc_multilayer_inter10_capsnet_cifar10_model Validation - Epoch=1, Loss=0.1992, Top 1 Acc=72.260, Top 5 Acc=96.900
02/05 12:41:11 AM | Epoch 1 complete. Saved Checkpoint: /content/drive/MyDrive/MSc_AI/Course/OCOM5300M-AI_Project/code_repository/results/train/cifar10/20Caps8Dim/Trained_pruned_50pc_multilayer_inter10_capsnet_cifar10_model_Epoch1_of_15.pt
02/05 12:41:12 AM | pruned_50pc_multilayer_inter10_capsnet_cifar10_model Training - Epoch=2, Iteration=(0/1563), Loss=0.1705, Top 1 Acc=78.12, Top 5 Acc=100.00
02/05 12:41:24 AM | pruned_50pc_multilayer_inter10_capsnet_cifar10_model Training - Epoch=2, Iteration=(32/1563), Loss=0.1698, Top 1 Acc=77.56, Top 5 Acc=98.01
02/05 12:41:37 AM | pruned_50pc_multilayer_inter10_capsnet_cifar10_model Training - Epoch=2, Iteration=(64/1563), Loss=0.1706, Top 1 Acc=77.84, Top 5 Acc=97.26
02/05 12:41:50 AM | pruned_50pc_multilayer_inter10_capsnet_cifar10_model Training - Epoch=2, Iteration=(96/1563), Loss=0.1710, Top 1 Acc=77.35, Top 5 Acc=97.45
02/05 12:42:03 AM | pruned_50pc_multilayer_inter10_capsnet_cifar10_model Training - Epoch=2, Iteration=(128/1563), Loss=0.1724, Top 1 Acc=76.91, Top 5 Acc=97.58
02/05 12:42:16 AM | pruned_50pc_multilayer_inter10_capsnet_cifar10_model Training - Epoch=2, Iteration=(160/1563), Loss=0.1733, Top 1 Acc=76.55, Top 5 Acc=97.52
02/05 12:42:29 AM | pruned_50pc_multilayer_inter10_capsnet_cifar10_model Training - Epoch=2, Iteration=(192/1563), Loss=0.1727, Top 1 Acc=76.62, Top 5 Acc=97.54
02/05 12:42:42 AM | pruned_50pc_multilayer_inter10_capsnet_cifar10_model Training - Epoch=2, Iteration=(224/1563), Loss=0.1736, Top 1 Acc=76.35, Top 5 Acc=97.61
02/05 12:42:55 AM | pruned_50pc_multilayer_inter10_capsnet_cifar10_model Training - Epoch=2, Iteration=(256/1563), Loss=0.1735, Top 1 Acc=76.24, Top 5 Acc=97.69
02/05 12:43:09 AM | pruned_50pc_multilayer_inter10_capsnet_cifar10_model Training - Epoch=2, Iteration=(288/1563), Loss=0.1722, Top 1 Acc=76.39, Top 5 Acc=97.72
02/05 12:43:22 AM | pruned_50pc_multilayer_inter10_capsnet_cifar10_model Training - Epoch=2, Iteration=(320/1563), Loss=0.1723, Top 1 Acc=76.36, Top 5 Acc=97.71
02/05 12:43:35 AM | pruned_50pc_multilayer_inter10_capsnet_cifar10_model Training - Epoch=2, Iteration=(352/1563), Loss=0.1714, Top 1 Acc=76.50, Top 5 Acc=97.72
02/05 12:43:48 AM | pruned_50pc_multilayer_inter10_capsnet_cifar10_model Training - Epoch=2, Iteration=(384/1563), Loss=0.1715, Top 1 Acc=76.63, Top 5 Acc=97.69
02/05 12:44:01 AM | pruned_50pc_multilayer_inter10_capsnet_cifar10_model Training - Epoch=2, Iteration=(416/1563), Loss=0.1715, Top 1 Acc=76.69, Top 5 Acc=97.77
02/05 12:44:15 AM | pruned_50pc_multilayer_inter10_capsnet_cifar10_model Training - Epoch=2, Iteration=(448/1563), Loss=0.1717, Top 1 Acc=76.63, Top 5 Acc=97.79
02/05 12:44:28 AM | pruned_50pc_multilayer_inter10_capsnet_cifar10_model Training - Epoch=2, Iteration=(480/1563), Loss=0.1723, Top 1 Acc=76.62, Top 5 Acc=97.80
02/05 12:44:41 AM | pruned_50pc_multilayer_inter10_capsnet_cifar10_model Training - Epoch=2, Iteration=(512/1563), Loss=0.1724, Top 1 Acc=76.65, Top 5 Acc=97.83
02/05 12:44:54 AM | pruned_50pc_multilayer_inter10_capsnet_cifar10_model Training - Epoch=2, Iteration=(544/1563), Loss=0.1724, Top 1 Acc=76.65, Top 5 Acc=97.80
02/05 12:45:09 AM | pruned_50pc_multilayer_inter10_capsnet_cifar10_model Training - Epoch=2, Iteration=(576/1563), Loss=0.1719, Top 1 Acc=76.70, Top 5 Acc=97.80
02/05 12:45:22 AM | pruned_50pc_multilayer_inter10_capsnet_cifar10_model Training - Epoch=2, Iteration=(608/1563), Loss=0.1716, Top 1 Acc=76.75, Top 5 Acc=97.79
02/05 12:45:35 AM | pruned_50pc_multilayer_inter10_capsnet_cifar10_model Training - Epoch=2, Iteration=(640/1563), Loss=0.1721, Top 1 Acc=76.67, Top 5 Acc=97.78
02/05 12:45:48 AM | pruned_50pc_multilayer_inter10_capsnet_cifar10_model Training - Epoch=2, Iteration=(672/1563), Loss=0.1717, Top 1 Acc=76.73, Top 5 Acc=97.77
02/05 12:46:01 AM | pruned_50pc_multilayer_inter10_capsnet_cifar10_model Training - Epoch=2, Iteration=(704/1563), Loss=0.1713, Top 1 Acc=76.82, Top 5 Acc=97.79
02/05 12:46:14 AM | pruned_50pc_multilayer_inter10_capsnet_cifar10_model Training - Epoch=2, Iteration=(736/1563), Loss=0.1715, Top 1 Acc=76.77, Top 5 Acc=97.76
02/05 12:46:27 AM | pruned_50pc_multilayer_inter10_capsnet_cifar10_model Training - Epoch=2, Iteration=(768/1563), Loss=0.1722, Top 1 Acc=76.63, Top 5 Acc=97.75
02/05 12:46:41 AM | pruned_50pc_multilayer_inter10_capsnet_cifar10_model Training - Epoch=2, Iteration=(800/1563), Loss=0.1719, Top 1 Acc=76.69, Top 5 Acc=97.73
02/05 12:46:54 AM | pruned_50pc_multilayer_inter10_capsnet_cifar10_model Training - Epoch=2, Iteration=(832/1563), Loss=0.1720, Top 1 Acc=76.70, Top 5 Acc=97.73
02/05 12:47:06 AM | pruned_50pc_multilayer_inter10_capsnet_cifar10_model Training - Epoch=2, Iteration=(864/1563), Loss=0.1719, Top 1 Acc=76.73, Top 5 Acc=97.74
02/05 12:47:19 AM | pruned_50pc_multilayer_inter10_capsnet_cifar10_model Training - Epoch=2, Iteration=(896/1563), Loss=0.1721, Top 1 Acc=76.71, Top 5 Acc=97.73
02/05 12:47:32 AM | pruned_50pc_multilayer_inter10_capsnet_cifar10_model Training - Epoch=2, Iteration=(928/1563), Loss=0.1722, Top 1 Acc=76.70, Top 5 Acc=97.70
02/05 12:47:45 AM | pruned_50pc_multilayer_inter10_capsnet_cifar10_model Training - Epoch=2, Iteration=(960/1563), Loss=0.1716, Top 1 Acc=76.80, Top 5 Acc=97.71
02/05 12:47:58 AM | pruned_50pc_multilayer_inter10_capsnet_cifar10_model Training - Epoch=2, Iteration=(992/1563), Loss=0.1715, Top 1 Acc=76.84, Top 5 Acc=97.69
02/05 12:48:11 AM | pruned_50pc_multilayer_inter10_capsnet_cifar10_model Training - Epoch=2, Iteration=(1024/1563), Loss=0.1712, Top 1 Acc=76.86, Top 5 Acc=97.71
02/05 12:48:24 AM | pruned_50pc_multilayer_inter10_capsnet_cifar10_model Training - Epoch=2, Iteration=(1056/1563), Loss=0.1712, Top 1 Acc=76.82, Top 5 Acc=97.71
02/05 12:48:37 AM | pruned_50pc_multilayer_inter10_capsnet_cifar10_model Training - Epoch=2, Iteration=(1088/1563), Loss=0.1710, Top 1 Acc=76.85, Top 5 Acc=97.70
02/05 12:48:50 AM | pruned_50pc_multilayer_inter10_capsnet_cifar10_model Training - Epoch=2, Iteration=(1120/1563), Loss=0.1708, Top 1 Acc=76.90, Top 5 Acc=97.70
02/05 12:49:03 AM | pruned_50pc_multilayer_inter10_capsnet_cifar10_model Training - Epoch=2, Iteration=(1152/1563), Loss=0.1709, Top 1 Acc=76.85, Top 5 Acc=97.71
02/05 12:49:16 AM | pruned_50pc_multilayer_inter10_capsnet_cifar10_model Training - Epoch=2, Iteration=(1184/1563), Loss=0.1710, Top 1 Acc=76.83, Top 5 Acc=97.72
02/05 12:49:29 AM | pruned_50pc_multilayer_inter10_capsnet_cifar10_model Training - Epoch=2, Iteration=(1216/1563), Loss=0.1707, Top 1 Acc=76.87, Top 5 Acc=97.73
02/05 12:49:41 AM | pruned_50pc_multilayer_inter10_capsnet_cifar10_model Training - Epoch=2, Iteration=(1248/1563), Loss=0.1706, Top 1 Acc=76.88, Top 5 Acc=97.73
02/05 12:49:55 AM | pruned_50pc_multilayer_inter10_capsnet_cifar10_model Training - Epoch=2, Iteration=(1280/1563), Loss=0.1705, Top 1 Acc=76.88, Top 5 Acc=97.74
02/05 12:50:08 AM | pruned_50pc_multilayer_inter10_capsnet_cifar10_model Training - Epoch=2, Iteration=(1312/1563), Loss=0.1704, Top 1 Acc=76.90, Top 5 Acc=97.74
02/05 12:50:20 AM | pruned_50pc_multilayer_inter10_capsnet_cifar10_model Training - Epoch=2, Iteration=(1344/1563), Loss=0.1704, Top 1 Acc=76.91, Top 5 Acc=97.75
02/05 12:50:33 AM | pruned_50pc_multilayer_inter10_capsnet_cifar10_model Training - Epoch=2, Iteration=(1376/1563), Loss=0.1701, Top 1 Acc=76.94, Top 5 Acc=97.77
02/05 12:50:46 AM | pruned_50pc_multilayer_inter10_capsnet_cifar10_model Training - Epoch=2, Iteration=(1408/1563), Loss=0.1701, Top 1 Acc=76.91, Top 5 Acc=97.77
02/05 12:52:58 AM | pruned_50pc_multilayer_inter12_capsnet_cifar10_model Training - Epoch=1, Iteration=(0/1563), Loss=0.8100, Top 1 Acc=6.25, Top 5 Acc=56.25
02/05 12:53:14 AM | pruned_50pc_multilayer_inter12_capsnet_cifar10_model Training - Epoch=1, Iteration=(32/1563), Loss=0.8100, Top 1 Acc=9.38, Top 5 Acc=47.25
02/05 12:53:30 AM | pruned_50pc_multilayer_inter12_capsnet_cifar10_model Training - Epoch=1, Iteration=(64/1563), Loss=0.8100, Top 1 Acc=10.24, Top 5 Acc=48.32
02/05 12:53:47 AM | pruned_50pc_multilayer_inter12_capsnet_cifar10_model Training - Epoch=1, Iteration=(96/1563), Loss=0.8100, Top 1 Acc=9.83, Top 5 Acc=48.49
02/05 12:54:03 AM | pruned_50pc_multilayer_inter12_capsnet_cifar10_model Training - Epoch=1, Iteration=(128/1563), Loss=0.8100, Top 1 Acc=9.98, Top 5 Acc=48.98
02/05 12:54:18 AM | pruned_50pc_multilayer_inter12_capsnet_cifar10_model Training - Epoch=1, Iteration=(160/1563), Loss=0.8100, Top 1 Acc=10.15, Top 5 Acc=49.34
02/05 12:55:27 AM | pruned_60pc_multilayer_inter12_capsnet_cifar10_model Training - Epoch=1, Iteration=(0/1563), Loss=0.8014, Top 1 Acc=25.00, Top 5 Acc=59.38
02/05 12:55:43 AM | pruned_60pc_multilayer_inter12_capsnet_cifar10_model Training - Epoch=1, Iteration=(32/1563), Loss=0.5668, Top 1 Acc=23.30, Top 5 Acc=67.90
