01/13 01:20:33 AM | MultilayerCapsNet_InterLayer3_CIFAR10 Training - Epoch=1, Iteration=(0/782), Loss=0.8100, Top 1 Acc=14.06, Top 5 Acc=51.56
01/13 01:21:03 AM | MultilayerCapsNet_InterLayer3_CIFAR10 Training - Epoch=1, Iteration=(64/782), Loss=nan, Top 1 Acc=10.17, Top 5 Acc=50.19
01/13 01:32:00 AM | BaseCapsNet_CIFAR10 Training - Epoch=1, Iteration=(0/782), Loss=0.8090, Top 1 Acc=4.69, Top 5 Acc=51.56
01/13 01:32:23 AM | BaseCapsNet_CIFAR10 Training - Epoch=1, Iteration=(64/782), Loss=0.5916, Top 1 Acc=15.77, Top 5 Acc=62.00
01/13 01:32:47 AM | BaseCapsNet_CIFAR10 Training - Epoch=1, Iteration=(128/782), Loss=0.5220, Top 1 Acc=24.32, Top 5 Acc=73.90
01/13 01:33:10 AM | BaseCapsNet_CIFAR10 Training - Epoch=1, Iteration=(192/782), Loss=0.4865, Top 1 Acc=29.02, Top 5 Acc=78.81
01/13 01:33:33 AM | BaseCapsNet_CIFAR10 Training - Epoch=1, Iteration=(256/782), Loss=0.4625, Top 1 Acc=32.32, Top 5 Acc=81.66
01/13 01:33:56 AM | BaseCapsNet_CIFAR10 Training - Epoch=1, Iteration=(320/782), Loss=0.4453, Top 1 Acc=34.74, Top 5 Acc=83.72
01/13 01:34:19 AM | BaseCapsNet_CIFAR10 Training - Epoch=1, Iteration=(384/782), Loss=0.4312, Top 1 Acc=36.81, Top 5 Acc=85.22
01/13 01:34:42 AM | BaseCapsNet_CIFAR10 Training - Epoch=1, Iteration=(448/782), Loss=0.4200, Top 1 Acc=38.36, Top 5 Acc=86.28
01/13 01:35:06 AM | BaseCapsNet_CIFAR10 Training - Epoch=1, Iteration=(512/782), Loss=0.4103, Top 1 Acc=39.90, Top 5 Acc=87.15
01/13 01:35:29 AM | BaseCapsNet_CIFAR10 Training - Epoch=1, Iteration=(576/782), Loss=0.4013, Top 1 Acc=41.34, Top 5 Acc=87.87
01/13 01:35:52 AM | BaseCapsNet_CIFAR10 Training - Epoch=1, Iteration=(640/782), Loss=0.3931, Top 1 Acc=42.59, Top 5 Acc=88.56
01/13 01:36:15 AM | BaseCapsNet_CIFAR10 Training - Epoch=1, Iteration=(704/782), Loss=0.3856, Top 1 Acc=43.69, Top 5 Acc=89.14
01/13 01:36:38 AM | BaseCapsNet_CIFAR10 Training - Epoch=1, Iteration=(768/782), Loss=0.3792, Top 1 Acc=44.76, Top 5 Acc=89.64
01/13 01:36:59 AM | BaseCapsNet_CIFAR10 Validation - Loss=0.2975, Top 1 Acc=57.670, Top 5 Acc=95.180
01/13 01:37:01 AM | Epoch 1 complete. Saved Checkpoint: /content/drive/MyDrive/MSc_AI/Course/OCOM5300M-AI_Project/code_repository/results/train/cifar10/Trained_BaseCapsNet_CIFAR10_Epoch1_of_30.pt
01/13 01:37:01 AM | BaseCapsNet_CIFAR10 Training - Epoch=2, Iteration=(0/782), Loss=0.3179, Top 1 Acc=51.56, Top 5 Acc=92.19
01/13 01:37:24 AM | BaseCapsNet_CIFAR10 Training - Epoch=2, Iteration=(64/782), Loss=0.2928, Top 1 Acc=58.32, Top 5 Acc=95.07
01/13 01:37:47 AM | BaseCapsNet_CIFAR10 Training - Epoch=2, Iteration=(128/782), Loss=0.2875, Top 1 Acc=59.22, Top 5 Acc=95.47
01/13 01:38:10 AM | BaseCapsNet_CIFAR10 Training - Epoch=2, Iteration=(192/782), Loss=0.2849, Top 1 Acc=59.75, Top 5 Acc=95.63
01/13 01:38:33 AM | BaseCapsNet_CIFAR10 Training - Epoch=2, Iteration=(256/782), Loss=0.2832, Top 1 Acc=59.69, Top 5 Acc=95.69
01/13 01:38:56 AM | BaseCapsNet_CIFAR10 Training - Epoch=2, Iteration=(320/782), Loss=0.2816, Top 1 Acc=59.92, Top 5 Acc=95.76
01/13 01:39:19 AM | BaseCapsNet_CIFAR10 Training - Epoch=2, Iteration=(384/782), Loss=0.2793, Top 1 Acc=60.39, Top 5 Acc=95.92
01/13 01:39:43 AM | BaseCapsNet_CIFAR10 Training - Epoch=2, Iteration=(448/782), Loss=0.2773, Top 1 Acc=60.68, Top 5 Acc=95.96
01/13 01:40:06 AM | BaseCapsNet_CIFAR10 Training - Epoch=2, Iteration=(512/782), Loss=0.2749, Top 1 Acc=61.02, Top 5 Acc=96.02
01/13 01:40:29 AM | BaseCapsNet_CIFAR10 Training - Epoch=2, Iteration=(576/782), Loss=0.2730, Top 1 Acc=61.29, Top 5 Acc=96.03
01/13 01:40:52 AM | BaseCapsNet_CIFAR10 Training - Epoch=2, Iteration=(640/782), Loss=0.2716, Top 1 Acc=61.60, Top 5 Acc=96.06
01/13 01:41:15 AM | BaseCapsNet_CIFAR10 Training - Epoch=2, Iteration=(704/782), Loss=0.2701, Top 1 Acc=61.85, Top 5 Acc=96.08
01/13 01:41:38 AM | BaseCapsNet_CIFAR10 Training - Epoch=2, Iteration=(768/782), Loss=0.2681, Top 1 Acc=62.17, Top 5 Acc=96.14
01/13 01:41:59 AM | BaseCapsNet_CIFAR10 Validation - Loss=0.2458, Top 1 Acc=65.960, Top 5 Acc=96.570
01/13 01:42:00 AM | Epoch 2 complete. Saved Checkpoint: /content/drive/MyDrive/MSc_AI/Course/OCOM5300M-AI_Project/code_repository/results/train/cifar10/Trained_BaseCapsNet_CIFAR10_Epoch2_of_30.pt
01/13 01:42:00 AM | BaseCapsNet_CIFAR10 Training - Epoch=3, Iteration=(0/782), Loss=0.2203, Top 1 Acc=64.06, Top 5 Acc=100.00
01/13 01:42:23 AM | BaseCapsNet_CIFAR10 Training - Epoch=3, Iteration=(64/782), Loss=0.2342, Top 1 Acc=67.98, Top 5 Acc=97.00
01/13 01:42:46 AM | BaseCapsNet_CIFAR10 Training - Epoch=3, Iteration=(128/782), Loss=0.2351, Top 1 Acc=67.90, Top 5 Acc=96.83
01/13 01:43:09 AM | BaseCapsNet_CIFAR10 Training - Epoch=3, Iteration=(192/782), Loss=0.2345, Top 1 Acc=67.88, Top 5 Acc=96.83
01/13 01:43:32 AM | BaseCapsNet_CIFAR10 Training - Epoch=3, Iteration=(256/782), Loss=0.2356, Top 1 Acc=67.52, Top 5 Acc=96.86
01/13 01:43:55 AM | BaseCapsNet_CIFAR10 Training - Epoch=3, Iteration=(320/782), Loss=0.2336, Top 1 Acc=67.83, Top 5 Acc=96.98
01/13 01:44:18 AM | BaseCapsNet_CIFAR10 Training - Epoch=3, Iteration=(384/782), Loss=0.2321, Top 1 Acc=67.96, Top 5 Acc=97.02
01/13 01:44:42 AM | BaseCapsNet_CIFAR10 Training - Epoch=3, Iteration=(448/782), Loss=0.2313, Top 1 Acc=68.01, Top 5 Acc=97.01
01/13 01:45:05 AM | BaseCapsNet_CIFAR10 Training - Epoch=3, Iteration=(512/782), Loss=0.2299, Top 1 Acc=68.22, Top 5 Acc=97.02
01/13 01:45:28 AM | BaseCapsNet_CIFAR10 Training - Epoch=3, Iteration=(576/782), Loss=0.2279, Top 1 Acc=68.52, Top 5 Acc=97.13
01/13 01:45:51 AM | BaseCapsNet_CIFAR10 Training - Epoch=3, Iteration=(640/782), Loss=0.2273, Top 1 Acc=68.60, Top 5 Acc=97.17
01/13 01:46:14 AM | BaseCapsNet_CIFAR10 Training - Epoch=3, Iteration=(704/782), Loss=0.2266, Top 1 Acc=68.70, Top 5 Acc=97.21
01/13 01:46:37 AM | BaseCapsNet_CIFAR10 Training - Epoch=3, Iteration=(768/782), Loss=0.2258, Top 1 Acc=68.88, Top 5 Acc=97.19
01/13 01:46:58 AM | BaseCapsNet_CIFAR10 Validation - Loss=0.2239, Top 1 Acc=69.350, Top 5 Acc=97.130
01/13 01:46:58 AM | Epoch 3 complete. Saved Checkpoint: /content/drive/MyDrive/MSc_AI/Course/OCOM5300M-AI_Project/code_repository/results/train/cifar10/Trained_BaseCapsNet_CIFAR10_Epoch3_of_30.pt
01/13 01:46:59 AM | BaseCapsNet_CIFAR10 Training - Epoch=4, Iteration=(0/782), Loss=0.2389, Top 1 Acc=64.06, Top 5 Acc=98.44
01/13 01:47:22 AM | BaseCapsNet_CIFAR10 Training - Epoch=4, Iteration=(64/782), Loss=0.1942, Top 1 Acc=73.53, Top 5 Acc=98.27
01/13 01:47:45 AM | BaseCapsNet_CIFAR10 Training - Epoch=4, Iteration=(128/782), Loss=0.2016, Top 1 Acc=72.48, Top 5 Acc=98.07
01/13 01:48:08 AM | BaseCapsNet_CIFAR10 Training - Epoch=4, Iteration=(192/782), Loss=0.2038, Top 1 Acc=72.39, Top 5 Acc=97.91
01/13 01:48:31 AM | BaseCapsNet_CIFAR10 Training - Epoch=4, Iteration=(256/782), Loss=0.2030, Top 1 Acc=72.59, Top 5 Acc=97.95
01/13 01:48:54 AM | BaseCapsNet_CIFAR10 Training - Epoch=4, Iteration=(320/782), Loss=0.2022, Top 1 Acc=72.74, Top 5 Acc=97.95
01/13 01:49:17 AM | BaseCapsNet_CIFAR10 Training - Epoch=4, Iteration=(384/782), Loss=0.2011, Top 1 Acc=72.97, Top 5 Acc=97.99
01/13 01:49:40 AM | BaseCapsNet_CIFAR10 Training - Epoch=4, Iteration=(448/782), Loss=0.1994, Top 1 Acc=73.19, Top 5 Acc=97.98
01/13 01:50:03 AM | BaseCapsNet_CIFAR10 Training - Epoch=4, Iteration=(512/782), Loss=0.1997, Top 1 Acc=73.15, Top 5 Acc=97.99
01/13 01:50:26 AM | BaseCapsNet_CIFAR10 Training - Epoch=4, Iteration=(576/782), Loss=0.1995, Top 1 Acc=73.19, Top 5 Acc=97.92
01/13 01:50:49 AM | BaseCapsNet_CIFAR10 Training - Epoch=4, Iteration=(640/782), Loss=0.1988, Top 1 Acc=73.32, Top 5 Acc=97.94
01/13 01:51:12 AM | BaseCapsNet_CIFAR10 Training - Epoch=4, Iteration=(704/782), Loss=0.1978, Top 1 Acc=73.48, Top 5 Acc=97.94
01/13 01:51:35 AM | BaseCapsNet_CIFAR10 Training - Epoch=4, Iteration=(768/782), Loss=0.1981, Top 1 Acc=73.36, Top 5 Acc=97.91
01/13 01:51:56 AM | BaseCapsNet_CIFAR10 Validation - Loss=0.1970, Top 1 Acc=73.740, Top 5 Acc=98.020
01/13 01:51:57 AM | Epoch 4 complete. Saved Checkpoint: /content/drive/MyDrive/MSc_AI/Course/OCOM5300M-AI_Project/code_repository/results/train/cifar10/Trained_BaseCapsNet_CIFAR10_Epoch4_of_30.pt
01/13 01:51:57 AM | BaseCapsNet_CIFAR10 Training - Epoch=5, Iteration=(0/782), Loss=0.2134, Top 1 Acc=71.88, Top 5 Acc=98.44
01/13 01:52:20 AM | BaseCapsNet_CIFAR10 Training - Epoch=5, Iteration=(64/782), Loss=0.1810, Top 1 Acc=75.96, Top 5 Acc=97.91
01/13 01:52:43 AM | BaseCapsNet_CIFAR10 Training - Epoch=5, Iteration=(128/782), Loss=0.1818, Top 1 Acc=75.98, Top 5 Acc=98.12
01/13 01:53:07 AM | BaseCapsNet_CIFAR10 Training - Epoch=5, Iteration=(192/782), Loss=0.1794, Top 1 Acc=76.25, Top 5 Acc=98.12
01/13 01:53:30 AM | BaseCapsNet_CIFAR10 Training - Epoch=5, Iteration=(256/782), Loss=0.1796, Top 1 Acc=76.26, Top 5 Acc=98.10
01/13 01:53:53 AM | BaseCapsNet_CIFAR10 Training - Epoch=5, Iteration=(320/782), Loss=0.1791, Top 1 Acc=76.46, Top 5 Acc=98.10
01/13 01:54:16 AM | BaseCapsNet_CIFAR10 Training - Epoch=5, Iteration=(384/782), Loss=0.1789, Top 1 Acc=76.49, Top 5 Acc=98.11
01/13 01:54:39 AM | BaseCapsNet_CIFAR10 Training - Epoch=5, Iteration=(448/782), Loss=0.1800, Top 1 Acc=76.21, Top 5 Acc=98.10
01/13 01:55:02 AM | BaseCapsNet_CIFAR10 Training - Epoch=5, Iteration=(512/782), Loss=0.1798, Top 1 Acc=76.25, Top 5 Acc=98.12
01/13 01:55:25 AM | BaseCapsNet_CIFAR10 Training - Epoch=5, Iteration=(576/782), Loss=0.1786, Top 1 Acc=76.40, Top 5 Acc=98.16
01/13 01:55:48 AM | BaseCapsNet_CIFAR10 Training - Epoch=5, Iteration=(640/782), Loss=0.1783, Top 1 Acc=76.47, Top 5 Acc=98.17
01/13 01:56:11 AM | BaseCapsNet_CIFAR10 Training - Epoch=5, Iteration=(704/782), Loss=0.1777, Top 1 Acc=76.55, Top 5 Acc=98.17
01/13 01:56:34 AM | BaseCapsNet_CIFAR10 Training - Epoch=5, Iteration=(768/782), Loss=0.1766, Top 1 Acc=76.69, Top 5 Acc=98.19
01/13 01:56:55 AM | BaseCapsNet_CIFAR10 Validation - Loss=0.1779, Top 1 Acc=76.250, Top 5 Acc=98.400
01/13 01:56:55 AM | Epoch 5 complete. Saved Checkpoint: /content/drive/MyDrive/MSc_AI/Course/OCOM5300M-AI_Project/code_repository/results/train/cifar10/Trained_BaseCapsNet_CIFAR10_Epoch5_of_30.pt
01/13 01:56:56 AM | BaseCapsNet_CIFAR10 Training - Epoch=6, Iteration=(0/782), Loss=0.1292, Top 1 Acc=84.38, Top 5 Acc=98.44
01/13 01:57:19 AM | BaseCapsNet_CIFAR10 Training - Epoch=6, Iteration=(64/782), Loss=0.1568, Top 1 Acc=80.26, Top 5 Acc=98.77
01/13 01:57:42 AM | BaseCapsNet_CIFAR10 Training - Epoch=6, Iteration=(128/782), Loss=0.1593, Top 1 Acc=79.93, Top 5 Acc=98.58
01/13 01:58:05 AM | BaseCapsNet_CIFAR10 Training - Epoch=6, Iteration=(192/782), Loss=0.1603, Top 1 Acc=79.67, Top 5 Acc=98.53
01/13 01:58:28 AM | BaseCapsNet_CIFAR10 Training - Epoch=6, Iteration=(256/782), Loss=0.1610, Top 1 Acc=79.58, Top 5 Acc=98.46
01/13 01:58:51 AM | BaseCapsNet_CIFAR10 Training - Epoch=6, Iteration=(320/782), Loss=0.1607, Top 1 Acc=79.56, Top 5 Acc=98.47
01/13 01:59:14 AM | BaseCapsNet_CIFAR10 Training - Epoch=6, Iteration=(384/782), Loss=0.1625, Top 1 Acc=79.29, Top 5 Acc=98.48
01/13 01:59:37 AM | BaseCapsNet_CIFAR10 Training - Epoch=6, Iteration=(448/782), Loss=0.1619, Top 1 Acc=79.32, Top 5 Acc=98.48
01/13 02:00:00 AM | BaseCapsNet_CIFAR10 Training - Epoch=6, Iteration=(512/782), Loss=0.1618, Top 1 Acc=79.36, Top 5 Acc=98.47
01/13 02:00:23 AM | BaseCapsNet_CIFAR10 Training - Epoch=6, Iteration=(576/782), Loss=0.1609, Top 1 Acc=79.51, Top 5 Acc=98.46
01/13 02:00:46 AM | BaseCapsNet_CIFAR10 Training - Epoch=6, Iteration=(640/782), Loss=0.1599, Top 1 Acc=79.58, Top 5 Acc=98.51
01/13 02:01:09 AM | BaseCapsNet_CIFAR10 Training - Epoch=6, Iteration=(704/782), Loss=0.1596, Top 1 Acc=79.64, Top 5 Acc=98.49
01/13 02:01:32 AM | BaseCapsNet_CIFAR10 Training - Epoch=6, Iteration=(768/782), Loss=0.1592, Top 1 Acc=79.67, Top 5 Acc=98.51
01/13 02:01:53 AM | BaseCapsNet_CIFAR10 Validation - Loss=0.1705, Top 1 Acc=77.510, Top 5 Acc=98.440
01/13 02:01:54 AM | Epoch 6 complete. Saved Checkpoint: /content/drive/MyDrive/MSc_AI/Course/OCOM5300M-AI_Project/code_repository/results/train/cifar10/Trained_BaseCapsNet_CIFAR10_Epoch6_of_30.pt
01/13 02:01:54 AM | BaseCapsNet_CIFAR10 Training - Epoch=7, Iteration=(0/782), Loss=0.1392, Top 1 Acc=81.25, Top 5 Acc=100.00
01/13 02:02:17 AM | BaseCapsNet_CIFAR10 Training - Epoch=7, Iteration=(64/782), Loss=0.1454, Top 1 Acc=82.14, Top 5 Acc=98.80
01/13 02:02:40 AM | BaseCapsNet_CIFAR10 Training - Epoch=7, Iteration=(128/782), Loss=0.1464, Top 1 Acc=81.78, Top 5 Acc=98.72
01/13 02:03:03 AM | BaseCapsNet_CIFAR10 Training - Epoch=7, Iteration=(192/782), Loss=0.1458, Top 1 Acc=81.74, Top 5 Acc=98.66
01/13 02:03:26 AM | BaseCapsNet_CIFAR10 Training - Epoch=7, Iteration=(256/782), Loss=0.1445, Top 1 Acc=81.95, Top 5 Acc=98.78
01/13 02:03:50 AM | BaseCapsNet_CIFAR10 Training - Epoch=7, Iteration=(320/782), Loss=0.1449, Top 1 Acc=81.91, Top 5 Acc=98.78
01/13 02:04:13 AM | BaseCapsNet_CIFAR10 Training - Epoch=7, Iteration=(384/782), Loss=0.1447, Top 1 Acc=81.94, Top 5 Acc=98.78
01/13 02:04:36 AM | BaseCapsNet_CIFAR10 Training - Epoch=7, Iteration=(448/782), Loss=0.1447, Top 1 Acc=81.94, Top 5 Acc=98.80
01/13 02:04:59 AM | BaseCapsNet_CIFAR10 Training - Epoch=7, Iteration=(512/782), Loss=0.1450, Top 1 Acc=81.80, Top 5 Acc=98.79
01/13 02:05:22 AM | BaseCapsNet_CIFAR10 Training - Epoch=7, Iteration=(576/782), Loss=0.1448, Top 1 Acc=81.81, Top 5 Acc=98.79
01/13 02:05:45 AM | BaseCapsNet_CIFAR10 Training - Epoch=7, Iteration=(640/782), Loss=0.1448, Top 1 Acc=81.76, Top 5 Acc=98.80
01/13 02:06:08 AM | BaseCapsNet_CIFAR10 Training - Epoch=7, Iteration=(704/782), Loss=0.1447, Top 1 Acc=81.81, Top 5 Acc=98.77
01/13 02:06:31 AM | BaseCapsNet_CIFAR10 Training - Epoch=7, Iteration=(768/782), Loss=0.1449, Top 1 Acc=81.80, Top 5 Acc=98.76
01/13 02:06:52 AM | BaseCapsNet_CIFAR10 Validation - Loss=0.1666, Top 1 Acc=78.220, Top 5 Acc=98.270
01/13 02:06:52 AM | Epoch 7 complete. Saved Checkpoint: /content/drive/MyDrive/MSc_AI/Course/OCOM5300M-AI_Project/code_repository/results/train/cifar10/Trained_BaseCapsNet_CIFAR10_Epoch7_of_30.pt
01/13 02:06:53 AM | BaseCapsNet_CIFAR10 Training - Epoch=8, Iteration=(0/782), Loss=0.1288, Top 1 Acc=87.50, Top 5 Acc=98.44
01/13 02:07:16 AM | BaseCapsNet_CIFAR10 Training - Epoch=8, Iteration=(64/782), Loss=0.1342, Top 1 Acc=83.53, Top 5 Acc=98.94
01/13 02:07:39 AM | BaseCapsNet_CIFAR10 Training - Epoch=8, Iteration=(128/782), Loss=0.1316, Top 1 Acc=83.87, Top 5 Acc=98.87
01/13 02:08:02 AM | BaseCapsNet_CIFAR10 Training - Epoch=8, Iteration=(192/782), Loss=0.1296, Top 1 Acc=84.16, Top 5 Acc=98.89
01/13 02:08:25 AM | BaseCapsNet_CIFAR10 Training - Epoch=8, Iteration=(256/782), Loss=0.1296, Top 1 Acc=84.05, Top 5 Acc=98.93
01/13 02:08:48 AM | BaseCapsNet_CIFAR10 Training - Epoch=8, Iteration=(320/782), Loss=0.1299, Top 1 Acc=84.01, Top 5 Acc=98.94
01/13 02:09:11 AM | BaseCapsNet_CIFAR10 Training - Epoch=8, Iteration=(384/782), Loss=0.1309, Top 1 Acc=83.82, Top 5 Acc=98.93
01/13 02:09:34 AM | BaseCapsNet_CIFAR10 Training - Epoch=8, Iteration=(448/782), Loss=0.1318, Top 1 Acc=83.68, Top 5 Acc=98.93
01/13 02:09:57 AM | BaseCapsNet_CIFAR10 Training - Epoch=8, Iteration=(512/782), Loss=0.1314, Top 1 Acc=83.85, Top 5 Acc=98.92
01/13 02:10:20 AM | BaseCapsNet_CIFAR10 Training - Epoch=8, Iteration=(576/782), Loss=0.1313, Top 1 Acc=83.84, Top 5 Acc=98.92
01/13 02:10:43 AM | BaseCapsNet_CIFAR10 Training - Epoch=8, Iteration=(640/782), Loss=0.1314, Top 1 Acc=83.80, Top 5 Acc=98.91
01/13 02:11:06 AM | BaseCapsNet_CIFAR10 Training - Epoch=8, Iteration=(704/782), Loss=0.1316, Top 1 Acc=83.70, Top 5 Acc=98.92
01/13 02:11:29 AM | BaseCapsNet_CIFAR10 Training - Epoch=8, Iteration=(768/782), Loss=0.1316, Top 1 Acc=83.71, Top 5 Acc=98.92
01/13 02:11:50 AM | BaseCapsNet_CIFAR10 Validation - Loss=0.1633, Top 1 Acc=78.330, Top 5 Acc=98.370
01/13 02:11:50 AM | Epoch 8 complete. Saved Checkpoint: /content/drive/MyDrive/MSc_AI/Course/OCOM5300M-AI_Project/code_repository/results/train/cifar10/Trained_BaseCapsNet_CIFAR10_Epoch8_of_30.pt
01/13 02:11:51 AM | BaseCapsNet_CIFAR10 Training - Epoch=9, Iteration=(0/782), Loss=0.0709, Top 1 Acc=92.19, Top 5 Acc=100.00
01/13 02:12:14 AM | BaseCapsNet_CIFAR10 Training - Epoch=9, Iteration=(64/782), Loss=0.1138, Top 1 Acc=86.66, Top 5 Acc=99.09
01/13 02:12:37 AM | BaseCapsNet_CIFAR10 Training - Epoch=9, Iteration=(128/782), Loss=0.1148, Top 1 Acc=86.34, Top 5 Acc=99.08
01/13 02:13:00 AM | BaseCapsNet_CIFAR10 Training - Epoch=9, Iteration=(192/782), Loss=0.1142, Top 1 Acc=86.43, Top 5 Acc=99.09
01/13 02:13:23 AM | BaseCapsNet_CIFAR10 Training - Epoch=9, Iteration=(256/782), Loss=0.1166, Top 1 Acc=85.97, Top 5 Acc=99.09
01/13 02:13:46 AM | BaseCapsNet_CIFAR10 Training - Epoch=9, Iteration=(320/782), Loss=0.1168, Top 1 Acc=85.97, Top 5 Acc=99.10
01/13 02:14:09 AM | BaseCapsNet_CIFAR10 Training - Epoch=9, Iteration=(384/782), Loss=0.1174, Top 1 Acc=85.86, Top 5 Acc=99.09
01/13 02:14:32 AM | BaseCapsNet_CIFAR10 Training - Epoch=9, Iteration=(448/782), Loss=0.1175, Top 1 Acc=85.91, Top 5 Acc=99.10
01/13 02:14:55 AM | BaseCapsNet_CIFAR10 Training - Epoch=9, Iteration=(512/782), Loss=0.1177, Top 1 Acc=85.88, Top 5 Acc=99.07
01/13 02:15:18 AM | BaseCapsNet_CIFAR10 Training - Epoch=9, Iteration=(576/782), Loss=0.1181, Top 1 Acc=85.86, Top 5 Acc=99.09
01/13 02:15:41 AM | BaseCapsNet_CIFAR10 Training - Epoch=9, Iteration=(640/782), Loss=0.1187, Top 1 Acc=85.76, Top 5 Acc=99.07
01/13 02:16:04 AM | BaseCapsNet_CIFAR10 Training - Epoch=9, Iteration=(704/782), Loss=0.1187, Top 1 Acc=85.78, Top 5 Acc=99.06
01/13 02:16:27 AM | BaseCapsNet_CIFAR10 Training - Epoch=9, Iteration=(768/782), Loss=0.1194, Top 1 Acc=85.66, Top 5 Acc=99.06
01/13 02:16:48 AM | BaseCapsNet_CIFAR10 Validation - Loss=0.1584, Top 1 Acc=79.240, Top 5 Acc=98.580
01/13 02:16:49 AM | Epoch 9 complete. Saved Checkpoint: /content/drive/MyDrive/MSc_AI/Course/OCOM5300M-AI_Project/code_repository/results/train/cifar10/Trained_BaseCapsNet_CIFAR10_Epoch9_of_30.pt
01/13 02:16:49 AM | BaseCapsNet_CIFAR10 Training - Epoch=10, Iteration=(0/782), Loss=0.1063, Top 1 Acc=87.50, Top 5 Acc=96.88
01/13 02:17:12 AM | BaseCapsNet_CIFAR10 Training - Epoch=10, Iteration=(64/782), Loss=0.1112, Top 1 Acc=86.75, Top 5 Acc=99.13
01/13 02:17:35 AM | BaseCapsNet_CIFAR10 Training - Epoch=10, Iteration=(128/782), Loss=0.1078, Top 1 Acc=87.55, Top 5 Acc=99.13
01/13 02:17:58 AM | BaseCapsNet_CIFAR10 Training - Epoch=10, Iteration=(192/782), Loss=0.1067, Top 1 Acc=87.78, Top 5 Acc=99.09
01/13 02:18:21 AM | BaseCapsNet_CIFAR10 Training - Epoch=10, Iteration=(256/782), Loss=0.1067, Top 1 Acc=87.80, Top 5 Acc=99.08
01/13 02:18:45 AM | BaseCapsNet_CIFAR10 Training - Epoch=10, Iteration=(320/782), Loss=0.1077, Top 1 Acc=87.62, Top 5 Acc=99.08
01/13 02:19:08 AM | BaseCapsNet_CIFAR10 Training - Epoch=10, Iteration=(384/782), Loss=0.1071, Top 1 Acc=87.69, Top 5 Acc=99.12
01/13 02:19:31 AM | BaseCapsNet_CIFAR10 Training - Epoch=10, Iteration=(448/782), Loss=0.1081, Top 1 Acc=87.44, Top 5 Acc=99.16
01/13 02:19:54 AM | BaseCapsNet_CIFAR10 Training - Epoch=10, Iteration=(512/782), Loss=0.1086, Top 1 Acc=87.40, Top 5 Acc=99.17
01/13 02:20:17 AM | BaseCapsNet_CIFAR10 Training - Epoch=10, Iteration=(576/782), Loss=0.1091, Top 1 Acc=87.35, Top 5 Acc=99.18
01/13 02:20:40 AM | BaseCapsNet_CIFAR10 Training - Epoch=10, Iteration=(640/782), Loss=0.1096, Top 1 Acc=87.25, Top 5 Acc=99.17
01/13 02:21:03 AM | BaseCapsNet_CIFAR10 Training - Epoch=10, Iteration=(704/782), Loss=0.1096, Top 1 Acc=87.27, Top 5 Acc=99.16
01/13 02:21:26 AM | BaseCapsNet_CIFAR10 Training - Epoch=10, Iteration=(768/782), Loss=0.1097, Top 1 Acc=87.23, Top 5 Acc=99.17
01/13 02:21:47 AM | BaseCapsNet_CIFAR10 Validation - Loss=0.1526, Top 1 Acc=80.250, Top 5 Acc=98.680
01/13 02:21:47 AM | Epoch 10 complete. Saved Checkpoint: /content/drive/MyDrive/MSc_AI/Course/OCOM5300M-AI_Project/code_repository/results/train/cifar10/Trained_BaseCapsNet_CIFAR10_Epoch10_of_30.pt
01/13 02:21:48 AM | BaseCapsNet_CIFAR10 Training - Epoch=11, Iteration=(0/782), Loss=0.1082, Top 1 Acc=89.06, Top 5 Acc=100.00
01/13 02:22:11 AM | BaseCapsNet_CIFAR10 Training - Epoch=11, Iteration=(64/782), Loss=0.0980, Top 1 Acc=88.94, Top 5 Acc=99.06
01/13 02:22:34 AM | BaseCapsNet_CIFAR10 Training - Epoch=11, Iteration=(128/782), Loss=0.0944, Top 1 Acc=89.73, Top 5 Acc=99.20
01/13 02:22:57 AM | BaseCapsNet_CIFAR10 Training - Epoch=11, Iteration=(192/782), Loss=0.0941, Top 1 Acc=89.99, Top 5 Acc=99.26
01/13 02:23:20 AM | BaseCapsNet_CIFAR10 Training - Epoch=11, Iteration=(256/782), Loss=0.0949, Top 1 Acc=89.81, Top 5 Acc=99.32
01/13 02:23:43 AM | BaseCapsNet_CIFAR10 Training - Epoch=11, Iteration=(320/782), Loss=0.0958, Top 1 Acc=89.71, Top 5 Acc=99.30
01/13 02:24:06 AM | BaseCapsNet_CIFAR10 Training - Epoch=11, Iteration=(384/782), Loss=0.0957, Top 1 Acc=89.71, Top 5 Acc=99.33
01/13 02:24:29 AM | BaseCapsNet_CIFAR10 Training - Epoch=11, Iteration=(448/782), Loss=0.0965, Top 1 Acc=89.54, Top 5 Acc=99.29
01/13 02:24:52 AM | BaseCapsNet_CIFAR10 Training - Epoch=11, Iteration=(512/782), Loss=0.0966, Top 1 Acc=89.52, Top 5 Acc=99.30
01/13 02:25:15 AM | BaseCapsNet_CIFAR10 Training - Epoch=11, Iteration=(576/782), Loss=0.0968, Top 1 Acc=89.41, Top 5 Acc=99.30
01/13 02:25:38 AM | BaseCapsNet_CIFAR10 Training - Epoch=11, Iteration=(640/782), Loss=0.0973, Top 1 Acc=89.27, Top 5 Acc=99.32
01/13 02:26:01 AM | BaseCapsNet_CIFAR10 Training - Epoch=11, Iteration=(704/782), Loss=0.0977, Top 1 Acc=89.15, Top 5 Acc=99.33
01/13 02:26:24 AM | BaseCapsNet_CIFAR10 Training - Epoch=11, Iteration=(768/782), Loss=0.0987, Top 1 Acc=89.01, Top 5 Acc=99.32
01/13 02:26:45 AM | BaseCapsNet_CIFAR10 Validation - Loss=0.1568, Top 1 Acc=79.240, Top 5 Acc=98.660
01/13 02:26:46 AM | Epoch 11 complete. Saved Checkpoint: /content/drive/MyDrive/MSc_AI/Course/OCOM5300M-AI_Project/code_repository/results/train/cifar10/Trained_BaseCapsNet_CIFAR10_Epoch11_of_30.pt
01/13 02:26:46 AM | BaseCapsNet_CIFAR10 Training - Epoch=12, Iteration=(0/782), Loss=0.0865, Top 1 Acc=90.62, Top 5 Acc=100.00
01/13 02:27:09 AM | BaseCapsNet_CIFAR10 Training - Epoch=12, Iteration=(64/782), Loss=0.0860, Top 1 Acc=91.27, Top 5 Acc=99.45
01/13 02:27:32 AM | BaseCapsNet_CIFAR10 Training - Epoch=12, Iteration=(128/782), Loss=0.0866, Top 1 Acc=90.83, Top 5 Acc=99.42
01/13 02:27:55 AM | BaseCapsNet_CIFAR10 Training - Epoch=12, Iteration=(192/782), Loss=0.0876, Top 1 Acc=90.61, Top 5 Acc=99.38
01/13 02:28:18 AM | BaseCapsNet_CIFAR10 Training - Epoch=12, Iteration=(256/782), Loss=0.0876, Top 1 Acc=90.59, Top 5 Acc=99.39
01/13 02:28:41 AM | BaseCapsNet_CIFAR10 Training - Epoch=12, Iteration=(320/782), Loss=0.0875, Top 1 Acc=90.59, Top 5 Acc=99.38
01/13 02:29:04 AM | BaseCapsNet_CIFAR10 Training - Epoch=12, Iteration=(384/782), Loss=0.0880, Top 1 Acc=90.49, Top 5 Acc=99.35
01/13 02:29:27 AM | BaseCapsNet_CIFAR10 Training - Epoch=12, Iteration=(448/782), Loss=0.0881, Top 1 Acc=90.45, Top 5 Acc=99.38
01/13 02:29:50 AM | BaseCapsNet_CIFAR10 Training - Epoch=12, Iteration=(512/782), Loss=0.0879, Top 1 Acc=90.52, Top 5 Acc=99.37
01/13 02:30:13 AM | BaseCapsNet_CIFAR10 Training - Epoch=12, Iteration=(576/782), Loss=0.0875, Top 1 Acc=90.60, Top 5 Acc=99.36
01/13 02:30:36 AM | BaseCapsNet_CIFAR10 Training - Epoch=12, Iteration=(640/782), Loss=0.0878, Top 1 Acc=90.57, Top 5 Acc=99.37
01/13 02:30:59 AM | BaseCapsNet_CIFAR10 Training - Epoch=12, Iteration=(704/782), Loss=0.0880, Top 1 Acc=90.55, Top 5 Acc=99.37
01/13 02:31:22 AM | BaseCapsNet_CIFAR10 Training - Epoch=12, Iteration=(768/782), Loss=0.0884, Top 1 Acc=90.46, Top 5 Acc=99.36
01/13 02:31:44 AM | BaseCapsNet_CIFAR10 Validation - Loss=0.1576, Top 1 Acc=79.520, Top 5 Acc=98.760
01/13 02:31:44 AM | Epoch 12 complete. Saved Checkpoint: /content/drive/MyDrive/MSc_AI/Course/OCOM5300M-AI_Project/code_repository/results/train/cifar10/Trained_BaseCapsNet_CIFAR10_Epoch12_of_30.pt
01/13 02:31:44 AM | BaseCapsNet_CIFAR10 Training - Epoch=13, Iteration=(0/782), Loss=0.0722, Top 1 Acc=92.19, Top 5 Acc=100.00
01/13 02:32:07 AM | BaseCapsNet_CIFAR10 Training - Epoch=13, Iteration=(64/782), Loss=0.0773, Top 1 Acc=92.60, Top 5 Acc=99.38
01/13 02:32:30 AM | BaseCapsNet_CIFAR10 Training - Epoch=13, Iteration=(128/782), Loss=0.0749, Top 1 Acc=92.81, Top 5 Acc=99.38
01/13 02:32:54 AM | BaseCapsNet_CIFAR10 Training - Epoch=13, Iteration=(192/782), Loss=0.0761, Top 1 Acc=92.60, Top 5 Acc=99.38
01/13 02:33:17 AM | BaseCapsNet_CIFAR10 Training - Epoch=13, Iteration=(256/782), Loss=0.0752, Top 1 Acc=92.65, Top 5 Acc=99.37
01/13 02:33:40 AM | BaseCapsNet_CIFAR10 Training - Epoch=13, Iteration=(320/782), Loss=0.0753, Top 1 Acc=92.59, Top 5 Acc=99.42
01/13 02:34:03 AM | BaseCapsNet_CIFAR10 Training - Epoch=13, Iteration=(384/782), Loss=0.0756, Top 1 Acc=92.55, Top 5 Acc=99.41
01/13 02:34:26 AM | BaseCapsNet_CIFAR10 Training - Epoch=13, Iteration=(448/782), Loss=0.0762, Top 1 Acc=92.42, Top 5 Acc=99.40
01/13 02:34:49 AM | BaseCapsNet_CIFAR10 Training - Epoch=13, Iteration=(512/782), Loss=0.0768, Top 1 Acc=92.29, Top 5 Acc=99.42
01/13 02:35:12 AM | BaseCapsNet_CIFAR10 Training - Epoch=13, Iteration=(576/782), Loss=0.0772, Top 1 Acc=92.15, Top 5 Acc=99.41
01/13 02:35:35 AM | BaseCapsNet_CIFAR10 Training - Epoch=13, Iteration=(640/782), Loss=0.0776, Top 1 Acc=92.10, Top 5 Acc=99.43
01/13 02:35:58 AM | BaseCapsNet_CIFAR10 Training - Epoch=13, Iteration=(704/782), Loss=0.0783, Top 1 Acc=91.97, Top 5 Acc=99.41
01/13 02:36:21 AM | BaseCapsNet_CIFAR10 Training - Epoch=13, Iteration=(768/782), Loss=0.0786, Top 1 Acc=91.88, Top 5 Acc=99.43
01/13 02:36:42 AM | BaseCapsNet_CIFAR10 Validation - Loss=0.1521, Top 1 Acc=80.430, Top 5 Acc=98.670
01/13 02:36:42 AM | Epoch 13 complete. Saved Checkpoint: /content/drive/MyDrive/MSc_AI/Course/OCOM5300M-AI_Project/code_repository/results/train/cifar10/Trained_BaseCapsNet_CIFAR10_Epoch13_of_30.pt
01/13 02:36:43 AM | BaseCapsNet_CIFAR10 Training - Epoch=14, Iteration=(0/782), Loss=0.0758, Top 1 Acc=90.62, Top 5 Acc=100.00
01/13 02:37:06 AM | BaseCapsNet_CIFAR10 Training - Epoch=14, Iteration=(64/782), Loss=0.0650, Top 1 Acc=93.58, Top 5 Acc=99.62
01/13 02:37:29 AM | BaseCapsNet_CIFAR10 Training - Epoch=14, Iteration=(128/782), Loss=0.0639, Top 1 Acc=93.91, Top 5 Acc=99.59
01/13 02:37:52 AM | BaseCapsNet_CIFAR10 Training - Epoch=14, Iteration=(192/782), Loss=0.0657, Top 1 Acc=93.73, Top 5 Acc=99.50
01/13 02:38:15 AM | BaseCapsNet_CIFAR10 Training - Epoch=14, Iteration=(256/782), Loss=0.0661, Top 1 Acc=93.68, Top 5 Acc=99.51
01/13 02:38:38 AM | BaseCapsNet_CIFAR10 Training - Epoch=14, Iteration=(320/782), Loss=0.0670, Top 1 Acc=93.61, Top 5 Acc=99.54
01/13 02:39:01 AM | BaseCapsNet_CIFAR10 Training - Epoch=14, Iteration=(384/782), Loss=0.0672, Top 1 Acc=93.54, Top 5 Acc=99.53
01/13 02:39:24 AM | BaseCapsNet_CIFAR10 Training - Epoch=14, Iteration=(448/782), Loss=0.0680, Top 1 Acc=93.43, Top 5 Acc=99.53
01/13 02:39:47 AM | BaseCapsNet_CIFAR10 Training - Epoch=14, Iteration=(512/782), Loss=0.0682, Top 1 Acc=93.41, Top 5 Acc=99.55
01/13 02:40:10 AM | BaseCapsNet_CIFAR10 Training - Epoch=14, Iteration=(576/782), Loss=0.0687, Top 1 Acc=93.35, Top 5 Acc=99.56
01/13 02:40:33 AM | BaseCapsNet_CIFAR10 Training - Epoch=14, Iteration=(640/782), Loss=0.0689, Top 1 Acc=93.31, Top 5 Acc=99.53
01/13 02:40:56 AM | BaseCapsNet_CIFAR10 Training - Epoch=14, Iteration=(704/782), Loss=0.0692, Top 1 Acc=93.25, Top 5 Acc=99.52
01/13 02:41:19 AM | BaseCapsNet_CIFAR10 Training - Epoch=14, Iteration=(768/782), Loss=0.0699, Top 1 Acc=93.16, Top 5 Acc=99.52
01/13 02:41:40 AM | BaseCapsNet_CIFAR10 Validation - Loss=0.1435, Top 1 Acc=81.510, Top 5 Acc=98.790
01/13 02:41:40 AM | Epoch 14 complete. Saved Checkpoint: /content/drive/MyDrive/MSc_AI/Course/OCOM5300M-AI_Project/code_repository/results/train/cifar10/Trained_BaseCapsNet_CIFAR10_Epoch14_of_30.pt
01/13 02:41:41 AM | BaseCapsNet_CIFAR10 Training - Epoch=15, Iteration=(0/782), Loss=0.0700, Top 1 Acc=92.19, Top 5 Acc=98.44
01/13 02:42:04 AM | BaseCapsNet_CIFAR10 Training - Epoch=15, Iteration=(64/782), Loss=0.0596, Top 1 Acc=94.66, Top 5 Acc=99.30
01/13 02:42:27 AM | BaseCapsNet_CIFAR10 Training - Epoch=15, Iteration=(128/782), Loss=0.0597, Top 1 Acc=94.61, Top 5 Acc=99.41
01/13 02:42:50 AM | BaseCapsNet_CIFAR10 Training - Epoch=15, Iteration=(192/782), Loss=0.0586, Top 1 Acc=94.82, Top 5 Acc=99.51
01/13 02:43:13 AM | BaseCapsNet_CIFAR10 Training - Epoch=15, Iteration=(256/782), Loss=0.0584, Top 1 Acc=94.83, Top 5 Acc=99.57
01/13 02:43:36 AM | BaseCapsNet_CIFAR10 Training - Epoch=15, Iteration=(320/782), Loss=0.0585, Top 1 Acc=94.81, Top 5 Acc=99.60
01/13 02:43:59 AM | BaseCapsNet_CIFAR10 Training - Epoch=15, Iteration=(384/782), Loss=0.0588, Top 1 Acc=94.76, Top 5 Acc=99.60
01/13 02:44:22 AM | BaseCapsNet_CIFAR10 Training - Epoch=15, Iteration=(448/782), Loss=0.0596, Top 1 Acc=94.63, Top 5 Acc=99.60
01/13 02:44:45 AM | BaseCapsNet_CIFAR10 Training - Epoch=15, Iteration=(512/782), Loss=0.0608, Top 1 Acc=94.40, Top 5 Acc=99.59
01/13 02:45:08 AM | BaseCapsNet_CIFAR10 Training - Epoch=15, Iteration=(576/782), Loss=0.0612, Top 1 Acc=94.33, Top 5 Acc=99.61
01/13 02:45:30 AM | BaseCapsNet_CIFAR10 Training - Epoch=15, Iteration=(640/782), Loss=0.0619, Top 1 Acc=94.23, Top 5 Acc=99.60
01/13 02:45:53 AM | BaseCapsNet_CIFAR10 Training - Epoch=15, Iteration=(704/782), Loss=0.0624, Top 1 Acc=94.19, Top 5 Acc=99.60
01/13 02:46:16 AM | BaseCapsNet_CIFAR10 Training - Epoch=15, Iteration=(768/782), Loss=0.0631, Top 1 Acc=94.09, Top 5 Acc=99.60
01/13 02:46:37 AM | BaseCapsNet_CIFAR10 Validation - Loss=0.1472, Top 1 Acc=81.470, Top 5 Acc=98.840
01/13 02:46:38 AM | Epoch 15 complete. Saved Checkpoint: /content/drive/MyDrive/MSc_AI/Course/OCOM5300M-AI_Project/code_repository/results/train/cifar10/Trained_BaseCapsNet_CIFAR10_Epoch15_of_30.pt
01/13 02:46:38 AM | BaseCapsNet_CIFAR10 Training - Epoch=16, Iteration=(0/782), Loss=0.0516, Top 1 Acc=96.88, Top 5 Acc=100.00
01/13 02:47:01 AM | BaseCapsNet_CIFAR10 Training - Epoch=16, Iteration=(64/782), Loss=0.0520, Top 1 Acc=95.79, Top 5 Acc=99.62
01/13 02:47:24 AM | BaseCapsNet_CIFAR10 Training - Epoch=16, Iteration=(128/782), Loss=0.0514, Top 1 Acc=95.68, Top 5 Acc=99.69
01/13 02:47:47 AM | BaseCapsNet_CIFAR10 Training - Epoch=16, Iteration=(192/782), Loss=0.0514, Top 1 Acc=95.62, Top 5 Acc=99.69
01/13 02:48:10 AM | BaseCapsNet_CIFAR10 Training - Epoch=16, Iteration=(256/782), Loss=0.0512, Top 1 Acc=95.62, Top 5 Acc=99.68
01/13 02:48:33 AM | BaseCapsNet_CIFAR10 Training - Epoch=16, Iteration=(320/782), Loss=0.0517, Top 1 Acc=95.56, Top 5 Acc=99.68
01/13 02:48:56 AM | BaseCapsNet_CIFAR10 Training - Epoch=16, Iteration=(384/782), Loss=0.0518, Top 1 Acc=95.55, Top 5 Acc=99.70
01/13 02:49:19 AM | BaseCapsNet_CIFAR10 Training - Epoch=16, Iteration=(448/782), Loss=0.0522, Top 1 Acc=95.49, Top 5 Acc=99.69
01/13 02:49:42 AM | BaseCapsNet_CIFAR10 Training - Epoch=16, Iteration=(512/782), Loss=0.0526, Top 1 Acc=95.44, Top 5 Acc=99.68
01/13 02:50:05 AM | BaseCapsNet_CIFAR10 Training - Epoch=16, Iteration=(576/782), Loss=0.0528, Top 1 Acc=95.45, Top 5 Acc=99.69
01/13 02:50:28 AM | BaseCapsNet_CIFAR10 Training - Epoch=16, Iteration=(640/782), Loss=0.0534, Top 1 Acc=95.36, Top 5 Acc=99.68
01/13 02:50:51 AM | BaseCapsNet_CIFAR10 Training - Epoch=16, Iteration=(704/782), Loss=0.0540, Top 1 Acc=95.29, Top 5 Acc=99.68
01/13 02:51:14 AM | BaseCapsNet_CIFAR10 Training - Epoch=16, Iteration=(768/782), Loss=0.0545, Top 1 Acc=95.22, Top 5 Acc=99.67
01/13 02:51:35 AM | BaseCapsNet_CIFAR10 Validation - Loss=0.1453, Top 1 Acc=82.170, Top 5 Acc=98.790
01/13 02:51:35 AM | Epoch 16 complete. Saved Checkpoint: /content/drive/MyDrive/MSc_AI/Course/OCOM5300M-AI_Project/code_repository/results/train/cifar10/Trained_BaseCapsNet_CIFAR10_Epoch16_of_30.pt
01/13 02:51:36 AM | BaseCapsNet_CIFAR10 Training - Epoch=17, Iteration=(0/782), Loss=0.0733, Top 1 Acc=90.62, Top 5 Acc=100.00
01/13 02:51:59 AM | BaseCapsNet_CIFAR10 Training - Epoch=17, Iteration=(64/782), Loss=0.0425, Top 1 Acc=96.75, Top 5 Acc=99.71
01/13 02:52:22 AM | BaseCapsNet_CIFAR10 Training - Epoch=17, Iteration=(128/782), Loss=0.0433, Top 1 Acc=96.62, Top 5 Acc=99.73
01/13 02:52:45 AM | BaseCapsNet_CIFAR10 Training - Epoch=17, Iteration=(192/782), Loss=0.0440, Top 1 Acc=96.53, Top 5 Acc=99.74
01/13 02:53:08 AM | BaseCapsNet_CIFAR10 Training - Epoch=17, Iteration=(256/782), Loss=0.0446, Top 1 Acc=96.47, Top 5 Acc=99.73
01/13 02:53:31 AM | BaseCapsNet_CIFAR10 Training - Epoch=17, Iteration=(320/782), Loss=0.0450, Top 1 Acc=96.47, Top 5 Acc=99.72
01/13 02:53:54 AM | BaseCapsNet_CIFAR10 Training - Epoch=17, Iteration=(384/782), Loss=0.0454, Top 1 Acc=96.40, Top 5 Acc=99.72
01/13 02:54:16 AM | BaseCapsNet_CIFAR10 Training - Epoch=17, Iteration=(448/782), Loss=0.0461, Top 1 Acc=96.32, Top 5 Acc=99.70
01/13 02:54:39 AM | BaseCapsNet_CIFAR10 Training - Epoch=17, Iteration=(512/782), Loss=0.0470, Top 1 Acc=96.24, Top 5 Acc=99.70
01/13 02:55:02 AM | BaseCapsNet_CIFAR10 Training - Epoch=17, Iteration=(576/782), Loss=0.0477, Top 1 Acc=96.14, Top 5 Acc=99.69
01/13 02:55:25 AM | BaseCapsNet_CIFAR10 Training - Epoch=17, Iteration=(640/782), Loss=0.0483, Top 1 Acc=96.05, Top 5 Acc=99.69
01/13 02:55:48 AM | BaseCapsNet_CIFAR10 Training - Epoch=17, Iteration=(704/782), Loss=0.0487, Top 1 Acc=96.02, Top 5 Acc=99.69
01/13 02:56:11 AM | BaseCapsNet_CIFAR10 Training - Epoch=17, Iteration=(768/782), Loss=0.0489, Top 1 Acc=95.96, Top 5 Acc=99.69
01/13 02:56:32 AM | BaseCapsNet_CIFAR10 Validation - Loss=0.1445, Top 1 Acc=81.840, Top 5 Acc=98.720
01/13 02:56:33 AM | Epoch 17 complete. Saved Checkpoint: /content/drive/MyDrive/MSc_AI/Course/OCOM5300M-AI_Project/code_repository/results/train/cifar10/Trained_BaseCapsNet_CIFAR10_Epoch17_of_30.pt
01/13 02:56:33 AM | BaseCapsNet_CIFAR10 Training - Epoch=18, Iteration=(0/782), Loss=0.0408, Top 1 Acc=98.44, Top 5 Acc=100.00
01/13 02:56:56 AM | BaseCapsNet_CIFAR10 Training - Epoch=18, Iteration=(64/782), Loss=0.0390, Top 1 Acc=97.09, Top 5 Acc=99.78
01/13 02:57:19 AM | BaseCapsNet_CIFAR10 Training - Epoch=18, Iteration=(128/782), Loss=0.0393, Top 1 Acc=97.04, Top 5 Acc=99.77
01/13 02:57:42 AM | BaseCapsNet_CIFAR10 Training - Epoch=18, Iteration=(192/782), Loss=0.0388, Top 1 Acc=97.13, Top 5 Acc=99.78
01/13 02:58:05 AM | BaseCapsNet_CIFAR10 Training - Epoch=18, Iteration=(256/782), Loss=0.0384, Top 1 Acc=97.19, Top 5 Acc=99.78
01/13 02:58:28 AM | BaseCapsNet_CIFAR10 Training - Epoch=18, Iteration=(320/782), Loss=0.0386, Top 1 Acc=97.23, Top 5 Acc=99.76
01/13 02:58:51 AM | BaseCapsNet_CIFAR10 Training - Epoch=18, Iteration=(384/782), Loss=0.0393, Top 1 Acc=97.15, Top 5 Acc=99.75
01/13 02:59:14 AM | BaseCapsNet_CIFAR10 Training - Epoch=18, Iteration=(448/782), Loss=0.0400, Top 1 Acc=97.05, Top 5 Acc=99.75
01/13 02:59:37 AM | BaseCapsNet_CIFAR10 Training - Epoch=18, Iteration=(512/782), Loss=0.0406, Top 1 Acc=97.03, Top 5 Acc=99.75
01/13 03:00:00 AM | BaseCapsNet_CIFAR10 Training - Epoch=18, Iteration=(576/782), Loss=0.0413, Top 1 Acc=96.97, Top 5 Acc=99.75
01/13 03:00:23 AM | BaseCapsNet_CIFAR10 Training - Epoch=18, Iteration=(640/782), Loss=0.0417, Top 1 Acc=96.92, Top 5 Acc=99.74
01/13 03:00:46 AM | BaseCapsNet_CIFAR10 Training - Epoch=18, Iteration=(704/782), Loss=0.0423, Top 1 Acc=96.81, Top 5 Acc=99.73
01/13 03:01:09 AM | BaseCapsNet_CIFAR10 Training - Epoch=18, Iteration=(768/782), Loss=0.0424, Top 1 Acc=96.78, Top 5 Acc=99.73
01/13 03:01:30 AM | BaseCapsNet_CIFAR10 Validation - Loss=0.1516, Top 1 Acc=80.840, Top 5 Acc=98.620
01/13 03:01:30 AM | Epoch 18 complete. Saved Checkpoint: /content/drive/MyDrive/MSc_AI/Course/OCOM5300M-AI_Project/code_repository/results/train/cifar10/Trained_BaseCapsNet_CIFAR10_Epoch18_of_30.pt
01/13 03:01:31 AM | BaseCapsNet_CIFAR10 Training - Epoch=19, Iteration=(0/782), Loss=0.0606, Top 1 Acc=95.31, Top 5 Acc=100.00
01/13 03:01:54 AM | BaseCapsNet_CIFAR10 Training - Epoch=19, Iteration=(64/782), Loss=0.0342, Top 1 Acc=97.72, Top 5 Acc=99.78
01/13 03:02:17 AM | BaseCapsNet_CIFAR10 Training - Epoch=19, Iteration=(128/782), Loss=0.0346, Top 1 Acc=97.63, Top 5 Acc=99.75
01/13 03:02:40 AM | BaseCapsNet_CIFAR10 Training - Epoch=19, Iteration=(192/782), Loss=0.0342, Top 1 Acc=97.60, Top 5 Acc=99.76
01/13 03:03:03 AM | BaseCapsNet_CIFAR10 Training - Epoch=19, Iteration=(256/782), Loss=0.0345, Top 1 Acc=97.57, Top 5 Acc=99.77
01/13 03:03:25 AM | BaseCapsNet_CIFAR10 Training - Epoch=19, Iteration=(320/782), Loss=0.0355, Top 1 Acc=97.45, Top 5 Acc=99.75
01/13 03:03:48 AM | BaseCapsNet_CIFAR10 Training - Epoch=19, Iteration=(384/782), Loss=0.0362, Top 1 Acc=97.39, Top 5 Acc=99.74
01/13 03:04:11 AM | BaseCapsNet_CIFAR10 Training - Epoch=19, Iteration=(448/782), Loss=0.0367, Top 1 Acc=97.39, Top 5 Acc=99.75
01/13 03:04:34 AM | BaseCapsNet_CIFAR10 Training - Epoch=19, Iteration=(512/782), Loss=0.0372, Top 1 Acc=97.33, Top 5 Acc=99.76
01/13 03:04:57 AM | BaseCapsNet_CIFAR10 Training - Epoch=19, Iteration=(576/782), Loss=0.0378, Top 1 Acc=97.25, Top 5 Acc=99.76
01/13 03:05:20 AM | BaseCapsNet_CIFAR10 Training - Epoch=19, Iteration=(640/782), Loss=0.0381, Top 1 Acc=97.21, Top 5 Acc=99.77
01/13 03:05:43 AM | BaseCapsNet_CIFAR10 Training - Epoch=19, Iteration=(704/782), Loss=0.0383, Top 1 Acc=97.17, Top 5 Acc=99.76
01/13 03:06:06 AM | BaseCapsNet_CIFAR10 Training - Epoch=19, Iteration=(768/782), Loss=0.0389, Top 1 Acc=97.10, Top 5 Acc=99.76
01/13 03:06:27 AM | BaseCapsNet_CIFAR10 Validation - Loss=0.1503, Top 1 Acc=81.920, Top 5 Acc=98.770
01/13 03:06:27 AM | Epoch 19 complete. Saved Checkpoint: /content/drive/MyDrive/MSc_AI/Course/OCOM5300M-AI_Project/code_repository/results/train/cifar10/Trained_BaseCapsNet_CIFAR10_Epoch19_of_30.pt
01/13 03:06:28 AM | BaseCapsNet_CIFAR10 Training - Epoch=20, Iteration=(0/782), Loss=0.0378, Top 1 Acc=96.88, Top 5 Acc=100.00
01/13 03:06:51 AM | BaseCapsNet_CIFAR10 Training - Epoch=20, Iteration=(64/782), Loss=0.0295, Top 1 Acc=98.22, Top 5 Acc=99.74
01/13 03:07:14 AM | BaseCapsNet_CIFAR10 Training - Epoch=20, Iteration=(128/782), Loss=0.0285, Top 1 Acc=98.44, Top 5 Acc=99.76
01/13 03:07:37 AM | BaseCapsNet_CIFAR10 Training - Epoch=20, Iteration=(192/782), Loss=0.0296, Top 1 Acc=98.29, Top 5 Acc=99.69
01/13 03:08:00 AM | BaseCapsNet_CIFAR10 Training - Epoch=20, Iteration=(256/782), Loss=0.0294, Top 1 Acc=98.29, Top 5 Acc=99.73
01/13 03:08:23 AM | BaseCapsNet_CIFAR10 Training - Epoch=20, Iteration=(320/782), Loss=0.0302, Top 1 Acc=98.21, Top 5 Acc=99.71
01/13 03:08:46 AM | BaseCapsNet_CIFAR10 Training - Epoch=20, Iteration=(384/782), Loss=0.0306, Top 1 Acc=98.18, Top 5 Acc=99.73
01/13 03:09:08 AM | BaseCapsNet_CIFAR10 Training - Epoch=20, Iteration=(448/782), Loss=0.0308, Top 1 Acc=98.20, Top 5 Acc=99.76
01/13 03:09:31 AM | BaseCapsNet_CIFAR10 Training - Epoch=20, Iteration=(512/782), Loss=0.0317, Top 1 Acc=98.09, Top 5 Acc=99.76
01/13 03:09:54 AM | BaseCapsNet_CIFAR10 Training - Epoch=20, Iteration=(576/782), Loss=0.0322, Top 1 Acc=98.01, Top 5 Acc=99.76
01/13 03:10:17 AM | BaseCapsNet_CIFAR10 Training - Epoch=20, Iteration=(640/782), Loss=0.0328, Top 1 Acc=97.93, Top 5 Acc=99.75
01/13 03:10:40 AM | BaseCapsNet_CIFAR10 Training - Epoch=20, Iteration=(704/782), Loss=0.0331, Top 1 Acc=97.89, Top 5 Acc=99.76
01/13 03:11:03 AM | BaseCapsNet_CIFAR10 Training - Epoch=20, Iteration=(768/782), Loss=0.0338, Top 1 Acc=97.83, Top 5 Acc=99.76
01/13 03:11:24 AM | BaseCapsNet_CIFAR10 Validation - Loss=0.1481, Top 1 Acc=81.560, Top 5 Acc=98.560
01/13 03:11:25 AM | Epoch 20 complete. Saved Checkpoint: /content/drive/MyDrive/MSc_AI/Course/OCOM5300M-AI_Project/code_repository/results/train/cifar10/Trained_BaseCapsNet_CIFAR10_Epoch20_of_30.pt
01/13 03:11:25 AM | BaseCapsNet_CIFAR10 Training - Epoch=21, Iteration=(0/782), Loss=0.0371, Top 1 Acc=98.44, Top 5 Acc=98.44
01/13 03:11:48 AM | BaseCapsNet_CIFAR10 Training - Epoch=21, Iteration=(64/782), Loss=0.0281, Top 1 Acc=98.41, Top 5 Acc=99.76
01/13 03:12:11 AM | BaseCapsNet_CIFAR10 Training - Epoch=21, Iteration=(128/782), Loss=0.0271, Top 1 Acc=98.49, Top 5 Acc=99.81
01/13 03:12:34 AM | BaseCapsNet_CIFAR10 Training - Epoch=21, Iteration=(192/782), Loss=0.0270, Top 1 Acc=98.49, Top 5 Acc=99.79
01/13 03:12:57 AM | BaseCapsNet_CIFAR10 Training - Epoch=21, Iteration=(256/782), Loss=0.0269, Top 1 Acc=98.54, Top 5 Acc=99.80
01/13 03:13:20 AM | BaseCapsNet_CIFAR10 Training - Epoch=21, Iteration=(320/782), Loss=0.0273, Top 1 Acc=98.50, Top 5 Acc=99.81
01/13 03:13:43 AM | BaseCapsNet_CIFAR10 Training - Epoch=21, Iteration=(384/782), Loss=0.0280, Top 1 Acc=98.40, Top 5 Acc=99.80
01/13 03:14:06 AM | BaseCapsNet_CIFAR10 Training - Epoch=21, Iteration=(448/782), Loss=0.0282, Top 1 Acc=98.39, Top 5 Acc=99.81
01/13 03:14:29 AM | BaseCapsNet_CIFAR10 Training - Epoch=21, Iteration=(512/782), Loss=0.0288, Top 1 Acc=98.35, Top 5 Acc=99.81
01/13 03:14:52 AM | BaseCapsNet_CIFAR10 Training - Epoch=21, Iteration=(576/782), Loss=0.0294, Top 1 Acc=98.27, Top 5 Acc=99.81
01/13 03:15:15 AM | BaseCapsNet_CIFAR10 Training - Epoch=21, Iteration=(640/782), Loss=0.0301, Top 1 Acc=98.20, Top 5 Acc=99.81
01/13 03:15:38 AM | BaseCapsNet_CIFAR10 Training - Epoch=21, Iteration=(704/782), Loss=0.0306, Top 1 Acc=98.16, Top 5 Acc=99.80
01/13 03:16:00 AM | BaseCapsNet_CIFAR10 Training - Epoch=21, Iteration=(768/782), Loss=0.0307, Top 1 Acc=98.14, Top 5 Acc=99.81
01/13 03:16:22 AM | BaseCapsNet_CIFAR10 Validation - Loss=0.1549, Top 1 Acc=80.770, Top 5 Acc=98.410
01/13 03:16:22 AM | Epoch 21 complete. Saved Checkpoint: /content/drive/MyDrive/MSc_AI/Course/OCOM5300M-AI_Project/code_repository/results/train/cifar10/Trained_BaseCapsNet_CIFAR10_Epoch21_of_30.pt
01/13 03:16:22 AM | BaseCapsNet_CIFAR10 Training - Epoch=22, Iteration=(0/782), Loss=0.0222, Top 1 Acc=100.00, Top 5 Acc=100.00
01/13 03:16:45 AM | BaseCapsNet_CIFAR10 Training - Epoch=22, Iteration=(64/782), Loss=0.0244, Top 1 Acc=98.61, Top 5 Acc=99.98
01/13 03:17:08 AM | BaseCapsNet_CIFAR10 Training - Epoch=22, Iteration=(128/782), Loss=0.0234, Top 1 Acc=98.70, Top 5 Acc=99.90
01/13 03:17:31 AM | BaseCapsNet_CIFAR10 Training - Epoch=22, Iteration=(192/782), Loss=0.0230, Top 1 Acc=98.79, Top 5 Acc=99.85
01/13 03:17:54 AM | BaseCapsNet_CIFAR10 Training - Epoch=22, Iteration=(256/782), Loss=0.0233, Top 1 Acc=98.77, Top 5 Acc=99.84
01/13 03:18:17 AM | BaseCapsNet_CIFAR10 Training - Epoch=22, Iteration=(320/782), Loss=0.0236, Top 1 Acc=98.77, Top 5 Acc=99.85
01/13 03:18:40 AM | BaseCapsNet_CIFAR10 Training - Epoch=22, Iteration=(384/782), Loss=0.0239, Top 1 Acc=98.75, Top 5 Acc=99.85
01/13 03:19:03 AM | BaseCapsNet_CIFAR10 Training - Epoch=22, Iteration=(448/782), Loss=0.0244, Top 1 Acc=98.70, Top 5 Acc=99.83
01/13 03:19:26 AM | BaseCapsNet_CIFAR10 Training - Epoch=22, Iteration=(512/782), Loss=0.0250, Top 1 Acc=98.61, Top 5 Acc=99.81
01/13 03:19:49 AM | BaseCapsNet_CIFAR10 Training - Epoch=22, Iteration=(576/782), Loss=0.0255, Top 1 Acc=98.57, Top 5 Acc=99.81
01/13 03:20:12 AM | BaseCapsNet_CIFAR10 Training - Epoch=22, Iteration=(640/782), Loss=0.0257, Top 1 Acc=98.54, Top 5 Acc=99.82
01/13 03:20:35 AM | BaseCapsNet_CIFAR10 Training - Epoch=22, Iteration=(704/782), Loss=0.0262, Top 1 Acc=98.50, Top 5 Acc=99.80
01/13 03:20:58 AM | BaseCapsNet_CIFAR10 Training - Epoch=22, Iteration=(768/782), Loss=0.0266, Top 1 Acc=98.47, Top 5 Acc=99.81
01/13 03:21:19 AM | BaseCapsNet_CIFAR10 Validation - Loss=0.1485, Top 1 Acc=81.860, Top 5 Acc=98.820
01/13 03:21:19 AM | Epoch 22 complete. Saved Checkpoint: /content/drive/MyDrive/MSc_AI/Course/OCOM5300M-AI_Project/code_repository/results/train/cifar10/Trained_BaseCapsNet_CIFAR10_Epoch22_of_30.pt
01/13 03:21:20 AM | BaseCapsNet_CIFAR10 Training - Epoch=23, Iteration=(0/782), Loss=0.0210, Top 1 Acc=98.44, Top 5 Acc=100.00
01/13 03:21:43 AM | BaseCapsNet_CIFAR10 Training - Epoch=23, Iteration=(64/782), Loss=0.0221, Top 1 Acc=98.89, Top 5 Acc=99.83
01/13 03:22:06 AM | BaseCapsNet_CIFAR10 Training - Epoch=23, Iteration=(128/782), Loss=0.0226, Top 1 Acc=98.87, Top 5 Acc=99.88
01/13 03:22:29 AM | BaseCapsNet_CIFAR10 Training - Epoch=23, Iteration=(192/782), Loss=0.0228, Top 1 Acc=98.80, Top 5 Acc=99.83
01/13 03:22:52 AM | BaseCapsNet_CIFAR10 Training - Epoch=23, Iteration=(256/782), Loss=0.0225, Top 1 Acc=98.80, Top 5 Acc=99.85
01/13 03:23:15 AM | BaseCapsNet_CIFAR10 Training - Epoch=23, Iteration=(320/782), Loss=0.0223, Top 1 Acc=98.82, Top 5 Acc=99.86
01/13 03:23:38 AM | BaseCapsNet_CIFAR10 Training - Epoch=23, Iteration=(384/782), Loss=0.0226, Top 1 Acc=98.84, Top 5 Acc=99.87
01/13 03:24:01 AM | BaseCapsNet_CIFAR10 Training - Epoch=23, Iteration=(448/782), Loss=0.0229, Top 1 Acc=98.80, Top 5 Acc=99.87
01/13 03:24:24 AM | BaseCapsNet_CIFAR10 Training - Epoch=23, Iteration=(512/782), Loss=0.0232, Top 1 Acc=98.76, Top 5 Acc=99.87
01/13 03:24:46 AM | BaseCapsNet_CIFAR10 Training - Epoch=23, Iteration=(576/782), Loss=0.0237, Top 1 Acc=98.73, Top 5 Acc=99.86
01/13 03:25:09 AM | BaseCapsNet_CIFAR10 Training - Epoch=23, Iteration=(640/782), Loss=0.0243, Top 1 Acc=98.69, Top 5 Acc=99.85
01/13 03:25:32 AM | BaseCapsNet_CIFAR10 Training - Epoch=23, Iteration=(704/782), Loss=0.0248, Top 1 Acc=98.66, Top 5 Acc=99.85
01/13 03:25:55 AM | BaseCapsNet_CIFAR10 Training - Epoch=23, Iteration=(768/782), Loss=0.0250, Top 1 Acc=98.65, Top 5 Acc=99.85
01/13 03:26:16 AM | BaseCapsNet_CIFAR10 Validation - Loss=0.1492, Top 1 Acc=81.920, Top 5 Acc=98.710
01/13 03:26:17 AM | Epoch 23 complete. Saved Checkpoint: /content/drive/MyDrive/MSc_AI/Course/OCOM5300M-AI_Project/code_repository/results/train/cifar10/Trained_BaseCapsNet_CIFAR10_Epoch23_of_30.pt
01/13 03:26:17 AM | BaseCapsNet_CIFAR10 Training - Epoch=24, Iteration=(0/782), Loss=0.0269, Top 1 Acc=96.88, Top 5 Acc=100.00
01/13 03:26:40 AM | BaseCapsNet_CIFAR10 Training - Epoch=24, Iteration=(64/782), Loss=0.0202, Top 1 Acc=98.77, Top 5 Acc=99.81
01/13 03:27:03 AM | BaseCapsNet_CIFAR10 Training - Epoch=24, Iteration=(128/782), Loss=0.0198, Top 1 Acc=98.91, Top 5 Acc=99.85
01/13 03:27:26 AM | BaseCapsNet_CIFAR10 Training - Epoch=24, Iteration=(192/782), Loss=0.0203, Top 1 Acc=98.83, Top 5 Acc=99.85
01/13 03:27:49 AM | BaseCapsNet_CIFAR10 Training - Epoch=24, Iteration=(256/782), Loss=0.0209, Top 1 Acc=98.78, Top 5 Acc=99.84
01/13 03:28:12 AM | BaseCapsNet_CIFAR10 Training - Epoch=24, Iteration=(320/782), Loss=0.0207, Top 1 Acc=98.83, Top 5 Acc=99.84
01/13 03:28:35 AM | BaseCapsNet_CIFAR10 Training - Epoch=24, Iteration=(384/782), Loss=0.0208, Top 1 Acc=98.86, Top 5 Acc=99.86
01/13 03:28:58 AM | BaseCapsNet_CIFAR10 Training - Epoch=24, Iteration=(448/782), Loss=0.0208, Top 1 Acc=98.89, Top 5 Acc=99.86
01/13 03:29:21 AM | BaseCapsNet_CIFAR10 Training - Epoch=24, Iteration=(512/782), Loss=0.0210, Top 1 Acc=98.89, Top 5 Acc=99.86
01/13 03:29:44 AM | BaseCapsNet_CIFAR10 Training - Epoch=24, Iteration=(576/782), Loss=0.0213, Top 1 Acc=98.89, Top 5 Acc=99.86
01/13 03:30:07 AM | BaseCapsNet_CIFAR10 Training - Epoch=24, Iteration=(640/782), Loss=0.0214, Top 1 Acc=98.88, Top 5 Acc=99.87
01/13 03:30:29 AM | BaseCapsNet_CIFAR10 Training - Epoch=24, Iteration=(704/782), Loss=0.0217, Top 1 Acc=98.85, Top 5 Acc=99.86
01/13 03:30:52 AM | BaseCapsNet_CIFAR10 Training - Epoch=24, Iteration=(768/782), Loss=0.0220, Top 1 Acc=98.84, Top 5 Acc=99.86
01/13 03:31:13 AM | BaseCapsNet_CIFAR10 Validation - Loss=0.1504, Top 1 Acc=81.890, Top 5 Acc=98.750
01/13 03:31:14 AM | Epoch 24 complete. Saved Checkpoint: /content/drive/MyDrive/MSc_AI/Course/OCOM5300M-AI_Project/code_repository/results/train/cifar10/Trained_BaseCapsNet_CIFAR10_Epoch24_of_30.pt
01/13 03:31:14 AM | BaseCapsNet_CIFAR10 Training - Epoch=25, Iteration=(0/782), Loss=0.0147, Top 1 Acc=98.44, Top 5 Acc=100.00
01/13 03:31:37 AM | BaseCapsNet_CIFAR10 Training - Epoch=25, Iteration=(64/782), Loss=0.0186, Top 1 Acc=99.13, Top 5 Acc=99.90
01/13 03:32:00 AM | BaseCapsNet_CIFAR10 Training - Epoch=25, Iteration=(128/782), Loss=0.0183, Top 1 Acc=99.18, Top 5 Acc=99.89
01/13 03:32:23 AM | BaseCapsNet_CIFAR10 Training - Epoch=25, Iteration=(192/782), Loss=0.0187, Top 1 Acc=99.12, Top 5 Acc=99.86
01/13 03:32:46 AM | BaseCapsNet_CIFAR10 Training - Epoch=25, Iteration=(256/782), Loss=0.0185, Top 1 Acc=99.16, Top 5 Acc=99.84
01/13 03:33:09 AM | BaseCapsNet_CIFAR10 Training - Epoch=25, Iteration=(320/782), Loss=0.0184, Top 1 Acc=99.17, Top 5 Acc=99.85
01/13 03:33:32 AM | BaseCapsNet_CIFAR10 Training - Epoch=25, Iteration=(384/782), Loss=0.0184, Top 1 Acc=99.18, Top 5 Acc=99.85
01/13 03:33:55 AM | BaseCapsNet_CIFAR10 Training - Epoch=25, Iteration=(448/782), Loss=0.0187, Top 1 Acc=99.16, Top 5 Acc=99.85
01/13 03:34:18 AM | BaseCapsNet_CIFAR10 Training - Epoch=25, Iteration=(512/782), Loss=0.0191, Top 1 Acc=99.12, Top 5 Acc=99.85
01/13 03:34:41 AM | BaseCapsNet_CIFAR10 Training - Epoch=25, Iteration=(576/782), Loss=0.0194, Top 1 Acc=99.09, Top 5 Acc=99.86
01/13 03:35:04 AM | BaseCapsNet_CIFAR10 Training - Epoch=25, Iteration=(640/782), Loss=0.0195, Top 1 Acc=99.09, Top 5 Acc=99.87
01/13 03:35:27 AM | BaseCapsNet_CIFAR10 Training - Epoch=25, Iteration=(704/782), Loss=0.0198, Top 1 Acc=99.04, Top 5 Acc=99.87
01/13 03:35:50 AM | BaseCapsNet_CIFAR10 Training - Epoch=25, Iteration=(768/782), Loss=0.0202, Top 1 Acc=99.00, Top 5 Acc=99.87
01/13 03:36:11 AM | BaseCapsNet_CIFAR10 Validation - Loss=0.1545, Top 1 Acc=81.030, Top 5 Acc=98.770
01/13 03:36:11 AM | Epoch 25 complete. Saved Checkpoint: /content/drive/MyDrive/MSc_AI/Course/OCOM5300M-AI_Project/code_repository/results/train/cifar10/Trained_BaseCapsNet_CIFAR10_Epoch25_of_30.pt
01/13 03:36:12 AM | BaseCapsNet_CIFAR10 Training - Epoch=26, Iteration=(0/782), Loss=0.0279, Top 1 Acc=98.44, Top 5 Acc=100.00
01/13 03:36:35 AM | BaseCapsNet_CIFAR10 Training - Epoch=26, Iteration=(64/782), Loss=0.0183, Top 1 Acc=99.21, Top 5 Acc=99.86
01/13 03:36:58 AM | BaseCapsNet_CIFAR10 Training - Epoch=26, Iteration=(128/782), Loss=0.0182, Top 1 Acc=99.24, Top 5 Acc=99.89
01/13 03:37:21 AM | BaseCapsNet_CIFAR10 Training - Epoch=26, Iteration=(192/782), Loss=0.0183, Top 1 Acc=99.20, Top 5 Acc=99.90
01/13 03:37:44 AM | BaseCapsNet_CIFAR10 Training - Epoch=26, Iteration=(256/782), Loss=0.0178, Top 1 Acc=99.26, Top 5 Acc=99.91
01/13 03:38:06 AM | BaseCapsNet_CIFAR10 Training - Epoch=26, Iteration=(320/782), Loss=0.0174, Top 1 Acc=99.31, Top 5 Acc=99.92
01/13 03:38:29 AM | BaseCapsNet_CIFAR10 Training - Epoch=26, Iteration=(384/782), Loss=0.0176, Top 1 Acc=99.29, Top 5 Acc=99.91
01/13 03:38:52 AM | BaseCapsNet_CIFAR10 Training - Epoch=26, Iteration=(448/782), Loss=0.0179, Top 1 Acc=99.26, Top 5 Acc=99.91
01/13 03:39:15 AM | BaseCapsNet_CIFAR10 Training - Epoch=26, Iteration=(512/782), Loss=0.0179, Top 1 Acc=99.25, Top 5 Acc=99.90
01/13 03:39:38 AM | BaseCapsNet_CIFAR10 Training - Epoch=26, Iteration=(576/782), Loss=0.0180, Top 1 Acc=99.24, Top 5 Acc=99.90
01/13 03:40:01 AM | BaseCapsNet_CIFAR10 Training - Epoch=26, Iteration=(640/782), Loss=0.0185, Top 1 Acc=99.22, Top 5 Acc=99.90
01/13 03:40:24 AM | BaseCapsNet_CIFAR10 Training - Epoch=26, Iteration=(704/782), Loss=0.0188, Top 1 Acc=99.18, Top 5 Acc=99.90
01/13 03:40:47 AM | BaseCapsNet_CIFAR10 Training - Epoch=26, Iteration=(768/782), Loss=0.0193, Top 1 Acc=99.16, Top 5 Acc=99.90
01/13 03:41:08 AM | BaseCapsNet_CIFAR10 Validation - Loss=0.1540, Top 1 Acc=81.420, Top 5 Acc=98.680
01/13 03:41:09 AM | Epoch 26 complete. Saved Checkpoint: /content/drive/MyDrive/MSc_AI/Course/OCOM5300M-AI_Project/code_repository/results/train/cifar10/Trained_BaseCapsNet_CIFAR10_Epoch26_of_30.pt
01/13 03:41:09 AM | BaseCapsNet_CIFAR10 Training - Epoch=27, Iteration=(0/782), Loss=0.0135, Top 1 Acc=100.00, Top 5 Acc=100.00
01/13 03:41:32 AM | BaseCapsNet_CIFAR10 Training - Epoch=27, Iteration=(64/782), Loss=0.0155, Top 1 Acc=99.28, Top 5 Acc=99.90
01/13 03:41:55 AM | BaseCapsNet_CIFAR10 Training - Epoch=27, Iteration=(128/782), Loss=0.0152, Top 1 Acc=99.37, Top 5 Acc=99.88
01/13 03:42:18 AM | BaseCapsNet_CIFAR10 Training - Epoch=27, Iteration=(192/782), Loss=0.0154, Top 1 Acc=99.37, Top 5 Acc=99.87
01/13 03:42:41 AM | BaseCapsNet_CIFAR10 Training - Epoch=27, Iteration=(256/782), Loss=0.0149, Top 1 Acc=99.40, Top 5 Acc=99.90
01/13 03:43:04 AM | BaseCapsNet_CIFAR10 Training - Epoch=27, Iteration=(320/782), Loss=0.0149, Top 1 Acc=99.42, Top 5 Acc=99.90
01/13 03:43:27 AM | BaseCapsNet_CIFAR10 Training - Epoch=27, Iteration=(384/782), Loss=0.0151, Top 1 Acc=99.39, Top 5 Acc=99.91
01/13 03:43:50 AM | BaseCapsNet_CIFAR10 Training - Epoch=27, Iteration=(448/782), Loss=0.0155, Top 1 Acc=99.40, Top 5 Acc=99.92
01/13 03:44:12 AM | BaseCapsNet_CIFAR10 Training - Epoch=27, Iteration=(512/782), Loss=0.0163, Top 1 Acc=99.33, Top 5 Acc=99.91
01/13 03:44:35 AM | BaseCapsNet_CIFAR10 Training - Epoch=27, Iteration=(576/782), Loss=0.0170, Top 1 Acc=99.27, Top 5 Acc=99.90
01/13 03:44:58 AM | BaseCapsNet_CIFAR10 Training - Epoch=27, Iteration=(640/782), Loss=0.0175, Top 1 Acc=99.26, Top 5 Acc=99.89
01/13 03:45:21 AM | BaseCapsNet_CIFAR10 Training - Epoch=27, Iteration=(704/782), Loss=0.0179, Top 1 Acc=99.24, Top 5 Acc=99.89
01/13 03:45:44 AM | BaseCapsNet_CIFAR10 Training - Epoch=27, Iteration=(768/782), Loss=0.0183, Top 1 Acc=99.20, Top 5 Acc=99.89
01/13 03:46:05 AM | BaseCapsNet_CIFAR10 Validation - Loss=0.1581, Top 1 Acc=81.240, Top 5 Acc=98.430
01/13 03:46:06 AM | Epoch 27 complete. Saved Checkpoint: /content/drive/MyDrive/MSc_AI/Course/OCOM5300M-AI_Project/code_repository/results/train/cifar10/Trained_BaseCapsNet_CIFAR10_Epoch27_of_30.pt
01/13 03:46:06 AM | BaseCapsNet_CIFAR10 Training - Epoch=28, Iteration=(0/782), Loss=0.0431, Top 1 Acc=95.31, Top 5 Acc=100.00
01/13 03:46:29 AM | BaseCapsNet_CIFAR10 Training - Epoch=28, Iteration=(64/782), Loss=0.0195, Top 1 Acc=98.99, Top 5 Acc=99.88
01/13 03:46:52 AM | BaseCapsNet_CIFAR10 Training - Epoch=28, Iteration=(128/782), Loss=0.0172, Top 1 Acc=99.14, Top 5 Acc=99.90
01/13 03:47:15 AM | BaseCapsNet_CIFAR10 Training - Epoch=28, Iteration=(192/782), Loss=0.0167, Top 1 Acc=99.18, Top 5 Acc=99.88
01/13 03:47:38 AM | BaseCapsNet_CIFAR10 Training - Epoch=28, Iteration=(256/782), Loss=0.0162, Top 1 Acc=99.27, Top 5 Acc=99.89
01/13 03:48:01 AM | BaseCapsNet_CIFAR10 Training - Epoch=28, Iteration=(320/782), Loss=0.0160, Top 1 Acc=99.29, Top 5 Acc=99.90
01/13 03:48:23 AM | BaseCapsNet_CIFAR10 Training - Epoch=28, Iteration=(384/782), Loss=0.0157, Top 1 Acc=99.33, Top 5 Acc=99.91
01/13 03:48:46 AM | BaseCapsNet_CIFAR10 Training - Epoch=28, Iteration=(448/782), Loss=0.0160, Top 1 Acc=99.32, Top 5 Acc=99.90
01/13 03:49:09 AM | BaseCapsNet_CIFAR10 Training - Epoch=28, Iteration=(512/782), Loss=0.0161, Top 1 Acc=99.32, Top 5 Acc=99.90
01/13 03:49:32 AM | BaseCapsNet_CIFAR10 Training - Epoch=28, Iteration=(576/782), Loss=0.0163, Top 1 Acc=99.33, Top 5 Acc=99.90
01/13 03:49:55 AM | BaseCapsNet_CIFAR10 Training - Epoch=28, Iteration=(640/782), Loss=0.0165, Top 1 Acc=99.31, Top 5 Acc=99.90
01/13 03:50:18 AM | BaseCapsNet_CIFAR10 Training - Epoch=28, Iteration=(704/782), Loss=0.0168, Top 1 Acc=99.31, Top 5 Acc=99.89
01/13 03:50:41 AM | BaseCapsNet_CIFAR10 Training - Epoch=28, Iteration=(768/782), Loss=0.0171, Top 1 Acc=99.29, Top 5 Acc=99.89
01/13 03:51:02 AM | BaseCapsNet_CIFAR10 Validation - Loss=0.1532, Top 1 Acc=81.510, Top 5 Acc=98.680
01/13 03:51:03 AM | Epoch 28 complete. Saved Checkpoint: /content/drive/MyDrive/MSc_AI/Course/OCOM5300M-AI_Project/code_repository/results/train/cifar10/Trained_BaseCapsNet_CIFAR10_Epoch28_of_30.pt
01/13 03:51:03 AM | BaseCapsNet_CIFAR10 Training - Epoch=29, Iteration=(0/782), Loss=0.0150, Top 1 Acc=100.00, Top 5 Acc=100.00
01/13 03:51:26 AM | BaseCapsNet_CIFAR10 Training - Epoch=29, Iteration=(64/782), Loss=0.0143, Top 1 Acc=99.45, Top 5 Acc=99.90
01/13 03:51:49 AM | BaseCapsNet_CIFAR10 Training - Epoch=29, Iteration=(128/782), Loss=0.0144, Top 1 Acc=99.44, Top 5 Acc=99.90
01/13 03:52:12 AM | BaseCapsNet_CIFAR10 Training - Epoch=29, Iteration=(192/782), Loss=0.0135, Top 1 Acc=99.49, Top 5 Acc=99.91
01/13 03:52:35 AM | BaseCapsNet_CIFAR10 Training - Epoch=29, Iteration=(256/782), Loss=0.0131, Top 1 Acc=99.53, Top 5 Acc=99.91
01/13 03:52:58 AM | BaseCapsNet_CIFAR10 Training - Epoch=29, Iteration=(320/782), Loss=0.0131, Top 1 Acc=99.54, Top 5 Acc=99.91
01/13 03:53:20 AM | BaseCapsNet_CIFAR10 Training - Epoch=29, Iteration=(384/782), Loss=0.0134, Top 1 Acc=99.51, Top 5 Acc=99.91
01/13 03:53:43 AM | BaseCapsNet_CIFAR10 Training - Epoch=29, Iteration=(448/782), Loss=0.0138, Top 1 Acc=99.48, Top 5 Acc=99.91
01/13 03:54:06 AM | BaseCapsNet_CIFAR10 Training - Epoch=29, Iteration=(512/782), Loss=0.0139, Top 1 Acc=99.46, Top 5 Acc=99.91
01/13 03:54:29 AM | BaseCapsNet_CIFAR10 Training - Epoch=29, Iteration=(576/782), Loss=0.0141, Top 1 Acc=99.46, Top 5 Acc=99.92
01/13 03:54:52 AM | BaseCapsNet_CIFAR10 Training - Epoch=29, Iteration=(640/782), Loss=0.0142, Top 1 Acc=99.45, Top 5 Acc=99.92
01/13 03:55:15 AM | BaseCapsNet_CIFAR10 Training - Epoch=29, Iteration=(704/782), Loss=0.0145, Top 1 Acc=99.44, Top 5 Acc=99.92
01/13 03:55:38 AM | BaseCapsNet_CIFAR10 Training - Epoch=29, Iteration=(768/782), Loss=0.0150, Top 1 Acc=99.39, Top 5 Acc=99.92
01/13 03:55:59 AM | BaseCapsNet_CIFAR10 Validation - Loss=0.1502, Top 1 Acc=82.090, Top 5 Acc=98.640
01/13 03:56:00 AM | Epoch 29 complete. Saved Checkpoint: /content/drive/MyDrive/MSc_AI/Course/OCOM5300M-AI_Project/code_repository/results/train/cifar10/Trained_BaseCapsNet_CIFAR10_Epoch29_of_30.pt
01/13 03:56:00 AM | BaseCapsNet_CIFAR10 Training - Epoch=30, Iteration=(0/782), Loss=0.0092, Top 1 Acc=100.00, Top 5 Acc=100.00
01/13 03:56:23 AM | BaseCapsNet_CIFAR10 Training - Epoch=30, Iteration=(64/782), Loss=0.0148, Top 1 Acc=99.40, Top 5 Acc=99.86
01/13 03:56:46 AM | BaseCapsNet_CIFAR10 Training - Epoch=30, Iteration=(128/782), Loss=0.0147, Top 1 Acc=99.44, Top 5 Acc=99.87
01/13 03:57:09 AM | BaseCapsNet_CIFAR10 Training - Epoch=30, Iteration=(192/782), Loss=0.0148, Top 1 Acc=99.38, Top 5 Acc=99.87
01/13 03:57:32 AM | BaseCapsNet_CIFAR10 Training - Epoch=30, Iteration=(256/782), Loss=0.0143, Top 1 Acc=99.43, Top 5 Acc=99.90
01/13 03:57:55 AM | BaseCapsNet_CIFAR10 Training - Epoch=30, Iteration=(320/782), Loss=0.0140, Top 1 Acc=99.46, Top 5 Acc=99.90
01/13 03:58:17 AM | BaseCapsNet_CIFAR10 Training - Epoch=30, Iteration=(384/782), Loss=0.0138, Top 1 Acc=99.46, Top 5 Acc=99.91
01/13 03:58:40 AM | BaseCapsNet_CIFAR10 Training - Epoch=30, Iteration=(448/782), Loss=0.0138, Top 1 Acc=99.46, Top 5 Acc=99.91
01/13 03:59:03 AM | BaseCapsNet_CIFAR10 Training - Epoch=30, Iteration=(512/782), Loss=0.0141, Top 1 Acc=99.45, Top 5 Acc=99.91
01/13 03:59:26 AM | BaseCapsNet_CIFAR10 Training - Epoch=30, Iteration=(576/782), Loss=0.0147, Top 1 Acc=99.41, Top 5 Acc=99.91
01/13 03:59:49 AM | BaseCapsNet_CIFAR10 Training - Epoch=30, Iteration=(640/782), Loss=0.0150, Top 1 Acc=99.38, Top 5 Acc=99.91
01/13 04:00:12 AM | BaseCapsNet_CIFAR10 Training - Epoch=30, Iteration=(704/782), Loss=0.0153, Top 1 Acc=99.37, Top 5 Acc=99.91
01/13 04:00:35 AM | BaseCapsNet_CIFAR10 Training - Epoch=30, Iteration=(768/782), Loss=0.0155, Top 1 Acc=99.36, Top 5 Acc=99.91
01/13 04:00:56 AM | BaseCapsNet_CIFAR10 Validation - Loss=0.1568, Top 1 Acc=81.070, Top 5 Acc=98.710
01/13 04:00:57 AM | Epoch 30 complete. Saved Checkpoint: /content/drive/MyDrive/MSc_AI/Course/OCOM5300M-AI_Project/code_repository/results/train/cifar10/Trained_BaseCapsNet_CIFAR10_Epoch30_of_30.pt
01/13 04:00:57 AM | BaseCapsNet_CIFAR10 best accuracy=82.170 saved at: /content/drive/MyDrive/MSc_AI/Course/OCOM5300M-AI_Project/code_repository/results/train/cifar10/Trained_BaseCapsNet_CIFAR10_Epoch16_of_30.pt
